436.48759|ISTEP 13. 8 - mss_scominit
436.50082|ISTEPS_TRACE|call_mss_scominit entry
436.50158|ISTEPS_TRACE|Running p9_mss_scominit HWP on target HUID 00250000
436.51212|FAPI|p9_mss_scominit.C: Start MSS SCOM init
436.58081|FAPI|p9_mss_scominit.C: scominit for pu.mca:k0:n0:s0:p00:c0
436.58083|FAPI|p9_mss_scominit.C: phy scominit for pu.mca:k0:n0:s0:p00:c0
436.59955|SCAN|TRACE : GETSCOM     :  pu.mca:k0:n0:s0:p00:c0 : 8000002A0701103F 0000000000006740
436.59961|SCAN|TRACE : PUTSCOM     :  pu.mca:k0:n0:s0:p00:c0 : 8000002A0701103F 0000000000006740
436.59966|SCAN|TRACE : GETSCOM     :  pu.mca:k0:n0:s0:p00:c0 : 8000002B0701103F 0000000000006740
436.59971|SCAN|TRACE : PUTSCOM     :  pu.mca:k0:n0:s0:p00:c0 : 8000002B0701103F 0000000000006740
436.59976|SCAN|TRACE : GETSCOM     :  pu.mca:k0:n0:s0:p00:c0 : 800000740701103F 0000000000000000
436.59981|SCAN|TRACE : PUTSCOM     :  pu.mca:k0:n0:s0:p00:c0 : 800000740701103F 0000000000006000
436.59986|SCAN|TRACE : GETSCOM     :  pu.mca:k0:n0:s0:p00:c0 : 800000750701103F 0000000000000000
436.59991|SCAN|TRACE : PUTSCOM     :  pu.mca:k0:n0:s0:p00:c0 : 800000750701103F 0000000000004000
436.59996|SCAN|TRACE : GETSCOM     :  pu.mca:k0:n0:s0:p00:c0 : 800000770701103F 0000000000000000
436.60001|SCAN|TRACE : PUTSCOM     :  pu.mca:k0:n0:s0:p00:c0 : 800000770701103F 0000000000000006
436.60006|SCAN|TRACE : GETSCOM     :  pu.mca:k0:n0:s0:p00:c0 : 800000780701103F 0000000000000000
436.60011|SCAN|TRACE : PUTSCOM     :  pu.mca:k0:n0:s0:p00:c0 : 800000780701103F 0000000000007F7F
436.60550|SCAN|TRACE : GETSCOM     :  pu.mca:k0:n0:s0:p00:c0 : 8000042A0701103F 0000000000006740
436.60555|SCAN|TRACE : PUTSCOM     :  pu.mca:k0:n0:s0:p00:c0 : 8000042A0701103F 0000000000006740
436.60560|SCAN|TRACE : GETSCOM     :  pu.mca:k0:n0:s0:p00:c0 : 8000042B0701103F 0000000000006740
436.60565|SCAN|TRACE : PUTSCOM     :  pu.mca:k0:n0:s0:p00:c0 : 8000042B0701103F 0000000000006740
436.60570|SCAN|TRACE : GETSCOM     :  pu.mca:k0:n0:s0:p00:c0 : 800004740701103F 0000000000000000
436.60575|SCAN|TRACE : PUTSCOM     :  pu.mca:k0:n0:s0:p00:c0 : 800004740701103F 0000000000006000
436.60580|SCAN|TRACE : GETSCOM     :  pu.mca:k0:n0:s0:p00:c0 : 800004750701103F 0000000000000000
436.60737|SCAN|TRACE : PUTSCOM     :  pu.mca:k0:n0:s0:p00:c0 : 800004750701103F 0000000000004000
436.60742|SCAN|TRACE : GETSCOM     :  pu.mca:k0:n0:s0:p00:c0 : 800004770701103F 0000000000000000
436.60747|SCAN|TRACE : PUTSCOM     :  pu.mca:k0:n0:s0:p00:c0 : 800004770701103F 0000000000000006
436.60752|SCAN|TRACE : GETSCOM     :  pu.mca:k0:n0:s0:p00:c0 : 800004780701103F 0000000000000000
436.60757|SCAN|TRACE : PUTSCOM     :  pu.mca:k0:n0:s0:p00:c0 : 800004780701103F 0000000000007F7F
436.60913|SCAN|TRACE : GETSCOM     :  pu.mca:k0:n0:s0:p00:c0 : 8000082A0701103F 0000000000006740
436.60918|SCAN|TRACE : PUTSCOM     :  pu.mca:k0:n0:s0:p00:c0 : 8000082A0701103F 0000000000006740
436.60923|SCAN|TRACE : GETSCOM     :  pu.mca:k0:n0:s0:p00:c0 : 8000082B0701103F 0000000000006740
436.60928|SCAN|TRACE : PUTSCOM     :  pu.mca:k0:n0:s0:p00:c0 : 8000082B0701103F 0000000000006740
436.60933|SCAN|TRACE : GETSCOM     :  pu.mca:k0:n0:s0:p00:c0 : 800008740701103F 0000000000000000
436.60938|SCAN|TRACE : PUTSCOM     :  pu.mca:k0:n0:s0:p00:c0 : 800008740701103F 0000000000006000
436.60943|SCAN|TRACE : GETSCOM     :  pu.mca:k0:n0:s0:p00:c0 : 800008750701103F 0000000000000000
436.60948|SCAN|TRACE : PUTSCOM     :  pu.mca:k0:n0:s0:p00:c0 : 800008750701103F 0000000000004000
436.61105|SCAN|TRACE : GETSCOM     :  pu.mca:k0:n0:s0:p00:c0 : 800008770701103F 0000000000000000
436.61110|SCAN|TRACE : PUTSCOM     :  pu.mca:k0:n0:s0:p00:c0 : 800008770701103F 0000000000000006
436.61115|SCAN|TRACE : GETSCOM     :  pu.mca:k0:n0:s0:p00:c0 : 800008780701103F 0000000000000000
436.61119|SCAN|TRACE : PUTSCOM     :  pu.mca:k0:n0:s0:p00:c0 : 800008780701103F 0000000000007F7F
436.61277|SCAN|TRACE : GETSCOM     :  pu.mca:k0:n0:s0:p00:c0 : 80000C2A0701103F 0000000000006740
436.61282|SCAN|TRACE : PUTSCOM     :  pu.mca:k0:n0:s0:p00:c0 : 80000C2A0701103F 0000000000006740
436.61288|SCAN|TRACE : GETSCOM     :  pu.mca:k0:n0:s0:p00:c0 : 80000C2B0701103F 0000000000006740
436.61293|SCAN|TRACE : PUTSCOM     :  pu.mca:k0:n0:s0:p00:c0 : 80000C2B0701103F 0000000000006740
436.61452|SCAN|TRACE : GETSCOM     :  pu.mca:k0:n0:s0:p00:c0 : 80000C740701103F 0000000000000000
436.61457|SCAN|TRACE : PUTSCOM     :  pu.mca:k0:n0:s0:p00:c0 : 80000C740701103F 0000000000006000
436.61462|SCAN|TRACE : GETSCOM     :  pu.mca:k0:n0:s0:p00:c0 : 80000C750701103F 0000000000000000
436.61467|SCAN|TRACE : PUTSCOM     :  pu.mca:k0:n0:s0:p00:c0 : 80000C750701103F 0000000000004000
436.61472|SCAN|TRACE : GETSCOM     :  pu.mca:k0:n0:s0:p00:c0 : 80000C770701103F 0000000000000000
436.61477|SCAN|TRACE : PUTSCOM     :  pu.mca:k0:n0:s0:p00:c0 : 80000C770701103F 0000000000000006
436.61482|SCAN|TRACE : GETSCOM     :  pu.mca:k0:n0:s0:p00:c0 : 80000C780701103F 0000000000000000
436.61487|SCAN|TRACE : PUTSCOM     :  pu.mca:k0:n0:s0:p00:c0 : 80000C780701103F 0000000000007F7F
436.61645|SCAN|TRACE : GETSCOM     :  pu.mca:k0:n0:s0:p00:c0 : 8000102A0701103F 0000000000006740
436.61650|SCAN|TRACE : PUTSCOM     :  pu.mca:k0:n0:s0:p00:c0 : 8000102A0701103F 0000000000006740
436.61655|SCAN|TRACE : GETSCOM     :  pu.mca:k0:n0:s0:p00:c0 : 8000102B0701103F 0000000000006740
436.61661|SCAN|TRACE : PUTSCOM     :  pu.mca:k0:n0:s0:p00:c0 : 8000102B0701103F 0000000000006740
436.61666|SCAN|TRACE : GETSCOM     :  pu.mca:k0:n0:s0:p00:c0 : 800010740701103F 0000000000000000
436.61671|SCAN|TRACE : PUTSCOM     :  pu.mca:k0:n0:s0:p00:c0 : 800010740701103F 0000000000006000
436.61676|SCAN|TRACE : GETSCOM     :  pu.mca:k0:n0:s0:p00:c0 : 800010750701103F 0000000000000000
436.61681|SCAN|TRACE : PUTSCOM     :  pu.mca:k0:n0:s0:p00:c0 : 800010750701103F 0000000000004000
436.61686|SCAN|TRACE : GETSCOM     :  pu.mca:k0:n0:s0:p00:c0 : 800010770701103F 0000000000000000
436.61692|SCAN|TRACE : PUTSCOM     :  pu.mca:k0:n0:s0:p00:c0 : 800010770701103F 0000000000000006
436.61697|SCAN|TRACE : GETSCOM     :  pu.mca:k0:n0:s0:p00:c0 : 800010780701103F 0000000000000000
436.61702|SCAN|TRACE : PUTSCOM     :  pu.mca:k0:n0:s0:p00:c0 : 800010780701103F 0000000000007F7F
436.61857|SCAN|TRACE : GETSCOM     :  pu.mca:k0:n0:s0:p00:c0 : 800040000701103F 0000000000000000
436.61862|SCAN|TRACE : PUTSCOM     :  pu.mca:k0:n0:s0:p00:c0 : 800040000701103F 000000000000FFFF
436.61867|SCAN|TRACE : GETSCOM     :  pu.mca:k0:n0:s0:p00:c0 : 800044000701103F 0000000000000000
436.61872|SCAN|TRACE : PUTSCOM     :  pu.mca:k0:n0:s0:p00:c0 : 800044000701103F 000000000000FFFF
436.61877|SCAN|TRACE : GETSCOM     :  pu.mca:k0:n0:s0:p00:c0 : 800044010701103F 0000000000000000
436.61882|SCAN|TRACE : PUTSCOM     :  pu.mca:k0:n0:s0:p00:c0 : 800044010701103F 0000000000005000
436.61887|SCAN|TRACE : GETSCOM     :  pu.mca:k0:n0:s0:p00:c0 : 800044050701103F 0000000000000000
436.61892|SCAN|TRACE : PUTSCOM     :  pu.mca:k0:n0:s0:p00:c0 : 800044050701103F 0000000000004040
436.61897|SCAN|TRACE : GETSCOM     :  pu.mca:k0:n0:s0:p00:c0 : 800044070701103F 0000000000000000
436.61902|SCAN|TRACE : PUTSCOM     :  pu.mca:k0:n0:s0:p00:c0 : 800044070701103F 0000000000004040
436.61907|SCAN|TRACE : GETSCOM     :  pu.mca:k0:n0:s0:p00:c0 : 800048000701103F 0000000000000000
436.61912|SCAN|TRACE : PUTSCOM     :  pu.mca:k0:n0:s0:p00:c0 : 800048000701103F 000000000000FFFF
436.61916|SCAN|TRACE : GETSCOM     :  pu.mca:k0:n0:s0:p00:c0 : 80004C000701103F 0000000000000000
436.61921|SCAN|TRACE : PUTSCOM     :  pu.mca:k0:n0:s0:p00:c0 : 80004C000701103F 000000000000FFFF
436.61926|SCAN|TRACE : GETSCOM     :  pu.mca:k0:n0:s0:p00:c0 : 800080310701103F 0000000000000000
436.61931|SCAN|TRACE : PUTSCOM     :  pu.mca:k0:n0:s0:p00:c0 : 800080310701103F 0000000000000008
436.61936|SCAN|TRACE : GETSCOM     :  pu.mca:k0:n0:s0:p00:c0 : 800080330701103F 0000000000000000
436.61941|SCAN|TRACE : PUTSCOM     :  pu.mca:k0:n0:s0:p00:c0 : 800080330701103F 0000000000006000
436.61946|SCAN|TRACE : GETSCOM     :  pu.mca:k0:n0:s0:p00:c0 : 8000803D0701103F 0000000000006740
436.61951|SCAN|TRACE : PUTSCOM     :  pu.mca:k0:n0:s0:p00:c0 : 8000803D0701103F 0000000000006740
436.61957|SCAN|TRACE : GETSCOM     :  pu.mca:k0:n0:s0:p00:c0 : 800084310701103F 0000000000000000
436.61962|SCAN|TRACE : PUTSCOM     :  pu.mca:k0:n0:s0:p00:c0 : 800084310701103F 0000000000000008
436.61967|SCAN|TRACE : GETSCOM     :  pu.mca:k0:n0:s0:p00:c0 : 800084330701103F 0000000000000000
436.61972|SCAN|TRACE : PUTSCOM     :  pu.mca:k0:n0:s0:p00:c0 : 800084330701103F 0000000000006000
436.61977|SCAN|TRACE : GETSCOM     :  pu.mca:k0:n0:s0:p00:c0 : 8000843D0701103F 0000000000006740
436.61982|SCAN|TRACE : PUTSCOM     :  pu.mca:k0:n0:s0:p00:c0 : 8000843D0701103F 0000000000006740
436.61987|SCAN|TRACE : GETSCOM     :  pu.mca:k0:n0:s0:p00:c0 : 8000C00C0701103F 0000000000000000
436.61992|SCAN|TRACE : PUTSCOM     :  pu.mca:k0:n0:s0:p00:c0 : 8000C00C0701103F 0000000000000202
436.61993|FAPI|p9_mss_scominit.C: scominit for pu.mca:k0:n0:s0:p00:c1
436.61996|FAPI|p9_mss_scominit.C: mca scominit for pu.mca:k0:n0:s0:p00:c1
436.62616|SCAN|TRACE : GETSCOM     :  pu.mca:k0:n0:s0:p00:c1 : 0000000005010823 000003FFFF200FC0
436.62621|SCAN|TRACE : PUTSCOM     :  pu.mca:k0:n0:s0:p00:c1 : 0000000005010823 0000020FFF200FC0
436.62626|SCAN|TRACE : GETSCOM     :  pu.mca:k0:n0:s0:p00:c1 : 0000000005010824 DB600000000539F0
436.62782|SCAN|TRACE : PUTSCOM     :  pu.mca:k0:n0:s0:p00:c1 : 0000000005010824 2EF00004000539F0
436.62786|SCAN|TRACE : GETSCOM     :  pu.mca:k0:n0:s0:p00:c1 : 0000000005010825 0004000000000000
436.62791|SCAN|TRACE : PUTSCOM     :  pu.mca:k0:n0:s0:p00:c1 : 0000000005010825 0CFFFFF900000000
436.62795|SCAN|TRACE : GETSCOM     :  pu.mca:k0:n0:s0:p00:c1 : 0000000005010826 0000000000000000
436.62800|SCAN|TRACE : PUTSCOM     :  pu.mca:k0:n0:s0:p00:c1 : 0000000005010826 0104040419190000
436.62957|SCAN|TRACE : GETSCOM     :  pu.mca:k0:n0:s0:p00:c1 : 0000000005010827 0000000000000000
436.62962|SCAN|TRACE : PUTSCOM     :  pu.mca:k0:n0:s0:p00:c1 : 0000000005010827 9098331000000000
436.62966|SCAN|TRACE : GETSCOM     :  pu.mca:k0:n0:s0:p00:c1 : 000000000501082B 0000000000000000
436.62971|SCAN|TRACE : PUTSCOM     :  pu.mca:k0:n0:s0:p00:c1 : 000000000501082B 00000001005C0000
436.62976|SCAN|TRACE : GETSCOM     :  pu.mca:k0:n0:s0:p00:c1 : 000000000701090A 14F14F3043000000
436.62980|SCAN|TRACE : PUTSCOM     :  pu.mca:k0:n0:s0:p00:c1 : 000000000701090A 14A0056097000000
436.62984|SCAN|TRACE : GETSCOM     :  pu.mca:k0:n0:s0:p00:c1 : 000000000701090B 8445844562D6C8A2
436.62989|SCAN|TRACE : PUTSCOM     :  pu.mca:k0:n0:s0:p00:c1 : 000000000701090B B447B4478420CB2C
436.62993|SCAN|TRACE : GETSCOM     :  pu.mca:k0:n0:s0:p00:c1 : 000000000701090C 665084270022946A
436.62997|SCAN|TRACE : PUTSCOM     :  pu.mca:k0:n0:s0:p00:c1 : 000000000701090C 771C9CEB0026A47B
436.63002|SCAN|TRACE : GETSCOM     :  pu.mca:k0:n0:s0:p00:c1 : 000000000701090D 71FFE00033F7FD40
436.63006|SCAN|TRACE : PUTSCOM     :  pu.mca:k0:n0:s0:p00:c1 : 000000000701090D 73FFE00033F7FD00
436.63010|SCAN|TRACE : GETSCOM     :  pu.mca:k0:n0:s0:p00:c1 : 000000000701090E FC000881F0010052
436.63015|SCAN|TRACE : PUTSCOM     :  pu.mca:k0:n0:s0:p00:c1 : 000000000701090E FC000881F0010042
436.63019|SCAN|TRACE : GETSCOM     :  pu.mca:k0:n0:s0:p00:c1 : 0000000007010913 000024804000120C
436.63023|SCAN|TRACE : PUTSCOM     :  pu.mca:k0:n0:s0:p00:c1 : 0000000007010913 000024804200120B
436.63028|SCAN|TRACE : GETSCOM     :  pu.mca:k0:n0:s0:p00:c1 : 0000000007010914 11635F11635F0000
436.63032|SCAN|TRACE : PUTSCOM     :  pu.mca:k0:n0:s0:p00:c1 : 0000000007010914 1161161161160000
436.63036|SCAN|TRACE : GETSCOM     :  pu.mca:k0:n0:s0:p00:c1 : 0000000007010915 4848121284842121
436.63041|SCAN|TRACE : PUTSCOM     :  pu.mca:k0:n0:s0:p00:c1 : 0000000007010915 0000000080000000
436.63045|SCAN|TRACE : GETSCOM     :  pu.mca:k0:n0:s0:p00:c1 : 0000000007010932 0704000100401860
436.63050|SCAN|TRACE : PUTSCOM     :  pu.mca:k0:n0:s0:p00:c1 : 0000000007010932 03A0E001D3283040
436.63054|SCAN|TRACE : GETSCOM     :  pu.mca:k0:n0:s0:p00:c1 : 0000000007010934 0285280202100000
436.63059|SCAN|TRACE : PUTSCOM     :  pu.mca:k0:n0:s0:p00:c1 : 0000000007010934 0127380202100000
436.63064|SCAN|TRACE : GETSCOM     :  pu.mca:k0:n0:s0:p00:c1 : 0000000007010935 008630AC00000000
436.63068|SCAN|TRACE : PUTSCOM     :  pu.mca:k0:n0:s0:p00:c1 : 0000000007010935 0082B9CEAC028380
436.63073|SCAN|TRACE : GETSCOM     :  pu.mca:k0:n0:s0:p00:c1 : 0000000007010A0A 0A10603810800000
436.63077|SCAN|TRACE : PUTSCOM     :  pu.mca:k0:n0:s0:p00:c1 : 0000000007010A0A 0A10C23810800000
436.63082|SCAN|TRACE : GETSCOM     :  pu.mca:k0:n0:s0:p00:c1 : 0000000007010A0B 0000000000000000
436.63086|SCAN|TRACE : PUTSCOM     :  pu.mca:k0:n0:s0:p00:c1 : 0000000007010A0B 0000000000000000
436.63090|SCAN|TRACE : GETSCOM     :  pu.mca:k0:n0:s0:p00:c1 : 0000000007010A38 0020000000000000
436.63095|SCAN|TRACE : PUTSCOM     :  pu.mca:k0:n0:s0:p00:c1 : 0000000007010A38 0060000000000000
436.63098|FAPI|p9_mss_scominit.C: mca thermal throttle scominit for pu.mca:k0:n0:s0:p00:c1
436.75364|SCAN|TRACE : GETSCOM     :  pu.mca:k0:n0:s0:p00:c1 : 0000000007010934 0127380202100000
436.85048|SCAN|TRACE : PUTSCOM     :  pu.mca:k0:n0:s0:p00:c1 : 0000000007010934 012739DF82100000
436.85054|SCAN|TRACE : GETSCOM     :  pu.mca:k0:n0:s0:p00:c1 : 0000000007010935 0082B9CEAC028380
436.85059|SCAN|TRACE : PUTSCOM     :  pu.mca:k0:n0:s0:p00:c1 : 0000000007010935 3FF2B9CEAC028380
436.95628|FAPI|mc.C: For target pu.mca:k0:n0:s0:p00:c1 throttled n commands per port are 128, per slot are 128, and dram m clocks are 512
436.95633|SCAN|TRACE : GETSCOM     :  pu.mca:k0:n0:s0:p00:c1 : 0000000007010916 0000000000002000
436.95638|SCAN|TRACE : PUTSCOM     :  pu.mca:k0:n0:s0:p00:c1 : 0000000007010916 0100010010002000
436.95643|SCAN|TRACE : GETSCOM     :  pu.mca:k0:n0:s0:p00:c1 : 0000000007010917 0010100010080000
436.95647|SCAN|TRACE : PUTSCOM     :  pu.mca:k0:n0:s0:p00:c1 : 0000000007010917 0010100008020000
436.95649|FAPI|p9_mss_scominit.C: phy scominit for pu.mca:k0:n0:s0:p00:c1
436.95655|SCAN|TRACE : GETSCOM     :  pu.mca:k0:n0:s0:p00:c1 : 8000002A0701103F 0000000000006740
436.95660|SCAN|TRACE : PUTSCOM     :  pu.mca:k0:n0:s0:p00:c1 : 8000002A0701103F 0000000000006740
436.95665|SCAN|TRACE : GETSCOM     :  pu.mca:k0:n0:s0:p00:c1 : 8000002B0701103F 0000000000006740
436.95670|SCAN|TRACE : PUTSCOM     :  pu.mca:k0:n0:s0:p00:c1 : 8000002B0701103F 0000000000006740
436.95678|SCAN|TRACE : GETSCOM     :  pu.mca:k0:n0:s0:p00:c1 : 800000740701103F 0000000000000000
436.95683|SCAN|TRACE : PUTSCOM     :  pu.mca:k0:n0:s0:p00:c1 : 800000740701103F 0000000000006000
436.95688|SCAN|TRACE : GETSCOM     :  pu.mca:k0:n0:s0:p00:c1 : 800000750701103F 0000000000000000
436.95693|SCAN|TRACE : PUTSCOM     :  pu.mca:k0:n0:s0:p00:c1 : 800000750701103F 0000000000004000
436.95698|SCAN|TRACE : GETSCOM     :  pu.mca:k0:n0:s0:p00:c1 : 800000770701103F 0000000000000000
436.95703|SCAN|TRACE : PUTSCOM     :  pu.mca:k0:n0:s0:p00:c1 : 800000770701103F 0000000000000006
436.95708|SCAN|TRACE : GETSCOM     :  pu.mca:k0:n0:s0:p00:c1 : 800000780701103F 0000000000000000
436.95713|SCAN|TRACE : PUTSCOM     :  pu.mca:k0:n0:s0:p00:c1 : 800000780701103F 0000000000007F7F
436.95718|SCAN|TRACE : GETSCOM     :  pu.mca:k0:n0:s0:p00:c1 : 8000042A0701103F 0000000000006740
436.95723|SCAN|TRACE : PUTSCOM     :  pu.mca:k0:n0:s0:p00:c1 : 8000042A0701103F 0000000000006740
436.95728|SCAN|TRACE : GETSCOM     :  pu.mca:k0:n0:s0:p00:c1 : 8000042B0701103F 0000000000006740
436.95732|SCAN|TRACE : PUTSCOM     :  pu.mca:k0:n0:s0:p00:c1 : 8000042B0701103F 0000000000006740
436.95738|SCAN|TRACE : GETSCOM     :  pu.mca:k0:n0:s0:p00:c1 : 800004740701103F 0000000000000000
436.95743|SCAN|TRACE : PUTSCOM     :  pu.mca:k0:n0:s0:p00:c1 : 800004740701103F 0000000000006000
436.95748|SCAN|TRACE : GETSCOM     :  pu.mca:k0:n0:s0:p00:c1 : 800004750701103F 0000000000000000
436.95752|SCAN|TRACE : PUTSCOM     :  pu.mca:k0:n0:s0:p00:c1 : 800004750701103F 0000000000004000
436.95757|SCAN|TRACE : GETSCOM     :  pu.mca:k0:n0:s0:p00:c1 : 800004770701103F 0000000000000000
436.95762|SCAN|TRACE : PUTSCOM     :  pu.mca:k0:n0:s0:p00:c1 : 800004770701103F 0000000000000006
436.95767|SCAN|TRACE : GETSCOM     :  pu.mca:k0:n0:s0:p00:c1 : 800004780701103F 0000000000000000
436.95772|SCAN|TRACE : PUTSCOM     :  pu.mca:k0:n0:s0:p00:c1 : 800004780701103F 0000000000007F7F
436.95777|SCAN|TRACE : GETSCOM     :  pu.mca:k0:n0:s0:p00:c1 : 8000082A0701103F 0000000000006740
436.95782|SCAN|TRACE : PUTSCOM     :  pu.mca:k0:n0:s0:p00:c1 : 8000082A0701103F 0000000000006740
436.95787|SCAN|TRACE : GETSCOM     :  pu.mca:k0:n0:s0:p00:c1 : 8000082B0701103F 0000000000006740
436.95792|SCAN|TRACE : PUTSCOM     :  pu.mca:k0:n0:s0:p00:c1 : 8000082B0701103F 0000000000006740
436.95797|SCAN|TRACE : GETSCOM     :  pu.mca:k0:n0:s0:p00:c1 : 800008740701103F 0000000000000000
436.95802|SCAN|TRACE : PUTSCOM     :  pu.mca:k0:n0:s0:p00:c1 : 800008740701103F 0000000000006000
436.95807|SCAN|TRACE : GETSCOM     :  pu.mca:k0:n0:s0:p00:c1 : 800008750701103F 0000000000000000
436.95811|SCAN|TRACE : PUTSCOM     :  pu.mca:k0:n0:s0:p00:c1 : 800008750701103F 0000000000004000
436.95816|SCAN|TRACE : GETSCOM     :  pu.mca:k0:n0:s0:p00:c1 : 800008770701103F 0000000000000000
436.95821|SCAN|TRACE : PUTSCOM     :  pu.mca:k0:n0:s0:p00:c1 : 800008770701103F 0000000000000006
436.95826|SCAN|TRACE : GETSCOM     :  pu.mca:k0:n0:s0:p00:c1 : 800008780701103F 0000000000000000
436.95831|SCAN|TRACE : PUTSCOM     :  pu.mca:k0:n0:s0:p00:c1 : 800008780701103F 0000000000007F7F
436.95836|SCAN|TRACE : GETSCOM     :  pu.mca:k0:n0:s0:p00:c1 : 80000C2A0701103F 0000000000006740
436.95841|SCAN|TRACE : PUTSCOM     :  pu.mca:k0:n0:s0:p00:c1 : 80000C2A0701103F 0000000000006740
436.95846|SCAN|TRACE : GETSCOM     :  pu.mca:k0:n0:s0:p00:c1 : 80000C2B0701103F 0000000000006740
436.95851|SCAN|TRACE : PUTSCOM     :  pu.mca:k0:n0:s0:p00:c1 : 80000C2B0701103F 0000000000006740
436.95856|SCAN|TRACE : GETSCOM     :  pu.mca:k0:n0:s0:p00:c1 : 80000C740701103F 0000000000000000
436.95862|SCAN|TRACE : PUTSCOM     :  pu.mca:k0:n0:s0:p00:c1 : 80000C740701103F 0000000000006000
436.95867|SCAN|TRACE : GETSCOM     :  pu.mca:k0:n0:s0:p00:c1 : 80000C750701103F 0000000000000000
436.95872|SCAN|TRACE : PUTSCOM     :  pu.mca:k0:n0:s0:p00:c1 : 80000C750701103F 0000000000004000
436.95877|SCAN|TRACE : GETSCOM     :  pu.mca:k0:n0:s0:p00:c1 : 80000C770701103F 0000000000000000
436.95883|SCAN|TRACE : PUTSCOM     :  pu.mca:k0:n0:s0:p00:c1 : 80000C770701103F 0000000000000006
436.95888|SCAN|TRACE : GETSCOM     :  pu.mca:k0:n0:s0:p00:c1 : 80000C780701103F 0000000000000000
436.95893|SCAN|TRACE : PUTSCOM     :  pu.mca:k0:n0:s0:p00:c1 : 80000C780701103F 0000000000007F7F
436.95898|SCAN|TRACE : GETSCOM     :  pu.mca:k0:n0:s0:p00:c1 : 8000102A0701103F 0000000000006740
436.95903|SCAN|TRACE : PUTSCOM     :  pu.mca:k0:n0:s0:p00:c1 : 8000102A0701103F 0000000000006740
436.95908|SCAN|TRACE : GETSCOM     :  pu.mca:k0:n0:s0:p00:c1 : 8000102B0701103F 0000000000006740
436.95913|SCAN|TRACE : PUTSCOM     :  pu.mca:k0:n0:s0:p00:c1 : 8000102B0701103F 0000000000006740
436.95918|SCAN|TRACE : GETSCOM     :  pu.mca:k0:n0:s0:p00:c1 : 800010740701103F 0000000000000000
436.95923|SCAN|TRACE : PUTSCOM     :  pu.mca:k0:n0:s0:p00:c1 : 800010740701103F 0000000000006000
436.95928|SCAN|TRACE : GETSCOM     :  pu.mca:k0:n0:s0:p00:c1 : 800010750701103F 0000000000000000
436.95933|SCAN|TRACE : PUTSCOM     :  pu.mca:k0:n0:s0:p00:c1 : 800010750701103F 0000000000004000
436.95938|SCAN|TRACE : GETSCOM     :  pu.mca:k0:n0:s0:p00:c1 : 800010770701103F 0000000000000000
436.95943|SCAN|TRACE : PUTSCOM     :  pu.mca:k0:n0:s0:p00:c1 : 800010770701103F 0000000000000006
436.95948|SCAN|TRACE : GETSCOM     :  pu.mca:k0:n0:s0:p00:c1 : 800010780701103F 0000000000000000
436.95953|SCAN|TRACE : PUTSCOM     :  pu.mca:k0:n0:s0:p00:c1 : 800010780701103F 0000000000007F7F
436.95958|SCAN|TRACE : GETSCOM     :  pu.mca:k0:n0:s0:p00:c1 : 800040000701103F 0000000000000000
436.95963|SCAN|TRACE : PUTSCOM     :  pu.mca:k0:n0:s0:p00:c1 : 800040000701103F 000000000000FFFF
436.95968|SCAN|TRACE : GETSCOM     :  pu.mca:k0:n0:s0:p00:c1 : 800044000701103F 0000000000000000
436.95973|SCAN|TRACE : PUTSCOM     :  pu.mca:k0:n0:s0:p00:c1 : 800044000701103F 000000000000FFFF
436.95978|SCAN|TRACE : GETSCOM     :  pu.mca:k0:n0:s0:p00:c1 : 800044010701103F 0000000000000000
436.95984|SCAN|TRACE : PUTSCOM     :  pu.mca:k0:n0:s0:p00:c1 : 800044010701103F 0000000000005000
436.95989|SCAN|TRACE : GETSCOM     :  pu.mca:k0:n0:s0:p00:c1 : 800044050701103F 0000000000000000
436.95994|SCAN|TRACE : PUTSCOM     :  pu.mca:k0:n0:s0:p00:c1 : 800044050701103F 0000000000004040
436.95999|SCAN|TRACE : GETSCOM     :  pu.mca:k0:n0:s0:p00:c1 : 800044070701103F 0000000000000000
436.96004|SCAN|TRACE : PUTSCOM     :  pu.mca:k0:n0:s0:p00:c1 : 800044070701103F 0000000000004040
436.96010|SCAN|TRACE : GETSCOM     :  pu.mca:k0:n0:s0:p00:c1 : 800048000701103F 0000000000000000
436.96015|SCAN|TRACE : PUTSCOM     :  pu.mca:k0:n0:s0:p00:c1 : 800048000701103F 000000000000FFFF
436.96020|SCAN|TRACE : GETSCOM     :  pu.mca:k0:n0:s0:p00:c1 : 80004C000701103F 0000000000000000
436.96025|SCAN|TRACE : PUTSCOM     :  pu.mca:k0:n0:s0:p00:c1 : 80004C000701103F 000000000000FFFF
436.96030|SCAN|TRACE : GETSCOM     :  pu.mca:k0:n0:s0:p00:c1 : 800080310701103F 0000000000000000
436.96035|SCAN|TRACE : PUTSCOM     :  pu.mca:k0:n0:s0:p00:c1 : 800080310701103F 0000000000000008
436.96039|SCAN|TRACE : GETSCOM     :  pu.mca:k0:n0:s0:p00:c1 : 800080330701103F 0000000000000000
436.96044|SCAN|TRACE : PUTSCOM     :  pu.mca:k0:n0:s0:p00:c1 : 800080330701103F 0000000000006000
436.96049|SCAN|TRACE : GETSCOM     :  pu.mca:k0:n0:s0:p00:c1 : 8000803D0701103F 0000000000006740
436.96054|SCAN|TRACE : PUTSCOM     :  pu.mca:k0:n0:s0:p00:c1 : 8000803D0701103F 0000000000006740
436.96059|SCAN|TRACE : GETSCOM     :  pu.mca:k0:n0:s0:p00:c1 : 800084310701103F 0000000000000000
436.96064|SCAN|TRACE : PUTSCOM     :  pu.mca:k0:n0:s0:p00:c1 : 800084310701103F 0000000000000008
436.96069|SCAN|TRACE : GETSCOM     :  pu.mca:k0:n0:s0:p00:c1 : 800084330701103F 0000000000000000
436.96074|SCAN|TRACE : PUTSCOM     :  pu.mca:k0:n0:s0:p00:c1 : 800084330701103F 0000000000006000
436.96079|SCAN|TRACE : GETSCOM     :  pu.mca:k0:n0:s0:p00:c1 : 8000843D0701103F 0000000000006740
436.96084|SCAN|TRACE : PUTSCOM     :  pu.mca:k0:n0:s0:p00:c1 : 8000843D0701103F 0000000000006740
436.96089|SCAN|TRACE : GETSCOM     :  pu.mca:k0:n0:s0:p00:c1 : 8000C00C0701103F 0000000000000000
436.96095|SCAN|TRACE : PUTSCOM     :  pu.mca:k0:n0:s0:p00:c1 : 8000C00C0701103F 0000000000000202
436.96099|SCAN|TRACE : GETSCOM     :  pu.mcbist:k0:n0:s0:p00:c0 : 0000000007012380 0000000000000000
436.96103|SCAN|TRACE : PUTSCOM     :  pu.mcbist:k0:n0:s0:p00:c0 : 0000000007012380 4000000000000000
436.96108|SCAN|TRACE : GETSCOM     :  pu.mcbist:k0:n0:s0:p00:c0 : 0000000007012381 0000000000000000
436.96112|SCAN|TRACE : PUTSCOM     :  pu.mcbist:k0:n0:s0:p00:c0 : 0000000007012381 000003FBFFF80000
436.96117|SCAN|TRACE : GETSCOM     :  pu.mcbist:k0:n0:s0:p00:c0 : 0000000007012383 0000000000000000
436.96121|SCAN|TRACE : PUTSCOM     :  pu.mcbist:k0:n0:s0:p00:c0 : 0000000007012383 8020000400000000
436.96125|SCAN|TRACE : GETSCOM     :  pu.mcbist:k0:n0:s0:p00:c0 : 000000000701238F 0000000000000000
436.96130|SCAN|TRACE : PUTSCOM     :  pu.mcbist:k0:n0:s0:p00:c0 : 000000000701238F 8000000000000000
436.96134|SCAN|TRACE : GETSCOM     :  pu.mcbist:k0:n0:s0:p00:c0 : 0000000007012390 0000000000000000
436.96139|SCAN|TRACE : PUTSCOM     :  pu.mcbist:k0:n0:s0:p00:c0 : 0000000007012390 FFFFFFFFFFF82000
436.96143|SCAN|TRACE : GETSCOM     :  pu.mcbist:k0:n0:s0:p00:c0 : 00000000070123E0 1000000000400000
436.96148|SCAN|TRACE : PUTSCOM     :  pu.mcbist:k0:n0:s0:p00:c0 : 00000000070123E0 1000000000400000
436.96153|SCAN|TRACE : GETSCOM     :  pu.mcbist:k0:n0:s0:p00:c0 : 00000000070123E8 0000000000000000
437.05949|SCAN|TRACE : PUTSCOM     :  pu.mcbist:k0:n0:s0:p00:c0 : 00000000070123E8 800001E000000000
437.05953|SCAN|TRACE : GETSCOM     :  pu.mcbist:k0:n0:s0:p00:c0 : 00000000070123E9 0000000000000000
437.05958|SCAN|TRACE : PUTSCOM     :  pu.mcbist:k0:n0:s0:p00:c0 : 00000000070123E9 8000000000000000
437.05962|SCAN|TRACE : GETSCOM     :  pu.mcbist:k0:n0:s0:p00:c0 : 00000000070123EA 0000000000000000
437.05968|SCAN|TRACE : PUTSCOM     :  pu.mcbist:k0:n0:s0:p00:c0 : 00000000070123EA 1000008000000000
437.05972|SCAN|TRACE : GETSCOM     :  pu.mcbist:k0:n0:s0:p00:c0 : 00000000070123EB 0000000000000000
437.05977|SCAN|TRACE : PUTSCOM     :  pu.mcbist:k0:n0:s0:p00:c0 : 00000000070123EB 0000090002000000
437.19449|FAPI|dp16.C: blasting 0x0000000000008000 to dp16 io_tx
437.21145|SCAN|TRACE : PUTSCOM     :  pu.mca:k0:n0:s0:p00:c1 : 800000750701103F 0000000000008000
437.21150|SCAN|TRACE : PUTSCOM     :  pu.mca:k0:n0:s0:p00:c1 : 800004750701103F 0000000000008000
437.21155|SCAN|TRACE : PUTSCOM     :  pu.mca:k0:n0:s0:p00:c1 : 800008750701103F 0000000000008000
437.21160|SCAN|TRACE : PUTSCOM     :  pu.mca:k0:n0:s0:p00:c1 : 80000C750701103F 0000000000008000
437.21165|SCAN|TRACE : PUTSCOM     :  pu.mca:k0:n0:s0:p00:c1 : 800010750701103F 0000000000008000
437.21168|FAPI|dp16.C: blasting 0x0000000000000010 to dp16 DLL/VREG config 1
437.21176|SCAN|TRACE : PUTSCOM     :  pu.mca:k0:n0:s0:p00:c1 : 800080310701103F 0000000000000010
437.21180|SCAN|TRACE : PUTSCOM     :  pu.mca:k0:n0:s0:p00:c1 : 800084310701103F 0000000000000010
437.28923|SCAN|TRACE : PUTSCOM     :  pu.mca:k0:n0:s0:p00:c1 : 8000C0020701103F 0000000000001000
437.28925|FAPI|rank.H: pu.mca:k0:n0:s0:p00:c1 write_rank_pair_reg: 0x0000000000001000
437.28931|SCAN|TRACE : PUTSCOM     :  pu.mca:k0:n0:s0:p00:c1 : 8000C0030701103F 0000000000000000
437.28934|FAPI|rank.H: pu.mca:k0:n0:s0:p00:c1 write_rank_pair_reg: 0x0000000000000000
437.28940|SCAN|TRACE : PUTSCOM     :  pu.mca:k0:n0:s0:p00:c1 : 8000C0300701103F 0000000000000000
437.28943|FAPI|rank.H: pu.mca:k0:n0:s0:p00:c1 write_rank_pair_reg: 0x0000000000000000
437.28949|SCAN|TRACE : PUTSCOM     :  pu.mca:k0:n0:s0:p00:c1 : 8000C0310701103F 0000000000000000
437.28952|FAPI|rank.H: pu.mca:k0:n0:s0:p00:c1 write_rank_pair_reg: 0x0000000000000000
437.28957|SCAN|TRACE : PUTSCOM     :  pu.mca:k0:n0:s0:p00:c1 : 8000C0330701103F 000000000000F000
437.28987|SCAN|TRACE : PUTSCOM     :  pu.mca:k0:n0:s0:p00:c1 : 8000C0110701103F 000000000000003F
437.28989|FAPI|rank.H: pu.mca:k0:n0:s0:p00:c1 write_rank_group: 0x000000000000003f
437.28994|SCAN|TRACE : PUTSCOM     :  pu.mca:k0:n0:s0:p00:c1 : 8000C0350701103F 0000000000000000
437.28997|FAPI|rank.H: pu.mca:k0:n0:s0:p00:c1 write_rank_group_ext: 0x0000000000000000
437.29000|FAPI|dp16.C: Setting up DATA_BIT_ENABLE 0x800000000701103f (0xffff) pu.mca:k0:n0:s0:p00:c1
437.29006|SCAN|TRACE : PUTSCOM     :  pu.mca:k0:n0:s0:p00:c1 : 800000000701103F 000000000000FFFF
437.29009|FAPI|dp16.C: Setting up DATA_BIT_ENABLE 0x800004000701103f (0xffff) pu.mca:k0:n0:s0:p00:c1
437.29014|SCAN|TRACE : PUTSCOM     :  pu.mca:k0:n0:s0:p00:c1 : 800004000701103F 000000000000FFFF
437.29017|FAPI|dp16.C: Setting up DATA_BIT_ENABLE 0x800008000701103f (0xffff) pu.mca:k0:n0:s0:p00:c1
437.29022|SCAN|TRACE : PUTSCOM     :  pu.mca:k0:n0:s0:p00:c1 : 800008000701103F 000000000000FFFF
437.29025|FAPI|dp16.C: Setting up DATA_BIT_ENABLE 0x80000c000701103f (0xffff) pu.mca:k0:n0:s0:p00:c1
437.29030|SCAN|TRACE : PUTSCOM     :  pu.mca:k0:n0:s0:p00:c1 : 80000C000701103F 000000000000FFFF
437.29033|FAPI|dp16.C: Setting up DATA_BIT_ENABLE 0x800010000701103f (0xff00) pu.mca:k0:n0:s0:p00:c1
437.29038|SCAN|TRACE : PUTSCOM     :  pu.mca:k0:n0:s0:p00:c1 : 800010000701103F 000000000000FF00
437.29041|FAPI|dp16.C: Setting up DATA_BIT_ENABLE 0x800000010701103f (0x0) pu.mca:k0:n0:s0:p00:c1
437.29046|SCAN|TRACE : PUTSCOM     :  pu.mca:k0:n0:s0:p00:c1 : 800000010701103F 0000000000000000
437.29049|FAPI|dp16.C: Setting up DATA_BIT_ENABLE 0x800004010701103f (0x0) pu.mca:k0:n0:s0:p00:c1
437.29054|SCAN|TRACE : PUTSCOM     :  pu.mca:k0:n0:s0:p00:c1 : 800004010701103F 0000000000000000
437.29057|FAPI|dp16.C: Setting up DATA_BIT_ENABLE 0x800008010701103f (0x0) pu.mca:k0:n0:s0:p00:c1
437.29061|SCAN|TRACE : PUTSCOM     :  pu.mca:k0:n0:s0:p00:c1 : 800008010701103F 0000000000000000
437.29065|FAPI|dp16.C: Setting up DATA_BIT_ENABLE 0x80000c010701103f (0x0) pu.mca:k0:n0:s0:p00:c1
437.29069|SCAN|TRACE : PUTSCOM     :  pu.mca:k0:n0:s0:p00:c1 : 80000C010701103F 0000000000000000
437.29073|FAPI|dp16.C: Setting up DATA_BIT_ENABLE 0x800010010701103f (0x0) pu.mca:k0:n0:s0:p00:c1
437.29078|SCAN|TRACE : PUTSCOM     :  pu.mca:k0:n0:s0:p00:c1 : 800010010701103F 0000000000000000
437.38069|FAPI|attribute_service.C: >>fapiAttrGetBadDqBitmap: Getting bitmap
437.44721|FAPI|attribute_service.C: fapiAttrGetBadDqBitmap: SPD DQ not initialized.
437.44726|FAPI|attribute_service.C: <<fapiAttrGetBadDqBitmap: Finished getting bitmap
437.46131|FAPI|dp16.C: dimm:k0:n0:s0:p02 RDIMM (DDR4) processing bad bits for DIMM0 rank 0 (0) rp 0
437.46135|FAPI|dp16.C: dimm:k0:n0:s0:p02 RDIMM (DDR4) writing 0x8000007C0701103F value 0x0000000000000000 from 0x020, 0x00
437.46141|SCAN|TRACE : PUTSCOM     :  pu.mca:k0:n0:s0:p00:c1 : 8000007C0701103F 0000000000000000
437.50338|FAPI|dp16.C: dimm:k0:n0:s0:p02 RDIMM (DDR4) is a x8 DIMM, clearing DQS register 0x8000007d0701103f
437.50343|SCAN|TRACE : PUTSCOM     :  pu.mca:k0:n0:s0:p00:c1 : 8000007D0701103F 0000000000000000
437.50348|FAPI|dp16.C: dimm:k0:n0:s0:p02 RDIMM (DDR4) writing 0x8000047C0701103F value 0x0000000000000000 from 0x020, 0x00
437.50353|SCAN|TRACE : PUTSCOM     :  pu.mca:k0:n0:s0:p00:c1 : 8000047C0701103F 0000000000000000
437.50359|FAPI|dp16.C: dimm:k0:n0:s0:p02 RDIMM (DDR4) is a x8 DIMM, clearing DQS register 0x8000047d0701103f
437.50364|SCAN|TRACE : PUTSCOM     :  pu.mca:k0:n0:s0:p00:c1 : 8000047D0701103F 0000000000000000
437.50368|FAPI|dp16.C: dimm:k0:n0:s0:p02 RDIMM (DDR4) writing 0x8000087C0701103F value 0x0000000000000000 from 0x020, 0x00
437.50373|SCAN|TRACE : PUTSCOM     :  pu.mca:k0:n0:s0:p00:c1 : 8000087C0701103F 0000000000000000
437.50379|FAPI|dp16.C: dimm:k0:n0:s0:p02 RDIMM (DDR4) is a x8 DIMM, clearing DQS register 0x8000087d0701103f
437.50384|SCAN|TRACE : PUTSCOM     :  pu.mca:k0:n0:s0:p00:c1 : 8000087D0701103F 0000000000000000
437.50388|FAPI|dp16.C: dimm:k0:n0:s0:p02 RDIMM (DDR4) writing 0x80000C7C0701103F value 0x0000000000000000 from 0x020, 0x00
437.50394|SCAN|TRACE : PUTSCOM     :  pu.mca:k0:n0:s0:p00:c1 : 80000C7C0701103F 0000000000000000
437.50399|FAPI|dp16.C: dimm:k0:n0:s0:p02 RDIMM (DDR4) is a x8 DIMM, clearing DQS register 0x80000c7d0701103f
437.50404|SCAN|TRACE : PUTSCOM     :  pu.mca:k0:n0:s0:p00:c1 : 80000C7D0701103F 0000000000000000
437.50409|FAPI|dp16.C: dimm:k0:n0:s0:p02 RDIMM (DDR4) writing 0x8000107C0701103F value 0x00000000000000FF from 0x020, 0xFF
437.50414|SCAN|TRACE : PUTSCOM     :  pu.mca:k0:n0:s0:p00:c1 : 8000107C0701103F 00000000000000FF
437.50419|FAPI|dp16.C: dimm:k0:n0:s0:p02 RDIMM (DDR4) is a x8 DIMM, clearing DQS register 0x8000107d0701103f
437.50424|SCAN|TRACE : PUTSCOM     :  pu.mca:k0:n0:s0:p00:c1 : 8000107D0701103F 0000000000000000
437.54844|FAPI|dp16.C: Setting up WRCLK RP0 0x800000050701103f (0xc0c0) pu.mca:k0:n0:s0:p00:c1
437.54850|SCAN|TRACE : PUTSCOM     :  pu.mca:k0:n0:s0:p00:c1 : 800000050701103F 000000000000C0C0
437.54853|FAPI|dp16.C: Setting up WRCLK RP0 0x800004050701103f (0xf00) pu.mca:k0:n0:s0:p00:c1
437.54858|SCAN|TRACE : PUTSCOM     :  pu.mca:k0:n0:s0:p00:c1 : 800004050701103F 0000000000000F00
437.54861|FAPI|dp16.C: Setting up WRCLK RP0 0x800008050701103f (0xcc0) pu.mca:k0:n0:s0:p00:c1
437.54866|SCAN|TRACE : PUTSCOM     :  pu.mca:k0:n0:s0:p00:c1 : 800008050701103F 0000000000000CC0
437.54869|FAPI|dp16.C: Setting up WRCLK RP0 0x80000c050701103f (0xc300) pu.mca:k0:n0:s0:p00:c1
437.54874|SCAN|TRACE : PUTSCOM     :  pu.mca:k0:n0:s0:p00:c1 : 80000C050701103F 000000000000C300
437.54877|FAPI|dp16.C: Setting up WRCLK RP0 0x800010050701103f (0xc00) pu.mca:k0:n0:s0:p00:c1
437.54882|SCAN|TRACE : PUTSCOM     :  pu.mca:k0:n0:s0:p00:c1 : 800010050701103F 0000000000000C00
437.54887|FAPI|dp16.C: Setting up RDCLK RP0 0x800000040701103f (0xc0c0) pu.mca:k0:n0:s0:p00:c1
437.54892|SCAN|TRACE : PUTSCOM     :  pu.mca:k0:n0:s0:p00:c1 : 800000040701103F 000000000000C0C0
437.54895|FAPI|dp16.C: Setting up RDCLK RP0 0x800004040701103f (0xf00) pu.mca:k0:n0:s0:p00:c1
437.54900|SCAN|TRACE : PUTSCOM     :  pu.mca:k0:n0:s0:p00:c1 : 800004040701103F 0000000000000F00
437.54903|FAPI|dp16.C: Setting up RDCLK RP0 0x800008040701103f (0xcc0) pu.mca:k0:n0:s0:p00:c1
437.54908|SCAN|TRACE : PUTSCOM     :  pu.mca:k0:n0:s0:p00:c1 : 800008040701103F 0000000000000CC0
437.54911|FAPI|dp16.C: Setting up RDCLK RP0 0x80000c040701103f (0xc300) pu.mca:k0:n0:s0:p00:c1
437.54916|SCAN|TRACE : PUTSCOM     :  pu.mca:k0:n0:s0:p00:c1 : 80000C040701103F 000000000000C300
437.54919|FAPI|dp16.C: Setting up RDCLK RP0 0x800010040701103f (0xc00) pu.mca:k0:n0:s0:p00:c1
437.54923|SCAN|TRACE : PUTSCOM     :  pu.mca:k0:n0:s0:p00:c1 : 800010040701103F 0000000000000C00
437.55687|FAPI|dp16.C: rd_vref_bitfield_helper for target pu.mca:k0:n0:s0:p00:c1 seeing vref percentage: 72903
437.55845|SCAN|TRACE : GETSCOM     :  pu.mca:k0:n0:s0:p00:c1 : 800000160701103F 0000000000000000
437.55850|SCAN|TRACE : GETSCOM     :  pu.mca:k0:n0:s0:p00:c1 : 8000001F0701103F 0000000000000000
437.55855|SCAN|TRACE : GETSCOM     :  pu.mca:k0:n0:s0:p00:c1 : 800000C00701103F 0000000000000000
437.55861|SCAN|TRACE : GETSCOM     :  pu.mca:k0:n0:s0:p00:c1 : 800000C10701103F 0000000000000000
437.55866|SCAN|TRACE : GETSCOM     :  pu.mca:k0:n0:s0:p00:c1 : 800000C20701103F 0000000000000000
437.55871|SCAN|TRACE : GETSCOM     :  pu.mca:k0:n0:s0:p00:c1 : 800000C30701103F 0000000000000000
437.55876|SCAN|TRACE : GETSCOM     :  pu.mca:k0:n0:s0:p00:c1 : 800000C40701103F 0000000000000000
437.55881|SCAN|TRACE : GETSCOM     :  pu.mca:k0:n0:s0:p00:c1 : 800000C50701103F 0000000000000000
437.55886|SCAN|TRACE : GETSCOM     :  pu.mca:k0:n0:s0:p00:c1 : 800004160701103F 0000000000000000
437.55892|SCAN|TRACE : GETSCOM     :  pu.mca:k0:n0:s0:p00:c1 : 8000041F0701103F 0000000000000000
437.55897|SCAN|TRACE : GETSCOM     :  pu.mca:k0:n0:s0:p00:c1 : 800004C00701103F 0000000000000000
437.55902|SCAN|TRACE : GETSCOM     :  pu.mca:k0:n0:s0:p00:c1 : 800004C10701103F 0000000000000000
437.55907|SCAN|TRACE : GETSCOM     :  pu.mca:k0:n0:s0:p00:c1 : 800004C20701103F 0000000000000000
437.55912|SCAN|TRACE : GETSCOM     :  pu.mca:k0:n0:s0:p00:c1 : 800004C30701103F 0000000000000000
437.55917|SCAN|TRACE : GETSCOM     :  pu.mca:k0:n0:s0:p00:c1 : 800004C40701103F 0000000000000000
437.55922|SCAN|TRACE : GETSCOM     :  pu.mca:k0:n0:s0:p00:c1 : 800004C50701103F 0000000000000000
437.55927|SCAN|TRACE : GETSCOM     :  pu.mca:k0:n0:s0:p00:c1 : 800008160701103F 0000000000000000
437.55932|SCAN|TRACE : GETSCOM     :  pu.mca:k0:n0:s0:p00:c1 : 8000081F0701103F 0000000000000000
437.55938|SCAN|TRACE : GETSCOM     :  pu.mca:k0:n0:s0:p00:c1 : 800008C00701103F 0000000000000000
437.55943|SCAN|TRACE : GETSCOM     :  pu.mca:k0:n0:s0:p00:c1 : 800008C10701103F 0000000000000000
437.55949|SCAN|TRACE : GETSCOM     :  pu.mca:k0:n0:s0:p00:c1 : 800008C20701103F 0000000000000000
437.55954|SCAN|TRACE : GETSCOM     :  pu.mca:k0:n0:s0:p00:c1 : 800008C30701103F 0000000000000000
437.55959|SCAN|TRACE : GETSCOM     :  pu.mca:k0:n0:s0:p00:c1 : 800008C40701103F 0000000000000000
437.55964|SCAN|TRACE : GETSCOM     :  pu.mca:k0:n0:s0:p00:c1 : 800008C50701103F 0000000000000000
437.55969|SCAN|TRACE : GETSCOM     :  pu.mca:k0:n0:s0:p00:c1 : 80000C160701103F 0000000000000000
437.55974|SCAN|TRACE : GETSCOM     :  pu.mca:k0:n0:s0:p00:c1 : 80000C1F0701103F 0000000000000000
437.55979|SCAN|TRACE : GETSCOM     :  pu.mca:k0:n0:s0:p00:c1 : 80000CC00701103F 0000000000000000
437.55984|SCAN|TRACE : GETSCOM     :  pu.mca:k0:n0:s0:p00:c1 : 80000CC10701103F 0000000000000000
437.55989|SCAN|TRACE : GETSCOM     :  pu.mca:k0:n0:s0:p00:c1 : 80000CC20701103F 0000000000000000
437.55994|SCAN|TRACE : GETSCOM     :  pu.mca:k0:n0:s0:p00:c1 : 80000CC30701103F 0000000000000000
437.55999|SCAN|TRACE : GETSCOM     :  pu.mca:k0:n0:s0:p00:c1 : 80000CC40701103F 0000000000000000
437.56005|SCAN|TRACE : GETSCOM     :  pu.mca:k0:n0:s0:p00:c1 : 80000CC50701103F 0000000000000000
437.56010|SCAN|TRACE : GETSCOM     :  pu.mca:k0:n0:s0:p00:c1 : 800010160701103F 0000000000000000
437.56015|SCAN|TRACE : GETSCOM     :  pu.mca:k0:n0:s0:p00:c1 : 8000101F0701103F 0000000000000000
437.56020|SCAN|TRACE : GETSCOM     :  pu.mca:k0:n0:s0:p00:c1 : 800010C00701103F 0000000000000000
437.56025|SCAN|TRACE : GETSCOM     :  pu.mca:k0:n0:s0:p00:c1 : 800010C10701103F 0000000000000000
437.56211|FAPI|dp16.C: pu.mca:k0:n0:s0:p00:c1 blasting VREF settings from VPD to dp16 RD_VREF registers
437.56216|SCAN|TRACE : PUTSCOM     :  pu.mca:k0:n0:s0:p00:c1 : 800000160701103F 0000000000003232
437.56221|SCAN|TRACE : PUTSCOM     :  pu.mca:k0:n0:s0:p00:c1 : 8000001F0701103F 0000000000003232
437.56226|SCAN|TRACE : PUTSCOM     :  pu.mca:k0:n0:s0:p00:c1 : 800000C00701103F 0000000000003232
437.56231|SCAN|TRACE : PUTSCOM     :  pu.mca:k0:n0:s0:p00:c1 : 800000C10701103F 0000000000003232
437.56236|SCAN|TRACE : PUTSCOM     :  pu.mca:k0:n0:s0:p00:c1 : 800000C20701103F 0000000000003232
437.56241|SCAN|TRACE : PUTSCOM     :  pu.mca:k0:n0:s0:p00:c1 : 800000C30701103F 0000000000003232
437.56246|SCAN|TRACE : PUTSCOM     :  pu.mca:k0:n0:s0:p00:c1 : 800000C40701103F 0000000000003232
437.56251|SCAN|TRACE : PUTSCOM     :  pu.mca:k0:n0:s0:p00:c1 : 800000C50701103F 0000000000003232
437.56256|SCAN|TRACE : PUTSCOM     :  pu.mca:k0:n0:s0:p00:c1 : 800004160701103F 0000000000003232
437.56261|SCAN|TRACE : PUTSCOM     :  pu.mca:k0:n0:s0:p00:c1 : 8000041F0701103F 0000000000003232
437.56266|SCAN|TRACE : PUTSCOM     :  pu.mca:k0:n0:s0:p00:c1 : 800004C00701103F 0000000000003232
437.56270|SCAN|TRACE : PUTSCOM     :  pu.mca:k0:n0:s0:p00:c1 : 800004C10701103F 0000000000003232
437.56276|SCAN|TRACE : PUTSCOM     :  pu.mca:k0:n0:s0:p00:c1 : 800004C20701103F 0000000000003232
437.56281|SCAN|TRACE : PUTSCOM     :  pu.mca:k0:n0:s0:p00:c1 : 800004C30701103F 0000000000003232
437.56286|SCAN|TRACE : PUTSCOM     :  pu.mca:k0:n0:s0:p00:c1 : 800004C40701103F 0000000000003232
437.56290|SCAN|TRACE : PUTSCOM     :  pu.mca:k0:n0:s0:p00:c1 : 800004C50701103F 0000000000003232
437.56295|SCAN|TRACE : PUTSCOM     :  pu.mca:k0:n0:s0:p00:c1 : 800008160701103F 0000000000003232
437.56300|SCAN|TRACE : PUTSCOM     :  pu.mca:k0:n0:s0:p00:c1 : 8000081F0701103F 0000000000003232
437.56305|SCAN|TRACE : PUTSCOM     :  pu.mca:k0:n0:s0:p00:c1 : 800008C00701103F 0000000000003232
437.56311|SCAN|TRACE : PUTSCOM     :  pu.mca:k0:n0:s0:p00:c1 : 800008C10701103F 0000000000003232
437.56316|SCAN|TRACE : PUTSCOM     :  pu.mca:k0:n0:s0:p00:c1 : 800008C20701103F 0000000000003232
437.56321|SCAN|TRACE : PUTSCOM     :  pu.mca:k0:n0:s0:p00:c1 : 800008C30701103F 0000000000003232
437.56326|SCAN|TRACE : PUTSCOM     :  pu.mca:k0:n0:s0:p00:c1 : 800008C40701103F 0000000000003232
437.56331|SCAN|TRACE : PUTSCOM     :  pu.mca:k0:n0:s0:p00:c1 : 800008C50701103F 0000000000003232
437.56336|SCAN|TRACE : PUTSCOM     :  pu.mca:k0:n0:s0:p00:c1 : 80000C160701103F 0000000000003232
437.56341|SCAN|TRACE : PUTSCOM     :  pu.mca:k0:n0:s0:p00:c1 : 80000C1F0701103F 0000000000003232
437.56346|SCAN|TRACE : PUTSCOM     :  pu.mca:k0:n0:s0:p00:c1 : 80000CC00701103F 0000000000003232
437.56351|SCAN|TRACE : PUTSCOM     :  pu.mca:k0:n0:s0:p00:c1 : 80000CC10701103F 0000000000003232
437.56356|SCAN|TRACE : PUTSCOM     :  pu.mca:k0:n0:s0:p00:c1 : 80000CC20701103F 0000000000003232
437.56361|SCAN|TRACE : PUTSCOM     :  pu.mca:k0:n0:s0:p00:c1 : 80000CC30701103F 0000000000003232
437.56366|SCAN|TRACE : PUTSCOM     :  pu.mca:k0:n0:s0:p00:c1 : 80000CC40701103F 0000000000003232
437.56371|SCAN|TRACE : PUTSCOM     :  pu.mca:k0:n0:s0:p00:c1 : 80000CC50701103F 0000000000003232
437.56376|SCAN|TRACE : PUTSCOM     :  pu.mca:k0:n0:s0:p00:c1 : 800010160701103F 0000000000003232
437.56381|SCAN|TRACE : PUTSCOM     :  pu.mca:k0:n0:s0:p00:c1 : 8000101F0701103F 0000000000003232
437.56386|SCAN|TRACE : PUTSCOM     :  pu.mca:k0:n0:s0:p00:c1 : 800010C00701103F 0000000000003232
437.56391|SCAN|TRACE : PUTSCOM     :  pu.mca:k0:n0:s0:p00:c1 : 800010C10701103F 0000000000003232
437.56397|SCAN|TRACE : PUTSCOM     :  pu.mca:k0:n0:s0:p00:c1 : 800000760701103F 000000000000FFFF
437.56402|SCAN|TRACE : PUTSCOM     :  pu.mca:k0:n0:s0:p00:c1 : 800004760701103F 000000000000FFFF
437.56407|SCAN|TRACE : PUTSCOM     :  pu.mca:k0:n0:s0:p00:c1 : 800008760701103F 000000000000FFFF
437.56412|SCAN|TRACE : PUTSCOM     :  pu.mca:k0:n0:s0:p00:c1 : 80000C760701103F 000000000000FFFF
437.56417|SCAN|TRACE : PUTSCOM     :  pu.mca:k0:n0:s0:p00:c1 : 800010760701103F 000000000000FFFF
437.56577|SCAN|TRACE : GETSCOM     :  pu.mca:k0:n0:s0:p00:c1 : 8000C00D0701103F 0000000000000002
437.56733|FAPI|phy_cntrl.H: pc_config1: 0x0000000000003516
437.56737|SCAN|TRACE : PUTSCOM     :  pu.mca:k0:n0:s0:p00:c1 : 8000C00D0701103F 0000000000003516
437.65224|FAPI|phy_cntrl.H: pc_error_status0: 0x0000000000000000
437.65230|SCAN|TRACE : PUTSCOM     :  pu.mca:k0:n0:s0:p00:c1 : 8000C0120701103F 0000000000000000
437.65232|FAPI|phy_cntrl.H: pc_init_cal_error: 0x0000000000000000
437.65236|SCAN|TRACE : PUTSCOM     :  pu.mca:k0:n0:s0:p00:c1 : 8000C0180701103F 0000000000000000
437.68565|FAPI|conversions.H: converting 2000ps to 3 cycles
437.68568|FAPI|conversions.H: converting 15000ps to 20 cycles
437.68573|FAPI|timing.H: twldqsen 39 for pu.mca:k0:n0:s0:p00:c1
437.68575|FAPI|conversions.H: converting 15000ps to 20 cycles
437.71409|FAPI|timing.H: twlo_twloe 77 for pu.mca:k0:n0:s0:p00:c1
437.71411|FAPI|conversions.H: converting 2000ps to 3 cycles
437.71414|FAPI|conversions.H: converting 15000ps to 20 cycles
437.71418|FAPI|timing.H: twldqsen 39 for pu.mca:k0:n0:s0:p00:c1
437.71421|FAPI|conversions.H: converting 15000ps to 20 cycles
437.71422|FAPI|timing.H: twlo_twloe 77 for pu.mca:k0:n0:s0:p00:c1
437.71427|SCAN|TRACE : PUTSCOM     :  pu.mca:k0:n0:s0:p00:c1 : 8000CC000701103F 0000000000004DC1
437.71433|SCAN|TRACE : PUTSCOM     :  pu.mca:k0:n0:s0:p00:c1 : 8000CC010701103F 0000000000007150
437.82089|SCAN|TRACE : PUTSCOM     :  pu.mca:k0:n0:s0:p00:c1 : 8000CC020701103F 00000000000053D4
437.82094|SCAN|TRACE : PUTSCOM     :  pu.mca:k0:n0:s0:p00:c1 : 8000CC050701103F 00000000000001F8
437.82100|SCAN|TRACE : GETSCOM     :  pu.mca:k0:n0:s0:p00:c1 : 8000CC060701103F 000000000000CFA0
437.82102|FAPI|conversions.H: converting 150000ps to 200 cycles
437.82104|FAPI|conversions.H: converting 150000ps to 200 cycles
437.82109|SCAN|TRACE : PUTSCOM     :  pu.mca:k0:n0:s0:p00:c1 : 8000CC060701103F 0000000000000C80
437.82115|SCAN|TRACE : PUTSCOM     :  pu.mca:k0:n0:s0:p00:c1 : 8000C8000701103F 0000000000005002
437.82120|SCAN|TRACE : PUTSCOM     :  pu.mca:k0:n0:s0:p00:c1 : 8000C8010701103F 0000000000000000
437.82129|SCAN|TRACE : PUTSCOM     :  pu.mca:k0:n0:s0:p00:c1 : 8000C8020701103F 0000000000004060
437.82134|SCAN|TRACE : PUTSCOM     :  pu.mca:k0:n0:s0:p00:c1 : 8000C8070701103F 0000000000000800
437.82139|SCAN|TRACE : PUTSCOM     :  pu.mca:k0:n0:s0:p00:c1 : 8000C8090701103F 000000000000FFFF
437.82147|SCAN|TRACE : PUTSCOM     :  pu.mca:k0:n0:s0:p00:c1 : 8000C80A0701103F 0000000000002240
437.82455|FAPI|mrs_load_ddr4.C: dimm:k0:n0:s0:p02 RDIMM (DDR4) Turning A17 off
437.82461|SCAN|TRACE : PUTSCOM     :  pu.mca:k0:n0:s0:p00:c1 : 8000C4020701103F 0000000000000202
437.82463|FAPI|conversions.H: converting 15000ps to 20 cycles
437.82474|SCAN|TRACE : PUTSCOM     :  pu.mca:k0:n0:s0:p00:c1 : 8000C4120701103F 0000000000005550
437.82476|FAPI|conversions.H: converting 15000ps to 20 cycles
437.82480|FAPI|timing.H: twldqsen 39 for pu.mca:k0:n0:s0:p00:c1
437.82485|SCAN|TRACE : PUTSCOM     :  pu.mca:k0:n0:s0:p00:c1 : 8000C4130701103F 000000000000A766
437.82492|FAPI|timing.H: dodt_on dimm:k0:n0:s0:p02 RDIMM (DDR4) 12
437.82499|FAPI|timing.H: dodt_on dimm:k0:n0:s0:p02 RDIMM (DDR4) 12
437.82505|SCAN|TRACE : PUTSCOM     :  pu.mca:k0:n0:s0:p00:c1 : 8000C4140701103F 0000000000004777
437.82506|FAPI|seq.H: pu.mca:k0:n0:s0:p00:c1 seq_rd_wr0 0xaa00
437.82511|SCAN|TRACE : PUTSCOM     :  pu.mca:k0:n0:s0:p00:c1 : 8000C4000701103F 000000000000AA00
437.82513|FAPI|seq.H: pu.mca:k0:n0:s0:p00:c1 seq_rd_wr1 0xaa
437.82517|SCAN|TRACE : PUTSCOM     :  pu.mca:k0:n0:s0:p00:c1 : 8000C4010701103F 00000000000000AA
437.82823|FAPI|ddr_phy.C: odt_rd_config0: 0x0000000000000000
437.82829|SCAN|TRACE : PUTSCOM     :  pu.mca:k0:n0:s0:p00:c1 : 8000C40E0701103F 0000000000000000
437.82830|FAPI|ddr_phy.C: odt_rd_config1: 0x0000000000000000
437.82835|SCAN|TRACE : PUTSCOM     :  pu.mca:k0:n0:s0:p00:c1 : 8000C40F0701103F 0000000000000000
437.82838|FAPI|ddr_phy.C: odt_wr_config0: 0x0000000000008000
437.82843|SCAN|TRACE : PUTSCOM     :  pu.mca:k0:n0:s0:p00:c1 : 8000C40A0701103F 0000000000008000
437.82845|FAPI|ddr_phy.C: odt_wr_config1: 0x0000000000000000
437.82849|SCAN|TRACE : PUTSCOM     :  pu.mca:k0:n0:s0:p00:c1 : 8000C40B0701103F 0000000000000000
437.82856|FAPI|dp16.C: seeing acboost attributes wr_down: 0x24924924 wr_up: 0x24924924, rd_up: 0x00000000
437.82861|SCAN|TRACE : GETSCOM     :  pu.mca:k0:n0:s0:p00:c1 : 800000220701103F 0000000000000000
437.82865|SCAN|TRACE : GETSCOM     :  pu.mca:k0:n0:s0:p00:c1 : 800000230701103F 0000000000000000
437.82871|FAPI|dp16.C: ac boost wr down for pu.mca:k0:n0:s0:p00:c1 dp16 0: 0x00000001, 0x00000001 (0x0000000000002000, 0x0000000000002000)
437.82876|FAPI|dp16.C: ac boost wr up for pu.mca:k0:n0:s0:p00:c1 dp16 0: 0x00000001, 0x00000001 (0x0000000000002400, 0x0000000000002400)
437.82882|FAPI|dp16.C: ac boost rd down for pu.mca:k0:n0:s0:p00:c1 dp16 0: 0x00000000, 0x00000000 (0x0000000000002400, 0x0000000000002400)
437.82887|SCAN|TRACE : PUTSCOM     :  pu.mca:k0:n0:s0:p00:c1 : 800000220701103F 0000000000002400
437.82891|SCAN|TRACE : PUTSCOM     :  pu.mca:k0:n0:s0:p00:c1 : 800000230701103F 0000000000002400
437.82896|SCAN|TRACE : GETSCOM     :  pu.mca:k0:n0:s0:p00:c1 : 800004220701103F 0000000000000000
437.82901|SCAN|TRACE : GETSCOM     :  pu.mca:k0:n0:s0:p00:c1 : 800004230701103F 0000000000000000
437.82906|FAPI|dp16.C: ac boost wr down for pu.mca:k0:n0:s0:p00:c1 dp16 1: 0x00000001, 0x00000001 (0x0000000000002000, 0x0000000000002000)
437.82911|FAPI|dp16.C: ac boost wr up for pu.mca:k0:n0:s0:p00:c1 dp16 1: 0x00000001, 0x00000001 (0x0000000000002400, 0x0000000000002400)
437.82917|FAPI|dp16.C: ac boost rd down for pu.mca:k0:n0:s0:p00:c1 dp16 1: 0x00000000, 0x00000000 (0x0000000000002400, 0x0000000000002400)
437.82922|SCAN|TRACE : PUTSCOM     :  pu.mca:k0:n0:s0:p00:c1 : 800004220701103F 0000000000002400
437.82926|SCAN|TRACE : PUTSCOM     :  pu.mca:k0:n0:s0:p00:c1 : 800004230701103F 0000000000002400
437.82931|SCAN|TRACE : GETSCOM     :  pu.mca:k0:n0:s0:p00:c1 : 800008220701103F 0000000000000000
437.82936|SCAN|TRACE : GETSCOM     :  pu.mca:k0:n0:s0:p00:c1 : 800008230701103F 0000000000000000
437.82941|FAPI|dp16.C: ac boost wr down for pu.mca:k0:n0:s0:p00:c1 dp16 2: 0x00000001, 0x00000001 (0x0000000000002000, 0x0000000000002000)
437.82946|FAPI|dp16.C: ac boost wr up for pu.mca:k0:n0:s0:p00:c1 dp16 2: 0x00000001, 0x00000001 (0x0000000000002400, 0x0000000000002400)
437.82951|FAPI|dp16.C: ac boost rd down for pu.mca:k0:n0:s0:p00:c1 dp16 2: 0x00000000, 0x00000000 (0x0000000000002400, 0x0000000000002400)
437.82956|SCAN|TRACE : PUTSCOM     :  pu.mca:k0:n0:s0:p00:c1 : 800008220701103F 0000000000002400
437.82961|SCAN|TRACE : PUTSCOM     :  pu.mca:k0:n0:s0:p00:c1 : 800008230701103F 0000000000002400
437.82965|SCAN|TRACE : GETSCOM     :  pu.mca:k0:n0:s0:p00:c1 : 80000C220701103F 0000000000000000
437.82970|SCAN|TRACE : GETSCOM     :  pu.mca:k0:n0:s0:p00:c1 : 80000C230701103F 0000000000000000
437.82976|FAPI|dp16.C: ac boost wr down for pu.mca:k0:n0:s0:p00:c1 dp16 3: 0x00000001, 0x00000001 (0x0000000000002000, 0x0000000000002000)
437.82981|FAPI|dp16.C: ac boost wr up for pu.mca:k0:n0:s0:p00:c1 dp16 3: 0x00000001, 0x00000001 (0x0000000000002400, 0x0000000000002400)
437.82987|FAPI|dp16.C: ac boost rd down for pu.mca:k0:n0:s0:p00:c1 dp16 3: 0x00000000, 0x00000000 (0x0000000000002400, 0x0000000000002400)
437.82992|SCAN|TRACE : PUTSCOM     :  pu.mca:k0:n0:s0:p00:c1 : 80000C220701103F 0000000000002400
437.82996|SCAN|TRACE : PUTSCOM     :  pu.mca:k0:n0:s0:p00:c1 : 80000C230701103F 0000000000002400
437.83001|SCAN|TRACE : GETSCOM     :  pu.mca:k0:n0:s0:p00:c1 : 800010220701103F 0000000000000000
437.83006|SCAN|TRACE : GETSCOM     :  pu.mca:k0:n0:s0:p00:c1 : 800010230701103F 0000000000000000
437.83011|FAPI|dp16.C: ac boost wr down for pu.mca:k0:n0:s0:p00:c1 dp16 4: 0x00000001, 0x00000001 (0x0000000000002000, 0x0000000000002000)
437.83016|FAPI|dp16.C: ac boost wr up for pu.mca:k0:n0:s0:p00:c1 dp16 4: 0x00000001, 0x00000001 (0x0000000000002400, 0x0000000000002400)
437.83023|FAPI|dp16.C: ac boost rd down for pu.mca:k0:n0:s0:p00:c1 dp16 4: 0x00000000, 0x00000000 (0x0000000000002400, 0x0000000000002400)
437.83028|SCAN|TRACE : PUTSCOM     :  pu.mca:k0:n0:s0:p00:c1 : 800010220701103F 0000000000002400
437.83032|SCAN|TRACE : PUTSCOM     :  pu.mca:k0:n0:s0:p00:c1 : 800010230701103F 0000000000002400
437.83038|FAPI|dp16.C: pu.mca:k0:n0:s0:p00:c1 seeing ctle attributes cap: 0x5555555555000000 res: 0xb6db6db6db6db6d0
437.83043|SCAN|TRACE : GETSCOM     :  pu.mca:k0:n0:s0:p00:c1 : 800000200701103F 0000000000000000
437.83048|SCAN|TRACE : GETSCOM     :  pu.mca:k0:n0:s0:p00:c1 : 800000210701103F 0000000000000000
437.83052|FAPI|dp16.C: ctle nibble 0 for pu.mca:k0:n0:s0:p00:c1 dp16 0: 0x0000000000004500, 0x0000000000000000
437.83056|FAPI|dp16.C: ctle nibble 1 for pu.mca:k0:n0:s0:p00:c1 dp16 0: 0x0000000000004545, 0x0000000000000000
437.83059|FAPI|dp16.C: ctle nibble 2 for pu.mca:k0:n0:s0:p00:c1 dp16 0: 0x0000000000004545, 0x0000000000004500
437.83063|FAPI|dp16.C: ctle nibble 3 for pu.mca:k0:n0:s0:p00:c1 dp16 0: 0x0000000000004545, 0x0000000000004545
437.83068|SCAN|TRACE : PUTSCOM     :  pu.mca:k0:n0:s0:p00:c1 : 800000200701103F 0000000000004545
437.83073|SCAN|TRACE : PUTSCOM     :  pu.mca:k0:n0:s0:p00:c1 : 800000210701103F 0000000000004545
437.83078|SCAN|TRACE : GETSCOM     :  pu.mca:k0:n0:s0:p00:c1 : 800004200701103F 0000000000000000
437.83083|SCAN|TRACE : GETSCOM     :  pu.mca:k0:n0:s0:p00:c1 : 800004210701103F 0000000000000000
437.83087|FAPI|dp16.C: ctle nibble 0 for pu.mca:k0:n0:s0:p00:c1 dp16 1: 0x0000000000004500, 0x0000000000000000
437.83090|FAPI|dp16.C: ctle nibble 1 for pu.mca:k0:n0:s0:p00:c1 dp16 1: 0x0000000000004545, 0x0000000000000000
437.83094|FAPI|dp16.C: ctle nibble 2 for pu.mca:k0:n0:s0:p00:c1 dp16 1: 0x0000000000004545, 0x0000000000004500
437.83098|FAPI|dp16.C: ctle nibble 3 for pu.mca:k0:n0:s0:p00:c1 dp16 1: 0x0000000000004545, 0x0000000000004545
437.83103|SCAN|TRACE : PUTSCOM     :  pu.mca:k0:n0:s0:p00:c1 : 800004200701103F 0000000000004545
437.83108|SCAN|TRACE : PUTSCOM     :  pu.mca:k0:n0:s0:p00:c1 : 800004210701103F 0000000000004545
437.83113|SCAN|TRACE : GETSCOM     :  pu.mca:k0:n0:s0:p00:c1 : 800008200701103F 0000000000000000
437.83118|SCAN|TRACE : GETSCOM     :  pu.mca:k0:n0:s0:p00:c1 : 800008210701103F 0000000000000000
437.83121|FAPI|dp16.C: ctle nibble 0 for pu.mca:k0:n0:s0:p00:c1 dp16 2: 0x0000000000004500, 0x0000000000000000
437.83125|FAPI|dp16.C: ctle nibble 1 for pu.mca:k0:n0:s0:p00:c1 dp16 2: 0x0000000000004545, 0x0000000000000000
437.83129|FAPI|dp16.C: ctle nibble 2 for pu.mca:k0:n0:s0:p00:c1 dp16 2: 0x0000000000004545, 0x0000000000004500
437.83133|FAPI|dp16.C: ctle nibble 3 for pu.mca:k0:n0:s0:p00:c1 dp16 2: 0x0000000000004545, 0x0000000000004545
437.83138|SCAN|TRACE : PUTSCOM     :  pu.mca:k0:n0:s0:p00:c1 : 800008200701103F 0000000000004545
437.83142|SCAN|TRACE : PUTSCOM     :  pu.mca:k0:n0:s0:p00:c1 : 800008210701103F 0000000000004545
437.83147|SCAN|TRACE : GETSCOM     :  pu.mca:k0:n0:s0:p00:c1 : 80000C200701103F 0000000000000000
437.83152|SCAN|TRACE : GETSCOM     :  pu.mca:k0:n0:s0:p00:c1 : 80000C210701103F 0000000000000000
437.83156|FAPI|dp16.C: ctle nibble 0 for pu.mca:k0:n0:s0:p00:c1 dp16 3: 0x0000000000004500, 0x0000000000000000
437.83160|FAPI|dp16.C: ctle nibble 1 for pu.mca:k0:n0:s0:p00:c1 dp16 3: 0x0000000000004545, 0x0000000000000000
437.83164|FAPI|dp16.C: ctle nibble 2 for pu.mca:k0:n0:s0:p00:c1 dp16 3: 0x0000000000004545, 0x0000000000004500
437.83167|FAPI|dp16.C: ctle nibble 3 for pu.mca:k0:n0:s0:p00:c1 dp16 3: 0x0000000000004545, 0x0000000000004545
437.83172|SCAN|TRACE : PUTSCOM     :  pu.mca:k0:n0:s0:p00:c1 : 80000C200701103F 0000000000004545
437.83177|SCAN|TRACE : PUTSCOM     :  pu.mca:k0:n0:s0:p00:c1 : 80000C210701103F 0000000000004545
437.83182|SCAN|TRACE : GETSCOM     :  pu.mca:k0:n0:s0:p00:c1 : 800010200701103F 0000000000000000
437.83187|SCAN|TRACE : GETSCOM     :  pu.mca:k0:n0:s0:p00:c1 : 800010210701103F 0000000000000000
437.83191|FAPI|dp16.C: ctle nibble 0 for pu.mca:k0:n0:s0:p00:c1 dp16 4: 0x0000000000004500, 0x0000000000000000
437.83253|FAPI|dp16.C: ctle nibble 1 for pu.mca:k0:n0:s0:p00:c1 dp16 4: 0x0000000000004545, 0x0000000000000000
437.83257|FAPI|dp16.C: ctle nibble 2 for pu.mca:k0:n0:s0:p00:c1 dp16 4: 0x0000000000004545, 0x0000000000004500
437.83261|FAPI|dp16.C: ctle nibble 3 for pu.mca:k0:n0:s0:p00:c1 dp16 4: 0x0000000000004545, 0x0000000000004545
437.83266|SCAN|TRACE : PUTSCOM     :  pu.mca:k0:n0:s0:p00:c1 : 800010200701103F 0000000000004545
437.83271|SCAN|TRACE : PUTSCOM     :  pu.mca:k0:n0:s0:p00:c1 : 800010210701103F 0000000000004545
437.83730|FAPI|adr.C: adr delay (even) reg: 0x800040040701103f val: 0x0000000000001100 atr: 0x11
437.83734|FAPI|adr.C: adr delay (odd) reg: 0x800040040701103f val: 0x0000000000001111 atr: 0x11
437.83739|SCAN|TRACE : PUTSCOM     :  pu.mca:k0:n0:s0:p00:c1 : 800040040701103F 0000000000001111
437.83743|FAPI|adr.C: adr delay (even) reg: 0x800040050701103f val: 0x0000000000001100 atr: 0x11
437.83747|FAPI|adr.C: adr delay (odd) reg: 0x800040050701103f val: 0x0000000000001111 atr: 0x11
437.83752|SCAN|TRACE : PUTSCOM     :  pu.mca:k0:n0:s0:p00:c1 : 800040050701103F 0000000000001111
437.83756|FAPI|adr.C: adr delay (even) reg: 0x800040060701103f val: 0x0000000000001100 atr: 0x11
437.83760|FAPI|adr.C: adr delay (odd) reg: 0x800040060701103f val: 0x0000000000001111 atr: 0x11
437.83765|SCAN|TRACE : PUTSCOM     :  pu.mca:k0:n0:s0:p00:c1 : 800040060701103F 0000000000001111
437.83769|FAPI|adr.C: adr delay (even) reg: 0x800040070701103f val: 0x0000000000001100 atr: 0x11
437.83773|FAPI|adr.C: adr delay (odd) reg: 0x800040070701103f val: 0x0000000000001111 atr: 0x11
437.83778|SCAN|TRACE : PUTSCOM     :  pu.mca:k0:n0:s0:p00:c1 : 800040070701103F 0000000000001111
437.83932|FAPI|adr.C: adr delay (even) reg: 0x800040080701103f val: 0x0000000000001100 atr: 0x11
437.83936|FAPI|adr.C: adr delay (odd) reg: 0x800040080701103f val: 0x0000000000001111 atr: 0x11
437.83941|SCAN|TRACE : PUTSCOM     :  pu.mca:k0:n0:s0:p00:c1 : 800040080701103F 0000000000001111
437.83945|FAPI|adr.C: adr delay (even) reg: 0x800040090701103f val: 0x0000000000001100 atr: 0x11
437.83949|FAPI|adr.C: adr delay (odd) reg: 0x800040090701103f val: 0x0000000000001111 atr: 0x11
437.83954|SCAN|TRACE : PUTSCOM     :  pu.mca:k0:n0:s0:p00:c1 : 800040090701103F 0000000000001111
437.83958|FAPI|adr.C: adr delay (even) reg: 0x800044040701103f val: 0x0000000000001100 atr: 0x11
437.83962|FAPI|adr.C: adr delay (odd) reg: 0x800044040701103f val: 0x0000000000001111 atr: 0x11
437.83967|SCAN|TRACE : PUTSCOM     :  pu.mca:k0:n0:s0:p00:c1 : 800044040701103F 0000000000001111
437.83971|FAPI|adr.C: adr delay (even) reg: 0x800044050701103f val: 0x0000000000006500 atr: 0x65
437.83975|FAPI|adr.C: adr delay (odd) reg: 0x800044050701103f val: 0x0000000000006565 atr: 0x65
437.83980|SCAN|TRACE : PUTSCOM     :  pu.mca:k0:n0:s0:p00:c1 : 800044050701103F 0000000000006565
437.83984|FAPI|adr.C: adr delay (even) reg: 0x800044060701103f val: 0x0000000000001100 atr: 0x11
437.83988|FAPI|adr.C: adr delay (odd) reg: 0x800044060701103f val: 0x0000000000001111 atr: 0x11
437.83993|SCAN|TRACE : PUTSCOM     :  pu.mca:k0:n0:s0:p00:c1 : 800044060701103F 0000000000001111
437.83996|FAPI|adr.C: adr delay (even) reg: 0x800044070701103f val: 0x0000000000006500 atr: 0x65
437.84152|FAPI|adr.C: adr delay (odd) reg: 0x800044070701103f val: 0x0000000000006565 atr: 0x65
437.84157|SCAN|TRACE : PUTSCOM     :  pu.mca:k0:n0:s0:p00:c1 : 800044070701103F 0000000000006565
437.84161|FAPI|adr.C: adr delay (even) reg: 0x800044080701103f val: 0x0000000000001100 atr: 0x11
437.84165|FAPI|adr.C: adr delay (odd) reg: 0x800044080701103f val: 0x0000000000001111 atr: 0x11
437.84170|SCAN|TRACE : PUTSCOM     :  pu.mca:k0:n0:s0:p00:c1 : 800044080701103F 0000000000001111
437.84174|FAPI|adr.C: adr delay (even) reg: 0x800044090701103f val: 0x0000000000001100 atr: 0x11
437.84178|FAPI|adr.C: adr delay (odd) reg: 0x800044090701103f val: 0x0000000000001111 atr: 0x11
437.84183|SCAN|TRACE : PUTSCOM     :  pu.mca:k0:n0:s0:p00:c1 : 800044090701103F 0000000000001111
437.84187|FAPI|adr.C: adr delay (even) reg: 0x800048040701103f val: 0x0000000000001100 atr: 0x11
437.84191|FAPI|adr.C: adr delay (odd) reg: 0x800048040701103f val: 0x0000000000001111 atr: 0x11
437.84195|SCAN|TRACE : PUTSCOM     :  pu.mca:k0:n0:s0:p00:c1 : 800048040701103F 0000000000001111
437.84199|FAPI|adr.C: adr delay (even) reg: 0x800048050701103f val: 0x0000000000001100 atr: 0x11
437.84203|FAPI|adr.C: adr delay (odd) reg: 0x800048050701103f val: 0x0000000000001111 atr: 0x11
437.84209|SCAN|TRACE : PUTSCOM     :  pu.mca:k0:n0:s0:p00:c1 : 800048050701103F 0000000000001111
437.84213|FAPI|adr.C: adr delay (even) reg: 0x800048060701103f val: 0x0000000000001100 atr: 0x11
437.84217|FAPI|adr.C: adr delay (odd) reg: 0x800048060701103f val: 0x0000000000001111 atr: 0x11
437.84222|SCAN|TRACE : PUTSCOM     :  pu.mca:k0:n0:s0:p00:c1 : 800048060701103F 0000000000001111
437.84226|FAPI|adr.C: adr delay (even) reg: 0x800048070701103f val: 0x0000000000001100 atr: 0x11
437.84840|FAPI|adr.C: adr delay (odd) reg: 0x800048070701103f val: 0x0000000000001111 atr: 0x11
437.84845|SCAN|TRACE : PUTSCOM     :  pu.mca:k0:n0:s0:p00:c1 : 800048070701103F 0000000000001111
437.84849|FAPI|adr.C: adr delay (even) reg: 0x800048080701103f val: 0x0000000000001100 atr: 0x11
437.84853|FAPI|adr.C: adr delay (odd) reg: 0x800048080701103f val: 0x0000000000001111 atr: 0x11
437.84859|SCAN|TRACE : PUTSCOM     :  pu.mca:k0:n0:s0:p00:c1 : 800048080701103F 0000000000001111
437.84863|FAPI|adr.C: adr delay (even) reg: 0x800048090701103f val: 0x0000000000001100 atr: 0x11
437.84867|FAPI|adr.C: adr delay (odd) reg: 0x800048090701103f val: 0x0000000000001111 atr: 0x11
437.84872|SCAN|TRACE : PUTSCOM     :  pu.mca:k0:n0:s0:p00:c1 : 800048090701103F 0000000000001111
437.84876|FAPI|adr.C: adr delay (even) reg: 0x80004c040701103f val: 0x0000000000001100 atr: 0x11
437.84880|FAPI|adr.C: adr delay (odd) reg: 0x80004c040701103f val: 0x0000000000001111 atr: 0x11
437.84885|SCAN|TRACE : PUTSCOM     :  pu.mca:k0:n0:s0:p00:c1 : 80004C040701103F 0000000000001111
437.84888|FAPI|adr.C: adr delay (even) reg: 0x80004c050701103f val: 0x0000000000001100 atr: 0x11
437.84892|FAPI|adr.C: adr delay (odd) reg: 0x80004c050701103f val: 0x0000000000001111 atr: 0x11
437.84897|SCAN|TRACE : PUTSCOM     :  pu.mca:k0:n0:s0:p00:c1 : 80004C050701103F 0000000000001111
437.84901|FAPI|adr.C: adr delay (even) reg: 0x80004c060701103f val: 0x0000000000001100 atr: 0x11
437.84905|FAPI|adr.C: adr delay (odd) reg: 0x80004c060701103f val: 0x0000000000001111 atr: 0x11
437.84909|SCAN|TRACE : PUTSCOM     :  pu.mca:k0:n0:s0:p00:c1 : 80004C060701103F 0000000000001111
437.84913|FAPI|adr.C: adr delay (even) reg: 0x80004c070701103f val: 0x0000000000001100 atr: 0x11
437.84916|FAPI|adr.C: adr delay (odd) reg: 0x80004c070701103f val: 0x0000000000001100 atr: 0x0
437.84921|SCAN|TRACE : PUTSCOM     :  pu.mca:k0:n0:s0:p00:c1 : 80004C070701103F 0000000000001100
437.84925|FAPI|adr32s.H: pu.mca:k0:n0:s0:p00:c1 reset tsys_adr 0x800080330701103f: 0x0000000000007f00
437.84930|SCAN|TRACE : PUTSCOM     :  pu.mca:k0:n0:s0:p00:c1 : 800080330701103F 0000000000007F00
437.84933|FAPI|adr32s.H: pu.mca:k0:n0:s0:p00:c1 reset tsys_adr 0x800084330701103f: 0x0000000000007f00
437.84938|SCAN|TRACE : PUTSCOM     :  pu.mca:k0:n0:s0:p00:c1 : 800084330701103F 0000000000007F00
437.84941|FAPI|dp16.H: reset tsys_data 0x800000740701103f: 0x0000000000007c00
437.84946|SCAN|TRACE : PUTSCOM     :  pu.mca:k0:n0:s0:p00:c1 : 800000740701103F 0000000000007C00
437.84948|FAPI|dp16.H: reset tsys_data 0x800004740701103f: 0x0000000000007c00
437.84952|SCAN|TRACE : PUTSCOM     :  pu.mca:k0:n0:s0:p00:c1 : 800004740701103F 0000000000007C00
437.84954|FAPI|dp16.H: reset tsys_data 0x800008740701103f: 0x0000000000007c00
437.84960|SCAN|TRACE : PUTSCOM     :  pu.mca:k0:n0:s0:p00:c1 : 800008740701103F 0000000000007C00
437.84962|FAPI|dp16.H: reset tsys_data 0x80000c740701103f: 0x0000000000007c00
437.84966|SCAN|TRACE : PUTSCOM     :  pu.mca:k0:n0:s0:p00:c1 : 80000C740701103F 0000000000007C00
437.84968|FAPI|dp16.H: reset tsys_data 0x800010740701103f: 0x0000000000007c00
437.84973|SCAN|TRACE : PUTSCOM     :  pu.mca:k0:n0:s0:p00:c1 : 800010740701103F 0000000000007C00
437.84977|FAPI|dp16.C: pu.mca:k0:n0:s0:p00:c1 DQ/DQS DRV impedance for DP[0] VPD: 34 register value 0xb2ecf97f
437.84981|FAPI|dp16.C: pu.mca:k0:n0:s0:p00:c1 DQ/DQS DRV impedance for DP[1] VPD: 34 register value 0xb2ecf97f
437.84984|FAPI|dp16.C: pu.mca:k0:n0:s0:p00:c1 DQ/DQS DRV impedance for DP[2] VPD: 34 register value 0xb2ecf97f
437.84988|FAPI|dp16.C: pu.mca:k0:n0:s0:p00:c1 DQ/DQS DRV impedance for DP[3] VPD: 34 register value 0xb2ecf97f
437.84992|FAPI|dp16.C: pu.mca:k0:n0:s0:p00:c1 DQ/DQS DRV impedance for DP[4] VPD: 34 register value 0xb2ecf97f
437.84997|SCAN|TRACE : PUTSCOM     :  pu.mca:k0:n0:s0:p00:c1 : 800000780701103F 0000000000007F7F
437.85002|SCAN|TRACE : PUTSCOM     :  pu.mca:k0:n0:s0:p00:c1 : 800004780701103F 0000000000007F7F
437.85007|SCAN|TRACE : PUTSCOM     :  pu.mca:k0:n0:s0:p00:c1 : 800008780701103F 0000000000007F7F
437.85012|SCAN|TRACE : PUTSCOM     :  pu.mca:k0:n0:s0:p00:c1 : 80000C780701103F 0000000000007F7F
437.85017|SCAN|TRACE : PUTSCOM     :  pu.mca:k0:n0:s0:p00:c1 : 800010780701103F 0000000000007F7F
437.85022|FAPI|dp16.C: pu.mca:k0:n0:s0:p00:c1 DQ/DQS RCV impedance for DP[0] VPD: 60 register value 0xb2ecf978
437.85025|FAPI|dp16.C: pu.mca:k0:n0:s0:p00:c1 DQ/DQS RCV impedance for DP[1] VPD: 60 register value 0xb2ecf978
437.85029|FAPI|dp16.C: pu.mca:k0:n0:s0:p00:c1 DQ/DQS RCV impedance for DP[2] VPD: 60 register value 0xb2ecf978
437.85032|FAPI|dp16.C: pu.mca:k0:n0:s0:p00:c1 DQ/DQS RCV impedance for DP[3] VPD: 60 register value 0xb2ecf978
437.85036|FAPI|dp16.C: pu.mca:k0:n0:s0:p00:c1 DQ/DQS RCV impedance for DP[4] VPD: 60 register value 0xb2ecf978
437.85041|SCAN|TRACE : PUTSCOM     :  pu.mca:k0:n0:s0:p00:c1 : 8000007B0701103F 0000000000007800
437.85046|SCAN|TRACE : PUTSCOM     :  pu.mca:k0:n0:s0:p00:c1 : 8000047B0701103F 0000000000007800
437.85051|SCAN|TRACE : PUTSCOM     :  pu.mca:k0:n0:s0:p00:c1 : 8000087B0701103F 0000000000007800
437.85056|SCAN|TRACE : PUTSCOM     :  pu.mca:k0:n0:s0:p00:c1 : 80000C7B0701103F 0000000000007800
437.85061|SCAN|TRACE : PUTSCOM     :  pu.mca:k0:n0:s0:p00:c1 : 8000107B0701103F 0000000000007800
437.92843|SCAN|TRACE : GETSCOM     :  pu.mca:k0:n0:s0:p00:c1 : 800044200701103F 0000000000000000
437.92848|SCAN|TRACE : PUTSCOM     :  pu.mca:k0:n0:s0:p00:c1 : 800044200701103F 0000000000000200
437.92853|SCAN|TRACE : GETSCOM     :  pu.mca:k0:n0:s0:p00:c1 : 800044200701103F 0000000000000200
437.92858|SCAN|TRACE : PUTSCOM     :  pu.mca:k0:n0:s0:p00:c1 : 800044200701103F 0000000000000A00
437.92863|SCAN|TRACE : GETSCOM     :  pu.mca:k0:n0:s0:p00:c1 : 800044200701103F 0000000000000A00
437.92868|SCAN|TRACE : PUTSCOM     :  pu.mca:k0:n0:s0:p00:c1 : 800044200701103F 0000000000000A02
437.92873|SCAN|TRACE : GETSCOM     :  pu.mca:k0:n0:s0:p00:c1 : 800044200701103F 0000000000000A02
437.92878|SCAN|TRACE : PUTSCOM     :  pu.mca:k0:n0:s0:p00:c1 : 800044200701103F 0000000000000A0A
437.92884|SCAN|TRACE : GETSCOM     :  pu.mca:k0:n0:s0:p00:c1 : 800040210701103F 0000000000000000
437.92889|SCAN|TRACE : PUTSCOM     :  pu.mca:k0:n0:s0:p00:c1 : 800040210701103F 0000000000008000
437.92894|SCAN|TRACE : GETSCOM     :  pu.mca:k0:n0:s0:p00:c1 : 800048200701103F 0000000000000000
437.92899|SCAN|TRACE : PUTSCOM     :  pu.mca:k0:n0:s0:p00:c1 : 800048200701103F 0000000000000020
437.92904|SCAN|TRACE : GETSCOM     :  pu.mca:k0:n0:s0:p00:c1 : 800044210701103F 0000000000000000
437.92909|SCAN|TRACE : PUTSCOM     :  pu.mca:k0:n0:s0:p00:c1 : 800044210701103F 0000000000000800
437.92914|SCAN|TRACE : GETSCOM     :  pu.mca:k0:n0:s0:p00:c1 : 800048200701103F 0000000000000020
437.92919|SCAN|TRACE : PUTSCOM     :  pu.mca:k0:n0:s0:p00:c1 : 800048200701103F 00000000000000A0
437.92924|SCAN|TRACE : GETSCOM     :  pu.mca:k0:n0:s0:p00:c1 : 800048200701103F 00000000000000A0
437.92929|SCAN|TRACE : PUTSCOM     :  pu.mca:k0:n0:s0:p00:c1 : 800048200701103F 00000000000000A8
437.92934|SCAN|TRACE : GETSCOM     :  pu.mca:k0:n0:s0:p00:c1 : 800048200701103F 00000000000000A8
437.92939|SCAN|TRACE : PUTSCOM     :  pu.mca:k0:n0:s0:p00:c1 : 800048200701103F 00000000000002A8
437.92944|SCAN|TRACE : GETSCOM     :  pu.mca:k0:n0:s0:p00:c1 : 800048210701103F 0000000000000000
437.92949|SCAN|TRACE : PUTSCOM     :  pu.mca:k0:n0:s0:p00:c1 : 800048210701103F 0000000000002000
437.92954|SCAN|TRACE : GETSCOM     :  pu.mca:k0:n0:s0:p00:c1 : 800048200701103F 00000000000002A8
437.92959|SCAN|TRACE : PUTSCOM     :  pu.mca:k0:n0:s0:p00:c1 : 800048200701103F 00000000000002AA
437.92964|SCAN|TRACE : GETSCOM     :  pu.mca:k0:n0:s0:p00:c1 : 800048200701103F 00000000000002AA
437.92969|SCAN|TRACE : PUTSCOM     :  pu.mca:k0:n0:s0:p00:c1 : 800048200701103F 0000000000000AAA
437.92974|SCAN|TRACE : GETSCOM     :  pu.mca:k0:n0:s0:p00:c1 : 800048210701103F 0000000000002000
437.92982|SCAN|TRACE : PUTSCOM     :  pu.mca:k0:n0:s0:p00:c1 : 800048210701103F 000000000000A000
437.92987|SCAN|TRACE : GETSCOM     :  pu.mca:k0:n0:s0:p00:c1 : 800040200701103F 0000000000000000
437.92992|SCAN|TRACE : PUTSCOM     :  pu.mca:k0:n0:s0:p00:c1 : 800040200701103F 0000000000000020
437.92997|SCAN|TRACE : GETSCOM     :  pu.mca:k0:n0:s0:p00:c1 : 80004C200701103F 0000000000000000
437.93002|SCAN|TRACE : PUTSCOM     :  pu.mca:k0:n0:s0:p00:c1 : 80004C200701103F 0000000000002000
437.93007|SCAN|TRACE : GETSCOM     :  pu.mca:k0:n0:s0:p00:c1 : 800048210701103F 000000000000A000
437.93011|SCAN|TRACE : PUTSCOM     :  pu.mca:k0:n0:s0:p00:c1 : 800048210701103F 000000000000A200
437.93016|SCAN|TRACE : GETSCOM     :  pu.mca:k0:n0:s0:p00:c1 : 800044200701103F 0000000000000A0A
437.93021|SCAN|TRACE : PUTSCOM     :  pu.mca:k0:n0:s0:p00:c1 : 800044200701103F 0000000000008A0A
437.93026|SCAN|TRACE : GETSCOM     :  pu.mca:k0:n0:s0:p00:c1 : 800040200701103F 0000000000000020
437.93031|SCAN|TRACE : PUTSCOM     :  pu.mca:k0:n0:s0:p00:c1 : 800040200701103F 0000000000002020
437.93036|SCAN|TRACE : GETSCOM     :  pu.mca:k0:n0:s0:p00:c1 : 800040210701103F 0000000000008000
437.93041|SCAN|TRACE : PUTSCOM     :  pu.mca:k0:n0:s0:p00:c1 : 800040210701103F 0000000000008200
437.93046|SCAN|TRACE : GETSCOM     :  pu.mca:k0:n0:s0:p00:c1 : 800048200701103F 0000000000000AAA
437.93051|SCAN|TRACE : PUTSCOM     :  pu.mca:k0:n0:s0:p00:c1 : 800048200701103F 0000000000002AAA
437.93056|SCAN|TRACE : GETSCOM     :  pu.mca:k0:n0:s0:p00:c1 : 800044200701103F 0000000000008A0A
437.93061|SCAN|TRACE : PUTSCOM     :  pu.mca:k0:n0:s0:p00:c1 : 800044200701103F 0000000000008A8A
437.93065|SCAN|TRACE : GETSCOM     :  pu.mca:k0:n0:s0:p00:c1 : 800040200701103F 0000000000002020
437.93070|SCAN|TRACE : PUTSCOM     :  pu.mca:k0:n0:s0:p00:c1 : 800040200701103F 0000000000002022
437.93076|SCAN|TRACE : GETSCOM     :  pu.mca:k0:n0:s0:p00:c1 : 800040200701103F 0000000000002022
437.93081|SCAN|TRACE : PUTSCOM     :  pu.mca:k0:n0:s0:p00:c1 : 800040200701103F 00000000000020A2
437.93086|SCAN|TRACE : GETSCOM     :  pu.mca:k0:n0:s0:p00:c1 : 80004C200701103F 0000000000002000
437.93091|SCAN|TRACE : PUTSCOM     :  pu.mca:k0:n0:s0:p00:c1 : 80004C200701103F 0000000000002800
437.93096|SCAN|TRACE : GETSCOM     :  pu.mca:k0:n0:s0:p00:c1 : 80004C200701103F 0000000000002800
437.93101|SCAN|TRACE : PUTSCOM     :  pu.mca:k0:n0:s0:p00:c1 : 80004C200701103F 0000000000002820
437.93106|SCAN|TRACE : GETSCOM     :  pu.mca:k0:n0:s0:p00:c1 : 80004C200701103F 0000000000002820
437.93111|SCAN|TRACE : PUTSCOM     :  pu.mca:k0:n0:s0:p00:c1 : 80004C200701103F 000000000000A820
437.93117|SCAN|TRACE : GETSCOM     :  pu.mca:k0:n0:s0:p00:c1 : 80004C200701103F 000000000000A820
437.93122|SCAN|TRACE : PUTSCOM     :  pu.mca:k0:n0:s0:p00:c1 : 80004C200701103F 000000000000AA20
437.93127|SCAN|TRACE : GETSCOM     :  pu.mca:k0:n0:s0:p00:c1 : 800048210701103F 000000000000A200
437.93132|SCAN|TRACE : PUTSCOM     :  pu.mca:k0:n0:s0:p00:c1 : 800048210701103F 000000000000AA00
437.93136|SCAN|TRACE : GETSCOM     :  pu.mca:k0:n0:s0:p00:c1 : 80004C200701103F 000000000000AA20
437.93141|SCAN|TRACE : PUTSCOM     :  pu.mca:k0:n0:s0:p00:c1 : 80004C200701103F 000000000000AA28
437.93146|SCAN|TRACE : GETSCOM     :  pu.mca:k0:n0:s0:p00:c1 : 80004C200701103F 000000000000AA28
437.93151|SCAN|TRACE : PUTSCOM     :  pu.mca:k0:n0:s0:p00:c1 : 80004C200701103F 000000000000AAA8
437.93156|SCAN|TRACE : GETSCOM     :  pu.mca:k0:n0:s0:p00:c1 : 800040210701103F 0000000000008200
437.93161|SCAN|TRACE : PUTSCOM     :  pu.mca:k0:n0:s0:p00:c1 : 800040210701103F 0000000000008A00
437.93166|SCAN|TRACE : GETSCOM     :  pu.mca:k0:n0:s0:p00:c1 : 800040200701103F 00000000000020A2
437.93171|SCAN|TRACE : PUTSCOM     :  pu.mca:k0:n0:s0:p00:c1 : 800040200701103F 00000000000020AA
437.93177|SCAN|TRACE : GETSCOM     :  pu.mca:k0:n0:s0:p00:c1 : 800040210701103F 0000000000008A00
437.93182|SCAN|TRACE : PUTSCOM     :  pu.mca:k0:n0:s0:p00:c1 : 800040210701103F 000000000000AA00
437.93187|SCAN|TRACE : GETSCOM     :  pu.mca:k0:n0:s0:p00:c1 : 800040200701103F 00000000000020AA
437.93192|SCAN|TRACE : PUTSCOM     :  pu.mca:k0:n0:s0:p00:c1 : 800040200701103F 00000000000028AA
437.93197|SCAN|TRACE : GETSCOM     :  pu.mca:k0:n0:s0:p00:c1 : 800044210701103F 0000000000000800
437.93202|SCAN|TRACE : PUTSCOM     :  pu.mca:k0:n0:s0:p00:c1 : 800044210701103F 0000000000000A00
437.93206|SCAN|TRACE : GETSCOM     :  pu.mca:k0:n0:s0:p00:c1 : 80004C200701103F 000000000000AAA8
437.93211|SCAN|TRACE : PUTSCOM     :  pu.mca:k0:n0:s0:p00:c1 : 80004C200701103F 000000000000AAAA
437.93216|SCAN|TRACE : GETSCOM     :  pu.mca:k0:n0:s0:p00:c1 : 800040200701103F 00000000000028AA
437.93221|SCAN|TRACE : PUTSCOM     :  pu.mca:k0:n0:s0:p00:c1 : 800040200701103F 000000000000A8AA
437.93225|SCAN|TRACE : GETSCOM     :  pu.mca:k0:n0:s0:p00:c1 : 800044200701103F 0000000000008A8A
437.93230|SCAN|TRACE : PUTSCOM     :  pu.mca:k0:n0:s0:p00:c1 : 800044200701103F 000000000000AA8A
437.93235|SCAN|TRACE : GETSCOM     :  pu.mca:k0:n0:s0:p00:c1 : 800048200701103F 0000000000002AAA
437.93240|SCAN|TRACE : PUTSCOM     :  pu.mca:k0:n0:s0:p00:c1 : 800048200701103F 000000000000AAAA
437.93245|SCAN|TRACE : GETSCOM     :  pu.mca:k0:n0:s0:p00:c1 : 800044210701103F 0000000000000A00
437.93249|SCAN|TRACE : PUTSCOM     :  pu.mca:k0:n0:s0:p00:c1 : 800044210701103F 0000000000002A00
437.93254|SCAN|TRACE : GETSCOM     :  pu.mca:k0:n0:s0:p00:c1 : 800040200701103F 000000000000A8AA
437.93259|SCAN|TRACE : PUTSCOM     :  pu.mca:k0:n0:s0:p00:c1 : 800040200701103F 000000000000AAAA
437.93264|SCAN|TRACE : GETSCOM     :  pu.mca:k0:n0:s0:p00:c1 : 800044200701103F 000000000000AA8A
437.93268|SCAN|TRACE : PUTSCOM     :  pu.mca:k0:n0:s0:p00:c1 : 800044200701103F 000000000000AAAA
437.93273|SCAN|TRACE : GETSCOM     :  pu.mca:k0:n0:s0:p00:c1 : 800044210701103F 0000000000002A00
437.93278|SCAN|TRACE : PUTSCOM     :  pu.mca:k0:n0:s0:p00:c1 : 800044210701103F 000000000000AA00
438.03119|SCAN|TRACE : PUTSCOM     :  pu.mca:k0:n0:s0:p00:c1 : 8000006C0701103F 000000000000408E
438.03124|SCAN|TRACE : PUTSCOM     :  pu.mca:k0:n0:s0:p00:c1 : 8000046C0701103F 000000000000408E
438.03129|SCAN|TRACE : PUTSCOM     :  pu.mca:k0:n0:s0:p00:c1 : 8000086C0701103F 000000000000408E
438.03134|SCAN|TRACE : PUTSCOM     :  pu.mca:k0:n0:s0:p00:c1 : 80000C6C0701103F 000000000000408E
438.03139|SCAN|TRACE : PUTSCOM     :  pu.mca:k0:n0:s0:p00:c1 : 8000106C0701103F 000000000000408E
438.03144|SCAN|TRACE : PUTSCOM     :  pu.mca:k0:n0:s0:p00:c1 : 800000EC0701103F 0000000000001864
438.03149|SCAN|TRACE : PUTSCOM     :  pu.mca:k0:n0:s0:p00:c1 : 800004EC0701103F 0000000000001864
438.03154|SCAN|TRACE : PUTSCOM     :  pu.mca:k0:n0:s0:p00:c1 : 800008EC0701103F 0000000000001864
438.03161|SCAN|TRACE : PUTSCOM     :  pu.mca:k0:n0:s0:p00:c1 : 80000CEC0701103F 0000000000001864
438.03166|SCAN|TRACE : PUTSCOM     :  pu.mca:k0:n0:s0:p00:c1 : 800010EC0701103F 0000000000001864
438.03171|SCAN|TRACE : PUTSCOM     :  pu.mca:k0:n0:s0:p00:c1 : 8000002E0701103F 0000000000000000
438.03175|SCAN|TRACE : PUTSCOM     :  pu.mca:k0:n0:s0:p00:c1 : 8000042E0701103F 0000000000000000
438.03181|SCAN|TRACE : PUTSCOM     :  pu.mca:k0:n0:s0:p00:c1 : 8000082E0701103F 0000000000000000
438.03185|SCAN|TRACE : PUTSCOM     :  pu.mca:k0:n0:s0:p00:c1 : 80000C2E0701103F 0000000000000000
438.03190|SCAN|TRACE : PUTSCOM     :  pu.mca:k0:n0:s0:p00:c1 : 8000102E0701103F 0000000000000000
438.03195|SCAN|TRACE : PUTSCOM     :  pu.mca:k0:n0:s0:p00:c1 : 8000002F0701103F 0000000000000000
438.03200|SCAN|TRACE : PUTSCOM     :  pu.mca:k0:n0:s0:p00:c1 : 8000042F0701103F 0000000000000000
438.03205|SCAN|TRACE : PUTSCOM     :  pu.mca:k0:n0:s0:p00:c1 : 8000082F0701103F 0000000000000000
438.03210|SCAN|TRACE : PUTSCOM     :  pu.mca:k0:n0:s0:p00:c1 : 80000C2F0701103F 0000000000000000
438.03215|SCAN|TRACE : PUTSCOM     :  pu.mca:k0:n0:s0:p00:c1 : 8000102F0701103F 0000000000000000
438.03220|SCAN|TRACE : PUTSCOM     :  pu.mca:k0:n0:s0:p00:c1 : 800000FB0701103F 000000000000FFFF
438.03224|SCAN|TRACE : PUTSCOM     :  pu.mca:k0:n0:s0:p00:c1 : 800000FA0701103F 000000000000FFFF
438.03229|SCAN|TRACE : PUTSCOM     :  pu.mca:k0:n0:s0:p00:c1 : 800004FB0701103F 000000000000FFFF
438.03234|SCAN|TRACE : PUTSCOM     :  pu.mca:k0:n0:s0:p00:c1 : 800004FA0701103F 000000000000FFFF
438.03239|SCAN|TRACE : PUTSCOM     :  pu.mca:k0:n0:s0:p00:c1 : 800008FB0701103F 000000000000FFFF
438.03244|SCAN|TRACE : PUTSCOM     :  pu.mca:k0:n0:s0:p00:c1 : 800008FA0701103F 000000000000FFFF
438.03248|SCAN|TRACE : PUTSCOM     :  pu.mca:k0:n0:s0:p00:c1 : 80000CFB0701103F 000000000000FFFF
438.03253|SCAN|TRACE : PUTSCOM     :  pu.mca:k0:n0:s0:p00:c1 : 80000CFA0701103F 000000000000FFFF
438.03258|SCAN|TRACE : PUTSCOM     :  pu.mca:k0:n0:s0:p00:c1 : 800010FB0701103F 000000000000FFFF
438.03263|SCAN|TRACE : PUTSCOM     :  pu.mca:k0:n0:s0:p00:c1 : 800010FA0701103F 000000000000FFFF
438.03268|SCAN|TRACE : PUTSCOM     :  pu.mca:k0:n0:s0:p00:c1 : 800000AE0701103F 0000000000000000
438.03272|SCAN|TRACE : PUTSCOM     :  pu.mca:k0:n0:s0:p00:c1 : 800000AF0701103F 0000000000000000
438.03277|SCAN|TRACE : PUTSCOM     :  pu.mca:k0:n0:s0:p00:c1 : 800004AE0701103F 0000000000000000
438.03282|SCAN|TRACE : PUTSCOM     :  pu.mca:k0:n0:s0:p00:c1 : 800004AF0701103F 0000000000000000
438.03286|SCAN|TRACE : PUTSCOM     :  pu.mca:k0:n0:s0:p00:c1 : 800008AE0701103F 0000000000000000
438.03291|SCAN|TRACE : PUTSCOM     :  pu.mca:k0:n0:s0:p00:c1 : 800008AF0701103F 0000000000000000
438.03296|SCAN|TRACE : PUTSCOM     :  pu.mca:k0:n0:s0:p00:c1 : 80000CAE0701103F 0000000000000000
438.03302|SCAN|TRACE : PUTSCOM     :  pu.mca:k0:n0:s0:p00:c1 : 80000CAF0701103F 0000000000000000
438.03306|SCAN|TRACE : PUTSCOM     :  pu.mca:k0:n0:s0:p00:c1 : 800010AE0701103F 0000000000000000
438.03311|SCAN|TRACE : PUTSCOM     :  pu.mca:k0:n0:s0:p00:c1 : 800010AF0701103F 0000000000000000
438.03312|FAPI|rank.C: get the primary ranks for pu.mca:k0:n0:s0:p00:c1
438.03318|FAPI|dp16.C: pu.mca:k0:n0:s0:p00:c1  RP 0 found! using DIMM0 and Rank0
438.03321|FAPI|dp16.C: pu.mca:k0:n0:s0:p00:c1 RP 0 getting reset to values 0x100b2ecf978
438.03326|SCAN|TRACE : PUTSCOM     :  pu.mca:k0:n0:s0:p00:c1 : 8000005E0701103F 0000000000000D0D
438.03331|SCAN|TRACE : PUTSCOM     :  pu.mca:k0:n0:s0:p00:c1 : 8000005F0701103F 0000000000000D0D
438.03335|SCAN|TRACE : PUTSCOM     :  pu.mca:k0:n0:s0:p00:c1 : 8000045E0701103F 0000000000000D0D
438.03340|SCAN|TRACE : PUTSCOM     :  pu.mca:k0:n0:s0:p00:c1 : 8000045F0701103F 0000000000000D0D
438.03345|SCAN|TRACE : PUTSCOM     :  pu.mca:k0:n0:s0:p00:c1 : 8000085E0701103F 0000000000000D0D
438.03350|SCAN|TRACE : PUTSCOM     :  pu.mca:k0:n0:s0:p00:c1 : 8000085F0701103F 0000000000000D0D
438.03354|SCAN|TRACE : PUTSCOM     :  pu.mca:k0:n0:s0:p00:c1 : 80000C5E0701103F 0000000000000D0D
438.03359|SCAN|TRACE : PUTSCOM     :  pu.mca:k0:n0:s0:p00:c1 : 80000C5F0701103F 0000000000000D0D
438.03364|SCAN|TRACE : PUTSCOM     :  pu.mca:k0:n0:s0:p00:c1 : 8000105E0701103F 0000000000000D0D
438.03368|SCAN|TRACE : PUTSCOM     :  pu.mca:k0:n0:s0:p00:c1 : 8000105F0701103F 0000000000000D0D
438.03522|FAPI|rank.C: get the primary ranks for pu.mca:k0:n0:s0:p00:c1
438.09849|FAPI|dp16.C: pu.mca:k0:n0:s0:p00:c1 no RP 1 found! using DIMM0 and Rank0
438.09853|FAPI|dp16.C: pu.mca:k0:n0:s0:p00:c1 RP 1 getting reset to values 0x100b2ecf978
438.09859|SCAN|TRACE : PUTSCOM     :  pu.mca:k0:n0:s0:p00:c1 : 8000015E0701103F 0000000000000D0D
438.09864|SCAN|TRACE : PUTSCOM     :  pu.mca:k0:n0:s0:p00:c1 : 8000015F0701103F 0000000000000D0D
438.09869|SCAN|TRACE : PUTSCOM     :  pu.mca:k0:n0:s0:p00:c1 : 8000055E0701103F 0000000000000D0D
438.09874|SCAN|TRACE : PUTSCOM     :  pu.mca:k0:n0:s0:p00:c1 : 8000055F0701103F 0000000000000D0D
438.09879|SCAN|TRACE : PUTSCOM     :  pu.mca:k0:n0:s0:p00:c1 : 8000095E0701103F 0000000000000D0D
438.09884|SCAN|TRACE : PUTSCOM     :  pu.mca:k0:n0:s0:p00:c1 : 8000095F0701103F 0000000000000D0D
438.09889|SCAN|TRACE : PUTSCOM     :  pu.mca:k0:n0:s0:p00:c1 : 80000D5E0701103F 0000000000000D0D
438.09894|SCAN|TRACE : PUTSCOM     :  pu.mca:k0:n0:s0:p00:c1 : 80000D5F0701103F 0000000000000D0D
438.09899|SCAN|TRACE : PUTSCOM     :  pu.mca:k0:n0:s0:p00:c1 : 8000115E0701103F 0000000000000D0D
438.09905|SCAN|TRACE : PUTSCOM     :  pu.mca:k0:n0:s0:p00:c1 : 8000115F0701103F 0000000000000D0D
438.09907|FAPI|rank.C: get the primary ranks for pu.mca:k0:n0:s0:p00:c1
438.09913|FAPI|dp16.C: pu.mca:k0:n0:s0:p00:c1 no RP 2 found! using DIMM0 and Rank0
438.09916|FAPI|dp16.C: pu.mca:k0:n0:s0:p00:c1 RP 2 getting reset to values 0x100b2ecf978
438.09921|SCAN|TRACE : PUTSCOM     :  pu.mca:k0:n0:s0:p00:c1 : 8000025E0701103F 0000000000000D0D
438.09926|SCAN|TRACE : PUTSCOM     :  pu.mca:k0:n0:s0:p00:c1 : 8000025F0701103F 0000000000000D0D
438.09931|SCAN|TRACE : PUTSCOM     :  pu.mca:k0:n0:s0:p00:c1 : 8000065E0701103F 0000000000000D0D
438.09936|SCAN|TRACE : PUTSCOM     :  pu.mca:k0:n0:s0:p00:c1 : 8000065F0701103F 0000000000000D0D
438.09942|SCAN|TRACE : PUTSCOM     :  pu.mca:k0:n0:s0:p00:c1 : 80000A5E0701103F 0000000000000D0D
438.09947|SCAN|TRACE : PUTSCOM     :  pu.mca:k0:n0:s0:p00:c1 : 80000A5F0701103F 0000000000000D0D
438.09952|SCAN|TRACE : PUTSCOM     :  pu.mca:k0:n0:s0:p00:c1 : 80000E5E0701103F 0000000000000D0D
438.09957|SCAN|TRACE : PUTSCOM     :  pu.mca:k0:n0:s0:p00:c1 : 80000E5F0701103F 0000000000000D0D
438.09962|SCAN|TRACE : PUTSCOM     :  pu.mca:k0:n0:s0:p00:c1 : 8000125E0701103F 0000000000000D0D
438.09967|SCAN|TRACE : PUTSCOM     :  pu.mca:k0:n0:s0:p00:c1 : 8000125F0701103F 0000000000000D0D
438.09968|FAPI|rank.C: get the primary ranks for pu.mca:k0:n0:s0:p00:c1
438.09974|FAPI|dp16.C: pu.mca:k0:n0:s0:p00:c1 no RP 3 found! using DIMM0 and Rank0
438.09978|FAPI|dp16.C: pu.mca:k0:n0:s0:p00:c1 RP 3 getting reset to values 0x100b2ecf978
438.09983|SCAN|TRACE : PUTSCOM     :  pu.mca:k0:n0:s0:p00:c1 : 8000035E0701103F 0000000000000D0D
438.09988|SCAN|TRACE : PUTSCOM     :  pu.mca:k0:n0:s0:p00:c1 : 8000035F0701103F 0000000000000D0D
438.09993|SCAN|TRACE : PUTSCOM     :  pu.mca:k0:n0:s0:p00:c1 : 8000075E0701103F 0000000000000D0D
438.09998|SCAN|TRACE : PUTSCOM     :  pu.mca:k0:n0:s0:p00:c1 : 8000075F0701103F 0000000000000D0D
438.10004|SCAN|TRACE : PUTSCOM     :  pu.mca:k0:n0:s0:p00:c1 : 80000B5E0701103F 0000000000000D0D
438.10009|SCAN|TRACE : PUTSCOM     :  pu.mca:k0:n0:s0:p00:c1 : 80000B5F0701103F 0000000000000D0D
438.10014|SCAN|TRACE : PUTSCOM     :  pu.mca:k0:n0:s0:p00:c1 : 80000F5E0701103F 0000000000000D0D
438.10019|SCAN|TRACE : PUTSCOM     :  pu.mca:k0:n0:s0:p00:c1 : 80000F5F0701103F 0000000000000D0D
438.10023|SCAN|TRACE : PUTSCOM     :  pu.mca:k0:n0:s0:p00:c1 : 8000135E0701103F 0000000000000D0D
438.10029|SCAN|TRACE : PUTSCOM     :  pu.mca:k0:n0:s0:p00:c1 : 8000135F0701103F 0000000000000D0D
438.10034|FAPI|dp16.C: pu.mca:k0:n0:s0:p00:c1 Initializing RDCLK extended range to 0x1
438.10039|SCAN|TRACE : GETSCOM     :  pu.mca:k0:n0:s0:p00:c1 : 8000000A0701103F 0000000000000000
438.10040|FAPI|dp16.H: drift_limits dp16<0>: 0x0000000000000000
438.10042|FAPI|dp16.H: set_blue_waterfall_range: 0x1
438.10043|FAPI|dp16.H: drift_limits dp16<0>: 0x0000000000004000
438.10048|SCAN|TRACE : PUTSCOM     :  pu.mca:k0:n0:s0:p00:c1 : 8000000A0701103F 0000000000004000
438.10053|SCAN|TRACE : GETSCOM     :  pu.mca:k0:n0:s0:p00:c1 : 8000040A0701103F 0000000000000000
438.10055|FAPI|dp16.H: drift_limits dp16<1>: 0x0000000000000000
438.10056|FAPI|dp16.H: set_blue_waterfall_range: 0x1
438.10058|FAPI|dp16.H: drift_limits dp16<1>: 0x0000000000004000
438.10063|SCAN|TRACE : PUTSCOM     :  pu.mca:k0:n0:s0:p00:c1 : 8000040A0701103F 0000000000004000
438.10068|SCAN|TRACE : GETSCOM     :  pu.mca:k0:n0:s0:p00:c1 : 8000080A0701103F 0000000000000000
438.10069|FAPI|dp16.H: drift_limits dp16<2>: 0x0000000000000000
438.10071|FAPI|dp16.H: set_blue_waterfall_range: 0x1
438.10072|FAPI|dp16.H: drift_limits dp16<2>: 0x0000000000004000
438.10077|SCAN|TRACE : PUTSCOM     :  pu.mca:k0:n0:s0:p00:c1 : 8000080A0701103F 0000000000004000
438.10082|SCAN|TRACE : GETSCOM     :  pu.mca:k0:n0:s0:p00:c1 : 80000C0A0701103F 0000000000000000
438.10084|FAPI|dp16.H: drift_limits dp16<3>: 0x0000000000000000
438.10086|FAPI|dp16.H: set_blue_waterfall_range: 0x1
438.10087|FAPI|dp16.H: drift_limits dp16<3>: 0x0000000000004000
438.10092|SCAN|TRACE : PUTSCOM     :  pu.mca:k0:n0:s0:p00:c1 : 80000C0A0701103F 0000000000004000
438.10097|SCAN|TRACE : GETSCOM     :  pu.mca:k0:n0:s0:p00:c1 : 8000100A0701103F 0000000000000000
438.10099|FAPI|dp16.H: drift_limits dp16<4>: 0x0000000000000000
438.10101|FAPI|dp16.H: set_blue_waterfall_range: 0x1
438.10102|FAPI|dp16.H: drift_limits dp16<4>: 0x0000000000004000
438.10107|SCAN|TRACE : PUTSCOM     :  pu.mca:k0:n0:s0:p00:c1 : 8000100A0701103F 0000000000004000
438.13067|SCAN|TRACE : PUTSCOM     :  pu.mca:k0:n0:s0:p00:c1 : 800000120701103F 0000000000004810
438.13072|SCAN|TRACE : PUTSCOM     :  pu.mca:k0:n0:s0:p00:c1 : 800004120701103F 0000000000004810
438.13077|SCAN|TRACE : PUTSCOM     :  pu.mca:k0:n0:s0:p00:c1 : 800008120701103F 0000000000004810
438.13082|SCAN|TRACE : PUTSCOM     :  pu.mca:k0:n0:s0:p00:c1 : 80000C120701103F 0000000000004810
438.13087|SCAN|TRACE : PUTSCOM     :  pu.mca:k0:n0:s0:p00:c1 : 800010120701103F 0000000000004810
438.13093|SCAN|TRACE : PUTSCOM     :  pu.mca:k0:n0:s0:p00:c1 : 800000370701103F 0000000000000800
438.13098|SCAN|TRACE : PUTSCOM     :  pu.mca:k0:n0:s0:p00:c1 : 800004370701103F 0000000000000800
438.13103|SCAN|TRACE : PUTSCOM     :  pu.mca:k0:n0:s0:p00:c1 : 800008370701103F 0000000000000800
438.13108|SCAN|TRACE : PUTSCOM     :  pu.mca:k0:n0:s0:p00:c1 : 80000C370701103F 0000000000000800
438.13115|SCAN|TRACE : PUTSCOM     :  pu.mca:k0:n0:s0:p00:c1 : 800010370701103F 0000000000000800
438.14747|FAPI|unmask.C: unmask (and clear) mss fir after scominit
438.14757|SCAN|TRACE : GETSCOM     :  pu.mca:k0:n0:s0:p00:c0 : 0000000007011006 0000000000000000
438.14762|SCAN|TRACE : GETSCOM     :  pu.mca:k0:n0:s0:p00:c0 : 0000000007011007 000000000000F0E0
438.20683|SCAN|TRACE : GETSCOM     :  pu.mca:k0:n0:s0:p00:c0 : 0000000007010906 0000000000000000
438.20688|SCAN|TRACE : GETSCOM     :  pu.mca:k0:n0:s0:p00:c0 : 0000000007010907 0000000000000000
438.20693|SCAN|TRACE : GETSCOM     :  pu.mca:k0:n0:s0:p00:c0 : 0000000007011000 0000000000000000
438.20697|SCAN|TRACE : PUTSCOM     :  pu.mca:k0:n0:s0:p00:c0 : 0000000007011000 0000000000000000
438.20702|SCAN|TRACE : GETSCOM     :  pu.mca:k0:n0:s0:p00:c0 : 0000000007011000 0000000000000000
438.20706|SCAN|TRACE : PUTSCOM     :  pu.mca:k0:n0:s0:p00:c0 : 0000000007011000 0000000000000000
438.20711|SCAN|TRACE : GETSCOM     :  pu.mca:k0:n0:s0:p00:c0 : 0000000007010900 0000000000000000
438.20715|SCAN|TRACE : PUTSCOM     :  pu.mca:k0:n0:s0:p00:c0 : 0000000007010900 0000000000000000
438.20720|SCAN|TRACE : GETSCOM     :  pu.mca:k0:n0:s0:p00:c0 : 0000000007010900 0000000000000000
438.20725|SCAN|TRACE : PUTSCOM     :  pu.mca:k0:n0:s0:p00:c0 : 0000000007010900 0000000000000000
438.20729|SCAN|TRACE : GETSCOM     :  pu.mca:k0:n0:s0:p00:c1 : 0000000007011006 0000000000000000
438.20734|SCAN|TRACE : GETSCOM     :  pu.mca:k0:n0:s0:p00:c1 : 0000000007011007 000000000000F0E0
438.20738|SCAN|TRACE : GETSCOM     :  pu.mca:k0:n0:s0:p00:c1 : 0000000007010906 0000000000000000
438.20743|SCAN|TRACE : GETSCOM     :  pu.mca:k0:n0:s0:p00:c1 : 0000000007010907 0000000000000000
438.20748|SCAN|TRACE : GETSCOM     :  pu.mca:k0:n0:s0:p00:c1 : 0000000007011000 0000000000000000
438.20752|SCAN|TRACE : PUTSCOM     :  pu.mca:k0:n0:s0:p00:c1 : 0000000007011000 0000000000000000
438.20757|SCAN|TRACE : GETSCOM     :  pu.mca:k0:n0:s0:p00:c1 : 0000000007011000 0000000000000000
438.20761|SCAN|TRACE : PUTSCOM     :  pu.mca:k0:n0:s0:p00:c1 : 0000000007011000 0000000000000000
438.20766|SCAN|TRACE : GETSCOM     :  pu.mca:k0:n0:s0:p00:c1 : 0000000007010900 0000000000000000
438.20770|SCAN|TRACE : PUTSCOM     :  pu.mca:k0:n0:s0:p00:c1 : 0000000007010900 0000000000000000
438.20775|SCAN|TRACE : GETSCOM     :  pu.mca:k0:n0:s0:p00:c1 : 0000000007010900 0000000000000000
438.20779|SCAN|TRACE : PUTSCOM     :  pu.mca:k0:n0:s0:p00:c1 : 0000000007010900 0000000000000000
438.20784|FAPI|p9_mss_scominit.C: pu.mcbist:k0:n0:s0:p00:c0 End MSS SCOM init ReturnCode:0x0000000000000000
438.20786|ISTEPS_TRACE|SUCCESS running p9_mss_scominit HWP on target HUID 00250000
438.20788|ISTEPS_TRACE|call_mss_scominit exit
438.79547|SCOM|doMulticastWorkaround on 00050000 for 50040018
438.79603|SCOM|doMulticastWorkaround on 00050000 for 50040009
438.79667|ERRL|I>Got an error log Msg - Type: 0x00000039
438.79668|ERRL|I>Flush message received
438.79670|INITSVC|<<doIstep: step 13, substep 8
438.79672|INITSVC|>>doIstep: step 13, substep 9, task mss_ddr_phy_reset
