438.79675|ISTEP 13. 9 - mss_ddr_phy_reset
438.81114|IPMI|wd: resetWatchDogTimer
438.81116|IPMI|rp: queuing sync 18:22
438.81117|IPMI|rp: W>Got message (0x18:0x22): l_is_pnor: 0
438.81122|IPMI|dd: I>write ok 18:22 seq 81 len 0
438.84344|IPMI|dd: I>read b2h ok 1c:22 seq 81 len 0 cc 0
438.84351|ISTEPS_TRACE|call_mss_ddr_phy_reset entry
438.84427|ISTEPS_TRACE|Running p9_mss_ddr_phy_reset HWP on target HUID 00250000
438.84438|FAPI|ddr_phy.C: force mclk low for all ports
438.84444|SCAN|TRACE : GETSCOM     :  pu.mca:k0:n0:s0:p00:c0 : 0000000007010918 0400000000000000
438.84448|SCAN|TRACE : PUTSCOM     :  pu.mca:k0:n0:s0:p00:c0 : 0000000007010918 0400000000000000
438.84454|SCAN|TRACE : GETSCOM     :  pu.mca:k0:n0:s0:p00:c1 : 0000000007010918 0400000000000000
438.84459|SCAN|TRACE : PUTSCOM     :  pu.mca:k0:n0:s0:p00:c1 : 0000000007010918 0400000000000000
438.84470|SCAN|TRACE : PUTSCOM     :  pu.mca:k0:n0:s0:p00:c0 : 800000070701103F 0000000000008000
438.84475|SCAN|TRACE : PUTSCOM     :  pu.mca:k0:n0:s0:p00:c0 : 8000007F0701103F 0000000000008000
438.84480|SCAN|TRACE : PUTSCOM     :  pu.mca:k0:n0:s0:p00:c0 : 800004070701103F 0000000000008000
438.84485|SCAN|TRACE : PUTSCOM     :  pu.mca:k0:n0:s0:p00:c0 : 8000047F0701103F 0000000000008000
438.84490|SCAN|TRACE : PUTSCOM     :  pu.mca:k0:n0:s0:p00:c0 : 800008070701103F 0000000000008000
438.84495|SCAN|TRACE : PUTSCOM     :  pu.mca:k0:n0:s0:p00:c0 : 8000087F0701103F 0000000000008000
438.84500|SCAN|TRACE : PUTSCOM     :  pu.mca:k0:n0:s0:p00:c0 : 80000C070701103F 0000000000008000
438.84505|SCAN|TRACE : PUTSCOM     :  pu.mca:k0:n0:s0:p00:c0 : 80000C7F0701103F 0000000000008000
438.84509|SCAN|TRACE : PUTSCOM     :  pu.mca:k0:n0:s0:p00:c0 : 800010070701103F 0000000000008000
438.84514|SCAN|TRACE : PUTSCOM     :  pu.mca:k0:n0:s0:p00:c0 : 8000107F0701103F 0000000000008000
438.84519|SCAN|TRACE : PUTSCOM     :  pu.mca:k0:n0:s0:p00:c1 : 800000070701103F 0000000000008000
438.84524|SCAN|TRACE : PUTSCOM     :  pu.mca:k0:n0:s0:p00:c1 : 8000007F0701103F 0000000000008000
438.84529|SCAN|TRACE : PUTSCOM     :  pu.mca:k0:n0:s0:p00:c1 : 800004070701103F 0000000000008000
438.84534|SCAN|TRACE : PUTSCOM     :  pu.mca:k0:n0:s0:p00:c1 : 8000047F0701103F 0000000000008000
438.84539|SCAN|TRACE : PUTSCOM     :  pu.mca:k0:n0:s0:p00:c1 : 800008070701103F 0000000000008000
438.84543|SCAN|TRACE : PUTSCOM     :  pu.mca:k0:n0:s0:p00:c1 : 8000087F0701103F 0000000000008000
438.84548|SCAN|TRACE : PUTSCOM     :  pu.mca:k0:n0:s0:p00:c1 : 80000C070701103F 0000000000008000
438.84553|SCAN|TRACE : PUTSCOM     :  pu.mca:k0:n0:s0:p00:c1 : 80000C7F0701103F 0000000000008000
438.84558|SCAN|TRACE : PUTSCOM     :  pu.mca:k0:n0:s0:p00:c1 : 800010070701103F 0000000000008000
438.84563|SCAN|TRACE : PUTSCOM     :  pu.mca:k0:n0:s0:p00:c1 : 8000107F0701103F 0000000000008000
438.87225|FAPI|ddr_phy.C: Change reset to high PHY: pu.mca:k0:n0:s0:p00:c0
438.87230|SCAN|TRACE : GETSCOM     :  pu.mca:k0:n0:s0:p00:c0 : 000000000701090F 0000000000000018
438.87234|SCAN|TRACE : PUTSCOM     :  pu.mca:k0:n0:s0:p00:c0 : 000000000701090F 0000000000000058
438.87237|FAPI|ddr_phy.C: Change reset to high PHY: pu.mca:k0:n0:s0:p00:c1
438.87241|SCAN|TRACE : GETSCOM     :  pu.mca:k0:n0:s0:p00:c1 : 000000000701090F 0000000000000018
438.87246|SCAN|TRACE : PUTSCOM     :  pu.mca:k0:n0:s0:p00:c1 : 000000000701090F 0000000000000058
438.87248|FAPI|conversions.H: converting 32 cycles to 24000ps
438.87255|FAPI|ddr_phy.C: Change reset to low PHY: pu.mca:k0:n0:s0:p00:c0
438.87259|SCAN|TRACE : GETSCOM     :  pu.mca:k0:n0:s0:p00:c0 : 000000000701090F 0000000000000058
438.87266|SCAN|TRACE : PUTSCOM     :  pu.mca:k0:n0:s0:p00:c0 : 000000000701090F 0000000000000018
438.87268|FAPI|ddr_phy.C: Change reset to low PHY: pu.mca:k0:n0:s0:p00:c1
438.87272|SCAN|TRACE : GETSCOM     :  pu.mca:k0:n0:s0:p00:c1 : 000000000701090F 0000000000000058
438.87277|SCAN|TRACE : PUTSCOM     :  pu.mca:k0:n0:s0:p00:c1 : 000000000701090F 0000000000000018
438.87283|FAPI|dp16.H: set_adv_pp high
438.87284|FAPI|dp16.H: set_delay_pp_half high
438.87285|FAPI|adr32s.H: set_output_flush high
438.87286|FAPI|adr32s.H: set_init_io high
438.87292|SCAN|TRACE : PUTSCOM     :  pu.mca:k0:n0:s0:p00:c0 : 800080350701103F 000000000000A000
438.87297|SCAN|TRACE : PUTSCOM     :  pu.mca:k0:n0:s0:p00:c0 : 800084350701103F 000000000000A000
438.87302|SCAN|TRACE : PUTSCOM     :  pu.mca:k0:n0:s0:p00:c1 : 800080350701103F 000000000000A000
438.87307|SCAN|TRACE : PUTSCOM     :  pu.mca:k0:n0:s0:p00:c1 : 800084350701103F 000000000000A000
438.87308|FAPI|dp16.H: set_output_flush high
438.87309|FAPI|dp16.H: set_init_io high
438.87314|SCAN|TRACE : PUTSCOM     :  pu.mca:k0:n0:s0:p00:c0 : 800000030701103F 0000000000001320
438.87319|SCAN|TRACE : PUTSCOM     :  pu.mca:k0:n0:s0:p00:c0 : 800004030701103F 0000000000001320
438.87324|SCAN|TRACE : PUTSCOM     :  pu.mca:k0:n0:s0:p00:c0 : 800008030701103F 0000000000001320
438.87329|SCAN|TRACE : PUTSCOM     :  pu.mca:k0:n0:s0:p00:c0 : 80000C030701103F 0000000000001320
438.87334|SCAN|TRACE : PUTSCOM     :  pu.mca:k0:n0:s0:p00:c0 : 800010030701103F 0000000000001320
438.87339|SCAN|TRACE : PUTSCOM     :  pu.mca:k0:n0:s0:p00:c1 : 800000030701103F 0000000000001320
438.87344|SCAN|TRACE : PUTSCOM     :  pu.mca:k0:n0:s0:p00:c1 : 800004030701103F 0000000000001320
438.87349|SCAN|TRACE : PUTSCOM     :  pu.mca:k0:n0:s0:p00:c1 : 800008030701103F 0000000000001320
438.87354|SCAN|TRACE : PUTSCOM     :  pu.mca:k0:n0:s0:p00:c1 : 80000C030701103F 0000000000001320
438.87359|SCAN|TRACE : PUTSCOM     :  pu.mca:k0:n0:s0:p00:c1 : 800010030701103F 0000000000001320
438.96008|FAPI|conversions.H: converting 32 cycles to 24000ps
438.96009|FAPI|adr32s.H: set_output_flush low
438.96010|FAPI|adr32s.H: set_init_io low
438.96015|SCAN|TRACE : PUTSCOM     :  pu.mca:k0:n0:s0:p00:c0 : 800080350701103F 0000000000000000
438.96020|SCAN|TRACE : PUTSCOM     :  pu.mca:k0:n0:s0:p00:c0 : 800084350701103F 0000000000000000
438.96025|SCAN|TRACE : PUTSCOM     :  pu.mca:k0:n0:s0:p00:c1 : 800080350701103F 0000000000000000
438.96030|SCAN|TRACE : PUTSCOM     :  pu.mca:k0:n0:s0:p00:c1 : 800084350701103F 0000000000000000
438.96032|FAPI|dp16.H: set_output_flush low
438.96033|FAPI|dp16.H: set_init_io low
438.96037|SCAN|TRACE : PUTSCOM     :  pu.mca:k0:n0:s0:p00:c0 : 800000030701103F 0000000000000120
438.96042|SCAN|TRACE : PUTSCOM     :  pu.mca:k0:n0:s0:p00:c0 : 800004030701103F 0000000000000120
438.96047|SCAN|TRACE : PUTSCOM     :  pu.mca:k0:n0:s0:p00:c0 : 800008030701103F 0000000000000120
438.96054|SCAN|TRACE : PUTSCOM     :  pu.mca:k0:n0:s0:p00:c0 : 80000C030701103F 0000000000000120
438.96059|SCAN|TRACE : PUTSCOM     :  pu.mca:k0:n0:s0:p00:c0 : 800010030701103F 0000000000000120
438.96064|SCAN|TRACE : PUTSCOM     :  pu.mca:k0:n0:s0:p00:c1 : 800000030701103F 0000000000000120
438.96069|SCAN|TRACE : PUTSCOM     :  pu.mca:k0:n0:s0:p00:c1 : 800004030701103F 0000000000000120
438.96074|SCAN|TRACE : PUTSCOM     :  pu.mca:k0:n0:s0:p00:c1 : 800008030701103F 0000000000000120
438.96079|SCAN|TRACE : PUTSCOM     :  pu.mca:k0:n0:s0:p00:c1 : 80000C030701103F 0000000000000120
438.96084|SCAN|TRACE : PUTSCOM     :  pu.mca:k0:n0:s0:p00:c1 : 800010030701103F 0000000000000120
438.96087|FAPI|phy_cntrl.H: set_enable_zcal high
438.96092|SCAN|TRACE : PUTSCOM     :  pu.mca:k0:n0:s0:p00:c0 : 8000C00E0701103F 0000000000001000
438.96094|FAPI|conversions.H: converting 1024 cycles to 768000ps
438.96099|SCAN|TRACE : GETSCOM     :  pu.mca:k0:n0:s0:p00:c0 : 8000C0000701103F 0000000000000001
438.96100|FAPI|ddr_phy.C: phy control zcal cal stat 0x1, remaining: 50
438.96102|FAPI|phy_cntrl.H: zcal_status: 0x0000000000000001
438.96104|FAPI|p9_mss_ddr_phy_reset.C: starting DLL calibration pu.mcbist:k0:n0:s0:p00:c0
438.96112|SCAN|TRACE : GETSCOM     :  pu.mca:k0:n0:s0:p00:c1 : 8000803A0701103F 0000000000008100
438.96117|SCAN|TRACE : GETSCOM     :  pu.mca:k0:n0:s0:p00:c1 : 8000843A0701103F 0000000000008100
438.96118|FAPI|adr32s.H: set_dll_cal_reset low
438.96119|FAPI|adr32s.H: set_dll_cal_reset low
438.96124|SCAN|TRACE : PUTSCOM     :  pu.mca:k0:n0:s0:p00:c1 : 8000803A0701103F 0000000000000100
438.96129|SCAN|TRACE : PUTSCOM     :  pu.mca:k0:n0:s0:p00:c1 : 8000843A0701103F 0000000000000100
438.96134|SCAN|TRACE : GETSCOM     :  pu.mca:k0:n0:s0:p00:c1 : 800000240701103F 0000000000008100
438.96138|SCAN|TRACE : GETSCOM     :  pu.mca:k0:n0:s0:p00:c1 : 800000250701103F 0000000000008100
438.96143|SCAN|TRACE : GETSCOM     :  pu.mca:k0:n0:s0:p00:c1 : 800004240701103F 0000000000008100
438.96148|SCAN|TRACE : GETSCOM     :  pu.mca:k0:n0:s0:p00:c1 : 800004250701103F 0000000000008100
438.96153|SCAN|TRACE : GETSCOM     :  pu.mca:k0:n0:s0:p00:c1 : 800008240701103F 0000000000008100
438.96158|SCAN|TRACE : GETSCOM     :  pu.mca:k0:n0:s0:p00:c1 : 800008250701103F 0000000000008100
438.96163|SCAN|TRACE : GETSCOM     :  pu.mca:k0:n0:s0:p00:c1 : 80000C240701103F 0000000000008100
438.96168|SCAN|TRACE : GETSCOM     :  pu.mca:k0:n0:s0:p00:c1 : 80000C250701103F 0000000000008100
438.96173|SCAN|TRACE : GETSCOM     :  pu.mca:k0:n0:s0:p00:c1 : 800010240701103F 0000000000008100
438.96177|SCAN|TRACE : GETSCOM     :  pu.mca:k0:n0:s0:p00:c1 : 800010250701103F 0000000000008100
438.96179|FAPI|dp16.H: set_dll_cal_reset low
438.96180|FAPI|dp16.H: set_dll_cal_reset low
438.96181|FAPI|dp16.H: set_dll_cal_reset low
438.96182|FAPI|dp16.H: set_dll_cal_reset low
438.96183|FAPI|dp16.H: set_dll_cal_reset low
438.96184|FAPI|dp16.H: set_dll_cal_reset low
438.96185|FAPI|dp16.H: set_dll_cal_reset low
438.96186|FAPI|dp16.H: set_dll_cal_reset low
438.96187|FAPI|dp16.H: set_dll_cal_reset low
438.96188|FAPI|dp16.H: set_dll_cal_reset high
438.96192|SCAN|TRACE : PUTSCOM     :  pu.mca:k0:n0:s0:p00:c1 : 800000240701103F 0000000000000100
438.96197|SCAN|TRACE : PUTSCOM     :  pu.mca:k0:n0:s0:p00:c1 : 800000250701103F 0000000000000100
438.96202|SCAN|TRACE : PUTSCOM     :  pu.mca:k0:n0:s0:p00:c1 : 800004240701103F 0000000000000100
438.96207|SCAN|TRACE : PUTSCOM     :  pu.mca:k0:n0:s0:p00:c1 : 800004250701103F 0000000000000100
438.96211|SCAN|TRACE : PUTSCOM     :  pu.mca:k0:n0:s0:p00:c1 : 800008240701103F 0000000000000100
438.96216|SCAN|TRACE : PUTSCOM     :  pu.mca:k0:n0:s0:p00:c1 : 800008250701103F 0000000000000100
438.96221|SCAN|TRACE : PUTSCOM     :  pu.mca:k0:n0:s0:p00:c1 : 80000C240701103F 0000000000000100
438.96226|SCAN|TRACE : PUTSCOM     :  pu.mca:k0:n0:s0:p00:c1 : 80000C250701103F 0000000000000100
438.96231|SCAN|TRACE : PUTSCOM     :  pu.mca:k0:n0:s0:p00:c1 : 800010240701103F 0000000000000100
438.96235|SCAN|TRACE : PUTSCOM     :  pu.mca:k0:n0:s0:p00:c1 : 800010250701103F 0000000000008100
438.96237|FAPI|conversions.H: converting 37382 cycles to 28036500ps
438.96245|SCAN|TRACE : GETSCOM     :  pu.mca:k0:n0:s0:p00:c1 : 8000C0000701103F 0000000000009001
438.96247|FAPI|ddr_phy.C: phy control dll/zcal stat 0x9001, remaining: 50
438.96248|FAPI|phy_cntrl.H: pc_dll_status: 0x0000000000009001
438.96254|SCAN|TRACE : GETSCOM     :  pu.mca:k0:n0:s0:p00:c1 : 8000C0000701103F 0000000000009001
438.96256|FAPI|phy_cntrl.H: pc_dll_status: 0x0000000000009001
438.96260|SCAN|TRACE : GETSCOM     :  pu.mca:k0:n0:s0:p00:c1 : 8000803E0701103F 000000000000547C
438.96265|SCAN|TRACE : GETSCOM     :  pu.mca:k0:n0:s0:p00:c1 : 8000002C0701103F 0000000000005498
438.96270|SCAN|TRACE : GETSCOM     :  pu.mca:k0:n0:s0:p00:c1 : 8000042C0701103F 0000000000005498
438.96275|SCAN|TRACE : GETSCOM     :  pu.mca:k0:n0:s0:p00:c1 : 8000082C0701103F 000000000000509A
438.96280|SCAN|TRACE : GETSCOM     :  pu.mca:k0:n0:s0:p00:c1 : 80000C2C0701103F 000000000000547C
438.96285|SCAN|TRACE : GETSCOM     :  pu.mca:k0:n0:s0:p00:c1 : 8000102C0701103F 000000000000547E
438.96290|SCAN|TRACE : GETSCOM     :  pu.mca:k0:n0:s0:p00:c1 : 8000002D0701103F 000000000000549A
438.96295|SCAN|TRACE : GETSCOM     :  pu.mca:k0:n0:s0:p00:c1 : 8000042D0701103F 000000000000547E
438.96300|SCAN|TRACE : GETSCOM     :  pu.mca:k0:n0:s0:p00:c1 : 8000082D0701103F 000000000000547C
438.96305|SCAN|TRACE : GETSCOM     :  pu.mca:k0:n0:s0:p00:c1 : 80000C2D0701103F 0000000000005498
438.96308|FAPI|p9_mss_ddr_phy_reset.C: set up of phase rotator controls pu.mcbist:k0:n0:s0:p00:c0
438.96310|FAPI|ddr_phy.C: pu.mcbist:k0:n0:s0:p00:c0 continuous update: 0x8024
438.96318|FAPI|ddr_phy.C: pu.mcbist:k0:n0:s0:p00:c0 Write 0x8024 into the ADR SysClk Phase Rotator Control Regs
438.96323|SCAN|TRACE : PUTSCOM     :  pu.mca:k0:n0:s0:p00:c1 : 800080320701103F 0000000000008024
438.96328|SCAN|TRACE : PUTSCOM     :  pu.mca:k0:n0:s0:p00:c1 : 800084320701103F 0000000000008024
438.96333|SCAN|TRACE : PUTSCOM     :  pu.mca:k0:n0:s0:p00:c1 : 800000070701103F 0000000000008024
438.96338|SCAN|TRACE : PUTSCOM     :  pu.mca:k0:n0:s0:p00:c1 : 8000007F0701103F 0000000000008024
438.96343|SCAN|TRACE : PUTSCOM     :  pu.mca:k0:n0:s0:p00:c1 : 800004070701103F 0000000000008024
438.96348|SCAN|TRACE : PUTSCOM     :  pu.mca:k0:n0:s0:p00:c1 : 8000047F0701103F 0000000000008024
438.96353|SCAN|TRACE : PUTSCOM     :  pu.mca:k0:n0:s0:p00:c1 : 800008070701103F 0000000000008024
438.96358|SCAN|TRACE : PUTSCOM     :  pu.mca:k0:n0:s0:p00:c1 : 8000087F0701103F 0000000000008024
438.96363|SCAN|TRACE : PUTSCOM     :  pu.mca:k0:n0:s0:p00:c1 : 80000C070701103F 0000000000008024
438.96368|SCAN|TRACE : PUTSCOM     :  pu.mca:k0:n0:s0:p00:c1 : 80000C7F0701103F 0000000000008024
438.96372|SCAN|TRACE : PUTSCOM     :  pu.mca:k0:n0:s0:p00:c1 : 800010070701103F 0000000000008024
438.96378|FAPI|p9_mss_ddr_phy_reset.C: Wait at least 5932 memory clock cycles for clock alignment circuit to perform initial alignment pu.mcbist:k0:n0:s0:p00:c0
438.96380|FAPI|conversions.H: converting 5932 cycles to 4449000ps
438.96383|FAPI|p9_mss_ddr_phy_reset.C: Checking for bang-bang lock pu.mcbist:k0:n0:s0:p00:c0 ...
438.99692|FAPI|ddr_phy.C: checking pu.mca:k0:n0:s0:p00:c1 MCA_DDRPHY_ADR_SYSCLK_PR_VALUE_RO_P0_ADR32S0 0x000000000701103f
438.99698|SCAN|TRACE : GETSCOM     :  pu.mca:k0:n0:s0:p00:c1 : 800080340701103F 0000000000003D80
438.99700|FAPI|ddr_phy.C: adr32s0 sysclk pr bb lock 0x3d80, remaining: 50
438.99704|FAPI|ddr_phy.C: checking pu.mca:k0:n0:s0:p00:c1 MCA_DDRPHY_ADR_SYSCLK_PR_VALUE_RO_P0_ADR32S1 0x000000000701103f
438.99709|SCAN|TRACE : GETSCOM     :  pu.mca:k0:n0:s0:p00:c1 : 800084340701103F 0000000000003B80
438.99711|FAPI|ddr_phy.C: adr32s1 sysclk pr bb lock 0x3b80, remaining: 50
438.99716|SCAN|TRACE : GETSCOM     :  pu.mca:k0:n0:s0:p00:c1 : 800000730701103F 0000000000003CBA
438.99721|FAPI|ddr_phy.C: checking pu.mca:k0:n0:s0:p00:c1 MCA_DDRPHY_DP16_SYSCLK_PR_VALUE_P0_0_01_BB_LOCK0 0x0000000000003cba
438.99878|SCAN|TRACE : GETSCOM     :  pu.mca:k0:n0:s0:p00:c1 : 800000730701103F 000000000000BCBB
438.99879|FAPI|ddr_phy.C: dp16 sysclk pr bb lock 0xbcbb, remaining: 50
438.99884|FAPI|ddr_phy.C: checking pu.mca:k0:n0:s0:p00:c1 MCA_DDRPHY_DP16_SYSCLK_PR_VALUE_P0_0_01_BB_LOCK1 0x000000000000bcbb
438.99889|SCAN|TRACE : GETSCOM     :  pu.mca:k0:n0:s0:p00:c1 : 800000730701103F 000000000000BBBA
438.99891|FAPI|ddr_phy.C: dp16 sysclk pr bb lock 0xbbba, remaining: 50
438.99896|SCAN|TRACE : GETSCOM     :  pu.mca:k0:n0:s0:p00:c1 : 800004730701103F 000000000000BCB9
438.99900|FAPI|ddr_phy.C: checking pu.mca:k0:n0:s0:p00:c1 MCA_DDRPHY_DP16_SYSCLK_PR_VALUE_P0_0_01_BB_LOCK0 0x000000000000bcb9
438.99905|SCAN|TRACE : GETSCOM     :  pu.mca:k0:n0:s0:p00:c1 : 800004730701103F 000000000000BCB9
438.99907|FAPI|ddr_phy.C: dp16 sysclk pr bb lock 0xbcb9, remaining: 50
438.99911|FAPI|ddr_phy.C: checking pu.mca:k0:n0:s0:p00:c1 MCA_DDRPHY_DP16_SYSCLK_PR_VALUE_P0_0_01_BB_LOCK1 0x000000000000bcb9
438.99916|SCAN|TRACE : GETSCOM     :  pu.mca:k0:n0:s0:p00:c1 : 800004730701103F 000000000000BBB9
438.99917|FAPI|ddr_phy.C: dp16 sysclk pr bb lock 0xbbb9, remaining: 50
438.99922|SCAN|TRACE : GETSCOM     :  pu.mca:k0:n0:s0:p00:c1 : 800008730701103F 000000000000B8BB
438.99927|FAPI|ddr_phy.C: checking pu.mca:k0:n0:s0:p00:c1 MCA_DDRPHY_DP16_SYSCLK_PR_VALUE_P0_0_01_BB_LOCK0 0x000000000000b8bb
438.99932|SCAN|TRACE : GETSCOM     :  pu.mca:k0:n0:s0:p00:c1 : 800008730701103F 000000000000B83B
438.99933|FAPI|ddr_phy.C: dp16 sysclk pr bb lock 0xb83b, remaining: 50
438.99938|FAPI|ddr_phy.C: checking pu.mca:k0:n0:s0:p00:c1 MCA_DDRPHY_DP16_SYSCLK_PR_VALUE_P0_0_01_BB_LOCK1 0x000000000000b83b
438.99943|SCAN|TRACE : GETSCOM     :  pu.mca:k0:n0:s0:p00:c1 : 800008730701103F 000000000000B8BB
438.99944|FAPI|ddr_phy.C: dp16 sysclk pr bb lock 0xb8bb, remaining: 50
438.99949|SCAN|TRACE : GETSCOM     :  pu.mca:k0:n0:s0:p00:c1 : 80000C730701103F 000000000000BABA
438.99954|FAPI|ddr_phy.C: checking pu.mca:k0:n0:s0:p00:c1 MCA_DDRPHY_DP16_SYSCLK_PR_VALUE_P0_0_01_BB_LOCK0 0x000000000000baba
438.99959|SCAN|TRACE : GETSCOM     :  pu.mca:k0:n0:s0:p00:c1 : 80000C730701103F 000000000000BBBA
438.99960|FAPI|ddr_phy.C: dp16 sysclk pr bb lock 0xbbba, remaining: 50
438.99965|FAPI|ddr_phy.C: checking pu.mca:k0:n0:s0:p00:c1 MCA_DDRPHY_DP16_SYSCLK_PR_VALUE_P0_0_01_BB_LOCK1 0x000000000000bbba
438.99969|SCAN|TRACE : GETSCOM     :  pu.mca:k0:n0:s0:p00:c1 : 80000C730701103F 000000000000BBBA
438.99971|FAPI|ddr_phy.C: dp16 sysclk pr bb lock 0xbbba, remaining: 50
438.99976|SCAN|TRACE : GETSCOM     :  pu.mca:k0:n0:s0:p00:c1 : 800010730701103F 000000000000BB00
438.99980|FAPI|ddr_phy.C: checking pu.mca:k0:n0:s0:p00:c1 MCA_DDRPHY_DP16_SYSCLK_PR_VALUE_P0_0_01_BB_LOCK0 0x000000000000bb00
438.99985|SCAN|TRACE : GETSCOM     :  pu.mca:k0:n0:s0:p00:c1 : 800010730701103F 000000000000BB00
438.99987|FAPI|ddr_phy.C: dp16 sysclk pr bb lock 0xbb00, remaining: 50
438.99991|FAPI|ddr_phy.C: checking pu.mca:k0:n0:s0:p00:c1 MCA_DDRPHY_DP16_SYSCLK_PR_VALUE_P0_0_01_BB_LOCK1 0x000000000000bb00
438.99994|FAPI|p9_mss_ddr_phy_reset.C: deassert sysclk reset pu.mcbist:k0:n0:s0:p00:c0
438.99997|FAPI|ddr_phy.C: Clear SysClk reset in the PC Resets Register. This deasserts the SysClk Reset.
439.00004|SCAN|TRACE : GETSCOM     :  pu.mca:k0:n0:s0:p00:c1 : 8000C00E0701103F 0000000000004000
439.00009|SCAN|TRACE : PUTSCOM     :  pu.mca:k0:n0:s0:p00:c1 : 8000C00E0701103F 0000000000000000
439.00016|FAPI|dp16.C: vpd_mt_windage_rd_ctr = 0, ticks = 0 for pu.mca:k0:n0:s0:p00:c1
439.00021|SCAN|TRACE : PUTSCOM     :  pu.mca:k0:n0:s0:p00:c1 : 8000000C0701103F 0000000000000000
439.00026|SCAN|TRACE : PUTSCOM     :  pu.mca:k0:n0:s0:p00:c1 : 8000040C0701103F 0000000000000000
439.00031|SCAN|TRACE : PUTSCOM     :  pu.mca:k0:n0:s0:p00:c1 : 8000080C0701103F 0000000000000000
439.00036|SCAN|TRACE : PUTSCOM     :  pu.mca:k0:n0:s0:p00:c1 : 80000C0C0701103F 0000000000000000
439.00040|SCAN|TRACE : PUTSCOM     :  pu.mca:k0:n0:s0:p00:c1 : 8000100C0701103F 0000000000000000
439.00045|SCAN|TRACE : PUTSCOM     :  pu.mca:k0:n0:s0:p00:c1 : 8000010C0701103F 0000000000000000
439.00050|SCAN|TRACE : PUTSCOM     :  pu.mca:k0:n0:s0:p00:c1 : 8000050C0701103F 0000000000000000
439.00055|SCAN|TRACE : PUTSCOM     :  pu.mca:k0:n0:s0:p00:c1 : 8000090C0701103F 0000000000000000
439.00060|SCAN|TRACE : PUTSCOM     :  pu.mca:k0:n0:s0:p00:c1 : 80000D0C0701103F 0000000000000000
439.00065|SCAN|TRACE : PUTSCOM     :  pu.mca:k0:n0:s0:p00:c1 : 8000110C0701103F 0000000000000000
439.00069|SCAN|TRACE : PUTSCOM     :  pu.mca:k0:n0:s0:p00:c1 : 8000020C0701103F 0000000000000000
439.00074|SCAN|TRACE : PUTSCOM     :  pu.mca:k0:n0:s0:p00:c1 : 8000060C0701103F 0000000000000000
439.00079|SCAN|TRACE : PUTSCOM     :  pu.mca:k0:n0:s0:p00:c1 : 80000A0C0701103F 0000000000000000
439.00084|SCAN|TRACE : PUTSCOM     :  pu.mca:k0:n0:s0:p00:c1 : 80000E0C0701103F 0000000000000000
439.00089|SCAN|TRACE : PUTSCOM     :  pu.mca:k0:n0:s0:p00:c1 : 8000120C0701103F 0000000000000000
439.00094|SCAN|TRACE : PUTSCOM     :  pu.mca:k0:n0:s0:p00:c1 : 8000030C0701103F 0000000000000000
439.00098|SCAN|TRACE : PUTSCOM     :  pu.mca:k0:n0:s0:p00:c1 : 8000070C0701103F 0000000000000000
439.00103|SCAN|TRACE : PUTSCOM     :  pu.mca:k0:n0:s0:p00:c1 : 80000B0C0701103F 0000000000000000
439.00108|SCAN|TRACE : PUTSCOM     :  pu.mca:k0:n0:s0:p00:c1 : 80000F0C0701103F 0000000000000000
439.00113|SCAN|TRACE : PUTSCOM     :  pu.mca:k0:n0:s0:p00:c1 : 8000130C0701103F 0000000000000000
439.00118|SCAN|TRACE : PUTSCOM     :  pu.mca:k0:n0:s0:p00:c1 : 8000000D0701103F 0000000000000000
439.00123|SCAN|TRACE : PUTSCOM     :  pu.mca:k0:n0:s0:p00:c1 : 8000040D0701103F 0000000000000000
439.00128|SCAN|TRACE : PUTSCOM     :  pu.mca:k0:n0:s0:p00:c1 : 8000080D0701103F 0000000000000000
439.00133|SCAN|TRACE : PUTSCOM     :  pu.mca:k0:n0:s0:p00:c1 : 80000C0D0701103F 0000000000000000
439.00138|SCAN|TRACE : PUTSCOM     :  pu.mca:k0:n0:s0:p00:c1 : 8000100D0701103F 0000000000000000
439.00143|SCAN|TRACE : PUTSCOM     :  pu.mca:k0:n0:s0:p00:c1 : 8000010D0701103F 0000000000000000
439.00147|SCAN|TRACE : PUTSCOM     :  pu.mca:k0:n0:s0:p00:c1 : 8000050D0701103F 0000000000000000
439.00153|SCAN|TRACE : PUTSCOM     :  pu.mca:k0:n0:s0:p00:c1 : 8000090D0701103F 0000000000000000
439.00158|SCAN|TRACE : PUTSCOM     :  pu.mca:k0:n0:s0:p00:c1 : 80000D0D0701103F 0000000000000000
439.00163|SCAN|TRACE : PUTSCOM     :  pu.mca:k0:n0:s0:p00:c1 : 8000110D0701103F 0000000000000000
439.00168|SCAN|TRACE : PUTSCOM     :  pu.mca:k0:n0:s0:p00:c1 : 8000020D0701103F 0000000000000000
439.00172|SCAN|TRACE : PUTSCOM     :  pu.mca:k0:n0:s0:p00:c1 : 8000060D0701103F 0000000000000000
439.00177|SCAN|TRACE : PUTSCOM     :  pu.mca:k0:n0:s0:p00:c1 : 80000A0D0701103F 0000000000000000
439.00182|SCAN|TRACE : PUTSCOM     :  pu.mca:k0:n0:s0:p00:c1 : 80000E0D0701103F 0000000000000000
439.00187|SCAN|TRACE : PUTSCOM     :  pu.mca:k0:n0:s0:p00:c1 : 8000120D0701103F 0000000000000000
439.00192|SCAN|TRACE : PUTSCOM     :  pu.mca:k0:n0:s0:p00:c1 : 8000030D0701103F 0000000000000000
439.00197|SCAN|TRACE : PUTSCOM     :  pu.mca:k0:n0:s0:p00:c1 : 8000070D0701103F 0000000000000000
439.00201|SCAN|TRACE : PUTSCOM     :  pu.mca:k0:n0:s0:p00:c1 : 80000B0D0701103F 0000000000000000
439.00206|SCAN|TRACE : PUTSCOM     :  pu.mca:k0:n0:s0:p00:c1 : 80000F0D0701103F 0000000000000000
439.00211|SCAN|TRACE : PUTSCOM     :  pu.mca:k0:n0:s0:p00:c1 : 8000130D0701103F 0000000000000000
439.00214|FAPI|p9_mss_ddr_phy_reset.C: take sysclk alignment out of cont update mode pu.mcbist:k0:n0:s0:p00:c0
439.00216|FAPI|ddr_phy.C: pu.mcbist:k0:n0:s0:p00:c0 continuous update: 0x8024
439.00224|FAPI|ddr_phy.C: pu.mcbist:k0:n0:s0:p00:c0 Write 0x8020 into the ADR SysClk Phase Rotator Control Regs
439.00229|SCAN|TRACE : PUTSCOM     :  pu.mca:k0:n0:s0:p00:c1 : 800080320701103F 0000000000008020
439.00235|SCAN|TRACE : PUTSCOM     :  pu.mca:k0:n0:s0:p00:c1 : 800084320701103F 0000000000008020
439.00239|SCAN|TRACE : PUTSCOM     :  pu.mca:k0:n0:s0:p00:c1 : 800000070701103F 0000000000008020
439.00244|SCAN|TRACE : PUTSCOM     :  pu.mca:k0:n0:s0:p00:c1 : 8000007F0701103F 0000000000008020
439.00249|SCAN|TRACE : PUTSCOM     :  pu.mca:k0:n0:s0:p00:c1 : 800004070701103F 0000000000008020
439.00254|SCAN|TRACE : PUTSCOM     :  pu.mca:k0:n0:s0:p00:c1 : 8000047F0701103F 0000000000008020
439.00258|SCAN|TRACE : PUTSCOM     :  pu.mca:k0:n0:s0:p00:c1 : 800008070701103F 0000000000008020
439.00264|SCAN|TRACE : PUTSCOM     :  pu.mca:k0:n0:s0:p00:c1 : 8000087F0701103F 0000000000008020
439.00268|SCAN|TRACE : PUTSCOM     :  pu.mca:k0:n0:s0:p00:c1 : 80000C070701103F 0000000000008020
439.00273|SCAN|TRACE : PUTSCOM     :  pu.mca:k0:n0:s0:p00:c1 : 80000C7F0701103F 0000000000008020
439.00278|SCAN|TRACE : PUTSCOM     :  pu.mca:k0:n0:s0:p00:c1 : 800010070701103F 0000000000008020
439.00280|FAPI|conversions.H: converting 32 cycles to 24000ps
439.00284|FAPI|ddr_phy.C: force mclk high for all ports
439.00288|SCAN|TRACE : GETSCOM     :  pu.mca:k0:n0:s0:p00:c1 : 0000000007010918 0400000000000000
439.00293|SCAN|TRACE : PUTSCOM     :  pu.mca:k0:n0:s0:p00:c1 : 0000000007010918 0480000000000000
439.00301|SCAN|TRACE : GETSCOM     :  pu.mca:k0:n0:s0:p00:c1 : 800000160701103F 0000000000003232
439.00306|SCAN|TRACE : GETSCOM     :  pu.mca:k0:n0:s0:p00:c1 : 8000001F0701103F 0000000000003232
439.00311|SCAN|TRACE : GETSCOM     :  pu.mca:k0:n0:s0:p00:c1 : 800000C00701103F 0000000000003232
439.00315|SCAN|TRACE : GETSCOM     :  pu.mca:k0:n0:s0:p00:c1 : 800000C10701103F 0000000000003232
439.00320|SCAN|TRACE : GETSCOM     :  pu.mca:k0:n0:s0:p00:c1 : 800000C20701103F 0000000000003232
439.00325|SCAN|TRACE : GETSCOM     :  pu.mca:k0:n0:s0:p00:c1 : 800000C30701103F 0000000000003232
439.00330|SCAN|TRACE : GETSCOM     :  pu.mca:k0:n0:s0:p00:c1 : 800000C40701103F 0000000000003232
439.00335|SCAN|TRACE : GETSCOM     :  pu.mca:k0:n0:s0:p00:c1 : 800000C50701103F 0000000000003232
439.00340|SCAN|TRACE : GETSCOM     :  pu.mca:k0:n0:s0:p00:c1 : 800004160701103F 0000000000003232
439.00345|SCAN|TRACE : GETSCOM     :  pu.mca:k0:n0:s0:p00:c1 : 8000041F0701103F 0000000000003232
439.00350|SCAN|TRACE : GETSCOM     :  pu.mca:k0:n0:s0:p00:c1 : 800004C00701103F 0000000000003232
439.00355|SCAN|TRACE : GETSCOM     :  pu.mca:k0:n0:s0:p00:c1 : 800004C10701103F 0000000000003232
439.00361|SCAN|TRACE : GETSCOM     :  pu.mca:k0:n0:s0:p00:c1 : 800004C20701103F 0000000000003232
439.00366|SCAN|TRACE : GETSCOM     :  pu.mca:k0:n0:s0:p00:c1 : 800004C30701103F 0000000000003232
439.00371|SCAN|TRACE : GETSCOM     :  pu.mca:k0:n0:s0:p00:c1 : 800004C40701103F 0000000000003232
439.00376|SCAN|TRACE : GETSCOM     :  pu.mca:k0:n0:s0:p00:c1 : 800004C50701103F 0000000000003232
439.00381|SCAN|TRACE : GETSCOM     :  pu.mca:k0:n0:s0:p00:c1 : 800008160701103F 0000000000003232
439.00386|SCAN|TRACE : GETSCOM     :  pu.mca:k0:n0:s0:p00:c1 : 8000081F0701103F 0000000000003232
439.00391|SCAN|TRACE : GETSCOM     :  pu.mca:k0:n0:s0:p00:c1 : 800008C00701103F 0000000000003232
439.00396|SCAN|TRACE : GETSCOM     :  pu.mca:k0:n0:s0:p00:c1 : 800008C10701103F 0000000000003232
439.00401|SCAN|TRACE : GETSCOM     :  pu.mca:k0:n0:s0:p00:c1 : 800008C20701103F 0000000000003232
439.00406|SCAN|TRACE : GETSCOM     :  pu.mca:k0:n0:s0:p00:c1 : 800008C30701103F 0000000000003232
439.00411|SCAN|TRACE : GETSCOM     :  pu.mca:k0:n0:s0:p00:c1 : 800008C40701103F 0000000000003232
439.00416|SCAN|TRACE : GETSCOM     :  pu.mca:k0:n0:s0:p00:c1 : 800008C50701103F 0000000000003232
439.00421|SCAN|TRACE : GETSCOM     :  pu.mca:k0:n0:s0:p00:c1 : 80000C160701103F 0000000000003232
439.00427|SCAN|TRACE : GETSCOM     :  pu.mca:k0:n0:s0:p00:c1 : 80000C1F0701103F 0000000000003232
439.00431|SCAN|TRACE : GETSCOM     :  pu.mca:k0:n0:s0:p00:c1 : 80000CC00701103F 0000000000003232
439.00437|SCAN|TRACE : GETSCOM     :  pu.mca:k0:n0:s0:p00:c1 : 80000CC10701103F 0000000000003232
439.00442|SCAN|TRACE : GETSCOM     :  pu.mca:k0:n0:s0:p00:c1 : 80000CC20701103F 0000000000003232
439.00447|SCAN|TRACE : GETSCOM     :  pu.mca:k0:n0:s0:p00:c1 : 80000CC30701103F 0000000000003232
439.00451|SCAN|TRACE : GETSCOM     :  pu.mca:k0:n0:s0:p00:c1 : 80000CC40701103F 0000000000003232
439.00456|SCAN|TRACE : GETSCOM     :  pu.mca:k0:n0:s0:p00:c1 : 80000CC50701103F 0000000000003232
439.00461|SCAN|TRACE : GETSCOM     :  pu.mca:k0:n0:s0:p00:c1 : 800010160701103F 0000000000003232
439.00466|SCAN|TRACE : GETSCOM     :  pu.mca:k0:n0:s0:p00:c1 : 8000101F0701103F 0000000000003232
439.00471|SCAN|TRACE : GETSCOM     :  pu.mca:k0:n0:s0:p00:c1 : 800010C00701103F 0000000000003232
439.00476|SCAN|TRACE : GETSCOM     :  pu.mca:k0:n0:s0:p00:c1 : 800010C10701103F 0000000000003232
439.00804|SCAN|TRACE : PUTSCOM     :  pu.mca:k0:n0:s0:p00:c1 : 800000160701103F 0000000000003232
439.00808|SCAN|TRACE : PUTSCOM     :  pu.mca:k0:n0:s0:p00:c1 : 8000001F0701103F 0000000000003232
439.00813|SCAN|TRACE : PUTSCOM     :  pu.mca:k0:n0:s0:p00:c1 : 800000C00701103F 0000000000003232
439.00818|SCAN|TRACE : PUTSCOM     :  pu.mca:k0:n0:s0:p00:c1 : 800000C10701103F 0000000000003232
439.00822|SCAN|TRACE : PUTSCOM     :  pu.mca:k0:n0:s0:p00:c1 : 800000C20701103F 0000000000003232
439.00827|SCAN|TRACE : PUTSCOM     :  pu.mca:k0:n0:s0:p00:c1 : 800000C30701103F 0000000000003232
439.00831|SCAN|TRACE : PUTSCOM     :  pu.mca:k0:n0:s0:p00:c1 : 800000C40701103F 0000000000003232
439.00836|SCAN|TRACE : PUTSCOM     :  pu.mca:k0:n0:s0:p00:c1 : 800000C50701103F 0000000000003232
439.00841|SCAN|TRACE : PUTSCOM     :  pu.mca:k0:n0:s0:p00:c1 : 800004160701103F 0000000000003232
439.00845|SCAN|TRACE : PUTSCOM     :  pu.mca:k0:n0:s0:p00:c1 : 8000041F0701103F 0000000000003232
439.00850|SCAN|TRACE : PUTSCOM     :  pu.mca:k0:n0:s0:p00:c1 : 800004C00701103F 0000000000003232
439.00855|SCAN|TRACE : PUTSCOM     :  pu.mca:k0:n0:s0:p00:c1 : 800004C10701103F 0000000000003232
439.00859|SCAN|TRACE : PUTSCOM     :  pu.mca:k0:n0:s0:p00:c1 : 800004C20701103F 0000000000003232
439.00864|SCAN|TRACE : PUTSCOM     :  pu.mca:k0:n0:s0:p00:c1 : 800004C30701103F 0000000000003232
439.00869|SCAN|TRACE : PUTSCOM     :  pu.mca:k0:n0:s0:p00:c1 : 800004C40701103F 0000000000003232
439.00874|SCAN|TRACE : PUTSCOM     :  pu.mca:k0:n0:s0:p00:c1 : 800004C50701103F 0000000000003232
439.00878|SCAN|TRACE : PUTSCOM     :  pu.mca:k0:n0:s0:p00:c1 : 800008160701103F 0000000000003232
439.00884|SCAN|TRACE : PUTSCOM     :  pu.mca:k0:n0:s0:p00:c1 : 8000081F0701103F 0000000000003232
439.00889|SCAN|TRACE : PUTSCOM     :  pu.mca:k0:n0:s0:p00:c1 : 800008C00701103F 0000000000003232
439.00893|SCAN|TRACE : PUTSCOM     :  pu.mca:k0:n0:s0:p00:c1 : 800008C10701103F 0000000000003232
439.00898|SCAN|TRACE : PUTSCOM     :  pu.mca:k0:n0:s0:p00:c1 : 800008C20701103F 0000000000003232
439.00903|SCAN|TRACE : PUTSCOM     :  pu.mca:k0:n0:s0:p00:c1 : 800008C30701103F 0000000000003232
439.00908|SCAN|TRACE : PUTSCOM     :  pu.mca:k0:n0:s0:p00:c1 : 800008C40701103F 0000000000003232
439.00913|SCAN|TRACE : PUTSCOM     :  pu.mca:k0:n0:s0:p00:c1 : 800008C50701103F 0000000000003232
439.00917|SCAN|TRACE : PUTSCOM     :  pu.mca:k0:n0:s0:p00:c1 : 80000C160701103F 0000000000003232
439.00922|SCAN|TRACE : PUTSCOM     :  pu.mca:k0:n0:s0:p00:c1 : 80000C1F0701103F 0000000000003232
439.00927|SCAN|TRACE : PUTSCOM     :  pu.mca:k0:n0:s0:p00:c1 : 80000CC00701103F 0000000000003232
439.00931|SCAN|TRACE : PUTSCOM     :  pu.mca:k0:n0:s0:p00:c1 : 80000CC10701103F 0000000000003232
439.00936|SCAN|TRACE : PUTSCOM     :  pu.mca:k0:n0:s0:p00:c1 : 80000CC20701103F 0000000000003232
439.00941|SCAN|TRACE : PUTSCOM     :  pu.mca:k0:n0:s0:p00:c1 : 80000CC30701103F 0000000000003232
439.00946|SCAN|TRACE : PUTSCOM     :  pu.mca:k0:n0:s0:p00:c1 : 80000CC40701103F 0000000000003232
439.00950|SCAN|TRACE : PUTSCOM     :  pu.mca:k0:n0:s0:p00:c1 : 80000CC50701103F 0000000000003232
439.00955|SCAN|TRACE : PUTSCOM     :  pu.mca:k0:n0:s0:p00:c1 : 800010160701103F 0000000000003232
439.00960|SCAN|TRACE : PUTSCOM     :  pu.mca:k0:n0:s0:p00:c1 : 8000101F0701103F 0000000000003232
439.00965|SCAN|TRACE : PUTSCOM     :  pu.mca:k0:n0:s0:p00:c1 : 800010C00701103F 0000000000003232
439.00969|SCAN|TRACE : PUTSCOM     :  pu.mca:k0:n0:s0:p00:c1 : 800010C10701103F 0000000000003232
439.00976|FAPI|adr32s.C: pu.mcbist:k0:n0:s0:p00:c0 Skipping DCD calibration algorithm per ATTR set
439.00986|SCAN|TRACE : GETSCOM     :  pu.mca:k0:n0:s0:p00:c0 : 0000000007010900 0000000000000000
439.00990|SCAN|TRACE : GETSCOM     :  pu.mca:k0:n0:s0:p00:c0 : 0000000007011000 0000000000000000
439.00995|SCAN|TRACE : PUTSCOM     :  pu.mca:k0:n0:s0:p00:c0 : 0000000007010901 FFFFFFFFFFFFFFFF
439.00999|SCAN|TRACE : PUTSCOM     :  pu.mca:k0:n0:s0:p00:c0 : 0000000007011001 FFFFFFFFFFFFFFFF
439.01003|SCAN|TRACE : GETSCOM     :  pu.mca:k0:n0:s0:p00:c1 : 0000000007010900 0000000000000000
439.01008|SCAN|TRACE : GETSCOM     :  pu.mca:k0:n0:s0:p00:c1 : 0000000007011000 0000000000000000
439.01012|SCAN|TRACE : PUTSCOM     :  pu.mca:k0:n0:s0:p00:c1 : 0000000007010901 FFFFFFFFFFFFFFFF
439.01016|SCAN|TRACE : PUTSCOM     :  pu.mca:k0:n0:s0:p00:c1 : 0000000007011001 FFFFFFFFFFFFFFFF
439.01018|FAPI|check.C: seeing FIRs set on 0 ports
439.01019|FAPI|unmask.C: unmask mss fir after phy reset
439.01023|SCAN|TRACE : GETSCOM     :  pu.mcbist:k0:n0:s0:p00:c0 : 0000000007012306 0000000000000000
439.01027|SCAN|TRACE : GETSCOM     :  pu.mcbist:k0:n0:s0:p00:c0 : 0000000007012307 0000000000000000
439.01031|SCAN|TRACE : PUTSCOM     :  pu.mcbist:k0:n0:s0:p00:c0 : 0000000007012306 0000000000000000
439.01036|SCAN|TRACE : PUTSCOM     :  pu.mcbist:k0:n0:s0:p00:c0 : 0000000007012307 0004000000000000
439.01040|SCAN|TRACE : PUTSCOM     :  pu.mcbist:k0:n0:s0:p00:c0 : 0000000007012304 DFF9FFFFFFFFFFFF
439.01047|SCAN|TRACE : GETSCOM     :  pu.mca:k0:n0:s0:p00:c1 : 0000000007011006 0000000000000000
439.01051|SCAN|TRACE : GETSCOM     :  pu.mca:k0:n0:s0:p00:c1 : 0000000007011007 000000000000F0E0
439.01056|SCAN|TRACE : GETSCOM     :  pu.mca:k0:n0:s0:p00:c1 : 0000000007010906 0000000000000000
439.01060|SCAN|TRACE : GETSCOM     :  pu.mca:k0:n0:s0:p00:c1 : 0000000007010907 0000000000000000
439.01064|SCAN|TRACE : PUTSCOM     :  pu.mca:k0:n0:s0:p00:c1 : 0000000007011006 0000000000000000
439.01068|SCAN|TRACE : PUTSCOM     :  pu.mca:k0:n0:s0:p00:c1 : 0000000007011007 000000000000F3FC
439.01072|SCAN|TRACE : PUTSCOM     :  pu.mca:k0:n0:s0:p00:c1 : 0000000007011004 FFFFFFFFFFFFFC83
439.01077|SCAN|TRACE : PUTSCOM     :  pu.mca:k0:n0:s0:p00:c1 : 0000000007010906 0000000000000000
439.01082|SCAN|TRACE : PUTSCOM     :  pu.mca:k0:n0:s0:p00:c1 : 0000000007010907 8800000000000000
439.01086|SCAN|TRACE : PUTSCOM     :  pu.mca:k0:n0:s0:p00:c1 : 0000000007010904 37DFFFFFFFFFFFFF
439.01089|ISTEPS_TRACE|SUCCESS running p9_mss_ddr_phy_reset HWP on target HUID 00250000
439.01154|ISTEPS_TRACE|call_mss_ddr_phy_reset exit
439.60447|SCOM|doMulticastWorkaround on 00050000 for 50040018
439.60499|SCOM|doMulticastWorkaround on 00050000 for 50040009
439.60563|ERRL|I>Got an error log Msg - Type: 0x00000039
439.60564|ERRL|I>Flush message received
439.60566|INITSVC|<<doIstep: step 13, substep 9
439.60568|INITSVC|>>doIstep: step 13, substep 10, task mss_draminit
