431.05087|ISTEP 10.10 - proc_pcie_scominit
431.07919|ISTEPS_TRACE|Valid configuration found for PEC0, pecPhbActiveMask = 0x80
431.07922|ISTEPS_TRACE|Valid configuration found for PEC1, pecPhbActiveMask = 0x60
431.07924|ISTEPS_TRACE|Valid configuration found for PEC2, pecPhbActiveMask = 0x1c
431.07941|ISTEPS_TRACE|PROC 00050000 PEC0 -> ATTR_PROC_PCIE_IOVALID_ENABLE: 0x01
431.07943|ISTEPS_TRACE|PROC 00050000 PEC1 -> ATTR_PROC_PCIE_IOVALID_ENABLE: 0x03
431.07946|ISTEPS_TRACE|PROC 00050000 PEC2 -> ATTR_PROC_PCIE_IOVALID_ENABLE: 0x07
431.07948|ISTEPS_TRACE|Running p9_pcie_scominit HWP on target HUID 00050000
431.08287|SCAN|TRACE : PUTSCOM     :  pu.pec:k0:n0:s0:p00:c0 : 000000000D000019 0000000000000000
431.08292|SCAN|TRACE : PUTSCOM     :  pu.pec:k0:n0:s0:p00:c0 : 000000000D000019 0008000000000000
431.08297|SCAN|TRACE : PUTSCOM     :  pu.pec:k0:n0:s0:p00:c0 : 000000000D000019 0800000000000000
431.08452|SCAN|TRACE : PUTSCOM     :  pu.pec:k0:n0:s0:p00:c0 : 000000000D000010 0000000080000000
431.08456|SCAN|TRACE : PUTSCOM     :  pu.pec:k0:n0:s0:p00:c0 : 000000000D000029 0000000400000000
431.08461|SCAN|TRACE : PUTSCOM     :  pu.pec:k0:n0:s0:p00:c0 : 000000000D000019 0000000400000000
431.08465|SCAN|TRACE : PUTSCOM     :  pu.pec:k0:n0:s0:p00:c0 : 000000000D000029 0000000400000000
431.08471|SCAN|TRACE : GETSCOM     :  pu.pec:k0:n0:s0:p00:c0 : 800005010D010C3F 0000000000000034
431.08475|SCAN|TRACE : GETSCOM     :  pu.pec:k0:n0:s0:p00:c0 : 800005410D010C3F 0000000000000034
431.08629|SCAN|TRACE : PUTSCOM     :  pu.pec:k0:n0:s0:p00:c0 : 000000000D010C06 0000000000000000
431.08633|SCAN|TRACE : PUTSCOM     :  pu.pec:k0:n0:s0:p00:c0 : 000000000D010C07 E000000000000000
431.08638|SCAN|TRACE : PUTSCOM     :  pu.pec:k0:n0:s0:p00:c0 : 000000000D010C03 1FFFFFFFF8000000
431.08794|SCAN|TRACE : PUTSCOM     :  pu.pec:k0:n0:s0:p00:c0 : 800004800D010C3F 000000000000A006
431.08799|SCAN|TRACE : GETSCOM     :  pu.pec:k0:n0:s0:p00:c0 : 800004B30D010C3F 0000000000000056
431.08803|SCAN|TRACE : PUTSCOM     :  pu.pec:k0:n0:s0:p00:c0 : 800004B30D010C3F 0000000000000056
431.08808|SCAN|TRACE : GETSCOM     :  pu.pec:k0:n0:s0:p00:c0 : 8000008D0D010C3F 0000000000000064
431.08813|SCAN|TRACE : PUTSCOM     :  pu.pec:k0:n0:s0:p00:c0 : 8000008D0D010C3F 0000000000000064
431.08818|SCAN|TRACE : GETSCOM     :  pu.pec:k0:n0:s0:p00:c0 : 800000A60D010C3F 0000000000008000
431.08823|SCAN|TRACE : PUTSCOM     :  pu.pec:k0:n0:s0:p00:c0 : 800000A60D010C3F 0000000000008000
431.08828|SCAN|TRACE : GETSCOM     :  pu.pec:k0:n0:s0:p00:c0 : 800000CD0D010C3F 0000000000000064
431.08832|SCAN|TRACE : PUTSCOM     :  pu.pec:k0:n0:s0:p00:c0 : 800000CD0D010C3F 0000000000000064
431.08837|SCAN|TRACE : GETSCOM     :  pu.pec:k0:n0:s0:p00:c0 : 800000E60D010C3F 0000000000008000
431.08842|SCAN|TRACE : PUTSCOM     :  pu.pec:k0:n0:s0:p00:c0 : 800000E60D010C3F 0000000000008000
431.08847|SCAN|TRACE : GETSCOM     :  pu.pec:k0:n0:s0:p00:c0 : 8000018D0D010C3F 0000000000000064
431.08852|SCAN|TRACE : PUTSCOM     :  pu.pec:k0:n0:s0:p00:c0 : 8000018D0D010C3F 0000000000000064
431.08857|SCAN|TRACE : GETSCOM     :  pu.pec:k0:n0:s0:p00:c0 : 800001A60D010C3F 0000000000008000
431.08862|SCAN|TRACE : PUTSCOM     :  pu.pec:k0:n0:s0:p00:c0 : 800001A60D010C3F 0000000000008000
431.08866|SCAN|TRACE : GETSCOM     :  pu.pec:k0:n0:s0:p00:c0 : 800001CD0D010C3F 0000000000000064
431.08871|SCAN|TRACE : PUTSCOM     :  pu.pec:k0:n0:s0:p00:c0 : 800001CD0D010C3F 0000000000000064
431.08876|SCAN|TRACE : GETSCOM     :  pu.pec:k0:n0:s0:p00:c0 : 800001E60D010C3F 0000000000008000
431.08881|SCAN|TRACE : PUTSCOM     :  pu.pec:k0:n0:s0:p00:c0 : 800001E60D010C3F 0000000000008000
431.08886|SCAN|TRACE : GETSCOM     :  pu.pec:k0:n0:s0:p00:c0 : 8000028D0D010C3F 0000000000000064
431.08890|SCAN|TRACE : PUTSCOM     :  pu.pec:k0:n0:s0:p00:c0 : 8000028D0D010C3F 0000000000000064
431.08896|SCAN|TRACE : GETSCOM     :  pu.pec:k0:n0:s0:p00:c0 : 800002A60D010C3F 0000000000008000
431.08900|SCAN|TRACE : PUTSCOM     :  pu.pec:k0:n0:s0:p00:c0 : 800002A60D010C3F 0000000000008000
431.08905|SCAN|TRACE : GETSCOM     :  pu.pec:k0:n0:s0:p00:c0 : 800002CD0D010C3F 0000000000000064
431.08911|SCAN|TRACE : PUTSCOM     :  pu.pec:k0:n0:s0:p00:c0 : 800002CD0D010C3F 0000000000000064
431.08915|SCAN|TRACE : GETSCOM     :  pu.pec:k0:n0:s0:p00:c0 : 800002E60D010C3F 0000000000008000
431.08920|SCAN|TRACE : PUTSCOM     :  pu.pec:k0:n0:s0:p00:c0 : 800002E60D010C3F 0000000000008000
431.08925|SCAN|TRACE : GETSCOM     :  pu.pec:k0:n0:s0:p00:c0 : 8000038D0D010C3F 0000000000000064
431.08930|SCAN|TRACE : PUTSCOM     :  pu.pec:k0:n0:s0:p00:c0 : 8000038D0D010C3F 0000000000000064
431.08934|SCAN|TRACE : GETSCOM     :  pu.pec:k0:n0:s0:p00:c0 : 800003A60D010C3F 0000000000008000
431.08939|SCAN|TRACE : PUTSCOM     :  pu.pec:k0:n0:s0:p00:c0 : 800003A60D010C3F 0000000000008000
431.08944|SCAN|TRACE : GETSCOM     :  pu.pec:k0:n0:s0:p00:c0 : 800003CD0D010C3F 0000000000000064
431.08949|SCAN|TRACE : PUTSCOM     :  pu.pec:k0:n0:s0:p00:c0 : 800003CD0D010C3F 0000000000000064
431.08954|SCAN|TRACE : GETSCOM     :  pu.pec:k0:n0:s0:p00:c0 : 800003E60D010C3F 0000000000008000
431.08959|SCAN|TRACE : PUTSCOM     :  pu.pec:k0:n0:s0:p00:c0 : 800003E60D010C3F 0000000000008000
431.08964|SCAN|TRACE : GETSCOM     :  pu.pec:k0:n0:s0:p00:c0 : 8000088D0D010C3F 0000000000000064
431.08968|SCAN|TRACE : PUTSCOM     :  pu.pec:k0:n0:s0:p00:c0 : 8000088D0D010C3F 0000000000000064
431.08973|SCAN|TRACE : GETSCOM     :  pu.pec:k0:n0:s0:p00:c0 : 800008A60D010C3F 0000000000008000
431.08978|SCAN|TRACE : PUTSCOM     :  pu.pec:k0:n0:s0:p00:c0 : 800008A60D010C3F 0000000000008000
431.08983|SCAN|TRACE : GETSCOM     :  pu.pec:k0:n0:s0:p00:c0 : 800008CD0D010C3F 0000000000000064
431.08988|SCAN|TRACE : PUTSCOM     :  pu.pec:k0:n0:s0:p00:c0 : 800008CD0D010C3F 0000000000000064
431.08993|SCAN|TRACE : GETSCOM     :  pu.pec:k0:n0:s0:p00:c0 : 800008E60D010C3F 0000000000008000
431.08997|SCAN|TRACE : PUTSCOM     :  pu.pec:k0:n0:s0:p00:c0 : 800008E60D010C3F 0000000000008000
431.09002|SCAN|TRACE : GETSCOM     :  pu.pec:k0:n0:s0:p00:c0 : 8000098D0D010C3F 0000000000000064
431.09007|SCAN|TRACE : PUTSCOM     :  pu.pec:k0:n0:s0:p00:c0 : 8000098D0D010C3F 0000000000000064
431.09011|SCAN|TRACE : GETSCOM     :  pu.pec:k0:n0:s0:p00:c0 : 800009A60D010C3F 0000000000008000
431.09016|SCAN|TRACE : PUTSCOM     :  pu.pec:k0:n0:s0:p00:c0 : 800009A60D010C3F 0000000000008000
431.09021|SCAN|TRACE : GETSCOM     :  pu.pec:k0:n0:s0:p00:c0 : 800009CD0D010C3F 0000000000000064
431.09026|SCAN|TRACE : PUTSCOM     :  pu.pec:k0:n0:s0:p00:c0 : 800009CD0D010C3F 0000000000000064
431.09030|SCAN|TRACE : GETSCOM     :  pu.pec:k0:n0:s0:p00:c0 : 800009E60D010C3F 0000000000008000
431.09035|SCAN|TRACE : PUTSCOM     :  pu.pec:k0:n0:s0:p00:c0 : 800009E60D010C3F 0000000000008000
431.09040|SCAN|TRACE : GETSCOM     :  pu.pec:k0:n0:s0:p00:c0 : 80000A8D0D010C3F 0000000000000064
431.09045|SCAN|TRACE : PUTSCOM     :  pu.pec:k0:n0:s0:p00:c0 : 80000A8D0D010C3F 0000000000000064
431.09050|SCAN|TRACE : GETSCOM     :  pu.pec:k0:n0:s0:p00:c0 : 80000AA60D010C3F 0000000000008000
431.09055|SCAN|TRACE : PUTSCOM     :  pu.pec:k0:n0:s0:p00:c0 : 80000AA60D010C3F 0000000000008000
431.09059|SCAN|TRACE : GETSCOM     :  pu.pec:k0:n0:s0:p00:c0 : 80000ACD0D010C3F 0000000000000064
431.09064|SCAN|TRACE : PUTSCOM     :  pu.pec:k0:n0:s0:p00:c0 : 80000ACD0D010C3F 0000000000000064
431.09069|SCAN|TRACE : GETSCOM     :  pu.pec:k0:n0:s0:p00:c0 : 80000AE60D010C3F 0000000000008000
431.09074|SCAN|TRACE : PUTSCOM     :  pu.pec:k0:n0:s0:p00:c0 : 80000AE60D010C3F 0000000000008000
431.09078|SCAN|TRACE : GETSCOM     :  pu.pec:k0:n0:s0:p00:c0 : 80000B8D0D010C3F 0000000000000064
431.09083|SCAN|TRACE : PUTSCOM     :  pu.pec:k0:n0:s0:p00:c0 : 80000B8D0D010C3F 0000000000000064
431.09088|SCAN|TRACE : GETSCOM     :  pu.pec:k0:n0:s0:p00:c0 : 80000BA60D010C3F 0000000000008000
431.09092|SCAN|TRACE : PUTSCOM     :  pu.pec:k0:n0:s0:p00:c0 : 80000BA60D010C3F 0000000000008000
431.09097|SCAN|TRACE : GETSCOM     :  pu.pec:k0:n0:s0:p00:c0 : 80000BCD0D010C3F 0000000000000064
431.09102|SCAN|TRACE : PUTSCOM     :  pu.pec:k0:n0:s0:p00:c0 : 80000BCD0D010C3F 0000000000000064
431.09107|SCAN|TRACE : GETSCOM     :  pu.pec:k0:n0:s0:p00:c0 : 80000BE60D010C3F 0000000000008000
431.09113|SCAN|TRACE : PUTSCOM     :  pu.pec:k0:n0:s0:p00:c0 : 80000BE60D010C3F 0000000000008000
431.09117|SCAN|TRACE : GETSCOM     :  pu.pec:k0:n0:s0:p00:c0 : 800004A70D010C3F 000000000000008B
431.09122|SCAN|TRACE : PUTSCOM     :  pu.pec:k0:n0:s0:p00:c0 : 800004A70D010C3F 000000000000008B
431.09127|SCAN|TRACE : PUTSCOM     :  pu.pec:k0:n0:s0:p00:c0 : 800004800D010C3F 000000000000A805
431.09132|SCAN|TRACE : GETSCOM     :  pu.pec:k0:n0:s0:p00:c0 : 800004B30D010C3F 0000000000000047
431.09136|SCAN|TRACE : PUTSCOM     :  pu.pec:k0:n0:s0:p00:c0 : 800004B30D010C3F 0000000000000047
431.09141|SCAN|TRACE : GETSCOM     :  pu.pec:k0:n0:s0:p00:c0 : 8000008D0D010C3F 0000000000000064
431.09146|SCAN|TRACE : PUTSCOM     :  pu.pec:k0:n0:s0:p00:c0 : 8000008D0D010C3F 0000000000000064
431.09151|SCAN|TRACE : GETSCOM     :  pu.pec:k0:n0:s0:p00:c0 : 800000A60D010C3F 0000000000008000
431.09155|SCAN|TRACE : PUTSCOM     :  pu.pec:k0:n0:s0:p00:c0 : 800000A60D010C3F 0000000000008000
431.09160|SCAN|TRACE : GETSCOM     :  pu.pec:k0:n0:s0:p00:c0 : 800000CD0D010C3F 0000000000000064
431.09165|SCAN|TRACE : PUTSCOM     :  pu.pec:k0:n0:s0:p00:c0 : 800000CD0D010C3F 0000000000000064
431.09169|SCAN|TRACE : GETSCOM     :  pu.pec:k0:n0:s0:p00:c0 : 800000E60D010C3F 0000000000008000
431.09174|SCAN|TRACE : PUTSCOM     :  pu.pec:k0:n0:s0:p00:c0 : 800000E60D010C3F 0000000000008000
431.09179|SCAN|TRACE : GETSCOM     :  pu.pec:k0:n0:s0:p00:c0 : 8000018D0D010C3F 0000000000000064
431.09184|SCAN|TRACE : PUTSCOM     :  pu.pec:k0:n0:s0:p00:c0 : 8000018D0D010C3F 0000000000000064
431.09188|SCAN|TRACE : GETSCOM     :  pu.pec:k0:n0:s0:p00:c0 : 800001A60D010C3F 0000000000008000
431.09193|SCAN|TRACE : PUTSCOM     :  pu.pec:k0:n0:s0:p00:c0 : 800001A60D010C3F 0000000000008000
431.09198|SCAN|TRACE : GETSCOM     :  pu.pec:k0:n0:s0:p00:c0 : 800001CD0D010C3F 0000000000000064
431.09203|SCAN|TRACE : PUTSCOM     :  pu.pec:k0:n0:s0:p00:c0 : 800001CD0D010C3F 0000000000000064
431.09207|SCAN|TRACE : GETSCOM     :  pu.pec:k0:n0:s0:p00:c0 : 800001E60D010C3F 0000000000008000
431.09212|SCAN|TRACE : PUTSCOM     :  pu.pec:k0:n0:s0:p00:c0 : 800001E60D010C3F 0000000000008000
431.09217|SCAN|TRACE : GETSCOM     :  pu.pec:k0:n0:s0:p00:c0 : 8000028D0D010C3F 0000000000000064
431.09222|SCAN|TRACE : PUTSCOM     :  pu.pec:k0:n0:s0:p00:c0 : 8000028D0D010C3F 0000000000000064
431.09226|SCAN|TRACE : GETSCOM     :  pu.pec:k0:n0:s0:p00:c0 : 800002A60D010C3F 0000000000008000
431.09231|SCAN|TRACE : PUTSCOM     :  pu.pec:k0:n0:s0:p00:c0 : 800002A60D010C3F 0000000000008000
431.09235|SCAN|TRACE : GETSCOM     :  pu.pec:k0:n0:s0:p00:c0 : 800002CD0D010C3F 0000000000000064
431.09240|SCAN|TRACE : PUTSCOM     :  pu.pec:k0:n0:s0:p00:c0 : 800002CD0D010C3F 0000000000000064
431.09245|SCAN|TRACE : GETSCOM     :  pu.pec:k0:n0:s0:p00:c0 : 800002E60D010C3F 0000000000008000
431.09251|SCAN|TRACE : PUTSCOM     :  pu.pec:k0:n0:s0:p00:c0 : 800002E60D010C3F 0000000000008000
431.09255|SCAN|TRACE : GETSCOM     :  pu.pec:k0:n0:s0:p00:c0 : 8000038D0D010C3F 0000000000000064
431.09260|SCAN|TRACE : PUTSCOM     :  pu.pec:k0:n0:s0:p00:c0 : 8000038D0D010C3F 0000000000000064
431.09265|SCAN|TRACE : GETSCOM     :  pu.pec:k0:n0:s0:p00:c0 : 800003A60D010C3F 0000000000008000
431.09269|SCAN|TRACE : PUTSCOM     :  pu.pec:k0:n0:s0:p00:c0 : 800003A60D010C3F 0000000000008000
431.09274|SCAN|TRACE : GETSCOM     :  pu.pec:k0:n0:s0:p00:c0 : 800003CD0D010C3F 0000000000000064
431.09279|SCAN|TRACE : PUTSCOM     :  pu.pec:k0:n0:s0:p00:c0 : 800003CD0D010C3F 0000000000000064
431.09283|SCAN|TRACE : GETSCOM     :  pu.pec:k0:n0:s0:p00:c0 : 800003E60D010C3F 0000000000008000
431.09288|SCAN|TRACE : PUTSCOM     :  pu.pec:k0:n0:s0:p00:c0 : 800003E60D010C3F 0000000000008000
431.09293|SCAN|TRACE : GETSCOM     :  pu.pec:k0:n0:s0:p00:c0 : 8000088D0D010C3F 0000000000000064
431.09298|SCAN|TRACE : PUTSCOM     :  pu.pec:k0:n0:s0:p00:c0 : 8000088D0D010C3F 0000000000000064
431.09302|SCAN|TRACE : GETSCOM     :  pu.pec:k0:n0:s0:p00:c0 : 800008A60D010C3F 0000000000008000
431.09307|SCAN|TRACE : PUTSCOM     :  pu.pec:k0:n0:s0:p00:c0 : 800008A60D010C3F 0000000000008000
431.09313|SCAN|TRACE : GETSCOM     :  pu.pec:k0:n0:s0:p00:c0 : 800008CD0D010C3F 0000000000000064
431.09317|SCAN|TRACE : PUTSCOM     :  pu.pec:k0:n0:s0:p00:c0 : 800008CD0D010C3F 0000000000000064
431.09322|SCAN|TRACE : GETSCOM     :  pu.pec:k0:n0:s0:p00:c0 : 800008E60D010C3F 0000000000008000
431.09327|SCAN|TRACE : PUTSCOM     :  pu.pec:k0:n0:s0:p00:c0 : 800008E60D010C3F 0000000000008000
431.09332|SCAN|TRACE : GETSCOM     :  pu.pec:k0:n0:s0:p00:c0 : 8000098D0D010C3F 0000000000000064
431.09336|SCAN|TRACE : PUTSCOM     :  pu.pec:k0:n0:s0:p00:c0 : 8000098D0D010C3F 0000000000000064
431.09341|SCAN|TRACE : GETSCOM     :  pu.pec:k0:n0:s0:p00:c0 : 800009A60D010C3F 0000000000008000
431.09346|SCAN|TRACE : PUTSCOM     :  pu.pec:k0:n0:s0:p00:c0 : 800009A60D010C3F 0000000000008000
431.09351|SCAN|TRACE : GETSCOM     :  pu.pec:k0:n0:s0:p00:c0 : 800009CD0D010C3F 0000000000000064
431.09356|SCAN|TRACE : PUTSCOM     :  pu.pec:k0:n0:s0:p00:c0 : 800009CD0D010C3F 0000000000000064
431.09361|SCAN|TRACE : GETSCOM     :  pu.pec:k0:n0:s0:p00:c0 : 800009E60D010C3F 0000000000008000
431.09366|SCAN|TRACE : PUTSCOM     :  pu.pec:k0:n0:s0:p00:c0 : 800009E60D010C3F 0000000000008000
431.09370|SCAN|TRACE : GETSCOM     :  pu.pec:k0:n0:s0:p00:c0 : 80000A8D0D010C3F 0000000000000064
431.09375|SCAN|TRACE : PUTSCOM     :  pu.pec:k0:n0:s0:p00:c0 : 80000A8D0D010C3F 0000000000000064
431.09380|SCAN|TRACE : GETSCOM     :  pu.pec:k0:n0:s0:p00:c0 : 80000AA60D010C3F 0000000000008000
431.09385|SCAN|TRACE : PUTSCOM     :  pu.pec:k0:n0:s0:p00:c0 : 80000AA60D010C3F 0000000000008000
431.09389|SCAN|TRACE : GETSCOM     :  pu.pec:k0:n0:s0:p00:c0 : 80000ACD0D010C3F 0000000000000064
431.09394|SCAN|TRACE : PUTSCOM     :  pu.pec:k0:n0:s0:p00:c0 : 80000ACD0D010C3F 0000000000000064
431.09399|SCAN|TRACE : GETSCOM     :  pu.pec:k0:n0:s0:p00:c0 : 80000AE60D010C3F 0000000000008000
431.09404|SCAN|TRACE : PUTSCOM     :  pu.pec:k0:n0:s0:p00:c0 : 80000AE60D010C3F 0000000000008000
431.09408|SCAN|TRACE : GETSCOM     :  pu.pec:k0:n0:s0:p00:c0 : 80000B8D0D010C3F 0000000000000064
431.09413|SCAN|TRACE : PUTSCOM     :  pu.pec:k0:n0:s0:p00:c0 : 80000B8D0D010C3F 0000000000000064
431.09418|SCAN|TRACE : GETSCOM     :  pu.pec:k0:n0:s0:p00:c0 : 80000BA60D010C3F 0000000000008000
431.09423|SCAN|TRACE : PUTSCOM     :  pu.pec:k0:n0:s0:p00:c0 : 80000BA60D010C3F 0000000000008000
431.09427|SCAN|TRACE : GETSCOM     :  pu.pec:k0:n0:s0:p00:c0 : 80000BCD0D010C3F 0000000000000064
431.09432|SCAN|TRACE : PUTSCOM     :  pu.pec:k0:n0:s0:p00:c0 : 80000BCD0D010C3F 0000000000000064
431.09437|SCAN|TRACE : GETSCOM     :  pu.pec:k0:n0:s0:p00:c0 : 80000BE60D010C3F 0000000000008000
431.09442|SCAN|TRACE : PUTSCOM     :  pu.pec:k0:n0:s0:p00:c0 : 80000BE60D010C3F 0000000000008000
431.09448|SCAN|TRACE : GETSCOM     :  pu.pec:k0:n0:s0:p00:c0 : 800004A70D010C3F 000000000000008B
431.09452|SCAN|TRACE : PUTSCOM     :  pu.pec:k0:n0:s0:p00:c0 : 800004A70D010C3F 000000000000008B
431.09457|SCAN|TRACE : PUTSCOM     :  pu.pec:k0:n0:s0:p00:c0 : 800004800D010C3F 000000000000B071
431.09462|SCAN|TRACE : GETSCOM     :  pu.pec:k0:n0:s0:p00:c0 : 800004B30D010C3F 0000000000000047
431.09467|SCAN|TRACE : PUTSCOM     :  pu.pec:k0:n0:s0:p00:c0 : 800004B30D010C3F 0000000000000047
431.09472|SCAN|TRACE : GETSCOM     :  pu.pec:k0:n0:s0:p00:c0 : 8000008D0D010C3F 0000000000000064
431.09477|SCAN|TRACE : PUTSCOM     :  pu.pec:k0:n0:s0:p00:c0 : 8000008D0D010C3F 0000000000000064
431.09482|SCAN|TRACE : GETSCOM     :  pu.pec:k0:n0:s0:p00:c0 : 800000A60D010C3F 0000000000008000
431.09486|SCAN|TRACE : PUTSCOM     :  pu.pec:k0:n0:s0:p00:c0 : 800000A60D010C3F 0000000000008000
431.09491|SCAN|TRACE : GETSCOM     :  pu.pec:k0:n0:s0:p00:c0 : 800000CD0D010C3F 0000000000000064
431.09496|SCAN|TRACE : PUTSCOM     :  pu.pec:k0:n0:s0:p00:c0 : 800000CD0D010C3F 0000000000000064
431.09501|SCAN|TRACE : GETSCOM     :  pu.pec:k0:n0:s0:p00:c0 : 800000E60D010C3F 0000000000008000
431.09506|SCAN|TRACE : PUTSCOM     :  pu.pec:k0:n0:s0:p00:c0 : 800000E60D010C3F 0000000000008000
431.09511|SCAN|TRACE : GETSCOM     :  pu.pec:k0:n0:s0:p00:c0 : 8000018D0D010C3F 0000000000000064
431.09517|SCAN|TRACE : PUTSCOM     :  pu.pec:k0:n0:s0:p00:c0 : 8000018D0D010C3F 0000000000000064
431.09522|SCAN|TRACE : GETSCOM     :  pu.pec:k0:n0:s0:p00:c0 : 800001A60D010C3F 0000000000008000
431.09526|SCAN|TRACE : PUTSCOM     :  pu.pec:k0:n0:s0:p00:c0 : 800001A60D010C3F 0000000000008000
431.09532|SCAN|TRACE : GETSCOM     :  pu.pec:k0:n0:s0:p00:c0 : 800001CD0D010C3F 0000000000000064
431.09536|SCAN|TRACE : PUTSCOM     :  pu.pec:k0:n0:s0:p00:c0 : 800001CD0D010C3F 0000000000000064
431.09541|SCAN|TRACE : GETSCOM     :  pu.pec:k0:n0:s0:p00:c0 : 800001E60D010C3F 0000000000008000
431.09546|SCAN|TRACE : PUTSCOM     :  pu.pec:k0:n0:s0:p00:c0 : 800001E60D010C3F 0000000000008000
431.09551|SCAN|TRACE : GETSCOM     :  pu.pec:k0:n0:s0:p00:c0 : 8000028D0D010C3F 0000000000000064
431.09556|SCAN|TRACE : PUTSCOM     :  pu.pec:k0:n0:s0:p00:c0 : 8000028D0D010C3F 0000000000000064
431.09561|SCAN|TRACE : GETSCOM     :  pu.pec:k0:n0:s0:p00:c0 : 800002A60D010C3F 0000000000008000
431.09566|SCAN|TRACE : PUTSCOM     :  pu.pec:k0:n0:s0:p00:c0 : 800002A60D010C3F 0000000000008000
431.09571|SCAN|TRACE : GETSCOM     :  pu.pec:k0:n0:s0:p00:c0 : 800002CD0D010C3F 0000000000000064
431.09576|SCAN|TRACE : PUTSCOM     :  pu.pec:k0:n0:s0:p00:c0 : 800002CD0D010C3F 0000000000000064
431.09581|SCAN|TRACE : GETSCOM     :  pu.pec:k0:n0:s0:p00:c0 : 800002E60D010C3F 0000000000008000
431.09585|SCAN|TRACE : PUTSCOM     :  pu.pec:k0:n0:s0:p00:c0 : 800002E60D010C3F 0000000000008000
431.09590|SCAN|TRACE : GETSCOM     :  pu.pec:k0:n0:s0:p00:c0 : 8000038D0D010C3F 0000000000000064
431.09595|SCAN|TRACE : PUTSCOM     :  pu.pec:k0:n0:s0:p00:c0 : 8000038D0D010C3F 0000000000000064
431.09599|SCAN|TRACE : GETSCOM     :  pu.pec:k0:n0:s0:p00:c0 : 800003A60D010C3F 0000000000008000
431.09604|SCAN|TRACE : PUTSCOM     :  pu.pec:k0:n0:s0:p00:c0 : 800003A60D010C3F 0000000000008000
431.09609|SCAN|TRACE : GETSCOM     :  pu.pec:k0:n0:s0:p00:c0 : 800003CD0D010C3F 0000000000000064
431.09614|SCAN|TRACE : PUTSCOM     :  pu.pec:k0:n0:s0:p00:c0 : 800003CD0D010C3F 0000000000000064
431.09619|SCAN|TRACE : GETSCOM     :  pu.pec:k0:n0:s0:p00:c0 : 800003E60D010C3F 0000000000008000
431.09624|SCAN|TRACE : PUTSCOM     :  pu.pec:k0:n0:s0:p00:c0 : 800003E60D010C3F 0000000000008000
431.09628|SCAN|TRACE : GETSCOM     :  pu.pec:k0:n0:s0:p00:c0 : 8000088D0D010C3F 0000000000000064
431.09633|SCAN|TRACE : PUTSCOM     :  pu.pec:k0:n0:s0:p00:c0 : 8000088D0D010C3F 0000000000000064
431.09638|SCAN|TRACE : GETSCOM     :  pu.pec:k0:n0:s0:p00:c0 : 800008A60D010C3F 0000000000008000
431.09643|SCAN|TRACE : PUTSCOM     :  pu.pec:k0:n0:s0:p00:c0 : 800008A60D010C3F 0000000000008000
431.09648|SCAN|TRACE : GETSCOM     :  pu.pec:k0:n0:s0:p00:c0 : 800008CD0D010C3F 0000000000000064
431.09653|SCAN|TRACE : PUTSCOM     :  pu.pec:k0:n0:s0:p00:c0 : 800008CD0D010C3F 0000000000000064
431.09657|SCAN|TRACE : GETSCOM     :  pu.pec:k0:n0:s0:p00:c0 : 800008E60D010C3F 0000000000008000
431.09662|SCAN|TRACE : PUTSCOM     :  pu.pec:k0:n0:s0:p00:c0 : 800008E60D010C3F 0000000000008000
431.09667|SCAN|TRACE : GETSCOM     :  pu.pec:k0:n0:s0:p00:c0 : 8000098D0D010C3F 0000000000000064
431.09672|SCAN|TRACE : PUTSCOM     :  pu.pec:k0:n0:s0:p00:c0 : 8000098D0D010C3F 0000000000000064
431.09676|SCAN|TRACE : GETSCOM     :  pu.pec:k0:n0:s0:p00:c0 : 800009A60D010C3F 0000000000008000
431.09682|SCAN|TRACE : PUTSCOM     :  pu.pec:k0:n0:s0:p00:c0 : 800009A60D010C3F 0000000000008000
431.09686|SCAN|TRACE : GETSCOM     :  pu.pec:k0:n0:s0:p00:c0 : 800009CD0D010C3F 0000000000000064
431.09691|SCAN|TRACE : PUTSCOM     :  pu.pec:k0:n0:s0:p00:c0 : 800009CD0D010C3F 0000000000000064
431.09696|SCAN|TRACE : GETSCOM     :  pu.pec:k0:n0:s0:p00:c0 : 800009E60D010C3F 0000000000008000
431.09701|SCAN|TRACE : PUTSCOM     :  pu.pec:k0:n0:s0:p00:c0 : 800009E60D010C3F 0000000000008000
431.09706|SCAN|TRACE : GETSCOM     :  pu.pec:k0:n0:s0:p00:c0 : 80000A8D0D010C3F 0000000000000064
431.09711|SCAN|TRACE : PUTSCOM     :  pu.pec:k0:n0:s0:p00:c0 : 80000A8D0D010C3F 0000000000000064
431.09715|SCAN|TRACE : GETSCOM     :  pu.pec:k0:n0:s0:p00:c0 : 80000AA60D010C3F 0000000000008000
431.09721|SCAN|TRACE : PUTSCOM     :  pu.pec:k0:n0:s0:p00:c0 : 80000AA60D010C3F 0000000000008000
431.09726|SCAN|TRACE : GETSCOM     :  pu.pec:k0:n0:s0:p00:c0 : 80000ACD0D010C3F 0000000000000064
431.09731|SCAN|TRACE : PUTSCOM     :  pu.pec:k0:n0:s0:p00:c0 : 80000ACD0D010C3F 0000000000000064
431.09736|SCAN|TRACE : GETSCOM     :  pu.pec:k0:n0:s0:p00:c0 : 80000AE60D010C3F 0000000000008000
431.09741|SCAN|TRACE : PUTSCOM     :  pu.pec:k0:n0:s0:p00:c0 : 80000AE60D010C3F 0000000000008000
431.09746|SCAN|TRACE : GETSCOM     :  pu.pec:k0:n0:s0:p00:c0 : 80000B8D0D010C3F 0000000000000064
431.09751|SCAN|TRACE : PUTSCOM     :  pu.pec:k0:n0:s0:p00:c0 : 80000B8D0D010C3F 0000000000000064
431.09756|SCAN|TRACE : GETSCOM     :  pu.pec:k0:n0:s0:p00:c0 : 80000BA60D010C3F 0000000000008000
431.09761|SCAN|TRACE : PUTSCOM     :  pu.pec:k0:n0:s0:p00:c0 : 80000BA60D010C3F 0000000000008000
431.09766|SCAN|TRACE : GETSCOM     :  pu.pec:k0:n0:s0:p00:c0 : 80000BCD0D010C3F 0000000000000064
431.09771|SCAN|TRACE : PUTSCOM     :  pu.pec:k0:n0:s0:p00:c0 : 80000BCD0D010C3F 0000000000000064
431.09776|SCAN|TRACE : GETSCOM     :  pu.pec:k0:n0:s0:p00:c0 : 80000BE60D010C3F 0000000000008000
431.09781|SCAN|TRACE : PUTSCOM     :  pu.pec:k0:n0:s0:p00:c0 : 80000BE60D010C3F 0000000000008000
431.09786|SCAN|TRACE : GETSCOM     :  pu.pec:k0:n0:s0:p00:c0 : 800004A70D010C3F 000000000000008B
431.09791|SCAN|TRACE : PUTSCOM     :  pu.pec:k0:n0:s0:p00:c0 : 800004A70D010C3F 000000000000008B
431.09796|SCAN|TRACE : PUTSCOM     :  pu.pec:k0:n0:s0:p00:c0 : 800004800D010C3F 000000000000B870
431.09801|SCAN|TRACE : GETSCOM     :  pu.pec:k0:n0:s0:p00:c0 : 800004B30D010C3F 0000000000000047
431.09805|SCAN|TRACE : PUTSCOM     :  pu.pec:k0:n0:s0:p00:c0 : 800004B30D010C3F 0000000000000047
431.09810|SCAN|TRACE : GETSCOM     :  pu.pec:k0:n0:s0:p00:c0 : 8000008D0D010C3F 0000000000000064
431.09815|SCAN|TRACE : PUTSCOM     :  pu.pec:k0:n0:s0:p00:c0 : 8000008D0D010C3F 0000000000000064
431.09820|SCAN|TRACE : GETSCOM     :  pu.pec:k0:n0:s0:p00:c0 : 800000A60D010C3F 0000000000008000
431.09825|SCAN|TRACE : PUTSCOM     :  pu.pec:k0:n0:s0:p00:c0 : 800000A60D010C3F 0000000000008000
431.09830|SCAN|TRACE : GETSCOM     :  pu.pec:k0:n0:s0:p00:c0 : 800000CD0D010C3F 0000000000000064
431.09834|SCAN|TRACE : PUTSCOM     :  pu.pec:k0:n0:s0:p00:c0 : 800000CD0D010C3F 0000000000000064
431.09839|SCAN|TRACE : GETSCOM     :  pu.pec:k0:n0:s0:p00:c0 : 800000E60D010C3F 0000000000008000
431.09845|SCAN|TRACE : PUTSCOM     :  pu.pec:k0:n0:s0:p00:c0 : 800000E60D010C3F 0000000000008000
431.09849|SCAN|TRACE : GETSCOM     :  pu.pec:k0:n0:s0:p00:c0 : 8000018D0D010C3F 0000000000000064
431.09854|SCAN|TRACE : PUTSCOM     :  pu.pec:k0:n0:s0:p00:c0 : 8000018D0D010C3F 0000000000000064
431.09859|SCAN|TRACE : GETSCOM     :  pu.pec:k0:n0:s0:p00:c0 : 800001A60D010C3F 0000000000008000
431.09864|SCAN|TRACE : PUTSCOM     :  pu.pec:k0:n0:s0:p00:c0 : 800001A60D010C3F 0000000000008000
431.09869|SCAN|TRACE : GETSCOM     :  pu.pec:k0:n0:s0:p00:c0 : 800001CD0D010C3F 0000000000000064
431.09874|SCAN|TRACE : PUTSCOM     :  pu.pec:k0:n0:s0:p00:c0 : 800001CD0D010C3F 0000000000000064
431.09878|SCAN|TRACE : GETSCOM     :  pu.pec:k0:n0:s0:p00:c0 : 800001E60D010C3F 0000000000008000
431.09883|SCAN|TRACE : PUTSCOM     :  pu.pec:k0:n0:s0:p00:c0 : 800001E60D010C3F 0000000000008000
431.09888|SCAN|TRACE : GETSCOM     :  pu.pec:k0:n0:s0:p00:c0 : 8000028D0D010C3F 0000000000000064
431.09893|SCAN|TRACE : PUTSCOM     :  pu.pec:k0:n0:s0:p00:c0 : 8000028D0D010C3F 0000000000000064
431.09898|SCAN|TRACE : GETSCOM     :  pu.pec:k0:n0:s0:p00:c0 : 800002A60D010C3F 0000000000008000
431.09902|SCAN|TRACE : PUTSCOM     :  pu.pec:k0:n0:s0:p00:c0 : 800002A60D010C3F 0000000000008000
431.09907|SCAN|TRACE : GETSCOM     :  pu.pec:k0:n0:s0:p00:c0 : 800002CD0D010C3F 0000000000000064
431.09912|SCAN|TRACE : PUTSCOM     :  pu.pec:k0:n0:s0:p00:c0 : 800002CD0D010C3F 0000000000000064
431.09917|SCAN|TRACE : GETSCOM     :  pu.pec:k0:n0:s0:p00:c0 : 800002E60D010C3F 0000000000008000
431.09921|SCAN|TRACE : PUTSCOM     :  pu.pec:k0:n0:s0:p00:c0 : 800002E60D010C3F 0000000000008000
431.09927|SCAN|TRACE : GETSCOM     :  pu.pec:k0:n0:s0:p00:c0 : 8000038D0D010C3F 0000000000000064
431.09932|SCAN|TRACE : PUTSCOM     :  pu.pec:k0:n0:s0:p00:c0 : 8000038D0D010C3F 0000000000000064
431.09937|SCAN|TRACE : GETSCOM     :  pu.pec:k0:n0:s0:p00:c0 : 800003A60D010C3F 0000000000008000
431.09942|SCAN|TRACE : PUTSCOM     :  pu.pec:k0:n0:s0:p00:c0 : 800003A60D010C3F 0000000000008000
431.09947|SCAN|TRACE : GETSCOM     :  pu.pec:k0:n0:s0:p00:c0 : 800003CD0D010C3F 0000000000000064
431.09952|SCAN|TRACE : PUTSCOM     :  pu.pec:k0:n0:s0:p00:c0 : 800003CD0D010C3F 0000000000000064
431.09956|SCAN|TRACE : GETSCOM     :  pu.pec:k0:n0:s0:p00:c0 : 800003E60D010C3F 0000000000008000
431.09961|SCAN|TRACE : PUTSCOM     :  pu.pec:k0:n0:s0:p00:c0 : 800003E60D010C3F 0000000000008000
431.09966|SCAN|TRACE : GETSCOM     :  pu.pec:k0:n0:s0:p00:c0 : 8000088D0D010C3F 0000000000000064
431.09971|SCAN|TRACE : PUTSCOM     :  pu.pec:k0:n0:s0:p00:c0 : 8000088D0D010C3F 0000000000000064
431.09975|SCAN|TRACE : GETSCOM     :  pu.pec:k0:n0:s0:p00:c0 : 800008A60D010C3F 0000000000008000
431.09980|SCAN|TRACE : PUTSCOM     :  pu.pec:k0:n0:s0:p00:c0 : 800008A60D010C3F 0000000000008000
431.09985|SCAN|TRACE : GETSCOM     :  pu.pec:k0:n0:s0:p00:c0 : 800008CD0D010C3F 0000000000000064
431.09990|SCAN|TRACE : PUTSCOM     :  pu.pec:k0:n0:s0:p00:c0 : 800008CD0D010C3F 0000000000000064
431.09994|SCAN|TRACE : GETSCOM     :  pu.pec:k0:n0:s0:p00:c0 : 800008E60D010C3F 0000000000008000
431.10000|SCAN|TRACE : PUTSCOM     :  pu.pec:k0:n0:s0:p00:c0 : 800008E60D010C3F 0000000000008000
431.10005|SCAN|TRACE : GETSCOM     :  pu.pec:k0:n0:s0:p00:c0 : 8000098D0D010C3F 0000000000000064
431.10010|SCAN|TRACE : PUTSCOM     :  pu.pec:k0:n0:s0:p00:c0 : 8000098D0D010C3F 0000000000000064
431.10014|SCAN|TRACE : GETSCOM     :  pu.pec:k0:n0:s0:p00:c0 : 800009A60D010C3F 0000000000008000
431.10019|SCAN|TRACE : PUTSCOM     :  pu.pec:k0:n0:s0:p00:c0 : 800009A60D010C3F 0000000000008000
431.10024|SCAN|TRACE : GETSCOM     :  pu.pec:k0:n0:s0:p00:c0 : 800009CD0D010C3F 0000000000000064
431.10029|SCAN|TRACE : PUTSCOM     :  pu.pec:k0:n0:s0:p00:c0 : 800009CD0D010C3F 0000000000000064
431.10034|SCAN|TRACE : GETSCOM     :  pu.pec:k0:n0:s0:p00:c0 : 800009E60D010C3F 0000000000008000
431.10039|SCAN|TRACE : PUTSCOM     :  pu.pec:k0:n0:s0:p00:c0 : 800009E60D010C3F 0000000000008000
431.10044|SCAN|TRACE : GETSCOM     :  pu.pec:k0:n0:s0:p00:c0 : 80000A8D0D010C3F 0000000000000064
431.10049|SCAN|TRACE : PUTSCOM     :  pu.pec:k0:n0:s0:p00:c0 : 80000A8D0D010C3F 0000000000000064
431.10053|SCAN|TRACE : GETSCOM     :  pu.pec:k0:n0:s0:p00:c0 : 80000AA60D010C3F 0000000000008000
431.10058|SCAN|TRACE : PUTSCOM     :  pu.pec:k0:n0:s0:p00:c0 : 80000AA60D010C3F 0000000000008000
431.10063|SCAN|TRACE : GETSCOM     :  pu.pec:k0:n0:s0:p00:c0 : 80000ACD0D010C3F 0000000000000064
431.10068|SCAN|TRACE : PUTSCOM     :  pu.pec:k0:n0:s0:p00:c0 : 80000ACD0D010C3F 0000000000000064
431.10073|SCAN|TRACE : GETSCOM     :  pu.pec:k0:n0:s0:p00:c0 : 80000AE60D010C3F 0000000000008000
431.10078|SCAN|TRACE : PUTSCOM     :  pu.pec:k0:n0:s0:p00:c0 : 80000AE60D010C3F 0000000000008000
431.10083|SCAN|TRACE : GETSCOM     :  pu.pec:k0:n0:s0:p00:c0 : 80000B8D0D010C3F 0000000000000064
431.10087|SCAN|TRACE : PUTSCOM     :  pu.pec:k0:n0:s0:p00:c0 : 80000B8D0D010C3F 0000000000000064
431.10092|SCAN|TRACE : GETSCOM     :  pu.pec:k0:n0:s0:p00:c0 : 80000BA60D010C3F 0000000000008000
431.10097|SCAN|TRACE : PUTSCOM     :  pu.pec:k0:n0:s0:p00:c0 : 80000BA60D010C3F 0000000000008000
431.10102|SCAN|TRACE : GETSCOM     :  pu.pec:k0:n0:s0:p00:c0 : 80000BCD0D010C3F 0000000000000064
431.10107|SCAN|TRACE : PUTSCOM     :  pu.pec:k0:n0:s0:p00:c0 : 80000BCD0D010C3F 0000000000000064
431.10111|SCAN|TRACE : GETSCOM     :  pu.pec:k0:n0:s0:p00:c0 : 80000BE60D010C3F 0000000000008000
431.10116|SCAN|TRACE : PUTSCOM     :  pu.pec:k0:n0:s0:p00:c0 : 80000BE60D010C3F 0000000000008000
431.10121|SCAN|TRACE : GETSCOM     :  pu.pec:k0:n0:s0:p00:c0 : 800004A70D010C3F 000000000000008B
431.10126|SCAN|TRACE : PUTSCOM     :  pu.pec:k0:n0:s0:p00:c0 : 800004A70D010C3F 000000000000008B
431.10132|SCAN|TRACE : GETSCOM     :  pu.pec:k0:n0:s0:p00:c0 : 800004820D010C3F 000000000000C800
431.10137|SCAN|TRACE : PUTSCOM     :  pu.pec:k0:n0:s0:p00:c0 : 800004820D010C3F 000000000000C800
431.10292|SCAN|TRACE : PUTSCOM     :  pu.pec:k0:n0:s0:p00:c0 : 800004800D010C3F 0000000000008600
431.10297|SCAN|TRACE : GETSCOM     :  pu.pec:k0:n0:s0:p00:c0 : 8000050F0D010C3F 00000000000000F8
431.10302|SCAN|TRACE : PUTSCOM     :  pu.pec:k0:n0:s0:p00:c0 : 8000050F0D010C3F 00000000000000F8
431.10307|SCAN|TRACE : GETSCOM     :  pu.pec:k0:n0:s0:p00:c0 : 8000054F0D010C3F 00000000000000F8
431.10312|SCAN|TRACE : PUTSCOM     :  pu.pec:k0:n0:s0:p00:c0 : 8000054F0D010C3F 00000000000000F8
431.10317|SCAN|TRACE : PUTSCOM     :  pu.pec:k0:n0:s0:p00:c0 : 800004450D010C3F 0000000000000022
431.10322|SCAN|TRACE : PUTSCOM     :  pu.pec:k0:n0:s0:p00:c0 : 8000046C0D010C3F 000000000000AA7A
431.10327|SCAN|TRACE : PUTSCOM     :  pu.pec:k0:n0:s0:p00:c0 : 8000046D0D010C3F 0000000000002000
431.10332|SCAN|TRACE : GETSCOM     :  pu.pec:k0:n0:s0:p00:c0 : 800004700D010C3F 00000000000000FF
431.10337|SCAN|TRACE : PUTSCOM     :  pu.pec:k0:n0:s0:p00:c0 : 800004700D010C3F 00000000000000FF
431.10341|SCAN|TRACE : PUTSCOM     :  pu.pec:k0:n0:s0:p00:c0 : 8000048B0D010C3F 0000000000000000
431.10346|SCAN|TRACE : PUTSCOM     :  pu.pec:k0:n0:s0:p00:c0 : 8000048C0D010C3F 0000000000000000
431.10351|SCAN|TRACE : GETSCOM     :  pu.pec:k0:n0:s0:p00:c0 : 8000049F0D010C3F 0000000000006DFB
431.10356|SCAN|TRACE : PUTSCOM     :  pu.pec:k0:n0:s0:p00:c0 : 8000049F0D010C3F 0000000000006DFB
431.10361|SCAN|TRACE : GETSCOM     :  pu.pec:k0:n0:s0:p00:c0 : 80000C000D010C3F 0000000000000000
431.10366|SCAN|TRACE : PUTSCOM     :  pu.pec:k0:n0:s0:p00:c0 : 80000C000D010C3F 0000000000000000
431.10371|SCAN|TRACE : GETSCOM     :  pu.pec:k0:n0:s0:p00:c0 : 80000C010D010C3F 0000000000000000
431.10375|SCAN|TRACE : PUTSCOM     :  pu.pec:k0:n0:s0:p00:c0 : 80000C010D010C3F 0000000000000000
431.10380|SCAN|TRACE : GETSCOM     :  pu.pec:k0:n0:s0:p00:c0 : 80000C010D010C3F 0000000000000000
431.10385|SCAN|TRACE : PUTSCOM     :  pu.pec:k0:n0:s0:p00:c0 : 80000C010D010C3F 0000000000000000
431.10389|SCAN|TRACE : GETSCOM     :  pu.pec:k0:n0:s0:p00:c0 : 80000C010D010C3F 0000000000000000
431.10395|SCAN|TRACE : PUTSCOM     :  pu.pec:k0:n0:s0:p00:c0 : 80000C010D010C3F 0000000000000000
431.10399|SCAN|TRACE : GETSCOM     :  pu.pec:k0:n0:s0:p00:c0 : 80000C010D010C3F 0000000000000000
431.10404|SCAN|TRACE : PUTSCOM     :  pu.pec:k0:n0:s0:p00:c0 : 80000C010D010C3F 0000000000000000
431.10409|SCAN|TRACE : PUTSCOM     :  pu.pec:k0:n0:s0:p00:c0 : 000000000D000029 0000000800000000
431.10414|SCAN|TRACE : PUTSCOM     :  pu.pec:k0:n0:s0:p00:c1 : 000000000D000019 0000000000000000
431.10419|SCAN|TRACE : PUTSCOM     :  pu.pec:k0:n0:s0:p00:c1 : 000000000D000019 0000000000000000
431.10424|SCAN|TRACE : PUTSCOM     :  pu.pec:k0:n0:s0:p00:c1 : 000000000D000019 0C00000000000000
431.10428|SCAN|TRACE : PUTSCOM     :  pu.pec:k0:n0:s0:p00:c1 : 000000000D000010 0000000080000000
431.10433|SCAN|TRACE : PUTSCOM     :  pu.pec:k0:n0:s0:p00:c1 : 000000000D000029 0000000400000000
431.10437|SCAN|TRACE : PUTSCOM     :  pu.pec:k0:n0:s0:p00:c1 : 000000000D000019 0000000400000000
431.10442|SCAN|TRACE : PUTSCOM     :  pu.pec:k0:n0:s0:p00:c1 : 000000000D000029 0000000400000000
431.10448|SCAN|TRACE : GETSCOM     :  pu.pec:k0:n0:s0:p00:c1 : 800005010D010C3F 0000000000000034
431.10452|SCAN|TRACE : GETSCOM     :  pu.pec:k0:n0:s0:p00:c1 : 800005410D010C3F 0000000000000034
431.10457|SCAN|TRACE : PUTSCOM     :  pu.pec:k0:n0:s0:p00:c1 : 000000000D010C06 0000000000000000
431.10461|SCAN|TRACE : PUTSCOM     :  pu.pec:k0:n0:s0:p00:c1 : 000000000D010C07 E000000000000000
431.10466|SCAN|TRACE : PUTSCOM     :  pu.pec:k0:n0:s0:p00:c1 : 000000000D010C03 1FFFFFFFF8000000
431.10471|SCAN|TRACE : PUTSCOM     :  pu.pec:k0:n0:s0:p00:c1 : 800004800D010C3F 000000000000A006
431.10476|SCAN|TRACE : GETSCOM     :  pu.pec:k0:n0:s0:p00:c1 : 800004B30D010C3F 0000000000000056
431.10481|SCAN|TRACE : PUTSCOM     :  pu.pec:k0:n0:s0:p00:c1 : 800004B30D010C3F 0000000000000056
431.10487|SCAN|TRACE : GETSCOM     :  pu.pec:k0:n0:s0:p00:c1 : 8000008D0D010C3F 0000000000000064
431.10492|SCAN|TRACE : PUTSCOM     :  pu.pec:k0:n0:s0:p00:c1 : 8000008D0D010C3F 0000000000000064
431.10496|SCAN|TRACE : GETSCOM     :  pu.pec:k0:n0:s0:p00:c1 : 800000A60D010C3F 0000000000008000
431.10501|SCAN|TRACE : PUTSCOM     :  pu.pec:k0:n0:s0:p00:c1 : 800000A60D010C3F 0000000000008000
431.10506|SCAN|TRACE : GETSCOM     :  pu.pec:k0:n0:s0:p00:c1 : 800000CD0D010C3F 0000000000000064
431.10511|SCAN|TRACE : PUTSCOM     :  pu.pec:k0:n0:s0:p00:c1 : 800000CD0D010C3F 0000000000000064
431.10516|SCAN|TRACE : GETSCOM     :  pu.pec:k0:n0:s0:p00:c1 : 800000E60D010C3F 0000000000008000
431.10521|SCAN|TRACE : PUTSCOM     :  pu.pec:k0:n0:s0:p00:c1 : 800000E60D010C3F 0000000000008000
431.10526|SCAN|TRACE : GETSCOM     :  pu.pec:k0:n0:s0:p00:c1 : 8000018D0D010C3F 0000000000000064
431.10531|SCAN|TRACE : PUTSCOM     :  pu.pec:k0:n0:s0:p00:c1 : 8000018D0D010C3F 0000000000000064
431.10535|SCAN|TRACE : GETSCOM     :  pu.pec:k0:n0:s0:p00:c1 : 800001A60D010C3F 0000000000008000
431.10540|SCAN|TRACE : PUTSCOM     :  pu.pec:k0:n0:s0:p00:c1 : 800001A60D010C3F 0000000000008000
431.10545|SCAN|TRACE : GETSCOM     :  pu.pec:k0:n0:s0:p00:c1 : 800001CD0D010C3F 0000000000000064
431.10550|SCAN|TRACE : PUTSCOM     :  pu.pec:k0:n0:s0:p00:c1 : 800001CD0D010C3F 0000000000000064
431.10555|SCAN|TRACE : GETSCOM     :  pu.pec:k0:n0:s0:p00:c1 : 800001E60D010C3F 0000000000008000
431.10560|SCAN|TRACE : PUTSCOM     :  pu.pec:k0:n0:s0:p00:c1 : 800001E60D010C3F 0000000000008000
431.10565|SCAN|TRACE : GETSCOM     :  pu.pec:k0:n0:s0:p00:c1 : 8000028D0D010C3F 0000000000000064
431.10569|SCAN|TRACE : PUTSCOM     :  pu.pec:k0:n0:s0:p00:c1 : 8000028D0D010C3F 0000000000000064
431.10574|SCAN|TRACE : GETSCOM     :  pu.pec:k0:n0:s0:p00:c1 : 800002A60D010C3F 0000000000008000
431.10579|SCAN|TRACE : PUTSCOM     :  pu.pec:k0:n0:s0:p00:c1 : 800002A60D010C3F 0000000000008000
431.10584|SCAN|TRACE : GETSCOM     :  pu.pec:k0:n0:s0:p00:c1 : 800002CD0D010C3F 0000000000000064
431.10589|SCAN|TRACE : PUTSCOM     :  pu.pec:k0:n0:s0:p00:c1 : 800002CD0D010C3F 0000000000000064
431.10594|SCAN|TRACE : GETSCOM     :  pu.pec:k0:n0:s0:p00:c1 : 800002E60D010C3F 0000000000008000
431.10599|SCAN|TRACE : PUTSCOM     :  pu.pec:k0:n0:s0:p00:c1 : 800002E60D010C3F 0000000000008000
431.10604|SCAN|TRACE : GETSCOM     :  pu.pec:k0:n0:s0:p00:c1 : 8000038D0D010C3F 0000000000000064
431.10609|SCAN|TRACE : PUTSCOM     :  pu.pec:k0:n0:s0:p00:c1 : 8000038D0D010C3F 0000000000000064
431.10614|SCAN|TRACE : GETSCOM     :  pu.pec:k0:n0:s0:p00:c1 : 800003A60D010C3F 0000000000008000
431.10618|SCAN|TRACE : PUTSCOM     :  pu.pec:k0:n0:s0:p00:c1 : 800003A60D010C3F 0000000000008000
431.10623|SCAN|TRACE : GETSCOM     :  pu.pec:k0:n0:s0:p00:c1 : 800003CD0D010C3F 0000000000000064
431.10628|SCAN|TRACE : PUTSCOM     :  pu.pec:k0:n0:s0:p00:c1 : 800003CD0D010C3F 0000000000000064
431.10633|SCAN|TRACE : GETSCOM     :  pu.pec:k0:n0:s0:p00:c1 : 800003E60D010C3F 0000000000008000
431.10638|SCAN|TRACE : PUTSCOM     :  pu.pec:k0:n0:s0:p00:c1 : 800003E60D010C3F 0000000000008000
431.10643|SCAN|TRACE : GETSCOM     :  pu.pec:k0:n0:s0:p00:c1 : 8000088D0D010C3F 0000000000000064
431.10648|SCAN|TRACE : PUTSCOM     :  pu.pec:k0:n0:s0:p00:c1 : 8000088D0D010C3F 0000000000000064
431.10653|SCAN|TRACE : GETSCOM     :  pu.pec:k0:n0:s0:p00:c1 : 800008A60D010C3F 0000000000008000
431.10658|SCAN|TRACE : PUTSCOM     :  pu.pec:k0:n0:s0:p00:c1 : 800008A60D010C3F 0000000000008000
431.10663|SCAN|TRACE : GETSCOM     :  pu.pec:k0:n0:s0:p00:c1 : 800008CD0D010C3F 0000000000000064
431.10668|SCAN|TRACE : PUTSCOM     :  pu.pec:k0:n0:s0:p00:c1 : 800008CD0D010C3F 0000000000000064
431.10673|SCAN|TRACE : GETSCOM     :  pu.pec:k0:n0:s0:p00:c1 : 800008E60D010C3F 0000000000008000
431.10678|SCAN|TRACE : PUTSCOM     :  pu.pec:k0:n0:s0:p00:c1 : 800008E60D010C3F 0000000000008000
431.10683|SCAN|TRACE : GETSCOM     :  pu.pec:k0:n0:s0:p00:c1 : 8000098D0D010C3F 0000000000000064
431.10688|SCAN|TRACE : PUTSCOM     :  pu.pec:k0:n0:s0:p00:c1 : 8000098D0D010C3F 0000000000000064
431.10694|SCAN|TRACE : GETSCOM     :  pu.pec:k0:n0:s0:p00:c1 : 800009A60D010C3F 0000000000008000
431.10699|SCAN|TRACE : PUTSCOM     :  pu.pec:k0:n0:s0:p00:c1 : 800009A60D010C3F 0000000000008000
431.10704|SCAN|TRACE : GETSCOM     :  pu.pec:k0:n0:s0:p00:c1 : 800009CD0D010C3F 0000000000000064
431.10709|SCAN|TRACE : PUTSCOM     :  pu.pec:k0:n0:s0:p00:c1 : 800009CD0D010C3F 0000000000000064
431.10714|SCAN|TRACE : GETSCOM     :  pu.pec:k0:n0:s0:p00:c1 : 800009E60D010C3F 0000000000008000
431.10719|SCAN|TRACE : PUTSCOM     :  pu.pec:k0:n0:s0:p00:c1 : 800009E60D010C3F 0000000000008000
431.10723|SCAN|TRACE : GETSCOM     :  pu.pec:k0:n0:s0:p00:c1 : 80000A8D0D010C3F 0000000000000064
431.10728|SCAN|TRACE : PUTSCOM     :  pu.pec:k0:n0:s0:p00:c1 : 80000A8D0D010C3F 0000000000000064
431.10734|SCAN|TRACE : GETSCOM     :  pu.pec:k0:n0:s0:p00:c1 : 80000AA60D010C3F 0000000000008000
431.10738|SCAN|TRACE : PUTSCOM     :  pu.pec:k0:n0:s0:p00:c1 : 80000AA60D010C3F 0000000000008000
431.10743|SCAN|TRACE : GETSCOM     :  pu.pec:k0:n0:s0:p00:c1 : 80000ACD0D010C3F 0000000000000064
431.10748|SCAN|TRACE : PUTSCOM     :  pu.pec:k0:n0:s0:p00:c1 : 80000ACD0D010C3F 0000000000000064
431.10753|SCAN|TRACE : GETSCOM     :  pu.pec:k0:n0:s0:p00:c1 : 80000AE60D010C3F 0000000000008000
431.10758|SCAN|TRACE : PUTSCOM     :  pu.pec:k0:n0:s0:p00:c1 : 80000AE60D010C3F 0000000000008000
431.10763|SCAN|TRACE : GETSCOM     :  pu.pec:k0:n0:s0:p00:c1 : 80000B8D0D010C3F 0000000000000064
431.10768|SCAN|TRACE : PUTSCOM     :  pu.pec:k0:n0:s0:p00:c1 : 80000B8D0D010C3F 0000000000000064
431.10773|SCAN|TRACE : GETSCOM     :  pu.pec:k0:n0:s0:p00:c1 : 80000BA60D010C3F 0000000000008000
431.10778|SCAN|TRACE : PUTSCOM     :  pu.pec:k0:n0:s0:p00:c1 : 80000BA60D010C3F 0000000000008000
431.10783|SCAN|TRACE : GETSCOM     :  pu.pec:k0:n0:s0:p00:c1 : 80000BCD0D010C3F 0000000000000064
431.10788|SCAN|TRACE : PUTSCOM     :  pu.pec:k0:n0:s0:p00:c1 : 80000BCD0D010C3F 0000000000000064
431.10793|SCAN|TRACE : GETSCOM     :  pu.pec:k0:n0:s0:p00:c1 : 80000BE60D010C3F 0000000000008000
431.10798|SCAN|TRACE : PUTSCOM     :  pu.pec:k0:n0:s0:p00:c1 : 80000BE60D010C3F 0000000000008000
431.10802|SCAN|TRACE : GETSCOM     :  pu.pec:k0:n0:s0:p00:c1 : 800004A70D010C3F 000000000000008B
431.10808|SCAN|TRACE : PUTSCOM     :  pu.pec:k0:n0:s0:p00:c1 : 800004A70D010C3F 000000000000008B
431.10813|SCAN|TRACE : PUTSCOM     :  pu.pec:k0:n0:s0:p00:c1 : 800004800D010C3F 000000000000A805
431.10817|SCAN|TRACE : GETSCOM     :  pu.pec:k0:n0:s0:p00:c1 : 800004B30D010C3F 0000000000000047
431.10822|SCAN|TRACE : PUTSCOM     :  pu.pec:k0:n0:s0:p00:c1 : 800004B30D010C3F 0000000000000047
431.10827|SCAN|TRACE : GETSCOM     :  pu.pec:k0:n0:s0:p00:c1 : 8000008D0D010C3F 0000000000000064
431.10832|SCAN|TRACE : PUTSCOM     :  pu.pec:k0:n0:s0:p00:c1 : 8000008D0D010C3F 0000000000000064
431.10837|SCAN|TRACE : GETSCOM     :  pu.pec:k0:n0:s0:p00:c1 : 800000A60D010C3F 0000000000008000
431.10842|SCAN|TRACE : PUTSCOM     :  pu.pec:k0:n0:s0:p00:c1 : 800000A60D010C3F 0000000000008000
431.10847|SCAN|TRACE : GETSCOM     :  pu.pec:k0:n0:s0:p00:c1 : 800000CD0D010C3F 0000000000000064
431.10852|SCAN|TRACE : PUTSCOM     :  pu.pec:k0:n0:s0:p00:c1 : 800000CD0D010C3F 0000000000000064
431.10857|SCAN|TRACE : GETSCOM     :  pu.pec:k0:n0:s0:p00:c1 : 800000E60D010C3F 0000000000008000
431.10862|SCAN|TRACE : PUTSCOM     :  pu.pec:k0:n0:s0:p00:c1 : 800000E60D010C3F 0000000000008000
431.10866|SCAN|TRACE : GETSCOM     :  pu.pec:k0:n0:s0:p00:c1 : 8000018D0D010C3F 0000000000000064
431.10871|SCAN|TRACE : PUTSCOM     :  pu.pec:k0:n0:s0:p00:c1 : 8000018D0D010C3F 0000000000000064
431.10876|SCAN|TRACE : GETSCOM     :  pu.pec:k0:n0:s0:p00:c1 : 800001A60D010C3F 0000000000008000
431.10881|SCAN|TRACE : PUTSCOM     :  pu.pec:k0:n0:s0:p00:c1 : 800001A60D010C3F 0000000000008000
431.10885|SCAN|TRACE : GETSCOM     :  pu.pec:k0:n0:s0:p00:c1 : 800001CD0D010C3F 0000000000000064
431.10890|SCAN|TRACE : PUTSCOM     :  pu.pec:k0:n0:s0:p00:c1 : 800001CD0D010C3F 0000000000000064
431.10895|SCAN|TRACE : GETSCOM     :  pu.pec:k0:n0:s0:p00:c1 : 800001E60D010C3F 0000000000008000
431.10900|SCAN|TRACE : PUTSCOM     :  pu.pec:k0:n0:s0:p00:c1 : 800001E60D010C3F 0000000000008000
431.10905|SCAN|TRACE : GETSCOM     :  pu.pec:k0:n0:s0:p00:c1 : 8000028D0D010C3F 0000000000000064
431.10910|SCAN|TRACE : PUTSCOM     :  pu.pec:k0:n0:s0:p00:c1 : 8000028D0D010C3F 0000000000000064
431.10915|SCAN|TRACE : GETSCOM     :  pu.pec:k0:n0:s0:p00:c1 : 800002A60D010C3F 0000000000008000
431.10920|SCAN|TRACE : PUTSCOM     :  pu.pec:k0:n0:s0:p00:c1 : 800002A60D010C3F 0000000000008000
431.10925|SCAN|TRACE : GETSCOM     :  pu.pec:k0:n0:s0:p00:c1 : 800002CD0D010C3F 0000000000000064
431.10929|SCAN|TRACE : PUTSCOM     :  pu.pec:k0:n0:s0:p00:c1 : 800002CD0D010C3F 0000000000000064
431.10934|SCAN|TRACE : GETSCOM     :  pu.pec:k0:n0:s0:p00:c1 : 800002E60D010C3F 0000000000008000
431.10939|SCAN|TRACE : PUTSCOM     :  pu.pec:k0:n0:s0:p00:c1 : 800002E60D010C3F 0000000000008000
431.10944|SCAN|TRACE : GETSCOM     :  pu.pec:k0:n0:s0:p00:c1 : 8000038D0D010C3F 0000000000000064
431.10949|SCAN|TRACE : PUTSCOM     :  pu.pec:k0:n0:s0:p00:c1 : 8000038D0D010C3F 0000000000000064
431.10954|SCAN|TRACE : GETSCOM     :  pu.pec:k0:n0:s0:p00:c1 : 800003A60D010C3F 0000000000008000
431.10959|SCAN|TRACE : PUTSCOM     :  pu.pec:k0:n0:s0:p00:c1 : 800003A60D010C3F 0000000000008000
431.10964|SCAN|TRACE : GETSCOM     :  pu.pec:k0:n0:s0:p00:c1 : 800003CD0D010C3F 0000000000000064
431.10969|SCAN|TRACE : PUTSCOM     :  pu.pec:k0:n0:s0:p00:c1 : 800003CD0D010C3F 0000000000000064
431.10973|SCAN|TRACE : GETSCOM     :  pu.pec:k0:n0:s0:p00:c1 : 800003E60D010C3F 0000000000008000
431.10978|SCAN|TRACE : PUTSCOM     :  pu.pec:k0:n0:s0:p00:c1 : 800003E60D010C3F 0000000000008000
431.10983|SCAN|TRACE : GETSCOM     :  pu.pec:k0:n0:s0:p00:c1 : 8000088D0D010C3F 0000000000000064
431.10988|SCAN|TRACE : PUTSCOM     :  pu.pec:k0:n0:s0:p00:c1 : 8000088D0D010C3F 0000000000000064
431.10992|SCAN|TRACE : GETSCOM     :  pu.pec:k0:n0:s0:p00:c1 : 800008A60D010C3F 0000000000008000
431.10997|SCAN|TRACE : PUTSCOM     :  pu.pec:k0:n0:s0:p00:c1 : 800008A60D010C3F 0000000000008000
431.11002|SCAN|TRACE : GETSCOM     :  pu.pec:k0:n0:s0:p00:c1 : 800008CD0D010C3F 0000000000000064
431.11007|SCAN|TRACE : PUTSCOM     :  pu.pec:k0:n0:s0:p00:c1 : 800008CD0D010C3F 0000000000000064
431.11011|SCAN|TRACE : GETSCOM     :  pu.pec:k0:n0:s0:p00:c1 : 800008E60D010C3F 0000000000008000
431.11016|SCAN|TRACE : PUTSCOM     :  pu.pec:k0:n0:s0:p00:c1 : 800008E60D010C3F 0000000000008000
431.11021|SCAN|TRACE : GETSCOM     :  pu.pec:k0:n0:s0:p00:c1 : 8000098D0D010C3F 0000000000000064
431.11026|SCAN|TRACE : PUTSCOM     :  pu.pec:k0:n0:s0:p00:c1 : 8000098D0D010C3F 0000000000000064
431.11031|SCAN|TRACE : GETSCOM     :  pu.pec:k0:n0:s0:p00:c1 : 800009A60D010C3F 0000000000008000
431.11036|SCAN|TRACE : PUTSCOM     :  pu.pec:k0:n0:s0:p00:c1 : 800009A60D010C3F 0000000000008000
431.11040|SCAN|TRACE : GETSCOM     :  pu.pec:k0:n0:s0:p00:c1 : 800009CD0D010C3F 0000000000000064
431.11045|SCAN|TRACE : PUTSCOM     :  pu.pec:k0:n0:s0:p00:c1 : 800009CD0D010C3F 0000000000000064
431.11050|SCAN|TRACE : GETSCOM     :  pu.pec:k0:n0:s0:p00:c1 : 800009E60D010C3F 0000000000008000
431.11055|SCAN|TRACE : PUTSCOM     :  pu.pec:k0:n0:s0:p00:c1 : 800009E60D010C3F 0000000000008000
431.11060|SCAN|TRACE : GETSCOM     :  pu.pec:k0:n0:s0:p00:c1 : 80000A8D0D010C3F 0000000000000064
431.11065|SCAN|TRACE : PUTSCOM     :  pu.pec:k0:n0:s0:p00:c1 : 80000A8D0D010C3F 0000000000000064
431.11070|SCAN|TRACE : GETSCOM     :  pu.pec:k0:n0:s0:p00:c1 : 80000AA60D010C3F 0000000000008000
431.11075|SCAN|TRACE : PUTSCOM     :  pu.pec:k0:n0:s0:p00:c1 : 80000AA60D010C3F 0000000000008000
431.11080|SCAN|TRACE : GETSCOM     :  pu.pec:k0:n0:s0:p00:c1 : 80000ACD0D010C3F 0000000000000064
431.11084|SCAN|TRACE : PUTSCOM     :  pu.pec:k0:n0:s0:p00:c1 : 80000ACD0D010C3F 0000000000000064
431.11090|SCAN|TRACE : GETSCOM     :  pu.pec:k0:n0:s0:p00:c1 : 80000AE60D010C3F 0000000000008000
431.11095|SCAN|TRACE : PUTSCOM     :  pu.pec:k0:n0:s0:p00:c1 : 80000AE60D010C3F 0000000000008000
431.11100|SCAN|TRACE : GETSCOM     :  pu.pec:k0:n0:s0:p00:c1 : 80000B8D0D010C3F 0000000000000064
431.11106|SCAN|TRACE : PUTSCOM     :  pu.pec:k0:n0:s0:p00:c1 : 80000B8D0D010C3F 0000000000000064
431.11110|SCAN|TRACE : GETSCOM     :  pu.pec:k0:n0:s0:p00:c1 : 80000BA60D010C3F 0000000000008000
431.11115|SCAN|TRACE : PUTSCOM     :  pu.pec:k0:n0:s0:p00:c1 : 80000BA60D010C3F 0000000000008000
431.11120|SCAN|TRACE : GETSCOM     :  pu.pec:k0:n0:s0:p00:c1 : 80000BCD0D010C3F 0000000000000064
431.11125|SCAN|TRACE : PUTSCOM     :  pu.pec:k0:n0:s0:p00:c1 : 80000BCD0D010C3F 0000000000000064
431.11130|SCAN|TRACE : GETSCOM     :  pu.pec:k0:n0:s0:p00:c1 : 80000BE60D010C3F 0000000000008000
431.11135|SCAN|TRACE : PUTSCOM     :  pu.pec:k0:n0:s0:p00:c1 : 80000BE60D010C3F 0000000000008000
431.11140|SCAN|TRACE : GETSCOM     :  pu.pec:k0:n0:s0:p00:c1 : 800004A70D010C3F 000000000000008B
431.11145|SCAN|TRACE : PUTSCOM     :  pu.pec:k0:n0:s0:p00:c1 : 800004A70D010C3F 000000000000008B
431.11150|SCAN|TRACE : PUTSCOM     :  pu.pec:k0:n0:s0:p00:c1 : 800004800D010C3F 000000000000B071
431.11155|SCAN|TRACE : GETSCOM     :  pu.pec:k0:n0:s0:p00:c1 : 800004B30D010C3F 0000000000000047
431.11160|SCAN|TRACE : PUTSCOM     :  pu.pec:k0:n0:s0:p00:c1 : 800004B30D010C3F 0000000000000047
431.11165|SCAN|TRACE : GETSCOM     :  pu.pec:k0:n0:s0:p00:c1 : 8000008D0D010C3F 0000000000000064
431.11170|SCAN|TRACE : PUTSCOM     :  pu.pec:k0:n0:s0:p00:c1 : 8000008D0D010C3F 0000000000000064
431.11174|SCAN|TRACE : GETSCOM     :  pu.pec:k0:n0:s0:p00:c1 : 800000A60D010C3F 0000000000008000
431.11179|SCAN|TRACE : PUTSCOM     :  pu.pec:k0:n0:s0:p00:c1 : 800000A60D010C3F 0000000000008000
431.11184|SCAN|TRACE : GETSCOM     :  pu.pec:k0:n0:s0:p00:c1 : 800000CD0D010C3F 0000000000000064
431.11189|SCAN|TRACE : PUTSCOM     :  pu.pec:k0:n0:s0:p00:c1 : 800000CD0D010C3F 0000000000000064
431.11194|SCAN|TRACE : GETSCOM     :  pu.pec:k0:n0:s0:p00:c1 : 800000E60D010C3F 0000000000008000
431.11199|SCAN|TRACE : PUTSCOM     :  pu.pec:k0:n0:s0:p00:c1 : 800000E60D010C3F 0000000000008000
431.11204|SCAN|TRACE : GETSCOM     :  pu.pec:k0:n0:s0:p00:c1 : 8000018D0D010C3F 0000000000000064
431.11208|SCAN|TRACE : PUTSCOM     :  pu.pec:k0:n0:s0:p00:c1 : 8000018D0D010C3F 0000000000000064
431.11213|SCAN|TRACE : GETSCOM     :  pu.pec:k0:n0:s0:p00:c1 : 800001A60D010C3F 0000000000008000
431.11218|SCAN|TRACE : PUTSCOM     :  pu.pec:k0:n0:s0:p00:c1 : 800001A60D010C3F 0000000000008000
431.11223|SCAN|TRACE : GETSCOM     :  pu.pec:k0:n0:s0:p00:c1 : 800001CD0D010C3F 0000000000000064
431.11227|SCAN|TRACE : PUTSCOM     :  pu.pec:k0:n0:s0:p00:c1 : 800001CD0D010C3F 0000000000000064
431.11232|SCAN|TRACE : GETSCOM     :  pu.pec:k0:n0:s0:p00:c1 : 800001E60D010C3F 0000000000008000
431.11237|SCAN|TRACE : PUTSCOM     :  pu.pec:k0:n0:s0:p00:c1 : 800001E60D010C3F 0000000000008000
431.11242|SCAN|TRACE : GETSCOM     :  pu.pec:k0:n0:s0:p00:c1 : 8000028D0D010C3F 0000000000000064
431.11246|SCAN|TRACE : PUTSCOM     :  pu.pec:k0:n0:s0:p00:c1 : 8000028D0D010C3F 0000000000000064
431.11251|SCAN|TRACE : GETSCOM     :  pu.pec:k0:n0:s0:p00:c1 : 800002A60D010C3F 0000000000008000
431.11256|SCAN|TRACE : PUTSCOM     :  pu.pec:k0:n0:s0:p00:c1 : 800002A60D010C3F 0000000000008000
431.11261|SCAN|TRACE : GETSCOM     :  pu.pec:k0:n0:s0:p00:c1 : 800002CD0D010C3F 0000000000000064
431.11266|SCAN|TRACE : PUTSCOM     :  pu.pec:k0:n0:s0:p00:c1 : 800002CD0D010C3F 0000000000000064
431.11271|SCAN|TRACE : GETSCOM     :  pu.pec:k0:n0:s0:p00:c1 : 800002E60D010C3F 0000000000008000
431.11276|SCAN|TRACE : PUTSCOM     :  pu.pec:k0:n0:s0:p00:c1 : 800002E60D010C3F 0000000000008000
431.11280|SCAN|TRACE : GETSCOM     :  pu.pec:k0:n0:s0:p00:c1 : 8000038D0D010C3F 0000000000000064
431.11285|SCAN|TRACE : PUTSCOM     :  pu.pec:k0:n0:s0:p00:c1 : 8000038D0D010C3F 0000000000000064
431.11290|SCAN|TRACE : GETSCOM     :  pu.pec:k0:n0:s0:p00:c1 : 800003A60D010C3F 0000000000008000
431.11295|SCAN|TRACE : PUTSCOM     :  pu.pec:k0:n0:s0:p00:c1 : 800003A60D010C3F 0000000000008000
431.11300|SCAN|TRACE : GETSCOM     :  pu.pec:k0:n0:s0:p00:c1 : 800003CD0D010C3F 0000000000000064
431.11305|SCAN|TRACE : PUTSCOM     :  pu.pec:k0:n0:s0:p00:c1 : 800003CD0D010C3F 0000000000000064
431.11310|SCAN|TRACE : GETSCOM     :  pu.pec:k0:n0:s0:p00:c1 : 800003E60D010C3F 0000000000008000
431.11316|SCAN|TRACE : PUTSCOM     :  pu.pec:k0:n0:s0:p00:c1 : 800003E60D010C3F 0000000000008000
431.11321|SCAN|TRACE : GETSCOM     :  pu.pec:k0:n0:s0:p00:c1 : 8000088D0D010C3F 0000000000000064
431.11326|SCAN|TRACE : PUTSCOM     :  pu.pec:k0:n0:s0:p00:c1 : 8000088D0D010C3F 0000000000000064
431.11330|SCAN|TRACE : GETSCOM     :  pu.pec:k0:n0:s0:p00:c1 : 800008A60D010C3F 0000000000008000
431.11335|SCAN|TRACE : PUTSCOM     :  pu.pec:k0:n0:s0:p00:c1 : 800008A60D010C3F 0000000000008000
431.11340|SCAN|TRACE : GETSCOM     :  pu.pec:k0:n0:s0:p00:c1 : 800008CD0D010C3F 0000000000000064
431.11345|SCAN|TRACE : PUTSCOM     :  pu.pec:k0:n0:s0:p00:c1 : 800008CD0D010C3F 0000000000000064
431.11351|SCAN|TRACE : GETSCOM     :  pu.pec:k0:n0:s0:p00:c1 : 800008E60D010C3F 0000000000008000
431.11355|SCAN|TRACE : PUTSCOM     :  pu.pec:k0:n0:s0:p00:c1 : 800008E60D010C3F 0000000000008000
431.11360|SCAN|TRACE : GETSCOM     :  pu.pec:k0:n0:s0:p00:c1 : 8000098D0D010C3F 0000000000000064
431.11365|SCAN|TRACE : PUTSCOM     :  pu.pec:k0:n0:s0:p00:c1 : 8000098D0D010C3F 0000000000000064
431.11370|SCAN|TRACE : GETSCOM     :  pu.pec:k0:n0:s0:p00:c1 : 800009A60D010C3F 0000000000008000
431.11374|SCAN|TRACE : PUTSCOM     :  pu.pec:k0:n0:s0:p00:c1 : 800009A60D010C3F 0000000000008000
431.11379|SCAN|TRACE : GETSCOM     :  pu.pec:k0:n0:s0:p00:c1 : 800009CD0D010C3F 0000000000000064
431.11384|SCAN|TRACE : PUTSCOM     :  pu.pec:k0:n0:s0:p00:c1 : 800009CD0D010C3F 0000000000000064
431.11388|SCAN|TRACE : GETSCOM     :  pu.pec:k0:n0:s0:p00:c1 : 800009E60D010C3F 0000000000008000
431.11393|SCAN|TRACE : PUTSCOM     :  pu.pec:k0:n0:s0:p00:c1 : 800009E60D010C3F 0000000000008000
431.11398|SCAN|TRACE : GETSCOM     :  pu.pec:k0:n0:s0:p00:c1 : 80000A8D0D010C3F 0000000000000064
431.11402|SCAN|TRACE : PUTSCOM     :  pu.pec:k0:n0:s0:p00:c1 : 80000A8D0D010C3F 0000000000000064
431.11407|SCAN|TRACE : GETSCOM     :  pu.pec:k0:n0:s0:p00:c1 : 80000AA60D010C3F 0000000000008000
431.11412|SCAN|TRACE : PUTSCOM     :  pu.pec:k0:n0:s0:p00:c1 : 80000AA60D010C3F 0000000000008000
431.11417|SCAN|TRACE : GETSCOM     :  pu.pec:k0:n0:s0:p00:c1 : 80000ACD0D010C3F 0000000000000064
431.11422|SCAN|TRACE : PUTSCOM     :  pu.pec:k0:n0:s0:p00:c1 : 80000ACD0D010C3F 0000000000000064
431.11427|SCAN|TRACE : GETSCOM     :  pu.pec:k0:n0:s0:p00:c1 : 80000AE60D010C3F 0000000000008000
431.11431|SCAN|TRACE : PUTSCOM     :  pu.pec:k0:n0:s0:p00:c1 : 80000AE60D010C3F 0000000000008000
431.11436|SCAN|TRACE : GETSCOM     :  pu.pec:k0:n0:s0:p00:c1 : 80000B8D0D010C3F 0000000000000064
431.11441|SCAN|TRACE : PUTSCOM     :  pu.pec:k0:n0:s0:p00:c1 : 80000B8D0D010C3F 0000000000000064
431.11445|SCAN|TRACE : GETSCOM     :  pu.pec:k0:n0:s0:p00:c1 : 80000BA60D010C3F 0000000000008000
431.11451|SCAN|TRACE : PUTSCOM     :  pu.pec:k0:n0:s0:p00:c1 : 80000BA60D010C3F 0000000000008000
431.11456|SCAN|TRACE : GETSCOM     :  pu.pec:k0:n0:s0:p00:c1 : 80000BCD0D010C3F 0000000000000064
431.11461|SCAN|TRACE : PUTSCOM     :  pu.pec:k0:n0:s0:p00:c1 : 80000BCD0D010C3F 0000000000000064
431.11466|SCAN|TRACE : GETSCOM     :  pu.pec:k0:n0:s0:p00:c1 : 80000BE60D010C3F 0000000000008000
431.11471|SCAN|TRACE : PUTSCOM     :  pu.pec:k0:n0:s0:p00:c1 : 80000BE60D010C3F 0000000000008000
431.11476|SCAN|TRACE : GETSCOM     :  pu.pec:k0:n0:s0:p00:c1 : 800004A70D010C3F 000000000000008B
431.11480|SCAN|TRACE : PUTSCOM     :  pu.pec:k0:n0:s0:p00:c1 : 800004A70D010C3F 000000000000008B
431.11486|SCAN|TRACE : PUTSCOM     :  pu.pec:k0:n0:s0:p00:c1 : 800004800D010C3F 000000000000B870
431.11490|SCAN|TRACE : GETSCOM     :  pu.pec:k0:n0:s0:p00:c1 : 800004B30D010C3F 0000000000000047
431.11495|SCAN|TRACE : PUTSCOM     :  pu.pec:k0:n0:s0:p00:c1 : 800004B30D010C3F 0000000000000047
431.11500|SCAN|TRACE : GETSCOM     :  pu.pec:k0:n0:s0:p00:c1 : 8000008D0D010C3F 0000000000000064
431.11505|SCAN|TRACE : PUTSCOM     :  pu.pec:k0:n0:s0:p00:c1 : 8000008D0D010C3F 0000000000000064
431.11509|SCAN|TRACE : GETSCOM     :  pu.pec:k0:n0:s0:p00:c1 : 800000A60D010C3F 0000000000008000
431.11515|SCAN|TRACE : PUTSCOM     :  pu.pec:k0:n0:s0:p00:c1 : 800000A60D010C3F 0000000000008000
431.11520|SCAN|TRACE : GETSCOM     :  pu.pec:k0:n0:s0:p00:c1 : 800000CD0D010C3F 0000000000000064
431.11525|SCAN|TRACE : PUTSCOM     :  pu.pec:k0:n0:s0:p00:c1 : 800000CD0D010C3F 0000000000000064
431.11530|SCAN|TRACE : GETSCOM     :  pu.pec:k0:n0:s0:p00:c1 : 800000E60D010C3F 0000000000008000
431.11535|SCAN|TRACE : PUTSCOM     :  pu.pec:k0:n0:s0:p00:c1 : 800000E60D010C3F 0000000000008000
431.11540|SCAN|TRACE : GETSCOM     :  pu.pec:k0:n0:s0:p00:c1 : 8000018D0D010C3F 0000000000000064
431.11545|SCAN|TRACE : PUTSCOM     :  pu.pec:k0:n0:s0:p00:c1 : 8000018D0D010C3F 0000000000000064
431.11550|SCAN|TRACE : GETSCOM     :  pu.pec:k0:n0:s0:p00:c1 : 800001A60D010C3F 0000000000008000
431.11555|SCAN|TRACE : PUTSCOM     :  pu.pec:k0:n0:s0:p00:c1 : 800001A60D010C3F 0000000000008000
431.11560|SCAN|TRACE : GETSCOM     :  pu.pec:k0:n0:s0:p00:c1 : 800001CD0D010C3F 0000000000000064
431.11565|SCAN|TRACE : PUTSCOM     :  pu.pec:k0:n0:s0:p00:c1 : 800001CD0D010C3F 0000000000000064
431.11570|SCAN|TRACE : GETSCOM     :  pu.pec:k0:n0:s0:p00:c1 : 800001E60D010C3F 0000000000008000
431.11575|SCAN|TRACE : PUTSCOM     :  pu.pec:k0:n0:s0:p00:c1 : 800001E60D010C3F 0000000000008000
431.11579|SCAN|TRACE : GETSCOM     :  pu.pec:k0:n0:s0:p00:c1 : 8000028D0D010C3F 0000000000000064
431.11584|SCAN|TRACE : PUTSCOM     :  pu.pec:k0:n0:s0:p00:c1 : 8000028D0D010C3F 0000000000000064
431.11589|SCAN|TRACE : GETSCOM     :  pu.pec:k0:n0:s0:p00:c1 : 800002A60D010C3F 0000000000008000
431.11594|SCAN|TRACE : PUTSCOM     :  pu.pec:k0:n0:s0:p00:c1 : 800002A60D010C3F 0000000000008000
431.11599|SCAN|TRACE : GETSCOM     :  pu.pec:k0:n0:s0:p00:c1 : 800002CD0D010C3F 0000000000000064
431.11604|SCAN|TRACE : PUTSCOM     :  pu.pec:k0:n0:s0:p00:c1 : 800002CD0D010C3F 0000000000000064
431.11609|SCAN|TRACE : GETSCOM     :  pu.pec:k0:n0:s0:p00:c1 : 800002E60D010C3F 0000000000008000
431.11614|SCAN|TRACE : PUTSCOM     :  pu.pec:k0:n0:s0:p00:c1 : 800002E60D010C3F 0000000000008000
431.11618|SCAN|TRACE : GETSCOM     :  pu.pec:k0:n0:s0:p00:c1 : 8000038D0D010C3F 0000000000000064
431.11623|SCAN|TRACE : PUTSCOM     :  pu.pec:k0:n0:s0:p00:c1 : 8000038D0D010C3F 0000000000000064
431.11628|SCAN|TRACE : GETSCOM     :  pu.pec:k0:n0:s0:p00:c1 : 800003A60D010C3F 0000000000008000
431.11632|SCAN|TRACE : PUTSCOM     :  pu.pec:k0:n0:s0:p00:c1 : 800003A60D010C3F 0000000000008000
431.11637|SCAN|TRACE : GETSCOM     :  pu.pec:k0:n0:s0:p00:c1 : 800003CD0D010C3F 0000000000000064
431.11642|SCAN|TRACE : PUTSCOM     :  pu.pec:k0:n0:s0:p00:c1 : 800003CD0D010C3F 0000000000000064
431.11646|SCAN|TRACE : GETSCOM     :  pu.pec:k0:n0:s0:p00:c1 : 800003E60D010C3F 0000000000008000
431.11652|SCAN|TRACE : PUTSCOM     :  pu.pec:k0:n0:s0:p00:c1 : 800003E60D010C3F 0000000000008000
431.11656|SCAN|TRACE : GETSCOM     :  pu.pec:k0:n0:s0:p00:c1 : 8000088D0D010C3F 0000000000000064
431.11661|SCAN|TRACE : PUTSCOM     :  pu.pec:k0:n0:s0:p00:c1 : 8000088D0D010C3F 0000000000000064
431.11666|SCAN|TRACE : GETSCOM     :  pu.pec:k0:n0:s0:p00:c1 : 800008A60D010C3F 0000000000008000
431.11671|SCAN|TRACE : PUTSCOM     :  pu.pec:k0:n0:s0:p00:c1 : 800008A60D010C3F 0000000000008000
431.11676|SCAN|TRACE : GETSCOM     :  pu.pec:k0:n0:s0:p00:c1 : 800008CD0D010C3F 0000000000000064
431.11681|SCAN|TRACE : PUTSCOM     :  pu.pec:k0:n0:s0:p00:c1 : 800008CD0D010C3F 0000000000000064
431.11686|SCAN|TRACE : GETSCOM     :  pu.pec:k0:n0:s0:p00:c1 : 800008E60D010C3F 0000000000008000
431.11690|SCAN|TRACE : PUTSCOM     :  pu.pec:k0:n0:s0:p00:c1 : 800008E60D010C3F 0000000000008000
431.11695|SCAN|TRACE : GETSCOM     :  pu.pec:k0:n0:s0:p00:c1 : 8000098D0D010C3F 0000000000000064
431.11700|SCAN|TRACE : PUTSCOM     :  pu.pec:k0:n0:s0:p00:c1 : 8000098D0D010C3F 0000000000000064
431.11705|SCAN|TRACE : GETSCOM     :  pu.pec:k0:n0:s0:p00:c1 : 800009A60D010C3F 0000000000008000
431.11710|SCAN|TRACE : PUTSCOM     :  pu.pec:k0:n0:s0:p00:c1 : 800009A60D010C3F 0000000000008000
431.11715|SCAN|TRACE : GETSCOM     :  pu.pec:k0:n0:s0:p00:c1 : 800009CD0D010C3F 0000000000000064
431.11721|SCAN|TRACE : PUTSCOM     :  pu.pec:k0:n0:s0:p00:c1 : 800009CD0D010C3F 0000000000000064
431.11726|SCAN|TRACE : GETSCOM     :  pu.pec:k0:n0:s0:p00:c1 : 800009E60D010C3F 0000000000008000
431.11731|SCAN|TRACE : PUTSCOM     :  pu.pec:k0:n0:s0:p00:c1 : 800009E60D010C3F 0000000000008000
431.11735|SCAN|TRACE : GETSCOM     :  pu.pec:k0:n0:s0:p00:c1 : 80000A8D0D010C3F 0000000000000064
431.11740|SCAN|TRACE : PUTSCOM     :  pu.pec:k0:n0:s0:p00:c1 : 80000A8D0D010C3F 0000000000000064
431.11745|SCAN|TRACE : GETSCOM     :  pu.pec:k0:n0:s0:p00:c1 : 80000AA60D010C3F 0000000000008000
431.11750|SCAN|TRACE : PUTSCOM     :  pu.pec:k0:n0:s0:p00:c1 : 80000AA60D010C3F 0000000000008000
431.11755|SCAN|TRACE : GETSCOM     :  pu.pec:k0:n0:s0:p00:c1 : 80000ACD0D010C3F 0000000000000064
431.11760|SCAN|TRACE : PUTSCOM     :  pu.pec:k0:n0:s0:p00:c1 : 80000ACD0D010C3F 0000000000000064
431.11764|SCAN|TRACE : GETSCOM     :  pu.pec:k0:n0:s0:p00:c1 : 80000AE60D010C3F 0000000000008000
431.11769|SCAN|TRACE : PUTSCOM     :  pu.pec:k0:n0:s0:p00:c1 : 80000AE60D010C3F 0000000000008000
431.11774|SCAN|TRACE : GETSCOM     :  pu.pec:k0:n0:s0:p00:c1 : 80000B8D0D010C3F 0000000000000064
431.11779|SCAN|TRACE : PUTSCOM     :  pu.pec:k0:n0:s0:p00:c1 : 80000B8D0D010C3F 0000000000000064
431.11784|SCAN|TRACE : GETSCOM     :  pu.pec:k0:n0:s0:p00:c1 : 80000BA60D010C3F 0000000000008000
431.11789|SCAN|TRACE : PUTSCOM     :  pu.pec:k0:n0:s0:p00:c1 : 80000BA60D010C3F 0000000000008000
431.11794|SCAN|TRACE : GETSCOM     :  pu.pec:k0:n0:s0:p00:c1 : 80000BCD0D010C3F 0000000000000064
431.11798|SCAN|TRACE : PUTSCOM     :  pu.pec:k0:n0:s0:p00:c1 : 80000BCD0D010C3F 0000000000000064
431.11803|SCAN|TRACE : GETSCOM     :  pu.pec:k0:n0:s0:p00:c1 : 80000BE60D010C3F 0000000000008000
431.11808|SCAN|TRACE : PUTSCOM     :  pu.pec:k0:n0:s0:p00:c1 : 80000BE60D010C3F 0000000000008000
431.11813|SCAN|TRACE : GETSCOM     :  pu.pec:k0:n0:s0:p00:c1 : 800004A70D010C3F 000000000000008B
431.11818|SCAN|TRACE : PUTSCOM     :  pu.pec:k0:n0:s0:p00:c1 : 800004A70D010C3F 000000000000008B
431.11823|SCAN|TRACE : GETSCOM     :  pu.pec:k0:n0:s0:p00:c1 : 800004820D010C3F 000000000000C800
431.11828|SCAN|TRACE : PUTSCOM     :  pu.pec:k0:n0:s0:p00:c1 : 800004820D010C3F 000000000000C800
431.11833|SCAN|TRACE : PUTSCOM     :  pu.pec:k0:n0:s0:p00:c1 : 800004800D010C3F 0000000000008600
431.11837|SCAN|TRACE : GETSCOM     :  pu.pec:k0:n0:s0:p00:c1 : 8000050F0D010C3F 00000000000000F8
431.11842|SCAN|TRACE : PUTSCOM     :  pu.pec:k0:n0:s0:p00:c1 : 8000050F0D010C3F 00000000000000F8
431.11847|SCAN|TRACE : GETSCOM     :  pu.pec:k0:n0:s0:p00:c1 : 8000054F0D010C3F 00000000000000F8
431.11853|SCAN|TRACE : PUTSCOM     :  pu.pec:k0:n0:s0:p00:c1 : 8000054F0D010C3F 00000000000000F8
431.11858|SCAN|TRACE : PUTSCOM     :  pu.pec:k0:n0:s0:p00:c1 : 800004450D010C3F 0000000000000022
431.11863|SCAN|TRACE : PUTSCOM     :  pu.pec:k0:n0:s0:p00:c1 : 8000046C0D010C3F 000000000000AA7A
431.11868|SCAN|TRACE : PUTSCOM     :  pu.pec:k0:n0:s0:p00:c1 : 8000046D0D010C3F 0000000000002000
431.11873|SCAN|TRACE : GETSCOM     :  pu.pec:k0:n0:s0:p00:c1 : 800004700D010C3F 00000000000000FF
431.11878|SCAN|TRACE : PUTSCOM     :  pu.pec:k0:n0:s0:p00:c1 : 800004700D010C3F 00000000000000FF
431.11883|SCAN|TRACE : PUTSCOM     :  pu.pec:k0:n0:s0:p00:c1 : 8000048B0D010C3F 0000000000000000
431.11888|SCAN|TRACE : PUTSCOM     :  pu.pec:k0:n0:s0:p00:c1 : 8000048C0D010C3F 0000000000000000
431.11893|SCAN|TRACE : GETSCOM     :  pu.pec:k0:n0:s0:p00:c1 : 8000049F0D010C3F 0000000000006DFB
431.11898|SCAN|TRACE : PUTSCOM     :  pu.pec:k0:n0:s0:p00:c1 : 8000049F0D010C3F 0000000000006DFB
431.11903|SCAN|TRACE : GETSCOM     :  pu.pec:k0:n0:s0:p00:c1 : 80000C000D010C3F 0000000000000000
431.11907|SCAN|TRACE : PUTSCOM     :  pu.pec:k0:n0:s0:p00:c1 : 80000C000D010C3F 0000000000000050
431.11913|SCAN|TRACE : GETSCOM     :  pu.pec:k0:n0:s0:p00:c1 : 80000C010D010C3F 0000000000000000
431.11918|SCAN|TRACE : PUTSCOM     :  pu.pec:k0:n0:s0:p00:c1 : 80000C010D010C3F 0000000000000000
431.11922|SCAN|TRACE : GETSCOM     :  pu.pec:k0:n0:s0:p00:c1 : 80000C010D010C3F 0000000000000000
431.11928|SCAN|TRACE : PUTSCOM     :  pu.pec:k0:n0:s0:p00:c1 : 80000C010D010C3F 0000000000000000
431.11933|SCAN|TRACE : GETSCOM     :  pu.pec:k0:n0:s0:p00:c1 : 80000C010D010C3F 0000000000000000
431.11938|SCAN|TRACE : PUTSCOM     :  pu.pec:k0:n0:s0:p00:c1 : 80000C010D010C3F 0000000000000000
431.11943|SCAN|TRACE : GETSCOM     :  pu.pec:k0:n0:s0:p00:c1 : 80000C010D010C3F 0000000000000000
431.11948|SCAN|TRACE : PUTSCOM     :  pu.pec:k0:n0:s0:p00:c1 : 80000C010D010C3F 0000000000000000
431.11953|SCAN|TRACE : PUTSCOM     :  pu.pec:k0:n0:s0:p00:c1 : 000000000D000029 0000000800000000
431.11958|SCAN|TRACE : PUTSCOM     :  pu.pec:k0:n0:s0:p00:c2 : 000000000D000019 0020000000000000
431.11963|SCAN|TRACE : PUTSCOM     :  pu.pec:k0:n0:s0:p00:c2 : 000000000D000019 0000000000000000
431.11968|SCAN|TRACE : PUTSCOM     :  pu.pec:k0:n0:s0:p00:c2 : 000000000D000019 0E00000000000000
431.11972|SCAN|TRACE : PUTSCOM     :  pu.pec:k0:n0:s0:p00:c2 : 000000000D000010 0000000080000000
431.11977|SCAN|TRACE : PUTSCOM     :  pu.pec:k0:n0:s0:p00:c2 : 000000000D000029 0000000400000000
431.11981|SCAN|TRACE : PUTSCOM     :  pu.pec:k0:n0:s0:p00:c2 : 000000000D000019 0000000400000000
431.11986|SCAN|TRACE : PUTSCOM     :  pu.pec:k0:n0:s0:p00:c2 : 000000000D000029 0000000400000000
431.11992|SCAN|TRACE : GETSCOM     :  pu.pec:k0:n0:s0:p00:c2 : 800005010D010C3F 0000000000000034
431.11996|SCAN|TRACE : GETSCOM     :  pu.pec:k0:n0:s0:p00:c2 : 800005410D010C3F 0000000000000034
431.12001|SCAN|TRACE : PUTSCOM     :  pu.pec:k0:n0:s0:p00:c2 : 000000000D010C06 0000000000000000
431.12005|SCAN|TRACE : PUTSCOM     :  pu.pec:k0:n0:s0:p00:c2 : 000000000D010C07 E000000000000000
431.12009|SCAN|TRACE : PUTSCOM     :  pu.pec:k0:n0:s0:p00:c2 : 000000000D010C03 1FFFFFFFF8000000
431.12015|SCAN|TRACE : PUTSCOM     :  pu.pec:k0:n0:s0:p00:c2 : 800004800D010C3F 000000000000A006
431.12020|SCAN|TRACE : GETSCOM     :  pu.pec:k0:n0:s0:p00:c2 : 800004B30D010C3F 0000000000000056
431.12025|SCAN|TRACE : PUTSCOM     :  pu.pec:k0:n0:s0:p00:c2 : 800004B30D010C3F 0000000000000056
431.12030|SCAN|TRACE : GETSCOM     :  pu.pec:k0:n0:s0:p00:c2 : 8000008D0D010C3F 0000000000000064
431.12035|SCAN|TRACE : PUTSCOM     :  pu.pec:k0:n0:s0:p00:c2 : 8000008D0D010C3F 0000000000000064
431.12040|SCAN|TRACE : GETSCOM     :  pu.pec:k0:n0:s0:p00:c2 : 800000A60D010C3F 0000000000008000
431.12045|SCAN|TRACE : PUTSCOM     :  pu.pec:k0:n0:s0:p00:c2 : 800000A60D010C3F 0000000000008000
431.12050|SCAN|TRACE : GETSCOM     :  pu.pec:k0:n0:s0:p00:c2 : 800000CD0D010C3F 0000000000000064
431.12055|SCAN|TRACE : PUTSCOM     :  pu.pec:k0:n0:s0:p00:c2 : 800000CD0D010C3F 0000000000000064
431.12060|SCAN|TRACE : GETSCOM     :  pu.pec:k0:n0:s0:p00:c2 : 800000E60D010C3F 0000000000008000
431.12064|SCAN|TRACE : PUTSCOM     :  pu.pec:k0:n0:s0:p00:c2 : 800000E60D010C3F 0000000000008000
431.12069|SCAN|TRACE : GETSCOM     :  pu.pec:k0:n0:s0:p00:c2 : 8000018D0D010C3F 0000000000000064
431.12074|SCAN|TRACE : PUTSCOM     :  pu.pec:k0:n0:s0:p00:c2 : 8000018D0D010C3F 0000000000000064
431.12079|SCAN|TRACE : GETSCOM     :  pu.pec:k0:n0:s0:p00:c2 : 800001A60D010C3F 0000000000008000
431.12084|SCAN|TRACE : PUTSCOM     :  pu.pec:k0:n0:s0:p00:c2 : 800001A60D010C3F 0000000000008000
431.12089|SCAN|TRACE : GETSCOM     :  pu.pec:k0:n0:s0:p00:c2 : 800001CD0D010C3F 0000000000000064
431.12093|SCAN|TRACE : PUTSCOM     :  pu.pec:k0:n0:s0:p00:c2 : 800001CD0D010C3F 0000000000000064
431.12098|SCAN|TRACE : GETSCOM     :  pu.pec:k0:n0:s0:p00:c2 : 800001E60D010C3F 0000000000008000
431.12103|SCAN|TRACE : PUTSCOM     :  pu.pec:k0:n0:s0:p00:c2 : 800001E60D010C3F 0000000000008000
431.12108|SCAN|TRACE : GETSCOM     :  pu.pec:k0:n0:s0:p00:c2 : 8000028D0D010C3F 0000000000000064
431.12112|SCAN|TRACE : PUTSCOM     :  pu.pec:k0:n0:s0:p00:c2 : 8000028D0D010C3F 0000000000000064
431.12118|SCAN|TRACE : GETSCOM     :  pu.pec:k0:n0:s0:p00:c2 : 800002A60D010C3F 0000000000008000
431.12122|SCAN|TRACE : PUTSCOM     :  pu.pec:k0:n0:s0:p00:c2 : 800002A60D010C3F 0000000000008000
431.12127|SCAN|TRACE : GETSCOM     :  pu.pec:k0:n0:s0:p00:c2 : 800002CD0D010C3F 0000000000000064
431.12134|SCAN|TRACE : PUTSCOM     :  pu.pec:k0:n0:s0:p00:c2 : 800002CD0D010C3F 0000000000000064
431.12139|SCAN|TRACE : GETSCOM     :  pu.pec:k0:n0:s0:p00:c2 : 800002E60D010C3F 0000000000008000
431.12144|SCAN|TRACE : PUTSCOM     :  pu.pec:k0:n0:s0:p00:c2 : 800002E60D010C3F 0000000000008000
431.12149|SCAN|TRACE : GETSCOM     :  pu.pec:k0:n0:s0:p00:c2 : 8000038D0D010C3F 0000000000000064
431.12154|SCAN|TRACE : PUTSCOM     :  pu.pec:k0:n0:s0:p00:c2 : 8000038D0D010C3F 0000000000000064
431.12159|SCAN|TRACE : GETSCOM     :  pu.pec:k0:n0:s0:p00:c2 : 800003A60D010C3F 0000000000008000
431.12163|SCAN|TRACE : PUTSCOM     :  pu.pec:k0:n0:s0:p00:c2 : 800003A60D010C3F 0000000000008000
431.12168|SCAN|TRACE : GETSCOM     :  pu.pec:k0:n0:s0:p00:c2 : 800003CD0D010C3F 0000000000000064
431.12173|SCAN|TRACE : PUTSCOM     :  pu.pec:k0:n0:s0:p00:c2 : 800003CD0D010C3F 0000000000000064
431.12178|SCAN|TRACE : GETSCOM     :  pu.pec:k0:n0:s0:p00:c2 : 800003E60D010C3F 0000000000008000
431.12182|SCAN|TRACE : PUTSCOM     :  pu.pec:k0:n0:s0:p00:c2 : 800003E60D010C3F 0000000000008000
431.12187|SCAN|TRACE : GETSCOM     :  pu.pec:k0:n0:s0:p00:c2 : 8000088D0D010C3F 0000000000000064
431.12192|SCAN|TRACE : PUTSCOM     :  pu.pec:k0:n0:s0:p00:c2 : 8000088D0D010C3F 0000000000000064
431.12197|SCAN|TRACE : GETSCOM     :  pu.pec:k0:n0:s0:p00:c2 : 800008A60D010C3F 0000000000008000
431.12201|SCAN|TRACE : PUTSCOM     :  pu.pec:k0:n0:s0:p00:c2 : 800008A60D010C3F 0000000000008000
431.12206|SCAN|TRACE : GETSCOM     :  pu.pec:k0:n0:s0:p00:c2 : 800008CD0D010C3F 0000000000000064
431.12211|SCAN|TRACE : PUTSCOM     :  pu.pec:k0:n0:s0:p00:c2 : 800008CD0D010C3F 0000000000000064
431.12216|SCAN|TRACE : GETSCOM     :  pu.pec:k0:n0:s0:p00:c2 : 800008E60D010C3F 0000000000008000
431.12221|SCAN|TRACE : PUTSCOM     :  pu.pec:k0:n0:s0:p00:c2 : 800008E60D010C3F 0000000000008000
431.12226|SCAN|TRACE : GETSCOM     :  pu.pec:k0:n0:s0:p00:c2 : 8000098D0D010C3F 0000000000000064
431.12232|SCAN|TRACE : PUTSCOM     :  pu.pec:k0:n0:s0:p00:c2 : 8000098D0D010C3F 0000000000000064
431.12237|SCAN|TRACE : GETSCOM     :  pu.pec:k0:n0:s0:p00:c2 : 800009A60D010C3F 0000000000008000
431.12242|SCAN|TRACE : PUTSCOM     :  pu.pec:k0:n0:s0:p00:c2 : 800009A60D010C3F 0000000000008000
431.12247|SCAN|TRACE : GETSCOM     :  pu.pec:k0:n0:s0:p00:c2 : 800009CD0D010C3F 0000000000000064
431.12252|SCAN|TRACE : PUTSCOM     :  pu.pec:k0:n0:s0:p00:c2 : 800009CD0D010C3F 0000000000000064
431.12257|SCAN|TRACE : GETSCOM     :  pu.pec:k0:n0:s0:p00:c2 : 800009E60D010C3F 0000000000008000
431.12262|SCAN|TRACE : PUTSCOM     :  pu.pec:k0:n0:s0:p00:c2 : 800009E60D010C3F 0000000000008000
431.12267|SCAN|TRACE : GETSCOM     :  pu.pec:k0:n0:s0:p00:c2 : 80000A8D0D010C3F 0000000000000064
431.12272|SCAN|TRACE : PUTSCOM     :  pu.pec:k0:n0:s0:p00:c2 : 80000A8D0D010C3F 0000000000000064
431.12276|SCAN|TRACE : GETSCOM     :  pu.pec:k0:n0:s0:p00:c2 : 80000AA60D010C3F 0000000000008000
431.12281|SCAN|TRACE : PUTSCOM     :  pu.pec:k0:n0:s0:p00:c2 : 80000AA60D010C3F 0000000000008000
431.12286|SCAN|TRACE : GETSCOM     :  pu.pec:k0:n0:s0:p00:c2 : 80000ACD0D010C3F 0000000000000064
431.12291|SCAN|TRACE : PUTSCOM     :  pu.pec:k0:n0:s0:p00:c2 : 80000ACD0D010C3F 0000000000000064
431.12296|SCAN|TRACE : GETSCOM     :  pu.pec:k0:n0:s0:p00:c2 : 80000AE60D010C3F 0000000000008000
431.12300|SCAN|TRACE : PUTSCOM     :  pu.pec:k0:n0:s0:p00:c2 : 80000AE60D010C3F 0000000000008000
431.12305|SCAN|TRACE : GETSCOM     :  pu.pec:k0:n0:s0:p00:c2 : 80000B8D0D010C3F 0000000000000064
431.12310|SCAN|TRACE : PUTSCOM     :  pu.pec:k0:n0:s0:p00:c2 : 80000B8D0D010C3F 0000000000000064
431.12315|SCAN|TRACE : GETSCOM     :  pu.pec:k0:n0:s0:p00:c2 : 80000BA60D010C3F 0000000000008000
431.12320|SCAN|TRACE : PUTSCOM     :  pu.pec:k0:n0:s0:p00:c2 : 80000BA60D010C3F 0000000000008000
431.12325|SCAN|TRACE : GETSCOM     :  pu.pec:k0:n0:s0:p00:c2 : 80000BCD0D010C3F 0000000000000064
431.12330|SCAN|TRACE : PUTSCOM     :  pu.pec:k0:n0:s0:p00:c2 : 80000BCD0D010C3F 0000000000000064
431.12336|SCAN|TRACE : GETSCOM     :  pu.pec:k0:n0:s0:p00:c2 : 80000BE60D010C3F 0000000000008000
431.12341|SCAN|TRACE : PUTSCOM     :  pu.pec:k0:n0:s0:p00:c2 : 80000BE60D010C3F 0000000000008000
431.12346|SCAN|TRACE : GETSCOM     :  pu.pec:k0:n0:s0:p00:c2 : 800004A70D010C3F 000000000000008B
431.12351|SCAN|TRACE : PUTSCOM     :  pu.pec:k0:n0:s0:p00:c2 : 800004A70D010C3F 000000000000008B
431.12356|SCAN|TRACE : PUTSCOM     :  pu.pec:k0:n0:s0:p00:c2 : 800004800D010C3F 000000000000A805
431.12361|SCAN|TRACE : GETSCOM     :  pu.pec:k0:n0:s0:p00:c2 : 800004B30D010C3F 0000000000000047
431.12366|SCAN|TRACE : PUTSCOM     :  pu.pec:k0:n0:s0:p00:c2 : 800004B30D010C3F 0000000000000047
431.12371|SCAN|TRACE : GETSCOM     :  pu.pec:k0:n0:s0:p00:c2 : 8000008D0D010C3F 0000000000000064
431.12376|SCAN|TRACE : PUTSCOM     :  pu.pec:k0:n0:s0:p00:c2 : 8000008D0D010C3F 0000000000000064
431.12381|SCAN|TRACE : GETSCOM     :  pu.pec:k0:n0:s0:p00:c2 : 800000A60D010C3F 0000000000008000
431.12386|SCAN|TRACE : PUTSCOM     :  pu.pec:k0:n0:s0:p00:c2 : 800000A60D010C3F 0000000000008000
431.12391|SCAN|TRACE : GETSCOM     :  pu.pec:k0:n0:s0:p00:c2 : 800000CD0D010C3F 0000000000000064
431.12396|SCAN|TRACE : PUTSCOM     :  pu.pec:k0:n0:s0:p00:c2 : 800000CD0D010C3F 0000000000000064
431.12401|SCAN|TRACE : GETSCOM     :  pu.pec:k0:n0:s0:p00:c2 : 800000E60D010C3F 0000000000008000
431.12405|SCAN|TRACE : PUTSCOM     :  pu.pec:k0:n0:s0:p00:c2 : 800000E60D010C3F 0000000000008000
431.12410|SCAN|TRACE : GETSCOM     :  pu.pec:k0:n0:s0:p00:c2 : 8000018D0D010C3F 0000000000000064
431.12415|SCAN|TRACE : PUTSCOM     :  pu.pec:k0:n0:s0:p00:c2 : 8000018D0D010C3F 0000000000000064
431.12420|SCAN|TRACE : GETSCOM     :  pu.pec:k0:n0:s0:p00:c2 : 800001A60D010C3F 0000000000008000
431.12425|SCAN|TRACE : PUTSCOM     :  pu.pec:k0:n0:s0:p00:c2 : 800001A60D010C3F 0000000000008000
431.12430|SCAN|TRACE : GETSCOM     :  pu.pec:k0:n0:s0:p00:c2 : 800001CD0D010C3F 0000000000000064
431.12435|SCAN|TRACE : PUTSCOM     :  pu.pec:k0:n0:s0:p00:c2 : 800001CD0D010C3F 0000000000000064
431.12440|SCAN|TRACE : GETSCOM     :  pu.pec:k0:n0:s0:p00:c2 : 800001E60D010C3F 0000000000008000
431.12445|SCAN|TRACE : PUTSCOM     :  pu.pec:k0:n0:s0:p00:c2 : 800001E60D010C3F 0000000000008000
431.12450|SCAN|TRACE : GETSCOM     :  pu.pec:k0:n0:s0:p00:c2 : 8000028D0D010C3F 0000000000000064
431.12455|SCAN|TRACE : PUTSCOM     :  pu.pec:k0:n0:s0:p00:c2 : 8000028D0D010C3F 0000000000000064
431.12460|SCAN|TRACE : GETSCOM     :  pu.pec:k0:n0:s0:p00:c2 : 800002A60D010C3F 0000000000008000
431.12465|SCAN|TRACE : PUTSCOM     :  pu.pec:k0:n0:s0:p00:c2 : 800002A60D010C3F 0000000000008000
431.12470|SCAN|TRACE : GETSCOM     :  pu.pec:k0:n0:s0:p00:c2 : 800002CD0D010C3F 0000000000000064
431.12475|SCAN|TRACE : PUTSCOM     :  pu.pec:k0:n0:s0:p00:c2 : 800002CD0D010C3F 0000000000000064
431.12480|SCAN|TRACE : GETSCOM     :  pu.pec:k0:n0:s0:p00:c2 : 800002E60D010C3F 0000000000008000
431.12485|SCAN|TRACE : PUTSCOM     :  pu.pec:k0:n0:s0:p00:c2 : 800002E60D010C3F 0000000000008000
431.12490|SCAN|TRACE : GETSCOM     :  pu.pec:k0:n0:s0:p00:c2 : 8000038D0D010C3F 0000000000000064
431.12494|SCAN|TRACE : PUTSCOM     :  pu.pec:k0:n0:s0:p00:c2 : 8000038D0D010C3F 0000000000000064
431.12499|SCAN|TRACE : GETSCOM     :  pu.pec:k0:n0:s0:p00:c2 : 800003A60D010C3F 0000000000008000
431.12504|SCAN|TRACE : PUTSCOM     :  pu.pec:k0:n0:s0:p00:c2 : 800003A60D010C3F 0000000000008000
431.12509|SCAN|TRACE : GETSCOM     :  pu.pec:k0:n0:s0:p00:c2 : 800003CD0D010C3F 0000000000000064
431.12514|SCAN|TRACE : PUTSCOM     :  pu.pec:k0:n0:s0:p00:c2 : 800003CD0D010C3F 0000000000000064
431.12519|SCAN|TRACE : GETSCOM     :  pu.pec:k0:n0:s0:p00:c2 : 800003E60D010C3F 0000000000008000
431.12524|SCAN|TRACE : PUTSCOM     :  pu.pec:k0:n0:s0:p00:c2 : 800003E60D010C3F 0000000000008000
431.12529|SCAN|TRACE : GETSCOM     :  pu.pec:k0:n0:s0:p00:c2 : 8000088D0D010C3F 0000000000000064
431.12534|SCAN|TRACE : PUTSCOM     :  pu.pec:k0:n0:s0:p00:c2 : 8000088D0D010C3F 0000000000000064
431.12539|SCAN|TRACE : GETSCOM     :  pu.pec:k0:n0:s0:p00:c2 : 800008A60D010C3F 0000000000008000
431.12543|SCAN|TRACE : PUTSCOM     :  pu.pec:k0:n0:s0:p00:c2 : 800008A60D010C3F 0000000000008000
431.12549|SCAN|TRACE : GETSCOM     :  pu.pec:k0:n0:s0:p00:c2 : 800008CD0D010C3F 0000000000000064
431.12554|SCAN|TRACE : PUTSCOM     :  pu.pec:k0:n0:s0:p00:c2 : 800008CD0D010C3F 0000000000000064
431.12559|SCAN|TRACE : GETSCOM     :  pu.pec:k0:n0:s0:p00:c2 : 800008E60D010C3F 0000000000008000
431.12564|SCAN|TRACE : PUTSCOM     :  pu.pec:k0:n0:s0:p00:c2 : 800008E60D010C3F 0000000000008000
431.12568|SCAN|TRACE : GETSCOM     :  pu.pec:k0:n0:s0:p00:c2 : 8000098D0D010C3F 0000000000000064
431.12574|SCAN|TRACE : PUTSCOM     :  pu.pec:k0:n0:s0:p00:c2 : 8000098D0D010C3F 0000000000000064
431.12578|SCAN|TRACE : GETSCOM     :  pu.pec:k0:n0:s0:p00:c2 : 800009A60D010C3F 0000000000008000
431.12583|SCAN|TRACE : PUTSCOM     :  pu.pec:k0:n0:s0:p00:c2 : 800009A60D010C3F 0000000000008000
431.12588|SCAN|TRACE : GETSCOM     :  pu.pec:k0:n0:s0:p00:c2 : 800009CD0D010C3F 0000000000000064
431.12593|SCAN|TRACE : PUTSCOM     :  pu.pec:k0:n0:s0:p00:c2 : 800009CD0D010C3F 0000000000000064
431.12598|SCAN|TRACE : GETSCOM     :  pu.pec:k0:n0:s0:p00:c2 : 800009E60D010C3F 0000000000008000
431.12603|SCAN|TRACE : PUTSCOM     :  pu.pec:k0:n0:s0:p00:c2 : 800009E60D010C3F 0000000000008000
431.12608|SCAN|TRACE : GETSCOM     :  pu.pec:k0:n0:s0:p00:c2 : 80000A8D0D010C3F 0000000000000064
431.12613|SCAN|TRACE : PUTSCOM     :  pu.pec:k0:n0:s0:p00:c2 : 80000A8D0D010C3F 0000000000000064
431.12618|SCAN|TRACE : GETSCOM     :  pu.pec:k0:n0:s0:p00:c2 : 80000AA60D010C3F 0000000000008000
431.12623|SCAN|TRACE : PUTSCOM     :  pu.pec:k0:n0:s0:p00:c2 : 80000AA60D010C3F 0000000000008000
431.12628|SCAN|TRACE : GETSCOM     :  pu.pec:k0:n0:s0:p00:c2 : 80000ACD0D010C3F 0000000000000064
431.12633|SCAN|TRACE : PUTSCOM     :  pu.pec:k0:n0:s0:p00:c2 : 80000ACD0D010C3F 0000000000000064
431.12638|SCAN|TRACE : GETSCOM     :  pu.pec:k0:n0:s0:p00:c2 : 80000AE60D010C3F 0000000000008000
431.12642|SCAN|TRACE : PUTSCOM     :  pu.pec:k0:n0:s0:p00:c2 : 80000AE60D010C3F 0000000000008000
431.12648|SCAN|TRACE : GETSCOM     :  pu.pec:k0:n0:s0:p00:c2 : 80000B8D0D010C3F 0000000000000064
431.12653|SCAN|TRACE : PUTSCOM     :  pu.pec:k0:n0:s0:p00:c2 : 80000B8D0D010C3F 0000000000000064
431.12658|SCAN|TRACE : GETSCOM     :  pu.pec:k0:n0:s0:p00:c2 : 80000BA60D010C3F 0000000000008000
431.12663|SCAN|TRACE : PUTSCOM     :  pu.pec:k0:n0:s0:p00:c2 : 80000BA60D010C3F 0000000000008000
431.12667|SCAN|TRACE : GETSCOM     :  pu.pec:k0:n0:s0:p00:c2 : 80000BCD0D010C3F 0000000000000064
431.12672|SCAN|TRACE : PUTSCOM     :  pu.pec:k0:n0:s0:p00:c2 : 80000BCD0D010C3F 0000000000000064
431.12678|SCAN|TRACE : GETSCOM     :  pu.pec:k0:n0:s0:p00:c2 : 80000BE60D010C3F 0000000000008000
431.12683|SCAN|TRACE : PUTSCOM     :  pu.pec:k0:n0:s0:p00:c2 : 80000BE60D010C3F 0000000000008000
431.12688|SCAN|TRACE : GETSCOM     :  pu.pec:k0:n0:s0:p00:c2 : 800004A70D010C3F 000000000000008B
431.12693|SCAN|TRACE : PUTSCOM     :  pu.pec:k0:n0:s0:p00:c2 : 800004A70D010C3F 000000000000008B
431.12697|SCAN|TRACE : PUTSCOM     :  pu.pec:k0:n0:s0:p00:c2 : 800004800D010C3F 000000000000B071
431.12702|SCAN|TRACE : GETSCOM     :  pu.pec:k0:n0:s0:p00:c2 : 800004B30D010C3F 0000000000000047
431.12707|SCAN|TRACE : PUTSCOM     :  pu.pec:k0:n0:s0:p00:c2 : 800004B30D010C3F 0000000000000047
431.12712|SCAN|TRACE : GETSCOM     :  pu.pec:k0:n0:s0:p00:c2 : 8000008D0D010C3F 0000000000000064
431.12717|SCAN|TRACE : PUTSCOM     :  pu.pec:k0:n0:s0:p00:c2 : 8000008D0D010C3F 0000000000000064
431.12722|SCAN|TRACE : GETSCOM     :  pu.pec:k0:n0:s0:p00:c2 : 800000A60D010C3F 0000000000008000
431.12727|SCAN|TRACE : PUTSCOM     :  pu.pec:k0:n0:s0:p00:c2 : 800000A60D010C3F 0000000000008000
431.12732|SCAN|TRACE : GETSCOM     :  pu.pec:k0:n0:s0:p00:c2 : 800000CD0D010C3F 0000000000000064
431.12736|SCAN|TRACE : PUTSCOM     :  pu.pec:k0:n0:s0:p00:c2 : 800000CD0D010C3F 0000000000000064
431.12741|SCAN|TRACE : GETSCOM     :  pu.pec:k0:n0:s0:p00:c2 : 800000E60D010C3F 0000000000008000
431.12746|SCAN|TRACE : PUTSCOM     :  pu.pec:k0:n0:s0:p00:c2 : 800000E60D010C3F 0000000000008000
431.12751|SCAN|TRACE : GETSCOM     :  pu.pec:k0:n0:s0:p00:c2 : 8000018D0D010C3F 0000000000000064
431.12757|SCAN|TRACE : PUTSCOM     :  pu.pec:k0:n0:s0:p00:c2 : 8000018D0D010C3F 0000000000000064
431.12761|SCAN|TRACE : GETSCOM     :  pu.pec:k0:n0:s0:p00:c2 : 800001A60D010C3F 0000000000008000
431.12766|SCAN|TRACE : PUTSCOM     :  pu.pec:k0:n0:s0:p00:c2 : 800001A60D010C3F 0000000000008000
431.12771|SCAN|TRACE : GETSCOM     :  pu.pec:k0:n0:s0:p00:c2 : 800001CD0D010C3F 0000000000000064
431.12776|SCAN|TRACE : PUTSCOM     :  pu.pec:k0:n0:s0:p00:c2 : 800001CD0D010C3F 0000000000000064
431.12781|SCAN|TRACE : GETSCOM     :  pu.pec:k0:n0:s0:p00:c2 : 800001E60D010C3F 0000000000008000
431.12786|SCAN|TRACE : PUTSCOM     :  pu.pec:k0:n0:s0:p00:c2 : 800001E60D010C3F 0000000000008000
431.12791|SCAN|TRACE : GETSCOM     :  pu.pec:k0:n0:s0:p00:c2 : 8000028D0D010C3F 0000000000000064
431.12796|SCAN|TRACE : PUTSCOM     :  pu.pec:k0:n0:s0:p00:c2 : 8000028D0D010C3F 0000000000000064
431.12800|SCAN|TRACE : GETSCOM     :  pu.pec:k0:n0:s0:p00:c2 : 800002A60D010C3F 0000000000008000
431.12805|SCAN|TRACE : PUTSCOM     :  pu.pec:k0:n0:s0:p00:c2 : 800002A60D010C3F 0000000000008000
431.12810|SCAN|TRACE : GETSCOM     :  pu.pec:k0:n0:s0:p00:c2 : 800002CD0D010C3F 0000000000000064
431.12815|SCAN|TRACE : PUTSCOM     :  pu.pec:k0:n0:s0:p00:c2 : 800002CD0D010C3F 0000000000000064
431.12820|SCAN|TRACE : GETSCOM     :  pu.pec:k0:n0:s0:p00:c2 : 800002E60D010C3F 0000000000008000
431.12824|SCAN|TRACE : PUTSCOM     :  pu.pec:k0:n0:s0:p00:c2 : 800002E60D010C3F 0000000000008000
431.12829|SCAN|TRACE : GETSCOM     :  pu.pec:k0:n0:s0:p00:c2 : 8000038D0D010C3F 0000000000000064
431.12834|SCAN|TRACE : PUTSCOM     :  pu.pec:k0:n0:s0:p00:c2 : 8000038D0D010C3F 0000000000000064
431.12839|SCAN|TRACE : GETSCOM     :  pu.pec:k0:n0:s0:p00:c2 : 800003A60D010C3F 0000000000008000
431.12844|SCAN|TRACE : PUTSCOM     :  pu.pec:k0:n0:s0:p00:c2 : 800003A60D010C3F 0000000000008000
431.12849|SCAN|TRACE : GETSCOM     :  pu.pec:k0:n0:s0:p00:c2 : 800003CD0D010C3F 0000000000000064
431.12854|SCAN|TRACE : PUTSCOM     :  pu.pec:k0:n0:s0:p00:c2 : 800003CD0D010C3F 0000000000000064
431.12859|SCAN|TRACE : GETSCOM     :  pu.pec:k0:n0:s0:p00:c2 : 800003E60D010C3F 0000000000008000
431.12864|SCAN|TRACE : PUTSCOM     :  pu.pec:k0:n0:s0:p00:c2 : 800003E60D010C3F 0000000000008000
431.12868|SCAN|TRACE : GETSCOM     :  pu.pec:k0:n0:s0:p00:c2 : 8000088D0D010C3F 0000000000000064
431.12873|SCAN|TRACE : PUTSCOM     :  pu.pec:k0:n0:s0:p00:c2 : 8000088D0D010C3F 0000000000000064
431.12878|SCAN|TRACE : GETSCOM     :  pu.pec:k0:n0:s0:p00:c2 : 800008A60D010C3F 0000000000008000
431.12883|SCAN|TRACE : PUTSCOM     :  pu.pec:k0:n0:s0:p00:c2 : 800008A60D010C3F 0000000000008000
431.12888|SCAN|TRACE : GETSCOM     :  pu.pec:k0:n0:s0:p00:c2 : 800008CD0D010C3F 0000000000000064
431.12893|SCAN|TRACE : PUTSCOM     :  pu.pec:k0:n0:s0:p00:c2 : 800008CD0D010C3F 0000000000000064
431.12898|SCAN|TRACE : GETSCOM     :  pu.pec:k0:n0:s0:p00:c2 : 800008E60D010C3F 0000000000008000
431.12903|SCAN|TRACE : PUTSCOM     :  pu.pec:k0:n0:s0:p00:c2 : 800008E60D010C3F 0000000000008000
431.12907|SCAN|TRACE : GETSCOM     :  pu.pec:k0:n0:s0:p00:c2 : 8000098D0D010C3F 0000000000000064
431.12912|SCAN|TRACE : PUTSCOM     :  pu.pec:k0:n0:s0:p00:c2 : 8000098D0D010C3F 0000000000000064
431.12917|SCAN|TRACE : GETSCOM     :  pu.pec:k0:n0:s0:p00:c2 : 800009A60D010C3F 0000000000008000
431.12922|SCAN|TRACE : PUTSCOM     :  pu.pec:k0:n0:s0:p00:c2 : 800009A60D010C3F 0000000000008000
431.12927|SCAN|TRACE : GETSCOM     :  pu.pec:k0:n0:s0:p00:c2 : 800009CD0D010C3F 0000000000000064
431.12932|SCAN|TRACE : PUTSCOM     :  pu.pec:k0:n0:s0:p00:c2 : 800009CD0D010C3F 0000000000000064
431.12936|SCAN|TRACE : GETSCOM     :  pu.pec:k0:n0:s0:p00:c2 : 800009E60D010C3F 0000000000008000
431.12941|SCAN|TRACE : PUTSCOM     :  pu.pec:k0:n0:s0:p00:c2 : 800009E60D010C3F 0000000000008000
431.12946|SCAN|TRACE : GETSCOM     :  pu.pec:k0:n0:s0:p00:c2 : 80000A8D0D010C3F 0000000000000064
431.12951|SCAN|TRACE : PUTSCOM     :  pu.pec:k0:n0:s0:p00:c2 : 80000A8D0D010C3F 0000000000000064
431.12956|SCAN|TRACE : GETSCOM     :  pu.pec:k0:n0:s0:p00:c2 : 80000AA60D010C3F 0000000000008000
431.12961|SCAN|TRACE : PUTSCOM     :  pu.pec:k0:n0:s0:p00:c2 : 80000AA60D010C3F 0000000000008000
431.12966|SCAN|TRACE : GETSCOM     :  pu.pec:k0:n0:s0:p00:c2 : 80000ACD0D010C3F 0000000000000064
431.12972|SCAN|TRACE : PUTSCOM     :  pu.pec:k0:n0:s0:p00:c2 : 80000ACD0D010C3F 0000000000000064
431.12976|SCAN|TRACE : GETSCOM     :  pu.pec:k0:n0:s0:p00:c2 : 80000AE60D010C3F 0000000000008000
431.12981|SCAN|TRACE : PUTSCOM     :  pu.pec:k0:n0:s0:p00:c2 : 80000AE60D010C3F 0000000000008000
431.12986|SCAN|TRACE : GETSCOM     :  pu.pec:k0:n0:s0:p00:c2 : 80000B8D0D010C3F 0000000000000064
431.12991|SCAN|TRACE : PUTSCOM     :  pu.pec:k0:n0:s0:p00:c2 : 80000B8D0D010C3F 0000000000000064
431.12996|SCAN|TRACE : GETSCOM     :  pu.pec:k0:n0:s0:p00:c2 : 80000BA60D010C3F 0000000000008000
431.13001|SCAN|TRACE : PUTSCOM     :  pu.pec:k0:n0:s0:p00:c2 : 80000BA60D010C3F 0000000000008000
431.13006|SCAN|TRACE : GETSCOM     :  pu.pec:k0:n0:s0:p00:c2 : 80000BCD0D010C3F 0000000000000064
431.13011|SCAN|TRACE : PUTSCOM     :  pu.pec:k0:n0:s0:p00:c2 : 80000BCD0D010C3F 0000000000000064
431.13016|SCAN|TRACE : GETSCOM     :  pu.pec:k0:n0:s0:p00:c2 : 80000BE60D010C3F 0000000000008000
431.13021|SCAN|TRACE : PUTSCOM     :  pu.pec:k0:n0:s0:p00:c2 : 80000BE60D010C3F 0000000000008000
431.13026|SCAN|TRACE : GETSCOM     :  pu.pec:k0:n0:s0:p00:c2 : 800004A70D010C3F 000000000000008B
431.13031|SCAN|TRACE : PUTSCOM     :  pu.pec:k0:n0:s0:p00:c2 : 800004A70D010C3F 000000000000008B
431.13036|SCAN|TRACE : PUTSCOM     :  pu.pec:k0:n0:s0:p00:c2 : 800004800D010C3F 000000000000B870
431.13041|SCAN|TRACE : GETSCOM     :  pu.pec:k0:n0:s0:p00:c2 : 800004B30D010C3F 0000000000000047
431.13046|SCAN|TRACE : PUTSCOM     :  pu.pec:k0:n0:s0:p00:c2 : 800004B30D010C3F 0000000000000047
431.13051|SCAN|TRACE : GETSCOM     :  pu.pec:k0:n0:s0:p00:c2 : 8000008D0D010C3F 0000000000000064
431.13056|SCAN|TRACE : PUTSCOM     :  pu.pec:k0:n0:s0:p00:c2 : 8000008D0D010C3F 0000000000000064
431.13061|SCAN|TRACE : GETSCOM     :  pu.pec:k0:n0:s0:p00:c2 : 800000A60D010C3F 0000000000008000
431.13066|SCAN|TRACE : PUTSCOM     :  pu.pec:k0:n0:s0:p00:c2 : 800000A60D010C3F 0000000000008000
431.13071|SCAN|TRACE : GETSCOM     :  pu.pec:k0:n0:s0:p00:c2 : 800000CD0D010C3F 0000000000000064
431.13075|SCAN|TRACE : PUTSCOM     :  pu.pec:k0:n0:s0:p00:c2 : 800000CD0D010C3F 0000000000000064
431.13080|SCAN|TRACE : GETSCOM     :  pu.pec:k0:n0:s0:p00:c2 : 800000E60D010C3F 0000000000008000
431.13085|SCAN|TRACE : PUTSCOM     :  pu.pec:k0:n0:s0:p00:c2 : 800000E60D010C3F 0000000000008000
431.13090|SCAN|TRACE : GETSCOM     :  pu.pec:k0:n0:s0:p00:c2 : 8000018D0D010C3F 0000000000000064
431.13095|SCAN|TRACE : PUTSCOM     :  pu.pec:k0:n0:s0:p00:c2 : 8000018D0D010C3F 0000000000000064
431.13099|SCAN|TRACE : GETSCOM     :  pu.pec:k0:n0:s0:p00:c2 : 800001A60D010C3F 0000000000008000
431.13104|SCAN|TRACE : PUTSCOM     :  pu.pec:k0:n0:s0:p00:c2 : 800001A60D010C3F 0000000000008000
431.13109|SCAN|TRACE : GETSCOM     :  pu.pec:k0:n0:s0:p00:c2 : 800001CD0D010C3F 0000000000000064
431.13114|SCAN|TRACE : PUTSCOM     :  pu.pec:k0:n0:s0:p00:c2 : 800001CD0D010C3F 0000000000000064
431.13119|SCAN|TRACE : GETSCOM     :  pu.pec:k0:n0:s0:p00:c2 : 800001E60D010C3F 0000000000008000
431.13123|SCAN|TRACE : PUTSCOM     :  pu.pec:k0:n0:s0:p00:c2 : 800001E60D010C3F 0000000000008000
431.13128|SCAN|TRACE : GETSCOM     :  pu.pec:k0:n0:s0:p00:c2 : 8000028D0D010C3F 0000000000000064
431.13133|SCAN|TRACE : PUTSCOM     :  pu.pec:k0:n0:s0:p00:c2 : 8000028D0D010C3F 0000000000000064
431.13138|SCAN|TRACE : GETSCOM     :  pu.pec:k0:n0:s0:p00:c2 : 800002A60D010C3F 0000000000008000
431.13143|SCAN|TRACE : PUTSCOM     :  pu.pec:k0:n0:s0:p00:c2 : 800002A60D010C3F 0000000000008000
431.13148|SCAN|TRACE : GETSCOM     :  pu.pec:k0:n0:s0:p00:c2 : 800002CD0D010C3F 0000000000000064
431.13152|SCAN|TRACE : PUTSCOM     :  pu.pec:k0:n0:s0:p00:c2 : 800002CD0D010C3F 0000000000000064
431.13157|SCAN|TRACE : GETSCOM     :  pu.pec:k0:n0:s0:p00:c2 : 800002E60D010C3F 0000000000008000
431.13162|SCAN|TRACE : PUTSCOM     :  pu.pec:k0:n0:s0:p00:c2 : 800002E60D010C3F 0000000000008000
431.13167|SCAN|TRACE : GETSCOM     :  pu.pec:k0:n0:s0:p00:c2 : 8000038D0D010C3F 0000000000000064
431.13172|SCAN|TRACE : PUTSCOM     :  pu.pec:k0:n0:s0:p00:c2 : 8000038D0D010C3F 0000000000000064
431.13177|SCAN|TRACE : GETSCOM     :  pu.pec:k0:n0:s0:p00:c2 : 800003A60D010C3F 0000000000008000
431.13182|SCAN|TRACE : PUTSCOM     :  pu.pec:k0:n0:s0:p00:c2 : 800003A60D010C3F 0000000000008000
431.13187|SCAN|TRACE : GETSCOM     :  pu.pec:k0:n0:s0:p00:c2 : 800003CD0D010C3F 0000000000000064
431.13192|SCAN|TRACE : PUTSCOM     :  pu.pec:k0:n0:s0:p00:c2 : 800003CD0D010C3F 0000000000000064
431.13197|SCAN|TRACE : GETSCOM     :  pu.pec:k0:n0:s0:p00:c2 : 800003E60D010C3F 0000000000008000
431.13201|SCAN|TRACE : PUTSCOM     :  pu.pec:k0:n0:s0:p00:c2 : 800003E60D010C3F 0000000000008000
431.13206|SCAN|TRACE : GETSCOM     :  pu.pec:k0:n0:s0:p00:c2 : 8000088D0D010C3F 0000000000000064
431.13211|SCAN|TRACE : PUTSCOM     :  pu.pec:k0:n0:s0:p00:c2 : 8000088D0D010C3F 0000000000000064
431.13216|SCAN|TRACE : GETSCOM     :  pu.pec:k0:n0:s0:p00:c2 : 800008A60D010C3F 0000000000008000
431.13220|SCAN|TRACE : PUTSCOM     :  pu.pec:k0:n0:s0:p00:c2 : 800008A60D010C3F 0000000000008000
431.13225|SCAN|TRACE : GETSCOM     :  pu.pec:k0:n0:s0:p00:c2 : 800008CD0D010C3F 0000000000000064
431.13230|SCAN|TRACE : PUTSCOM     :  pu.pec:k0:n0:s0:p00:c2 : 800008CD0D010C3F 0000000000000064
431.13236|SCAN|TRACE : GETSCOM     :  pu.pec:k0:n0:s0:p00:c2 : 800008E60D010C3F 0000000000008000
431.13240|SCAN|TRACE : PUTSCOM     :  pu.pec:k0:n0:s0:p00:c2 : 800008E60D010C3F 0000000000008000
431.13246|SCAN|TRACE : GETSCOM     :  pu.pec:k0:n0:s0:p00:c2 : 8000098D0D010C3F 0000000000000064
431.13251|SCAN|TRACE : PUTSCOM     :  pu.pec:k0:n0:s0:p00:c2 : 8000098D0D010C3F 0000000000000064
431.13256|SCAN|TRACE : GETSCOM     :  pu.pec:k0:n0:s0:p00:c2 : 800009A60D010C3F 0000000000008000
431.13261|SCAN|TRACE : PUTSCOM     :  pu.pec:k0:n0:s0:p00:c2 : 800009A60D010C3F 0000000000008000
431.13266|SCAN|TRACE : GETSCOM     :  pu.pec:k0:n0:s0:p00:c2 : 800009CD0D010C3F 0000000000000064
431.13271|SCAN|TRACE : PUTSCOM     :  pu.pec:k0:n0:s0:p00:c2 : 800009CD0D010C3F 0000000000000064
431.13276|SCAN|TRACE : GETSCOM     :  pu.pec:k0:n0:s0:p00:c2 : 800009E60D010C3F 0000000000008000
431.13280|SCAN|TRACE : PUTSCOM     :  pu.pec:k0:n0:s0:p00:c2 : 800009E60D010C3F 0000000000008000
431.13285|SCAN|TRACE : GETSCOM     :  pu.pec:k0:n0:s0:p00:c2 : 80000A8D0D010C3F 0000000000000064
431.13290|SCAN|TRACE : PUTSCOM     :  pu.pec:k0:n0:s0:p00:c2 : 80000A8D0D010C3F 0000000000000064
431.13295|SCAN|TRACE : GETSCOM     :  pu.pec:k0:n0:s0:p00:c2 : 80000AA60D010C3F 0000000000008000
431.13300|SCAN|TRACE : PUTSCOM     :  pu.pec:k0:n0:s0:p00:c2 : 80000AA60D010C3F 0000000000008000
431.13305|SCAN|TRACE : GETSCOM     :  pu.pec:k0:n0:s0:p00:c2 : 80000ACD0D010C3F 0000000000000064
431.13310|SCAN|TRACE : PUTSCOM     :  pu.pec:k0:n0:s0:p00:c2 : 80000ACD0D010C3F 0000000000000064
431.13315|SCAN|TRACE : GETSCOM     :  pu.pec:k0:n0:s0:p00:c2 : 80000AE60D010C3F 0000000000008000
431.13320|SCAN|TRACE : PUTSCOM     :  pu.pec:k0:n0:s0:p00:c2 : 80000AE60D010C3F 0000000000008000
431.13324|SCAN|TRACE : GETSCOM     :  pu.pec:k0:n0:s0:p00:c2 : 80000B8D0D010C3F 0000000000000064
431.13329|SCAN|TRACE : PUTSCOM     :  pu.pec:k0:n0:s0:p00:c2 : 80000B8D0D010C3F 0000000000000064
431.13334|SCAN|TRACE : GETSCOM     :  pu.pec:k0:n0:s0:p00:c2 : 80000BA60D010C3F 0000000000008000
431.13339|SCAN|TRACE : PUTSCOM     :  pu.pec:k0:n0:s0:p00:c2 : 80000BA60D010C3F 0000000000008000
431.13344|SCAN|TRACE : GETSCOM     :  pu.pec:k0:n0:s0:p00:c2 : 80000BCD0D010C3F 0000000000000064
431.13349|SCAN|TRACE : PUTSCOM     :  pu.pec:k0:n0:s0:p00:c2 : 80000BCD0D010C3F 0000000000000064
431.13353|SCAN|TRACE : GETSCOM     :  pu.pec:k0:n0:s0:p00:c2 : 80000BE60D010C3F 0000000000008000
431.13358|SCAN|TRACE : PUTSCOM     :  pu.pec:k0:n0:s0:p00:c2 : 80000BE60D010C3F 0000000000008000
431.13363|SCAN|TRACE : GETSCOM     :  pu.pec:k0:n0:s0:p00:c2 : 800004A70D010C3F 000000000000008B
431.13368|SCAN|TRACE : PUTSCOM     :  pu.pec:k0:n0:s0:p00:c2 : 800004A70D010C3F 000000000000008B
431.13374|SCAN|TRACE : GETSCOM     :  pu.pec:k0:n0:s0:p00:c2 : 800004820D010C3F 000000000000C800
431.13379|SCAN|TRACE : PUTSCOM     :  pu.pec:k0:n0:s0:p00:c2 : 800004820D010C3F 000000000000C800
431.13384|SCAN|TRACE : PUTSCOM     :  pu.pec:k0:n0:s0:p00:c2 : 800004800D010C3F 0000000000008600
431.13389|SCAN|TRACE : GETSCOM     :  pu.pec:k0:n0:s0:p00:c2 : 8000050F0D010C3F 00000000000000F8
431.13394|SCAN|TRACE : PUTSCOM     :  pu.pec:k0:n0:s0:p00:c2 : 8000050F0D010C3F 00000000000000F8
431.13399|SCAN|TRACE : GETSCOM     :  pu.pec:k0:n0:s0:p00:c2 : 8000054F0D010C3F 00000000000000F8
431.13404|SCAN|TRACE : PUTSCOM     :  pu.pec:k0:n0:s0:p00:c2 : 8000054F0D010C3F 00000000000000F8
431.13409|SCAN|TRACE : PUTSCOM     :  pu.pec:k0:n0:s0:p00:c2 : 800004450D010C3F 0000000000000022
431.13414|SCAN|TRACE : PUTSCOM     :  pu.pec:k0:n0:s0:p00:c2 : 8000046C0D010C3F 000000000000AA7A
431.13419|SCAN|TRACE : PUTSCOM     :  pu.pec:k0:n0:s0:p00:c2 : 8000046D0D010C3F 0000000000002000
431.13424|SCAN|TRACE : GETSCOM     :  pu.pec:k0:n0:s0:p00:c2 : 800004700D010C3F 00000000000000FF
431.13429|SCAN|TRACE : PUTSCOM     :  pu.pec:k0:n0:s0:p00:c2 : 800004700D010C3F 00000000000000FF
431.13435|SCAN|TRACE : PUTSCOM     :  pu.pec:k0:n0:s0:p00:c2 : 8000048B0D010C3F 0000000000000000
431.13439|SCAN|TRACE : PUTSCOM     :  pu.pec:k0:n0:s0:p00:c2 : 8000048C0D010C3F 0000000000000000
431.13444|SCAN|TRACE : GETSCOM     :  pu.pec:k0:n0:s0:p00:c2 : 8000049F0D010C3F 0000000000006DFB
431.13449|SCAN|TRACE : PUTSCOM     :  pu.pec:k0:n0:s0:p00:c2 : 8000049F0D010C3F 0000000000006DFB
431.13455|SCAN|TRACE : GETSCOM     :  pu.pec:k0:n0:s0:p00:c2 : 80000C000D010C3F 0000000000000000
431.13459|SCAN|TRACE : PUTSCOM     :  pu.pec:k0:n0:s0:p00:c2 : 80000C000D010C3F 0000000000000090
431.13464|SCAN|TRACE : GETSCOM     :  pu.pec:k0:n0:s0:p00:c2 : 80000C010D010C3F 0000000000000000
431.13469|SCAN|TRACE : PUTSCOM     :  pu.pec:k0:n0:s0:p00:c2 : 80000C010D010C3F 0000000000000000
431.13474|SCAN|TRACE : GETSCOM     :  pu.pec:k0:n0:s0:p00:c2 : 80000C010D010C3F 0000000000000000
431.13479|SCAN|TRACE : PUTSCOM     :  pu.pec:k0:n0:s0:p00:c2 : 80000C010D010C3F 0000000000000000
431.13484|SCAN|TRACE : GETSCOM     :  pu.pec:k0:n0:s0:p00:c2 : 80000C010D010C3F 0000000000000000
431.13489|SCAN|TRACE : PUTSCOM     :  pu.pec:k0:n0:s0:p00:c2 : 80000C010D010C3F 0000000000000000
431.13494|SCAN|TRACE : GETSCOM     :  pu.pec:k0:n0:s0:p00:c2 : 80000C010D010C3F 0000000000000000
431.13498|SCAN|TRACE : PUTSCOM     :  pu.pec:k0:n0:s0:p00:c2 : 80000C010D010C3F 0000000000000000
431.13503|SCAN|TRACE : PUTSCOM     :  pu.pec:k0:n0:s0:p00:c2 : 000000000D000029 0000000800000000
431.13505|ISTEPS_TRACE|SUCCESS :  proc_pcie_scominit HWP
433.24677|ERRL|I>Got an error log Msg - Type: 0x00000039
433.24679|ERRL|I>Flush message received
433.24681|INITSVC|<<doIstep: step 10, substep 10
433.24684|INITSVC|>>doIstep: step 10, substep 11, task proc_scomoverride_chiplets
