440.38906|ISTEP 13.11 - mss_draminit_training
440.39535|IPMI|wd: resetWatchDogTimer
440.39536|IPMI|rp: queuing sync 18:22
440.39537|IPMI|rp: W>Got message (0x18:0x22): l_is_pnor: 0
440.39542|IPMI|dd: I>write ok 18:22 seq 89 len 0
440.43412|IPMI|dd: I>read b2h ok 1c:22 seq 89 len 0 cc 0
440.43419|ISTEPS_TRACE|call_mss_draminit_training entry
440.43495|ISTEPS_TRACE|Running p9_mss_draminit_training HWP on target HUID 00250000
440.45337|FAPI|p9_mss_draminit_training.C: pu.mcbist:k0:n0:s0:p00:c0 Start draminit training
440.45347|SCAN|TRACE : GETSCOM     :  pu.mcbist:k0:n0:s0:p00:c0 : 00000000070123A7 00FFFF8000001000
440.45351|SCAN|TRACE : PUTSCOM     :  pu.mcbist:k0:n0:s0:p00:c0 : 00000000070123A7 00FFFF8300001000
440.45368|FAPI|zqcal.C: ZQCL 0x00200ef0cc000000:0x0eac000000000000 dimm:k0:n0:s0:p02 RDIMM (DDR4):rank 0
440.45373|FAPI|zqcal.C: dimm:k0:n0:s0:p02 RDIMM (DDR4) Skipping LRDIMM data buffer ZQCL, only done on LRDIMMs
440.45376|FAPI|ccs.H: loading ccs instructions (1) for pu.mcbist:k0:n0:s0:p00:c0
440.45387|SCAN|TRACE : GETSCOM     :  pu.mcbist:k0:n0:s0:p00:c0 : 00000000070123A5 0000000000000000
440.45392|SCAN|TRACE : PUTSCOM     :  pu.mcbist:k0:n0:s0:p00:c0 : 00000000070123A5 4000000000000000
440.45397|SCAN|TRACE : GETSCOM     :  pu.mcbist:k0:n0:s0:p00:c0 : 00000000070123A6 4000000000000000
440.45398|FAPI|ccs.H: ccs statq (stop) 0x4000000000000000, remaining: 50
440.45403|SCAN|TRACE : PUTSCOM     :  pu.mcbist:k0:n0:s0:p00:c0 : 0000000007012315 00200EF04C000000
440.45407|SCAN|TRACE : PUTSCOM     :  pu.mcbist:k0:n0:s0:p00:c0 : 0000000007012335 0EAC000000000001
440.45412|FAPI|ccs.H: css inst 0: 0x00200EF04C000000 0x0EAC000000000001 (0x7012315, 0x7012335) delay: 0xeac (0xeac) pu.mcbist:k0:n0:s0:p00:c0
440.45414|FAPI|conversions.H: converting 3756 cycles to 2817000ps
440.45417|FAPI|ccs.H: executing ccs instructions (1:1, 2817) for pu.mcbist:k0:n0:s0:p00:c0
440.45421|SCAN|TRACE : PUTSCOM     :  pu.mcbist:k0:n0:s0:p00:c0 : 0000000007012316 000008F0CC000000
440.45425|SCAN|TRACE : PUTSCOM     :  pu.mcbist:k0:n0:s0:p00:c0 : 0000000007012336 0000000000000020
440.45430|FAPI|ccs.H: css inst 1 fixup: 0x000008F0CC000000 0x0000000000000020 (0x7012316, 0x7012336) pu.mcbist:k0:n0:s0:p00:c0
440.45432|FAPI|ccs.H: executing CCS array for port 1 (pu.mca:k0:n0:s0:p00:c1)
440.45437|SCAN|TRACE : GETSCOM     :  pu.mcbist:k0:n0:s0:p00:c0 : 00000000070123DB 1000000000000000
440.45441|SCAN|TRACE : PUTSCOM     :  pu.mcbist:k0:n0:s0:p00:c0 : 00000000070123DB 1000000000000000
440.45445|SCAN|TRACE : GETSCOM     :  pu.mcbist:k0:n0:s0:p00:c0 : 00000000070123A5 0000000000000000
440.45450|SCAN|TRACE : PUTSCOM     :  pu.mcbist:k0:n0:s0:p00:c0 : 00000000070123A5 8000000000000000
440.45455|SCAN|TRACE : GETSCOM     :  pu.mcbist:k0:n0:s0:p00:c0 : 00000000070123A6 4000000000000000
440.45457|FAPI|ccs.H: pu.mca:k0:n0:s0:p00:c1 CCS Executed Successfully.
440.45462|SCAN|TRACE : PUTSCOM     :  pu.mca:k0:n0:s0:p00:c1 : 8000C0160701103F 0000000000000000
440.45467|SCAN|TRACE : GETSCOM     :  pu.mca:k0:n0:s0:p00:c1 : 0000000007010913 000024804200120B
440.45471|SCAN|TRACE : PUTSCOM     :  pu.mca:k0:n0:s0:p00:c1 : 0000000007010913 000024804200124B
440.45477|FAPI|ddr_phy.C: pu.mca:k0:n0:s0:p00:c1 resetting errors
440.45483|SCAN|TRACE : PUTSCOM     :  pu.mca:k0:n0:s0:p00:c1 : 8000007A0701103F 0000000000000000
440.45488|SCAN|TRACE : PUTSCOM     :  pu.mca:k0:n0:s0:p00:c1 : 8000047A0701103F 0000000000000000
440.45493|SCAN|TRACE : PUTSCOM     :  pu.mca:k0:n0:s0:p00:c1 : 8000087A0701103F 0000000000000000
440.45498|SCAN|TRACE : PUTSCOM     :  pu.mca:k0:n0:s0:p00:c1 : 80000C7A0701103F 0000000000000000
440.45503|SCAN|TRACE : PUTSCOM     :  pu.mca:k0:n0:s0:p00:c1 : 8000107A0701103F 0000000000000000
440.45508|SCAN|TRACE : PUTSCOM     :  pu.mca:k0:n0:s0:p00:c1 : 8000001B0701103F 0000000000000000
440.45513|SCAN|TRACE : PUTSCOM     :  pu.mca:k0:n0:s0:p00:c1 : 8000041B0701103F 0000000000000000
440.45517|SCAN|TRACE : PUTSCOM     :  pu.mca:k0:n0:s0:p00:c1 : 8000081B0701103F 0000000000000000
440.45522|SCAN|TRACE : PUTSCOM     :  pu.mca:k0:n0:s0:p00:c1 : 80000C1B0701103F 0000000000000000
440.45527|SCAN|TRACE : PUTSCOM     :  pu.mca:k0:n0:s0:p00:c1 : 8000101B0701103F 0000000000000000
440.45533|SCAN|TRACE : PUTSCOM     :  pu.mca:k0:n0:s0:p00:c1 : 800000140701103F 0000000000000000
440.45538|SCAN|TRACE : PUTSCOM     :  pu.mca:k0:n0:s0:p00:c1 : 800004140701103F 0000000000000000
440.45543|SCAN|TRACE : PUTSCOM     :  pu.mca:k0:n0:s0:p00:c1 : 800008140701103F 0000000000000000
440.45548|SCAN|TRACE : PUTSCOM     :  pu.mca:k0:n0:s0:p00:c1 : 80000C140701103F 0000000000000000
440.45553|SCAN|TRACE : PUTSCOM     :  pu.mca:k0:n0:s0:p00:c1 : 800010140701103F 0000000000000000
440.45558|SCAN|TRACE : PUTSCOM     :  pu.mca:k0:n0:s0:p00:c1 : 800000100701103F 0000000000000000
440.45563|SCAN|TRACE : PUTSCOM     :  pu.mca:k0:n0:s0:p00:c1 : 800004100701103F 0000000000000000
440.45568|SCAN|TRACE : PUTSCOM     :  pu.mca:k0:n0:s0:p00:c1 : 800008100701103F 0000000000000000
440.45573|SCAN|TRACE : PUTSCOM     :  pu.mca:k0:n0:s0:p00:c1 : 80000C100701103F 0000000000000000
440.45578|SCAN|TRACE : PUTSCOM     :  pu.mca:k0:n0:s0:p00:c1 : 800010100701103F 0000000000000000
440.45583|SCAN|TRACE : PUTSCOM     :  pu.mca:k0:n0:s0:p00:c1 : 8000000E0701103F 0000000000000000
440.45588|SCAN|TRACE : PUTSCOM     :  pu.mca:k0:n0:s0:p00:c1 : 8000040E0701103F 0000000000000000
440.45592|SCAN|TRACE : PUTSCOM     :  pu.mca:k0:n0:s0:p00:c1 : 8000080E0701103F 0000000000000000
440.45597|SCAN|TRACE : PUTSCOM     :  pu.mca:k0:n0:s0:p00:c1 : 80000C0E0701103F 0000000000000000
440.45602|SCAN|TRACE : PUTSCOM     :  pu.mca:k0:n0:s0:p00:c1 : 8000100E0701103F 0000000000000000
440.45607|SCAN|TRACE : PUTSCOM     :  pu.mca:k0:n0:s0:p00:c1 : 800000AE0701103F 0000000000000000
440.45612|SCAN|TRACE : PUTSCOM     :  pu.mca:k0:n0:s0:p00:c1 : 800000AF0701103F 0000000000000000
440.45617|SCAN|TRACE : PUTSCOM     :  pu.mca:k0:n0:s0:p00:c1 : 800004AE0701103F 0000000000000000
440.45622|SCAN|TRACE : PUTSCOM     :  pu.mca:k0:n0:s0:p00:c1 : 800004AF0701103F 0000000000000000
440.45627|SCAN|TRACE : PUTSCOM     :  pu.mca:k0:n0:s0:p00:c1 : 800008AE0701103F 0000000000000000
440.45632|SCAN|TRACE : PUTSCOM     :  pu.mca:k0:n0:s0:p00:c1 : 800008AF0701103F 0000000000000000
440.45637|SCAN|TRACE : PUTSCOM     :  pu.mca:k0:n0:s0:p00:c1 : 80000CAE0701103F 0000000000000000
440.45642|SCAN|TRACE : PUTSCOM     :  pu.mca:k0:n0:s0:p00:c1 : 80000CAF0701103F 0000000000000000
440.45646|SCAN|TRACE : PUTSCOM     :  pu.mca:k0:n0:s0:p00:c1 : 800010AE0701103F 0000000000000000
440.45651|SCAN|TRACE : PUTSCOM     :  pu.mca:k0:n0:s0:p00:c1 : 800010AF0701103F 0000000000000000
440.45656|SCAN|TRACE : GETSCOM     :  pu.mca:k0:n0:s0:p00:c1 : 8000D0000701103F 0000000000000000
440.45662|SCAN|TRACE : PUTSCOM     :  pu.mca:k0:n0:s0:p00:c1 : 8000D0000701103F 0000000000004000
440.45666|SCAN|TRACE : PUTSCOM     :  pu.mca:k0:n0:s0:p00:c1 : 8000D0000701103F 0000000000000000
440.45671|SCAN|TRACE : PUTSCOM     :  pu.mca:k0:n0:s0:p00:c1 : 8000D0010701103F 0000000000000000
440.45676|SCAN|TRACE : PUTSCOM     :  pu.mca:k0:n0:s0:p00:c1 : 8000C8050701103F 0000000000000000
440.45682|SCAN|TRACE : PUTSCOM     :  pu.mca:k0:n0:s0:p00:c1 : 8000C4080701103F 0000000000000000
440.45687|SCAN|TRACE : PUTSCOM     :  pu.mca:k0:n0:s0:p00:c1 : 8000CC030701103F 0000000000000000
440.45689|FAPI|phy_cntrl.H: pc_error_status0: 0x0000000000000000
440.45694|SCAN|TRACE : PUTSCOM     :  pu.mca:k0:n0:s0:p00:c1 : 8000C0120701103F 0000000000000000
440.45695|FAPI|phy_cntrl.H: pc_init_cal_error: 0x0000000000000000
440.45700|SCAN|TRACE : PUTSCOM     :  pu.mca:k0:n0:s0:p00:c1 : 8000C0180701103F 0000000000000000
440.45704|SCAN|TRACE : PUTSCOM     :  pu.mca:k0:n0:s0:p00:c1 : 0000000007011001 FFFFFFFFFFFFFF7F
440.45707|FAPI|p9_mss_draminit_training.C: resetting delay values before cal pu.mca:k0:n0:s0:p00:c1
440.45713|SCAN|TRACE : PUTSCOM     :  pu.mca:k0:n0:s0:p00:c1 : 800000130701103F 0000000000000000
440.45718|SCAN|TRACE : PUTSCOM     :  pu.mca:k0:n0:s0:p00:c1 : 800004130701103F 0000000000000000
440.45723|SCAN|TRACE : PUTSCOM     :  pu.mca:k0:n0:s0:p00:c1 : 800008130701103F 0000000000000000
440.45728|SCAN|TRACE : PUTSCOM     :  pu.mca:k0:n0:s0:p00:c1 : 80000C130701103F 0000000000000000
440.45733|SCAN|TRACE : PUTSCOM     :  pu.mca:k0:n0:s0:p00:c1 : 800010130701103F 0000000000000000
440.45740|SCAN|TRACE : GETSCOM     :  pu.mca:k0:n0:s0:p00:c1 : 8000C4120701103F 0000000000005550
440.45745|SCAN|TRACE : PUTSCOM     :  pu.mca:k0:n0:s0:p00:c1 : 8000C4120701103F 0000000000005559
440.45750|SCAN|TRACE : GETSCOM     :  pu.mca:k0:n0:s0:p00:c1 : 8000C0170701103F 0000000000000000
440.45752|FAPI|phy_cntrl.H: Read pc_init_cal_config1: 0x0000000000000000
440.45753|FAPI|phy_cntrl.H: set init_cal refresh_count: 15
440.45754|FAPI|phy_cntrl.H: set init_cal refresh_control: 3
440.45756|FAPI|phy_cntrl.H: set init_cal refresh_all_ranks: high
440.45757|FAPI|phy_cntrl.H: set init_cal snoop_dis: low
440.45758|FAPI|phy_cntrl.H: set init_cal refresh_interval: 19
440.45760|FAPI|phy_cntrl.H: Writing to pc_init_cal_config1: 0x000000000000fe13
440.45765|SCAN|TRACE : PUTSCOM     :  pu.mca:k0:n0:s0:p00:c1 : 8000C0170701103F 000000000000FE13
440.45767|FAPI|p9_mss_draminit_training.C: Execute cal on rp 0 pu.mca:k0:n0:s0:p00:c1
440.53297|FAPI|mss_lrdimm_training.C: Not LRDIMM: deconfigure all LRDIMM specific steps
440.53300|FAPI|mss_training.C: We're not in simulation mode, we can run with all configured steps
440.53304|FAPI|mss_training.C: Configured calibration steps are 0x870ff000 for DIMM type: 1 hardware mode
440.53306|FAPI|mss_training.C: Running factory for cal_steps:0x870ff000 hardware mode
440.53308|FAPI|mss_training.C: Write leveling is enabled
440.53460|FAPI|mss_training.C: Initial pattern write is enabled
440.53461|FAPI|mss_training.C: DQS align is enabled
440.53463|FAPI|mss_training.C: RDCLK align is enabled
440.53465|FAPI|mss_training.C: Read centering is enabled read VREF is enabled
440.53467|FAPI|mss_training.C: Write VREF latching is enabled with WR VREF
440.53469|FAPI|mss_training.C: Write centering is enabled with WR VREF
440.53470|FAPI|mss_training.C: Coarse WR/RD is enabled
440.53621|FAPI|mss_training.C: pu.mca:k0:n0:s0:p00:c1 rp0 running WR_LVL
440.53928|FAPI|rank.H: get_pair_valid (rp0, r0): 0x1
440.53929|FAPI|rank.H: get_rank_field (rp0, r0): 0x0
440.53931|FAPI|rank.H: get_pair_valid (rp0, r1): 0x0
440.53932|FAPI|rank.H: get_pair_valid (rp0, r2): 0x0
440.53934|FAPI|rank.H: get_pair_valid (rp0, r3): 0x0
440.53937|FAPI|ddr_phy.C: pu.mca:k0:n0:s0:p00:c1 Setting up terminations for WR_LEVEL, MRANK 0
440.54731|FAPI|mrs02.C: dimm:k0:n0:s0:p02 RDIMM (DDR4) MR2 rank 0 attributes: LPASR: 0x0, CWL: 0xe, RTT_WR: 0x4(0x0), WRITE_CRC: 0x0
440.54732|FAPI|mrs02.C: MR2: 0x040028f0cc000000
440.54738|FAPI|mrs_load_ddr4.C: dimm:k0:n0:s0:p02 RDIMM (DDR4) Turning A17 off
440.54741|FAPI|mrs02.C: MR2 rank 0 deocode: LPASR: 0x0, CWL: 0x4, RTT_WR: 0x0, WRITE_CRC: 0x0
440.54746|FAPI|mrs_load_ddr4.H: MRS02 (8) 0x040028f0cc000000:0x0008000000000000 dimm:k0:n0:s0:p02 RDIMM (DDR4):rank 0 a-side
440.54752|FAPI|mrs_load_ddr4.H: MRS02 (8) 0x1bd558f0cc000000:0x0008000000000000 dimm:k0:n0:s0:p02 RDIMM (DDR4):rank 0 b-side
440.54770|FAPI|mrs01.C: dimm:k0:n0:s0:p02 RDIMM (DDR4) MR1 rank 0 attributes: DLL_ENABLE: 0x1, ODIC: 0x22(0x0), AL: 0x0, WLE: 0x0, RTT_NOM:0x6, TDQS: 0x1, QOFF: 0x0
440.54772|FAPI|mrs01.C: dimm:k0:n0:s0:p02 RDIMM (DDR4) MR1: 0x807048f0cc000000
440.54778|FAPI|mrs_load_ddr4.C: dimm:k0:n0:s0:p02 RDIMM (DDR4) Turning A17 off
440.54783|FAPI|mrs01.C: MR1 rank 0 decode: DLL_ENABLE: 0x1, ODIC: 0x0, AL: 0x0, WLE: 0x0, RTT_NOM: 0x6, TDQS: 0x1, QOFF: 0x0
440.54788|FAPI|mrs_load_ddr4.H: MRS01 (8) 0x807048f0cc000000:0x0008000000000000 dimm:k0:n0:s0:p02 RDIMM (DDR4):rank 0 a-side
440.54793|FAPI|mrs_load_ddr4.H: MRS01 (8) 0x9fa538f0cc000000:0x0008000000000000 dimm:k0:n0:s0:p02 RDIMM (DDR4):rank 0 b-side
440.54797|FAPI|ddr_phy.C: odt_wr_config0: 0x0000000000008000
440.54802|SCAN|TRACE : PUTSCOM     :  pu.mca:k0:n0:s0:p00:c1 : 8000C40A0701103F 0000000000008000
440.54804|FAPI|ddr_phy.C: odt_wr_config1: 0x0000000000000000
440.54809|SCAN|TRACE : PUTSCOM     :  pu.mca:k0:n0:s0:p00:c1 : 8000C40B0701103F 0000000000000000
440.54813|FAPI|ccs.H: loading ccs instructions (4) for pu.mcbist:k0:n0:s0:p00:c0
440.54821|SCAN|TRACE : GETSCOM     :  pu.mcbist:k0:n0:s0:p00:c0 : 00000000070123A5 0000000000000000
440.54825|SCAN|TRACE : PUTSCOM     :  pu.mcbist:k0:n0:s0:p00:c0 : 00000000070123A5 4000000000000000
440.54830|SCAN|TRACE : GETSCOM     :  pu.mcbist:k0:n0:s0:p00:c0 : 00000000070123A6 4000000000000000
440.54831|FAPI|ccs.H: ccs statq (stop) 0x4000000000000000, remaining: 50
440.54836|SCAN|TRACE : PUTSCOM     :  pu.mcbist:k0:n0:s0:p00:c0 : 0000000007012315 040028F04C000000
440.54840|SCAN|TRACE : PUTSCOM     :  pu.mcbist:k0:n0:s0:p00:c0 : 0000000007012335 0008000000000001
440.54845|FAPI|ccs.H: css inst 0: 0x040028F04C000000 0x0008000000000001 (0x7012315, 0x7012335) delay: 0x8 (0x8) pu.mcbist:k0:n0:s0:p00:c0
440.54850|SCAN|TRACE : PUTSCOM     :  pu.mcbist:k0:n0:s0:p00:c0 : 0000000007012316 1BD558F04C000000
440.54854|SCAN|TRACE : PUTSCOM     :  pu.mcbist:k0:n0:s0:p00:c0 : 0000000007012336 0008000000000002
440.54859|FAPI|ccs.H: css inst 1: 0x1BD558F04C000000 0x0008000000000002 (0x7012316, 0x7012336) delay: 0x8 (0x10) pu.mcbist:k0:n0:s0:p00:c0
440.54864|SCAN|TRACE : PUTSCOM     :  pu.mcbist:k0:n0:s0:p00:c0 : 0000000007012317 807048F04C000000
440.54868|SCAN|TRACE : PUTSCOM     :  pu.mcbist:k0:n0:s0:p00:c0 : 0000000007012337 0008000000000003
440.54873|FAPI|ccs.H: css inst 2: 0x807048F04C000000 0x0008000000000003 (0x7012317, 0x7012337) delay: 0x8 (0x18) pu.mcbist:k0:n0:s0:p00:c0
440.54877|SCAN|TRACE : PUTSCOM     :  pu.mcbist:k0:n0:s0:p00:c0 : 0000000007012318 9FA538F04C000000
440.54881|SCAN|TRACE : PUTSCOM     :  pu.mcbist:k0:n0:s0:p00:c0 : 0000000007012338 0008000000000004
440.54887|FAPI|ccs.H: css inst 3: 0x9FA538F04C000000 0x0008000000000004 (0x7012318, 0x7012338) delay: 0x8 (0x20) pu.mcbist:k0:n0:s0:p00:c0
440.54888|FAPI|conversions.H: converting 32 cycles to 24000ps
440.54891|FAPI|ccs.H: executing ccs instructions (4:4, 24) for pu.mcbist:k0:n0:s0:p00:c0
440.54895|SCAN|TRACE : PUTSCOM     :  pu.mcbist:k0:n0:s0:p00:c0 : 0000000007012319 000008F0CC000000
440.54899|SCAN|TRACE : PUTSCOM     :  pu.mcbist:k0:n0:s0:p00:c0 : 0000000007012339 0000000000000020
440.54904|FAPI|ccs.H: css inst 4 fixup: 0x000008F0CC000000 0x0000000000000020 (0x7012319, 0x7012339) pu.mcbist:k0:n0:s0:p00:c0
440.54906|FAPI|ccs.H: executing CCS array for port 1 (pu.mca:k0:n0:s0:p00:c1)
440.54910|SCAN|TRACE : GETSCOM     :  pu.mcbist:k0:n0:s0:p00:c0 : 00000000070123DB 1000000000000000
440.54914|SCAN|TRACE : PUTSCOM     :  pu.mcbist:k0:n0:s0:p00:c0 : 00000000070123DB 1000000000000000
440.54919|SCAN|TRACE : GETSCOM     :  pu.mcbist:k0:n0:s0:p00:c0 : 00000000070123A5 0000000000000000
440.54923|SCAN|TRACE : PUTSCOM     :  pu.mcbist:k0:n0:s0:p00:c0 : 00000000070123A5 8000000000000000
440.54927|SCAN|TRACE : GETSCOM     :  pu.mcbist:k0:n0:s0:p00:c0 : 00000000070123A6 4000000000000000
440.54929|FAPI|ccs.H: pu.mca:k0:n0:s0:p00:c1 CCS Executed Successfully.
440.54932|FAPI|mss_training.C: pu.mca:k0:n0:s0:p00:c1 RP0 running WR_LVL workaround setup
440.54941|FAPI|rank.H: get_pair_valid (rp0, r0): 0x1
440.54943|FAPI|rank.H: get_rank_field (rp0, r0): 0x0
440.54944|FAPI|rank.H: get_pair_valid (rp0, r1): 0x0
440.54945|FAPI|rank.H: get_pair_valid (rp0, r2): 0x0
440.54947|FAPI|rank.H: get_pair_valid (rp0, r3): 0x0
440.54949|FAPI|ccs.H: loading ccs instructions (0) for pu.mcbist:k0:n0:s0:p00:c0
440.54957|SCAN|TRACE : GETSCOM     :  pu.mcbist:k0:n0:s0:p00:c0 : 00000000070123A5 0000000000000000
440.54962|SCAN|TRACE : PUTSCOM     :  pu.mcbist:k0:n0:s0:p00:c0 : 00000000070123A5 4000000000000000
440.54966|SCAN|TRACE : GETSCOM     :  pu.mcbist:k0:n0:s0:p00:c0 : 00000000070123A6 4000000000000000
440.54968|FAPI|ccs.H: ccs statq (stop) 0x4000000000000000, remaining: 50
440.54970|FAPI|mss_training.C: pu.mca:k0:n0:s0:p00:c1 RP0 running cal step 'WR_LVL'
440.54973|FAPI|conversions.H: converting 2000ps to 3 cycles
440.54976|FAPI|conversions.H: converting 15000ps to 20 cycles
440.54980|FAPI|timing.H: twldqsen 39 for pu.mca:k0:n0:s0:p00:c1
440.54982|FAPI|conversions.H: converting 15000ps to 20 cycles
440.54983|FAPI|timing.H: twlo_twloe 77 for pu.mca:k0:n0:s0:p00:c1
440.54985|FAPI|conversions.H: converting 50260 cycles to 37695000ps
440.54988|FAPI|conversions.H: converting 6282 cycles to 4711500ps
440.54990|FAPI|conversions.H: converting 10000000ps to 13334 cycles
440.54992|FAPI|conversions.H: converting 50260 cycles to 37695000ps
440.54995|FAPI|cal_timers.H: pu.mca:k0:n0:s0:p00:c1 tc: 50260c, id: 4712ns(50256sc), d: 10000(106672sc), pc: 12
440.54998|FAPI|ddr_phy.C: cal_config for pu.mca:k0:n0:s0:p00:c1: 0x0000000000008008
440.55003|SCAN|TRACE : PUTSCOM     :  pu.mca:k0:n0:s0:p00:c1 : 8000C0160701103F 0000000000008008
440.55005|FAPI|ccs.H: loading ccs instructions (1) for pu.mcbist:k0:n0:s0:p00:c0
440.55014|SCAN|TRACE : GETSCOM     :  pu.mcbist:k0:n0:s0:p00:c0 : 00000000070123A5 0000000000000000
440.55018|SCAN|TRACE : PUTSCOM     :  pu.mcbist:k0:n0:s0:p00:c0 : 00000000070123A5 4000000000000000
440.55022|SCAN|TRACE : GETSCOM     :  pu.mcbist:k0:n0:s0:p00:c0 : 00000000070123A6 4000000000000000
440.55024|FAPI|ccs.H: ccs statq (stop) 0x4000000000000000, remaining: 50
440.55028|SCAN|TRACE : PUTSCOM     :  pu.mcbist:k0:n0:s0:p00:c0 : 0000000007012315 000000F0CC0000C0
440.55033|SCAN|TRACE : PUTSCOM     :  pu.mcbist:k0:n0:s0:p00:c0 : 0000000007012335 0000000000000041
440.55038|FAPI|ccs.H: css inst 0: 0x000000F0CC0000C0 0x0000000000000041 (0x7012315, 0x7012335) delay: 0x0 (0x0) pu.mcbist:k0:n0:s0:p00:c0
440.55041|FAPI|ccs.H: executing ccs instructions (1:1, 4712) for pu.mcbist:k0:n0:s0:p00:c0
440.55045|SCAN|TRACE : PUTSCOM     :  pu.mcbist:k0:n0:s0:p00:c0 : 0000000007012316 000008F0CC000000
440.55050|SCAN|TRACE : PUTSCOM     :  pu.mcbist:k0:n0:s0:p00:c0 : 0000000007012336 0000000000000020
440.55054|FAPI|ccs.H: css inst 1 fixup: 0x000008F0CC000000 0x0000000000000020 (0x7012316, 0x7012336) pu.mcbist:k0:n0:s0:p00:c0
440.55056|FAPI|ccs.H: executing CCS array for port 1 (pu.mca:k0:n0:s0:p00:c1)
440.55061|SCAN|TRACE : GETSCOM     :  pu.mcbist:k0:n0:s0:p00:c0 : 00000000070123DB 1000000000000000
440.55065|SCAN|TRACE : PUTSCOM     :  pu.mcbist:k0:n0:s0:p00:c0 : 00000000070123DB 1000000000000000
440.55069|SCAN|TRACE : GETSCOM     :  pu.mcbist:k0:n0:s0:p00:c0 : 00000000070123A5 0000000000000000
440.55073|SCAN|TRACE : PUTSCOM     :  pu.mcbist:k0:n0:s0:p00:c0 : 00000000070123A5 8000000000000000
440.55078|SCAN|TRACE : GETSCOM     :  pu.mcbist:k0:n0:s0:p00:c0 : 00000000070123A6 4000000000000000
440.55080|FAPI|ccs.H: pu.mca:k0:n0:s0:p00:c1 CCS Executed Successfully.
440.55086|FAPI|rank.H: get_pair_valid (rp0, r0): 0x1
440.55087|FAPI|rank.H: get_rank_field (rp0, r0): 0x0
440.55089|FAPI|rank.H: get_pair_valid (rp0, r1): 0x0
440.55090|FAPI|rank.H: get_pair_valid (rp0, r2): 0x0
440.55091|FAPI|rank.H: get_pair_valid (rp0, r3): 0x0
440.55094|FAPI|ddr_phy.C: pu.mca:k0:n0:s0:p00:c1 Restoring terminations after WR_LEVEL, MRANK 0
440.55109|FAPI|mrs02.C: dimm:k0:n0:s0:p02 RDIMM (DDR4) MR2 rank 0 attributes: LPASR: 0x0, CWL: 0xe, RTT_WR: 0x4(0x4), WRITE_CRC: 0x0
440.55110|FAPI|mrs02.C: MR2: 0x041028f0cc000000
440.55116|FAPI|mrs_load_ddr4.C: dimm:k0:n0:s0:p02 RDIMM (DDR4) Turning A17 off
440.55119|FAPI|mrs02.C: MR2 rank 0 deocode: LPASR: 0x0, CWL: 0x4, RTT_WR: 0x4, WRITE_CRC: 0x0
440.55124|FAPI|mrs_load_ddr4.H: MRS02 (8) 0x041028f0cc000000:0x0008000000000000 dimm:k0:n0:s0:p02 RDIMM (DDR4):rank 0 a-side
440.55129|FAPI|mrs_load_ddr4.H: MRS02 (8) 0x1bc558f0cc000000:0x0008000000000000 dimm:k0:n0:s0:p02 RDIMM (DDR4):rank 0 b-side
440.55147|FAPI|mrs01.C: dimm:k0:n0:s0:p02 RDIMM (DDR4) MR1 rank 0 attributes: DLL_ENABLE: 0x1, ODIC: 0x22(0x0), AL: 0x0, WLE: 0x0, RTT_NOM:0x0, TDQS: 0x1, QOFF: 0x0
440.55149|FAPI|mrs01.C: dimm:k0:n0:s0:p02 RDIMM (DDR4) MR1: 0x801048f0cc000000
440.55154|FAPI|mrs_load_ddr4.C: dimm:k0:n0:s0:p02 RDIMM (DDR4) Turning A17 off
440.55159|FAPI|mrs01.C: MR1 rank 0 decode: DLL_ENABLE: 0x1, ODIC: 0x0, AL: 0x0, WLE: 0x0, RTT_NOM: 0x0, TDQS: 0x1, QOFF: 0x0
440.55164|FAPI|mrs_load_ddr4.H: MRS01 (8) 0x801048f0cc000000:0x0008000000000000 dimm:k0:n0:s0:p02 RDIMM (DDR4):rank 0 a-side
440.55169|FAPI|mrs_load_ddr4.H: MRS01 (8) 0x9fc538f0cc000000:0x0008000000000000 dimm:k0:n0:s0:p02 RDIMM (DDR4):rank 0 b-side
440.55173|FAPI|ddr_phy.C: odt_wr_config0: 0x0000000000008000
440.55177|SCAN|TRACE : PUTSCOM     :  pu.mca:k0:n0:s0:p00:c1 : 8000C40A0701103F 0000000000008000
440.55179|FAPI|ddr_phy.C: odt_wr_config1: 0x0000000000000000
440.55184|SCAN|TRACE : PUTSCOM     :  pu.mca:k0:n0:s0:p00:c1 : 8000C40B0701103F 0000000000000000
440.55187|FAPI|ccs.H: loading ccs instructions (4) for pu.mcbist:k0:n0:s0:p00:c0
440.55196|SCAN|TRACE : GETSCOM     :  pu.mcbist:k0:n0:s0:p00:c0 : 00000000070123A5 0000000000000000
440.55200|SCAN|TRACE : PUTSCOM     :  pu.mcbist:k0:n0:s0:p00:c0 : 00000000070123A5 4000000000000000
440.55204|SCAN|TRACE : GETSCOM     :  pu.mcbist:k0:n0:s0:p00:c0 : 00000000070123A6 4000000000000000
440.55206|FAPI|ccs.H: ccs statq (stop) 0x4000000000000000, remaining: 50
440.55211|SCAN|TRACE : PUTSCOM     :  pu.mcbist:k0:n0:s0:p00:c0 : 0000000007012315 041028F04C000000
440.55215|SCAN|TRACE : PUTSCOM     :  pu.mcbist:k0:n0:s0:p00:c0 : 0000000007012335 0008000000000001
440.55220|FAPI|ccs.H: css inst 0: 0x041028F04C000000 0x0008000000000001 (0x7012315, 0x7012335) delay: 0x8 (0x8) pu.mcbist:k0:n0:s0:p00:c0
440.55225|SCAN|TRACE : PUTSCOM     :  pu.mcbist:k0:n0:s0:p00:c0 : 0000000007012316 1BC558F04C000000
440.55229|SCAN|TRACE : PUTSCOM     :  pu.mcbist:k0:n0:s0:p00:c0 : 0000000007012336 0008000000000002
440.55235|FAPI|ccs.H: css inst 1: 0x1BC558F04C000000 0x0008000000000002 (0x7012316, 0x7012336) delay: 0x8 (0x10) pu.mcbist:k0:n0:s0:p00:c0
440.55239|SCAN|TRACE : PUTSCOM     :  pu.mcbist:k0:n0:s0:p00:c0 : 0000000007012317 801048F04C000000
440.55244|SCAN|TRACE : PUTSCOM     :  pu.mcbist:k0:n0:s0:p00:c0 : 0000000007012337 0008000000000003
440.55250|FAPI|ccs.H: css inst 2: 0x801048F04C000000 0x0008000000000003 (0x7012317, 0x7012337) delay: 0x8 (0x18) pu.mcbist:k0:n0:s0:p00:c0
440.55254|SCAN|TRACE : PUTSCOM     :  pu.mcbist:k0:n0:s0:p00:c0 : 0000000007012318 9FC538F04C000000
440.55258|SCAN|TRACE : PUTSCOM     :  pu.mcbist:k0:n0:s0:p00:c0 : 0000000007012338 0008000000000004
440.55264|FAPI|ccs.H: css inst 3: 0x9FC538F04C000000 0x0008000000000004 (0x7012318, 0x7012338) delay: 0x8 (0x20) pu.mcbist:k0:n0:s0:p00:c0
440.55266|FAPI|conversions.H: converting 32 cycles to 24000ps
440.55268|FAPI|ccs.H: executing ccs instructions (4:4, 24) for pu.mcbist:k0:n0:s0:p00:c0
440.55272|SCAN|TRACE : PUTSCOM     :  pu.mcbist:k0:n0:s0:p00:c0 : 0000000007012319 000008F0CC000000
440.55277|SCAN|TRACE : PUTSCOM     :  pu.mcbist:k0:n0:s0:p00:c0 : 0000000007012339 0000000000000020
440.55281|FAPI|ccs.H: css inst 4 fixup: 0x000008F0CC000000 0x0000000000000020 (0x7012319, 0x7012339) pu.mcbist:k0:n0:s0:p00:c0
440.55284|FAPI|ccs.H: executing CCS array for port 1 (pu.mca:k0:n0:s0:p00:c1)
440.55288|SCAN|TRACE : GETSCOM     :  pu.mcbist:k0:n0:s0:p00:c0 : 00000000070123DB 1000000000000000
440.55292|SCAN|TRACE : PUTSCOM     :  pu.mcbist:k0:n0:s0:p00:c0 : 00000000070123DB 1000000000000000
440.55297|SCAN|TRACE : GETSCOM     :  pu.mcbist:k0:n0:s0:p00:c0 : 00000000070123A5 0000000000000000
440.55301|SCAN|TRACE : PUTSCOM     :  pu.mcbist:k0:n0:s0:p00:c0 : 00000000070123A5 8000000000000000
440.55305|SCAN|TRACE : GETSCOM     :  pu.mcbist:k0:n0:s0:p00:c0 : 00000000070123A6 4000000000000000
440.55307|FAPI|ccs.H: pu.mca:k0:n0:s0:p00:c1 CCS Executed Successfully.
440.55311|FAPI|mss_training.C: pu.mca:k0:n0:s0:p00:c1 RP0 running WR_LVL workaround cleanup
440.55321|FAPI|rank.H: get_pair_valid (rp0, r0): 0x1
440.55322|FAPI|rank.H: get_rank_field (rp0, r0): 0x0
440.55323|FAPI|rank.H: get_pair_valid (rp0, r1): 0x0
440.55325|FAPI|rank.H: get_pair_valid (rp0, r2): 0x0
440.55326|FAPI|rank.H: get_pair_valid (rp0, r3): 0x0
440.55328|FAPI|ccs.H: loading ccs instructions (0) for pu.mcbist:k0:n0:s0:p00:c0
440.55337|SCAN|TRACE : GETSCOM     :  pu.mcbist:k0:n0:s0:p00:c0 : 00000000070123A5 0000000000000000
440.55341|SCAN|TRACE : PUTSCOM     :  pu.mcbist:k0:n0:s0:p00:c0 : 00000000070123A5 4000000000000000
440.55345|SCAN|TRACE : GETSCOM     :  pu.mcbist:k0:n0:s0:p00:c0 : 00000000070123A6 4000000000000000
440.55347|FAPI|ccs.H: ccs statq (stop) 0x4000000000000000, remaining: 50
440.55350|FAPI|mss_training.C: pu.mca:k0:n0:s0:p00:c1 rp0 running INITIAL_PATTERN_WRITE
440.55354|FAPI|mss_training.H: pu.mca:k0:n0:s0:p00:c1 RP0 cal step 'INITIAL_PATTERN_WRITE' has no pre-cal step workaround.
440.55357|FAPI|mss_training.C: pu.mca:k0:n0:s0:p00:c1 RP0 running cal step 'INITIAL_PATTERN_WRITE'
440.55359|FAPI|conversions.H: converting 0 cycles to 0ps
440.55361|FAPI|conversions.H: converting 10000000ps to 13334 cycles
440.55363|FAPI|conversions.H: converting 1 cycles to 750ps
440.55366|FAPI|cal_timers.H: pu.mca:k0:n0:s0:p00:c1 tc: 1c, id: 0ns(0sc), d: 10000(106672sc), pc: 8
440.55369|FAPI|ddr_phy.C: cal_config for pu.mca:k0:n0:s0:p00:c1: 0x0000000000004008
440.55373|SCAN|TRACE : PUTSCOM     :  pu.mca:k0:n0:s0:p00:c1 : 8000C0160701103F 0000000000004008
440.55376|FAPI|ccs.H: loading ccs instructions (1) for pu.mcbist:k0:n0:s0:p00:c0
440.55384|SCAN|TRACE : GETSCOM     :  pu.mcbist:k0:n0:s0:p00:c0 : 00000000070123A5 0000000000000000
440.55388|SCAN|TRACE : PUTSCOM     :  pu.mcbist:k0:n0:s0:p00:c0 : 00000000070123A5 4000000000000000
440.55392|SCAN|TRACE : GETSCOM     :  pu.mcbist:k0:n0:s0:p00:c0 : 00000000070123A6 4000000000000000
440.55394|FAPI|ccs.H: ccs statq (stop) 0x4000000000000000, remaining: 50
440.55398|SCAN|TRACE : PUTSCOM     :  pu.mcbist:k0:n0:s0:p00:c0 : 0000000007012315 000000F0CC0000C0
440.55403|SCAN|TRACE : PUTSCOM     :  pu.mcbist:k0:n0:s0:p00:c0 : 0000000007012335 0000000000000041
440.55408|FAPI|ccs.H: css inst 0: 0x000000F0CC0000C0 0x0000000000000041 (0x7012315, 0x7012335) delay: 0x0 (0x0) pu.mcbist:k0:n0:s0:p00:c0
440.55410|FAPI|conversions.H: converting 0 cycles to 0ps
440.55413|FAPI|ccs.H: executing ccs instructions (1:1, 0) for pu.mcbist:k0:n0:s0:p00:c0
440.55417|SCAN|TRACE : PUTSCOM     :  pu.mcbist:k0:n0:s0:p00:c0 : 0000000007012316 000008F0CC000000
440.55421|SCAN|TRACE : PUTSCOM     :  pu.mcbist:k0:n0:s0:p00:c0 : 0000000007012336 0000000000000020
440.55426|FAPI|ccs.H: css inst 1 fixup: 0x000008F0CC000000 0x0000000000000020 (0x7012316, 0x7012336) pu.mcbist:k0:n0:s0:p00:c0
440.55428|FAPI|ccs.H: executing CCS array for port 1 (pu.mca:k0:n0:s0:p00:c1)
440.55432|SCAN|TRACE : GETSCOM     :  pu.mcbist:k0:n0:s0:p00:c0 : 00000000070123DB 1000000000000000
440.55437|SCAN|TRACE : PUTSCOM     :  pu.mcbist:k0:n0:s0:p00:c0 : 00000000070123DB 1000000000000000
440.55441|SCAN|TRACE : GETSCOM     :  pu.mcbist:k0:n0:s0:p00:c0 : 00000000070123A5 0000000000000000
440.55446|SCAN|TRACE : PUTSCOM     :  pu.mcbist:k0:n0:s0:p00:c0 : 00000000070123A5 8000000000000000
440.55450|SCAN|TRACE : GETSCOM     :  pu.mcbist:k0:n0:s0:p00:c0 : 00000000070123A6 4000000000000000
440.55452|FAPI|ccs.H: pu.mca:k0:n0:s0:p00:c1 CCS Executed Successfully.
440.55457|FAPI|mss_training.H: pu.mca:k0:n0:s0:p00:c1 RP0 cal step 'INITIAL_PATTERN_WRITE' has no post-cal step workaround.
440.55460|FAPI|mss_training.C: pu.mca:k0:n0:s0:p00:c1 rp0 running DQS_ALIGN
440.55463|FAPI|mss_training.H: pu.mca:k0:n0:s0:p00:c1 RP0 cal step 'DQS_ALIGN' has no pre-cal step workaround.
440.55466|FAPI|mss_training.C: pu.mca:k0:n0:s0:p00:c1 RP0 running cal step 'DQS_ALIGN'
440.55468|FAPI|conversions.H: converting 14400 cycles to 10800000ps
440.55470|FAPI|conversions.H: converting 1800 cycles to 1350000ps
440.55472|FAPI|conversions.H: converting 10000000ps to 13334 cycles
440.55474|FAPI|conversions.H: converting 14400 cycles to 10800000ps
440.55478|FAPI|cal_timers.H: pu.mca:k0:n0:s0:p00:c1 tc: 14400c, id: 1350ns(14400sc), d: 10000(106672sc), pc: 8
440.55481|FAPI|ddr_phy.C: cal_config for pu.mca:k0:n0:s0:p00:c1: 0x0000000000002008
440.55485|SCAN|TRACE : PUTSCOM     :  pu.mca:k0:n0:s0:p00:c1 : 8000C0160701103F 0000000000002008
440.55488|FAPI|ccs.H: loading ccs instructions (1) for pu.mcbist:k0:n0:s0:p00:c0
440.55496|SCAN|TRACE : GETSCOM     :  pu.mcbist:k0:n0:s0:p00:c0 : 00000000070123A5 0000000000000000
440.55500|SCAN|TRACE : PUTSCOM     :  pu.mcbist:k0:n0:s0:p00:c0 : 00000000070123A5 4000000000000000
440.55505|SCAN|TRACE : GETSCOM     :  pu.mcbist:k0:n0:s0:p00:c0 : 00000000070123A6 4000000000000000
440.55506|FAPI|ccs.H: ccs statq (stop) 0x4000000000000000, remaining: 50
440.55511|SCAN|TRACE : PUTSCOM     :  pu.mcbist:k0:n0:s0:p00:c0 : 0000000007012315 000000F0CC0000C0
440.55515|SCAN|TRACE : PUTSCOM     :  pu.mcbist:k0:n0:s0:p00:c0 : 0000000007012335 0000000000000041
440.55521|FAPI|ccs.H: css inst 0: 0x000000F0CC0000C0 0x0000000000000041 (0x7012315, 0x7012335) delay: 0x0 (0x0) pu.mcbist:k0:n0:s0:p00:c0
440.55524|FAPI|ccs.H: executing ccs instructions (1:1, 1350) for pu.mcbist:k0:n0:s0:p00:c0
440.55528|SCAN|TRACE : PUTSCOM     :  pu.mcbist:k0:n0:s0:p00:c0 : 0000000007012316 000008F0CC000000
440.55532|SCAN|TRACE : PUTSCOM     :  pu.mcbist:k0:n0:s0:p00:c0 : 0000000007012336 0000000000000020
440.55537|FAPI|ccs.H: css inst 1 fixup: 0x000008F0CC000000 0x0000000000000020 (0x7012316, 0x7012336) pu.mcbist:k0:n0:s0:p00:c0
440.55539|FAPI|ccs.H: executing CCS array for port 1 (pu.mca:k0:n0:s0:p00:c1)
440.55543|SCAN|TRACE : GETSCOM     :  pu.mcbist:k0:n0:s0:p00:c0 : 00000000070123DB 1000000000000000
440.55547|SCAN|TRACE : PUTSCOM     :  pu.mcbist:k0:n0:s0:p00:c0 : 00000000070123DB 1000000000000000
440.55552|SCAN|TRACE : GETSCOM     :  pu.mcbist:k0:n0:s0:p00:c0 : 00000000070123A5 0000000000000000
440.55556|SCAN|TRACE : PUTSCOM     :  pu.mcbist:k0:n0:s0:p00:c0 : 00000000070123A5 8000000000000000
440.55560|SCAN|TRACE : GETSCOM     :  pu.mcbist:k0:n0:s0:p00:c0 : 00000000070123A6 4000000000000000
440.55562|FAPI|ccs.H: pu.mca:k0:n0:s0:p00:c1 CCS Executed Successfully.
440.55716|FAPI|mss_training.C: pu.mca:k0:n0:s0:p00:c1 rp0 running RDCLK_ALIGN
440.55722|SCAN|TRACE : GETSCOM     :  pu.mca:k0:n0:s0:p00:c1 : 8000C0170701103F 000000000000FE13
440.55724|FAPI|phy_cntrl.H: Read pc_init_cal_config1: 0x000000000000fe13
440.55725|FAPI|phy_cntrl.H: set init_cal refresh_control: 0
440.55727|FAPI|phy_cntrl.H: Writing to pc_init_cal_config1: 0x000000000000f213
440.55731|SCAN|TRACE : PUTSCOM     :  pu.mca:k0:n0:s0:p00:c1 : 8000C0170701103F 000000000000F213
440.55734|FAPI|mss_training.C: pu.mca:k0:n0:s0:p00:c1 RP0 running cal step 'RDCLK_ALIGN'
440.55736|FAPI|conversions.H: converting 26880 cycles to 20160000ps
440.55739|FAPI|conversions.H: converting 3360 cycles to 2520000ps
440.55740|FAPI|conversions.H: converting 10000000ps to 13334 cycles
440.55742|FAPI|conversions.H: converting 26880 cycles to 20160000ps
440.55746|FAPI|cal_timers.H: pu.mca:k0:n0:s0:p00:c1 tc: 26880c, id: 2520ns(26880sc), d: 10000(106672sc), pc: 8
440.55748|FAPI|ddr_phy.C: cal_config for pu.mca:k0:n0:s0:p00:c1: 0x0000000000001008
440.55754|SCAN|TRACE : PUTSCOM     :  pu.mca:k0:n0:s0:p00:c1 : 8000C0160701103F 0000000000001008
440.55756|FAPI|ccs.H: loading ccs instructions (1) for pu.mcbist:k0:n0:s0:p00:c0
440.55764|SCAN|TRACE : GETSCOM     :  pu.mcbist:k0:n0:s0:p00:c0 : 00000000070123A5 0000000000000000
440.55768|SCAN|TRACE : PUTSCOM     :  pu.mcbist:k0:n0:s0:p00:c0 : 00000000070123A5 4000000000000000
440.55773|SCAN|TRACE : GETSCOM     :  pu.mcbist:k0:n0:s0:p00:c0 : 00000000070123A6 4000000000000000
440.55774|FAPI|ccs.H: ccs statq (stop) 0x4000000000000000, remaining: 50
440.55778|SCAN|TRACE : PUTSCOM     :  pu.mcbist:k0:n0:s0:p00:c0 : 0000000007012315 000000F0CC0000C0
440.55783|SCAN|TRACE : PUTSCOM     :  pu.mcbist:k0:n0:s0:p00:c0 : 0000000007012335 0000000000000041
440.55788|FAPI|ccs.H: css inst 0: 0x000000F0CC0000C0 0x0000000000000041 (0x7012315, 0x7012335) delay: 0x0 (0x0) pu.mcbist:k0:n0:s0:p00:c0
440.55791|FAPI|ccs.H: executing ccs instructions (1:1, 2520) for pu.mcbist:k0:n0:s0:p00:c0
440.55795|SCAN|TRACE : PUTSCOM     :  pu.mcbist:k0:n0:s0:p00:c0 : 0000000007012316 000008F0CC000000
440.55800|SCAN|TRACE : PUTSCOM     :  pu.mcbist:k0:n0:s0:p00:c0 : 0000000007012336 0000000000000020
440.55804|FAPI|ccs.H: css inst 1 fixup: 0x000008F0CC000000 0x0000000000000020 (0x7012316, 0x7012336) pu.mcbist:k0:n0:s0:p00:c0
440.55806|FAPI|ccs.H: executing CCS array for port 1 (pu.mca:k0:n0:s0:p00:c1)
440.55810|SCAN|TRACE : GETSCOM     :  pu.mcbist:k0:n0:s0:p00:c0 : 00000000070123DB 1000000000000000
440.55815|SCAN|TRACE : PUTSCOM     :  pu.mcbist:k0:n0:s0:p00:c0 : 00000000070123DB 1000000000000000
440.55819|SCAN|TRACE : GETSCOM     :  pu.mcbist:k0:n0:s0:p00:c0 : 00000000070123A5 0000000000000000
440.55823|SCAN|TRACE : PUTSCOM     :  pu.mcbist:k0:n0:s0:p00:c0 : 00000000070123A5 8000000000000000
440.55828|SCAN|TRACE : GETSCOM     :  pu.mcbist:k0:n0:s0:p00:c0 : 00000000070123A6 4000000000000000
440.55830|FAPI|ccs.H: pu.mca:k0:n0:s0:p00:c1 CCS Executed Successfully.
440.55840|FAPI|dp16_workarounds.C: Changing red waterfalls for pu.mca:k0:n0:s0:p00:c1
440.55844|SCAN|TRACE : GETSCOM     :  pu.mca:k0:n0:s0:p00:c1 : 800000090701103F 0000000000004400
440.55849|SCAN|TRACE : PUTSCOM     :  pu.mca:k0:n0:s0:p00:c1 : 800000090701103F 0000000000008844
440.55854|SCAN|TRACE : GETSCOM     :  pu.mca:k0:n0:s0:p00:c1 : 800004090701103F 00000000000088CC
440.55859|SCAN|TRACE : PUTSCOM     :  pu.mca:k0:n0:s0:p00:c1 : 800004090701103F 000000000000CC00
440.55864|SCAN|TRACE : GETSCOM     :  pu.mca:k0:n0:s0:p00:c1 : 800008090701103F 00000000000088BB
440.55868|SCAN|TRACE : PUTSCOM     :  pu.mca:k0:n0:s0:p00:c1 : 800008090701103F 000000000000CCFF
440.55873|SCAN|TRACE : GETSCOM     :  pu.mca:k0:n0:s0:p00:c1 : 80000C090701103F 000000000000BBCC
440.55879|SCAN|TRACE : PUTSCOM     :  pu.mca:k0:n0:s0:p00:c1 : 80000C090701103F 000000000000FF00
440.55884|SCAN|TRACE : GETSCOM     :  pu.mca:k0:n0:s0:p00:c1 : 800010090701103F 0000000000000000
440.55889|SCAN|TRACE : PUTSCOM     :  pu.mca:k0:n0:s0:p00:c1 : 800010090701103F 0000000000004400
440.55895|SCAN|TRACE : GETSCOM     :  pu.mca:k0:n0:s0:p00:c1 : 8000C4120701103F 0000000000005559
440.55900|SCAN|TRACE : PUTSCOM     :  pu.mca:k0:n0:s0:p00:c1 : 8000C4120701103F 0000000000005559
440.55905|SCAN|TRACE : GETSCOM     :  pu.mca:k0:n0:s0:p00:c1 : 8000C0170701103F 000000000000F213
440.55906|FAPI|phy_cntrl.H: Read pc_init_cal_config1: 0x000000000000f213
440.55907|FAPI|phy_cntrl.H: set init_cal refresh_count: 15
440.55909|FAPI|phy_cntrl.H: set init_cal refresh_control: 3
440.55910|FAPI|phy_cntrl.H: set init_cal refresh_all_ranks: high
440.55911|FAPI|phy_cntrl.H: set init_cal snoop_dis: low
440.55912|FAPI|phy_cntrl.H: set init_cal refresh_interval: 19
440.55914|FAPI|phy_cntrl.H: Writing to pc_init_cal_config1: 0x000000000000fe13
440.55919|SCAN|TRACE : PUTSCOM     :  pu.mca:k0:n0:s0:p00:c1 : 8000C0170701103F 000000000000FE13
440.55922|FAPI|mss_training.C: pu.mca:k0:n0:s0:p00:c1 rp0 running READ_CTR
440.55928|SCAN|TRACE : GETSCOM     :  pu.mca:k0:n0:s0:p00:c1 : 8000C0170701103F 000000000000FE13
440.55930|FAPI|phy_cntrl.H: Read pc_init_cal_config1: 0x000000000000fe13
440.55931|FAPI|phy_cntrl.H: set init_cal refresh_control: 0
440.55933|FAPI|phy_cntrl.H: Writing to pc_init_cal_config1: 0x000000000000f213
440.55937|SCAN|TRACE : PUTSCOM     :  pu.mca:k0:n0:s0:p00:c1 : 8000C0170701103F 000000000000F213
440.55944|SCAN|TRACE : GETSCOM     :  pu.mca:k0:n0:s0:p00:c1 : 800000030701103F 0000000000000120
440.55949|SCAN|TRACE : PUTSCOM     :  pu.mca:k0:n0:s0:p00:c1 : 800000030701103F 0000000000000122
440.55954|SCAN|TRACE : GETSCOM     :  pu.mca:k0:n0:s0:p00:c1 : 800004030701103F 0000000000000120
440.55959|SCAN|TRACE : PUTSCOM     :  pu.mca:k0:n0:s0:p00:c1 : 800004030701103F 0000000000000122
440.55964|SCAN|TRACE : GETSCOM     :  pu.mca:k0:n0:s0:p00:c1 : 800008030701103F 0000000000000120
440.55969|SCAN|TRACE : PUTSCOM     :  pu.mca:k0:n0:s0:p00:c1 : 800008030701103F 0000000000000122
440.55973|SCAN|TRACE : GETSCOM     :  pu.mca:k0:n0:s0:p00:c1 : 80000C030701103F 0000000000000120
440.55978|SCAN|TRACE : PUTSCOM     :  pu.mca:k0:n0:s0:p00:c1 : 80000C030701103F 0000000000000122
440.55983|SCAN|TRACE : GETSCOM     :  pu.mca:k0:n0:s0:p00:c1 : 800010030701103F 0000000000000120
440.55988|SCAN|TRACE : PUTSCOM     :  pu.mca:k0:n0:s0:p00:c1 : 800010030701103F 0000000000000122
440.56147|SCAN|TRACE : PUTSCOM     :  pu.mca:k0:n0:s0:p00:c1 : 800000760701103F 000000000000FFFF
440.56152|SCAN|TRACE : PUTSCOM     :  pu.mca:k0:n0:s0:p00:c1 : 800004760701103F 000000000000FFFF
440.56157|SCAN|TRACE : PUTSCOM     :  pu.mca:k0:n0:s0:p00:c1 : 800008760701103F 000000000000FFFF
440.56162|SCAN|TRACE : PUTSCOM     :  pu.mca:k0:n0:s0:p00:c1 : 80000C760701103F 000000000000FFFF
440.56167|SCAN|TRACE : PUTSCOM     :  pu.mca:k0:n0:s0:p00:c1 : 800010760701103F 000000000000FFFF
440.56172|SCAN|TRACE : GETSCOM     :  pu.mca:k0:n0:s0:p00:c1 : 8000C80A0701103F 0000000000002240
440.56175|FAPI|ddr_phy.C: pu.mca:k0:n0:s0:p00:c1 Enabling read VREF cal, read centering is yup
440.56180|SCAN|TRACE : PUTSCOM     :  pu.mca:k0:n0:s0:p00:c1 : 8000C80A0701103F 0000000000002248
440.56182|FAPI|mss_training.C: pu.mca:k0:n0:s0:p00:c1 RP0 running cal step 'READ_CTR'
440.56185|FAPI|conversions.H: converting 39168 cycles to 29376000ps
440.56187|FAPI|read_cntrl.H: VREF guess wait time: 271600 (freq: 2666)
440.56189|FAPI|conversions.H: converting 38846 cycles to 29134500ps
440.56191|FAPI|conversions.H: converting 10000000ps to 13334 cycles
440.56193|FAPI|conversions.H: converting 310768 cycles to 233076000ps
440.56197|FAPI|cal_timers.H: pu.mca:k0:n0:s0:p00:c1 tc: 310768c, id: 29135ns(310768sc), d: 10000(106672sc), pc: 80
440.56200|FAPI|ddr_phy.C: cal_config for pu.mca:k0:n0:s0:p00:c1: 0x0000000000000808
440.56205|SCAN|TRACE : PUTSCOM     :  pu.mca:k0:n0:s0:p00:c1 : 8000C0160701103F 0000000000000808
440.56207|FAPI|ccs.H: loading ccs instructions (1) for pu.mcbist:k0:n0:s0:p00:c0
440.56215|SCAN|TRACE : GETSCOM     :  pu.mcbist:k0:n0:s0:p00:c0 : 00000000070123A5 0000000000000000
440.56219|SCAN|TRACE : PUTSCOM     :  pu.mcbist:k0:n0:s0:p00:c0 : 00000000070123A5 4000000000000000
440.56224|SCAN|TRACE : GETSCOM     :  pu.mcbist:k0:n0:s0:p00:c0 : 00000000070123A6 4000000000000000
440.56226|FAPI|ccs.H: ccs statq (stop) 0x4000000000000000, remaining: 50
440.56230|SCAN|TRACE : PUTSCOM     :  pu.mcbist:k0:n0:s0:p00:c0 : 0000000007012315 000000F0CC0000C0
440.56234|SCAN|TRACE : PUTSCOM     :  pu.mcbist:k0:n0:s0:p00:c0 : 0000000007012335 0000000000000041
440.56240|FAPI|ccs.H: css inst 0: 0x000000F0CC0000C0 0x0000000000000041 (0x7012315, 0x7012335) delay: 0x0 (0x0) pu.mcbist:k0:n0:s0:p00:c0
440.56243|FAPI|ccs.H: executing ccs instructions (1:1, 29135) for pu.mcbist:k0:n0:s0:p00:c0
440.56247|SCAN|TRACE : PUTSCOM     :  pu.mcbist:k0:n0:s0:p00:c0 : 0000000007012316 000008F0CC000000
440.56251|SCAN|TRACE : PUTSCOM     :  pu.mcbist:k0:n0:s0:p00:c0 : 0000000007012336 0000000000000020
440.56257|FAPI|ccs.H: css inst 1 fixup: 0x000008F0CC000000 0x0000000000000020 (0x7012316, 0x7012336) pu.mcbist:k0:n0:s0:p00:c0
440.56259|FAPI|ccs.H: executing CCS array for port 1 (pu.mca:k0:n0:s0:p00:c1)
440.56263|SCAN|TRACE : GETSCOM     :  pu.mcbist:k0:n0:s0:p00:c0 : 00000000070123DB 1000000000000000
440.56267|SCAN|TRACE : PUTSCOM     :  pu.mcbist:k0:n0:s0:p00:c0 : 00000000070123DB 1000000000000000
440.56271|SCAN|TRACE : GETSCOM     :  pu.mcbist:k0:n0:s0:p00:c0 : 00000000070123A5 0000000000000000
440.56276|SCAN|TRACE : PUTSCOM     :  pu.mcbist:k0:n0:s0:p00:c0 : 00000000070123A5 8000000000000000
440.56283|SCAN|TRACE : GETSCOM     :  pu.mcbist:k0:n0:s0:p00:c0 : 00000000070123A6 8000000000000000
440.56289|SCAN|TRACE : GETSCOM     :  pu.mcbist:k0:n0:s0:p00:c0 : 00000000070123A6 8000000000000000
440.56295|SCAN|TRACE : GETSCOM     :  pu.mcbist:k0:n0:s0:p00:c0 : 00000000070123A6 8000000000000000
440.56301|SCAN|TRACE : GETSCOM     :  pu.mcbist:k0:n0:s0:p00:c0 : 00000000070123A6 8000000000000000
440.56307|SCAN|TRACE : GETSCOM     :  pu.mcbist:k0:n0:s0:p00:c0 : 00000000070123A6 8000000000000000
440.56313|SCAN|TRACE : GETSCOM     :  pu.mcbist:k0:n0:s0:p00:c0 : 00000000070123A6 8000000000000000
440.56318|SCAN|TRACE : GETSCOM     :  pu.mcbist:k0:n0:s0:p00:c0 : 00000000070123A6 8000000000000000
440.56324|SCAN|TRACE : GETSCOM     :  pu.mcbist:k0:n0:s0:p00:c0 : 00000000070123A6 8000000000000000
440.56330|SCAN|TRACE : GETSCOM     :  pu.mcbist:k0:n0:s0:p00:c0 : 00000000070123A6 8000000000000000
440.56336|SCAN|TRACE : GETSCOM     :  pu.mcbist:k0:n0:s0:p00:c0 : 00000000070123A6 8000000000000000
440.56342|SCAN|TRACE : GETSCOM     :  pu.mcbist:k0:n0:s0:p00:c0 : 00000000070123A6 8000000000000000
440.56348|SCAN|TRACE : GETSCOM     :  pu.mcbist:k0:n0:s0:p00:c0 : 00000000070123A6 8000000000000000
440.56354|SCAN|TRACE : GETSCOM     :  pu.mcbist:k0:n0:s0:p00:c0 : 00000000070123A6 8000000000000000
440.56360|SCAN|TRACE : GETSCOM     :  pu.mcbist:k0:n0:s0:p00:c0 : 00000000070123A6 8000000000000000
440.56366|SCAN|TRACE : GETSCOM     :  pu.mcbist:k0:n0:s0:p00:c0 : 00000000070123A6 8000000000000000
440.56371|SCAN|TRACE : GETSCOM     :  pu.mcbist:k0:n0:s0:p00:c0 : 00000000070123A6 4000000000000000
440.56373|FAPI|ccs.H: pu.mca:k0:n0:s0:p00:c1 CCS Executed Successfully.
440.56528|FAPI|dp16_workarounds.C: pu.mca:k0:n0:s0:p00:c1 skipping the rd centering workaround!
440.56534|SCAN|TRACE : GETSCOM     :  pu.mca:k0:n0:s0:p00:c1 : 8000C4120701103F 0000000000005559
440.56539|SCAN|TRACE : PUTSCOM     :  pu.mca:k0:n0:s0:p00:c1 : 8000C4120701103F 0000000000005559
440.56544|SCAN|TRACE : GETSCOM     :  pu.mca:k0:n0:s0:p00:c1 : 8000C0170701103F 000000000000F213
440.56546|FAPI|phy_cntrl.H: Read pc_init_cal_config1: 0x000000000000f213
440.56547|FAPI|phy_cntrl.H: set init_cal refresh_count: 15
440.56549|FAPI|phy_cntrl.H: set init_cal refresh_control: 3
440.56550|FAPI|phy_cntrl.H: set init_cal refresh_all_ranks: high
440.56551|FAPI|phy_cntrl.H: set init_cal snoop_dis: low
440.56552|FAPI|phy_cntrl.H: set init_cal refresh_interval: 19
440.56554|FAPI|phy_cntrl.H: Writing to pc_init_cal_config1: 0x000000000000fe13
440.56559|SCAN|TRACE : PUTSCOM     :  pu.mca:k0:n0:s0:p00:c1 : 8000C0170701103F 000000000000FE13
440.56565|SCAN|TRACE : GETSCOM     :  pu.mca:k0:n0:s0:p00:c1 : 800000030701103F 0000000000000122
440.56572|SCAN|TRACE : PUTSCOM     :  pu.mca:k0:n0:s0:p00:c1 : 800000030701103F 0000000000000120
440.56577|SCAN|TRACE : GETSCOM     :  pu.mca:k0:n0:s0:p00:c1 : 800004030701103F 0000000000000122
440.56581|SCAN|TRACE : PUTSCOM     :  pu.mca:k0:n0:s0:p00:c1 : 800004030701103F 0000000000000120
440.56586|SCAN|TRACE : GETSCOM     :  pu.mca:k0:n0:s0:p00:c1 : 800008030701103F 0000000000000122
440.56591|SCAN|TRACE : PUTSCOM     :  pu.mca:k0:n0:s0:p00:c1 : 800008030701103F 0000000000000120
440.56596|SCAN|TRACE : GETSCOM     :  pu.mca:k0:n0:s0:p00:c1 : 80000C030701103F 0000000000000122
440.56601|SCAN|TRACE : PUTSCOM     :  pu.mca:k0:n0:s0:p00:c1 : 80000C030701103F 0000000000000120
440.56606|SCAN|TRACE : GETSCOM     :  pu.mca:k0:n0:s0:p00:c1 : 800010030701103F 0000000000000122
440.56611|SCAN|TRACE : PUTSCOM     :  pu.mca:k0:n0:s0:p00:c1 : 800010030701103F 0000000000000120
440.56613|FAPI|mss_training.C: pu.mca:k0:n0:s0:p00:c1 rp0 running WR_VREF_LATCH
440.56616|FAPI|mss_training.C: pu.mca:k0:n0:s0:p00:c1 RP0 WR VREF latch workaround
440.56619|FAPI|mss_training.C: pu.mca:k0:n0:s0:p00:c1 RP0 latching WR VREF values below
440.56625|FAPI|rank.H: get_pair_valid (rp0, r0): 0x1
440.56626|FAPI|rank.H: get_rank_field (rp0, r0): 0x0
440.56628|FAPI|rank.H: get_pair_valid (rp0, r1): 0x0
440.56629|FAPI|rank.H: get_pair_valid (rp0, r2): 0x0
440.56630|FAPI|rank.H: get_pair_valid (rp0, r3): 0x0
440.56639|FAPI|conversions.H: converting 150000ps to 200 cycles
440.56645|FAPI|mrs06.C: dimm:k0:n0:s0:p02 RDIMM (DDR4) MR6 rank 0 attributes: TRAIN_V: 0xd(0xd), TRAIN_R: 0x0, TRAIN_E: 0x1, TCCD_L: 0x7(0x3)
440.56647|FAPI|mrs06.C: dimm:k0:n0:s0:p02 RDIMM (DDR4) MR6: 0xb13038f0cc000000
440.56653|FAPI|mrs_load_ddr4.C: dimm:k0:n0:s0:p02 RDIMM (DDR4) Turning A17 off
440.56656|FAPI|mrs06.C: MR6 rank 0 decode: TRAIN_V: 0xd, TRAIN_R: 0x0, TRAIN_E: 0x1, TCCD_L: 0x3
440.56661|FAPI|mrs_load_ddr4.H: MRS06 (200) 0xb13038f0cc000000:0x00c8000000000000 dimm:k0:n0:s0:p02 RDIMM (DDR4):rank 0 a-side
440.56666|FAPI|mrs_load_ddr4.H: MRS06 (200) 0xaee548f0cc000000:0x00c8000000000000 dimm:k0:n0:s0:p02 RDIMM (DDR4):rank 0 b-side
440.56669|FAPI|conversions.H: converting 150000ps to 200 cycles
440.56676|FAPI|mrs06.C: dimm:k0:n0:s0:p02 RDIMM (DDR4) MR6 rank 0 attributes: TRAIN_V: 0xd(0xd), TRAIN_R: 0x0, TRAIN_E: 0x1, TCCD_L: 0x7(0x3)
440.56678|FAPI|mrs06.C: dimm:k0:n0:s0:p02 RDIMM (DDR4) MR6: 0xb13038f0cc000000
440.56684|FAPI|mrs_load_ddr4.C: dimm:k0:n0:s0:p02 RDIMM (DDR4) Turning A17 off
440.56687|FAPI|mrs06.C: MR6 rank 0 decode: TRAIN_V: 0xd, TRAIN_R: 0x0, TRAIN_E: 0x1, TCCD_L: 0x3
440.56692|FAPI|mrs_load_ddr4.H: MRS06 (200) 0xb13038f0cc000000:0x00c8000000000000 dimm:k0:n0:s0:p02 RDIMM (DDR4):rank 0 a-side
440.56697|FAPI|mrs_load_ddr4.H: MRS06 (200) 0xaee548f0cc000000:0x00c8000000000000 dimm:k0:n0:s0:p02 RDIMM (DDR4):rank 0 b-side
440.56700|FAPI|conversions.H: converting 150000ps to 200 cycles
440.56706|FAPI|mrs06.C: dimm:k0:n0:s0:p02 RDIMM (DDR4) MR6 rank 0 attributes: TRAIN_V: 0xd(0xd), TRAIN_R: 0x0, TRAIN_E: 0x0, TCCD_L: 0x7(0x3)
440.56708|FAPI|mrs06.C: dimm:k0:n0:s0:p02 RDIMM (DDR4) MR6: 0xb03038f0cc000000
440.56714|FAPI|mrs_load_ddr4.C: dimm:k0:n0:s0:p02 RDIMM (DDR4) Turning A17 off
440.56717|FAPI|mrs06.C: MR6 rank 0 decode: TRAIN_V: 0xd, TRAIN_R: 0x0, TRAIN_E: 0x0, TCCD_L: 0x3
440.56722|FAPI|mrs_load_ddr4.H: MRS06 (200) 0xb03038f0cc000000:0x00c8000000000000 dimm:k0:n0:s0:p02 RDIMM (DDR4):rank 0 a-side
440.56727|FAPI|mrs_load_ddr4.H: MRS06 (200) 0xafe548f0cc000000:0x00c8000000000000 dimm:k0:n0:s0:p02 RDIMM (DDR4):rank 0 b-side
440.56730|FAPI|ccs.H: loading ccs instructions (6) for pu.mcbist:k0:n0:s0:p00:c0
440.56738|SCAN|TRACE : GETSCOM     :  pu.mcbist:k0:n0:s0:p00:c0 : 00000000070123A5 0000000000000000
440.56743|SCAN|TRACE : PUTSCOM     :  pu.mcbist:k0:n0:s0:p00:c0 : 00000000070123A5 4000000000000000
440.56748|SCAN|TRACE : GETSCOM     :  pu.mcbist:k0:n0:s0:p00:c0 : 00000000070123A6 4000000000000000
440.56749|FAPI|ccs.H: ccs statq (stop) 0x4000000000000000, remaining: 50
440.56754|SCAN|TRACE : PUTSCOM     :  pu.mcbist:k0:n0:s0:p00:c0 : 0000000007012315 B13038F04C000000
440.56759|SCAN|TRACE : PUTSCOM     :  pu.mcbist:k0:n0:s0:p00:c0 : 0000000007012335 00C8000000000001
440.56764|FAPI|ccs.H: css inst 0: 0xB13038F04C000000 0x00C8000000000001 (0x7012315, 0x7012335) delay: 0xc8 (0xc8) pu.mcbist:k0:n0:s0:p00:c0
440.56770|SCAN|TRACE : PUTSCOM     :  pu.mcbist:k0:n0:s0:p00:c0 : 0000000007012316 AEE548F04C000000
440.56774|SCAN|TRACE : PUTSCOM     :  pu.mcbist:k0:n0:s0:p00:c0 : 0000000007012336 00C8000000000002
440.56780|FAPI|ccs.H: css inst 1: 0xAEE548F04C000000 0x00C8000000000002 (0x7012316, 0x7012336) delay: 0xc8 (0x190) pu.mcbist:k0:n0:s0:p00:c0
440.56784|SCAN|TRACE : PUTSCOM     :  pu.mcbist:k0:n0:s0:p00:c0 : 0000000007012317 B13038F04C000000
440.56789|SCAN|TRACE : PUTSCOM     :  pu.mcbist:k0:n0:s0:p00:c0 : 0000000007012337 00C8000000000003
440.56794|FAPI|ccs.H: css inst 2: 0xB13038F04C000000 0x00C8000000000003 (0x7012317, 0x7012337) delay: 0xc8 (0x258) pu.mcbist:k0:n0:s0:p00:c0
440.56799|SCAN|TRACE : PUTSCOM     :  pu.mcbist:k0:n0:s0:p00:c0 : 0000000007012318 AEE548F04C000000
440.56803|SCAN|TRACE : PUTSCOM     :  pu.mcbist:k0:n0:s0:p00:c0 : 0000000007012338 00C8000000000004
440.56809|FAPI|ccs.H: css inst 3: 0xAEE548F04C000000 0x00C8000000000004 (0x7012318, 0x7012338) delay: 0xc8 (0x320) pu.mcbist:k0:n0:s0:p00:c0
440.56813|SCAN|TRACE : PUTSCOM     :  pu.mcbist:k0:n0:s0:p00:c0 : 0000000007012319 B03038F04C000000
440.56818|SCAN|TRACE : PUTSCOM     :  pu.mcbist:k0:n0:s0:p00:c0 : 0000000007012339 00C8000000000005
440.56823|FAPI|ccs.H: css inst 4: 0xB03038F04C000000 0x00C8000000000005 (0x7012319, 0x7012339) delay: 0xc8 (0x3e8) pu.mcbist:k0:n0:s0:p00:c0
440.56828|SCAN|TRACE : PUTSCOM     :  pu.mcbist:k0:n0:s0:p00:c0 : 000000000701231A AFE548F04C000000
440.56832|SCAN|TRACE : PUTSCOM     :  pu.mcbist:k0:n0:s0:p00:c0 : 000000000701233A 00C8000000000006
440.56838|FAPI|ccs.H: css inst 5: 0xAFE548F04C000000 0x00C8000000000006 (0x701231a, 0x701233a) delay: 0xc8 (0x4b0) pu.mcbist:k0:n0:s0:p00:c0
440.56840|FAPI|conversions.H: converting 1200 cycles to 900000ps
440.56842|FAPI|ccs.H: executing ccs instructions (6:6, 900) for pu.mcbist:k0:n0:s0:p00:c0
440.56846|SCAN|TRACE : PUTSCOM     :  pu.mcbist:k0:n0:s0:p00:c0 : 000000000701231B 000008F0CC000000
440.56851|SCAN|TRACE : PUTSCOM     :  pu.mcbist:k0:n0:s0:p00:c0 : 000000000701233B 0000000000000020
440.56856|FAPI|ccs.H: css inst 6 fixup: 0x000008F0CC000000 0x0000000000000020 (0x701231b, 0x701233b) pu.mcbist:k0:n0:s0:p00:c0
440.56858|FAPI|ccs.H: executing CCS array for port 1 (pu.mca:k0:n0:s0:p00:c1)
440.56862|SCAN|TRACE : GETSCOM     :  pu.mcbist:k0:n0:s0:p00:c0 : 00000000070123DB 1000000000000000
440.56866|SCAN|TRACE : PUTSCOM     :  pu.mcbist:k0:n0:s0:p00:c0 : 00000000070123DB 1000000000000000
440.56871|SCAN|TRACE : GETSCOM     :  pu.mcbist:k0:n0:s0:p00:c0 : 00000000070123A5 0000000000000000
440.56876|SCAN|TRACE : PUTSCOM     :  pu.mcbist:k0:n0:s0:p00:c0 : 00000000070123A5 8000000000000000
440.56880|SCAN|TRACE : GETSCOM     :  pu.mcbist:k0:n0:s0:p00:c0 : 00000000070123A6 4000000000000000
440.56882|FAPI|ccs.H: pu.mca:k0:n0:s0:p00:c1 CCS Executed Successfully.
440.56886|FAPI|mss_training.H: pu.mca:k0:n0:s0:p00:c1 RP0 cal step 'WR_VREF_LATCH' has no post-cal step workaround.
440.56888|FAPI|mss_training.C: pu.mca:k0:n0:s0:p00:c1 rp0 running WRITE_CTR
440.56891|FAPI|mss_training.C: pu.mca:k0:n0:s0:p00:c1 checking for clear DRAMs
440.57050|SCAN|TRACE : GETSCOM     :  pu.mca:k0:n0:s0:p00:c1 : 8000007C0701103F 0000000000000000
440.57208|FAPI|dp16_workarounds.C: pu.mca:k0:n0:s0:p00:c1 RP0 DRAM0 reg:0x8000007c0701103f reg_value:0x0000000000000000 DRAM disables: 0x0
440.57213|FAPI|dp16_workarounds.C: pu.mca:k0:n0:s0:p00:c1 RP0 DRAM0 DRAM disables: 0x0 clear value: 0x0 has no disables
440.57215|FAPI|mss_training.C: pu.mca:k0:n0:s0:p00:c1 RP0 DRAM0 Disables? no
440.57221|SCAN|TRACE : GETSCOM     :  pu.mca:k0:n0:s0:p00:c1 : 800000380701103F 0000000000001B40
440.57228|SCAN|TRACE : GETSCOM     :  pu.mca:k0:n0:s0:p00:c1 : 8000007C0701103F 0000000000000000
440.57233|FAPI|dp16_workarounds.C: pu.mca:k0:n0:s0:p00:c1 RP0 DRAM1 reg:0x8000007c0701103f reg_value:0x0000000000000000 DRAM disables: 0x0
440.57238|FAPI|dp16_workarounds.C: pu.mca:k0:n0:s0:p00:c1 RP0 DRAM1 DRAM disables: 0x0 clear value: 0x0 has no disables
440.57240|FAPI|mss_training.C: pu.mca:k0:n0:s0:p00:c1 RP0 DRAM1 Disables? no
440.57246|SCAN|TRACE : GETSCOM     :  pu.mca:k0:n0:s0:p00:c1 : 800000400701103F 0000000000001E00
440.57252|SCAN|TRACE : GETSCOM     :  pu.mca:k0:n0:s0:p00:c1 : 8000047C0701103F 0000000000000000
440.57258|FAPI|dp16_workarounds.C: pu.mca:k0:n0:s0:p00:c1 RP0 DRAM2 reg:0x8000047c0701103f reg_value:0x0000000000000000 DRAM disables: 0x0
440.57262|FAPI|dp16_workarounds.C: pu.mca:k0:n0:s0:p00:c1 RP0 DRAM2 DRAM disables: 0x0 clear value: 0x0 has no disables
440.57264|FAPI|mss_training.C: pu.mca:k0:n0:s0:p00:c1 RP0 DRAM2 Disables? no
440.57270|SCAN|TRACE : GETSCOM     :  pu.mca:k0:n0:s0:p00:c1 : 800004380701103F 0000000000001600
440.57276|SCAN|TRACE : GETSCOM     :  pu.mca:k0:n0:s0:p00:c1 : 8000047C0701103F 0000000000000000
440.57282|FAPI|dp16_workarounds.C: pu.mca:k0:n0:s0:p00:c1 RP0 DRAM3 reg:0x8000047c0701103f reg_value:0x0000000000000000 DRAM disables: 0x0
440.57286|FAPI|dp16_workarounds.C: pu.mca:k0:n0:s0:p00:c1 RP0 DRAM3 DRAM disables: 0x0 clear value: 0x0 has no disables
440.57288|FAPI|mss_training.C: pu.mca:k0:n0:s0:p00:c1 RP0 DRAM3 Disables? no
440.57294|SCAN|TRACE : GETSCOM     :  pu.mca:k0:n0:s0:p00:c1 : 800004400701103F 0000000000001900
440.57300|SCAN|TRACE : GETSCOM     :  pu.mca:k0:n0:s0:p00:c1 : 8000087C0701103F 0000000000000000
440.57306|FAPI|dp16_workarounds.C: pu.mca:k0:n0:s0:p00:c1 RP0 DRAM4 reg:0x8000087c0701103f reg_value:0x0000000000000000 DRAM disables: 0x0
440.57310|FAPI|dp16_workarounds.C: pu.mca:k0:n0:s0:p00:c1 RP0 DRAM4 DRAM disables: 0x0 clear value: 0x0 has no disables
440.57312|FAPI|mss_training.C: pu.mca:k0:n0:s0:p00:c1 RP0 DRAM4 Disables? no
440.57318|SCAN|TRACE : GETSCOM     :  pu.mca:k0:n0:s0:p00:c1 : 800008380701103F 0000000000001C40
440.57324|SCAN|TRACE : GETSCOM     :  pu.mca:k0:n0:s0:p00:c1 : 8000087C0701103F 0000000000000000
440.57330|FAPI|dp16_workarounds.C: pu.mca:k0:n0:s0:p00:c1 RP0 DRAM5 reg:0x8000087c0701103f reg_value:0x0000000000000000 DRAM disables: 0x0
440.57334|FAPI|dp16_workarounds.C: pu.mca:k0:n0:s0:p00:c1 RP0 DRAM5 DRAM disables: 0x0 clear value: 0x0 has no disables
440.57336|FAPI|mss_training.C: pu.mca:k0:n0:s0:p00:c1 RP0 DRAM5 Disables? no
440.57342|SCAN|TRACE : GETSCOM     :  pu.mca:k0:n0:s0:p00:c1 : 800008400701103F 0000000000001880
440.57348|SCAN|TRACE : GETSCOM     :  pu.mca:k0:n0:s0:p00:c1 : 80000C7C0701103F 0000000000000000
440.57354|FAPI|dp16_workarounds.C: pu.mca:k0:n0:s0:p00:c1 RP0 DRAM6 reg:0x80000c7c0701103f reg_value:0x0000000000000000 DRAM disables: 0x0
440.57358|FAPI|dp16_workarounds.C: pu.mca:k0:n0:s0:p00:c1 RP0 DRAM6 DRAM disables: 0x0 clear value: 0x0 has no disables
440.57360|FAPI|mss_training.C: pu.mca:k0:n0:s0:p00:c1 RP0 DRAM6 Disables? no
440.57366|SCAN|TRACE : GETSCOM     :  pu.mca:k0:n0:s0:p00:c1 : 80000C380701103F 0000000000002040
440.57372|SCAN|TRACE : GETSCOM     :  pu.mca:k0:n0:s0:p00:c1 : 80000C7C0701103F 0000000000000000
440.57378|FAPI|dp16_workarounds.C: pu.mca:k0:n0:s0:p00:c1 RP0 DRAM7 reg:0x80000c7c0701103f reg_value:0x0000000000000000 DRAM disables: 0x0
440.57382|FAPI|dp16_workarounds.C: pu.mca:k0:n0:s0:p00:c1 RP0 DRAM7 DRAM disables: 0x0 clear value: 0x0 has no disables
440.57384|FAPI|mss_training.C: pu.mca:k0:n0:s0:p00:c1 RP0 DRAM7 Disables? no
440.57390|SCAN|TRACE : GETSCOM     :  pu.mca:k0:n0:s0:p00:c1 : 80000C400701103F 0000000000002280
440.57396|SCAN|TRACE : GETSCOM     :  pu.mca:k0:n0:s0:p00:c1 : 8000107C0701103F 00000000000000FF
440.57402|FAPI|dp16_workarounds.C: pu.mca:k0:n0:s0:p00:c1 RP0 DRAM8 reg:0x8000107c0701103f reg_value:0x00000000000000ff DRAM disables: 0x0
440.57406|FAPI|dp16_workarounds.C: pu.mca:k0:n0:s0:p00:c1 RP0 DRAM8 DRAM disables: 0x0 clear value: 0x0 has no disables
440.57408|FAPI|mss_training.C: pu.mca:k0:n0:s0:p00:c1 RP0 DRAM8 Disables? no
440.57414|SCAN|TRACE : GETSCOM     :  pu.mca:k0:n0:s0:p00:c1 : 800010380701103F 0000000000002340
440.57571|SCAN|TRACE : GETSCOM     :  pu.mca:k0:n0:s0:p00:c1 : 8000006C0701103F 000000000000408E
440.57577|SCAN|TRACE : GETSCOM     :  pu.mca:k0:n0:s0:p00:c1 : 8000046C0701103F 000000000000408E
440.57582|SCAN|TRACE : GETSCOM     :  pu.mca:k0:n0:s0:p00:c1 : 8000086C0701103F 000000000000408E
440.57587|SCAN|TRACE : GETSCOM     :  pu.mca:k0:n0:s0:p00:c1 : 80000C6C0701103F 000000000000408E
440.57592|SCAN|TRACE : GETSCOM     :  pu.mca:k0:n0:s0:p00:c1 : 8000106C0701103F 000000000000408E
440.57597|SCAN|TRACE : PUTSCOM     :  pu.mca:k0:n0:s0:p00:c1 : 8000006C0701103F 000000000000408E
440.57602|SCAN|TRACE : PUTSCOM     :  pu.mca:k0:n0:s0:p00:c1 : 8000046C0701103F 000000000000408E
440.57607|SCAN|TRACE : PUTSCOM     :  pu.mca:k0:n0:s0:p00:c1 : 8000086C0701103F 000000000000408E
440.57612|SCAN|TRACE : PUTSCOM     :  pu.mca:k0:n0:s0:p00:c1 : 80000C6C0701103F 000000000000408E
440.57617|SCAN|TRACE : PUTSCOM     :  pu.mca:k0:n0:s0:p00:c1 : 8000106C0701103F 000000000000408E
440.57620|FAPI|mss_training.C: pu.mca:k0:n0:s0:p00:c1 RP0 running cal step 'WRITE_CTR'
440.57625|FAPI|conversions.H: converting 3870184 cycles to 2902638000ps
440.57627|FAPI|conversions.H: converting 483773 cycles to 362829750ps
440.57629|FAPI|conversions.H: converting 10000000ps to 13334 cycles
440.57631|FAPI|conversions.H: converting 3870184 cycles to 2902638000ps
440.57635|FAPI|cal_timers.H: pu.mca:k0:n0:s0:p00:c1 tc: 3870184c, id: 362830ns(3870184sc), d: 10000(106672sc), pc: 1012
440.57638|FAPI|ddr_phy.C: cal_config for pu.mca:k0:n0:s0:p00:c1: 0x0000000000000408
440.57643|SCAN|TRACE : PUTSCOM     :  pu.mca:k0:n0:s0:p00:c1 : 8000C0160701103F 0000000000000408
440.57645|FAPI|ccs.H: loading ccs instructions (1) for pu.mcbist:k0:n0:s0:p00:c0
440.57654|SCAN|TRACE : GETSCOM     :  pu.mcbist:k0:n0:s0:p00:c0 : 00000000070123A5 0000000000000000
440.57659|SCAN|TRACE : PUTSCOM     :  pu.mcbist:k0:n0:s0:p00:c0 : 00000000070123A5 4000000000000000
440.57663|SCAN|TRACE : GETSCOM     :  pu.mcbist:k0:n0:s0:p00:c0 : 00000000070123A6 4000000000000000
440.57665|FAPI|ccs.H: ccs statq (stop) 0x4000000000000000, remaining: 50
440.57669|SCAN|TRACE : PUTSCOM     :  pu.mcbist:k0:n0:s0:p00:c0 : 0000000007012315 000000F0CC0000C0
440.57674|SCAN|TRACE : PUTSCOM     :  pu.mcbist:k0:n0:s0:p00:c0 : 0000000007012335 0000000000000041
440.57679|FAPI|ccs.H: css inst 0: 0x000000F0CC0000C0 0x0000000000000041 (0x7012315, 0x7012335) delay: 0x0 (0x0) pu.mcbist:k0:n0:s0:p00:c0
440.57682|FAPI|ccs.H: executing ccs instructions (1:1, 362830) for pu.mcbist:k0:n0:s0:p00:c0
440.57687|SCAN|TRACE : PUTSCOM     :  pu.mcbist:k0:n0:s0:p00:c0 : 0000000007012316 000008F0CC000000
440.57691|SCAN|TRACE : PUTSCOM     :  pu.mcbist:k0:n0:s0:p00:c0 : 0000000007012336 0000000000000020
440.57696|FAPI|ccs.H: css inst 1 fixup: 0x000008F0CC000000 0x0000000000000020 (0x7012316, 0x7012336) pu.mcbist:k0:n0:s0:p00:c0
440.57698|FAPI|ccs.H: executing CCS array for port 1 (pu.mca:k0:n0:s0:p00:c1)
440.57703|SCAN|TRACE : GETSCOM     :  pu.mcbist:k0:n0:s0:p00:c0 : 00000000070123DB 1000000000000000
440.57707|SCAN|TRACE : PUTSCOM     :  pu.mcbist:k0:n0:s0:p00:c0 : 00000000070123DB 1000000000000000
440.57711|SCAN|TRACE : GETSCOM     :  pu.mcbist:k0:n0:s0:p00:c0 : 00000000070123A5 0000000000000000
440.57716|SCAN|TRACE : PUTSCOM     :  pu.mcbist:k0:n0:s0:p00:c0 : 00000000070123A5 8000000000000000
440.57757|SCAN|TRACE : GETSCOM     :  pu.mcbist:k0:n0:s0:p00:c0 : 00000000070123A6 8000000000000000
440.57764|SCAN|TRACE : GETSCOM     :  pu.mcbist:k0:n0:s0:p00:c0 : 00000000070123A6 8000000000000000
440.57770|SCAN|TRACE : GETSCOM     :  pu.mcbist:k0:n0:s0:p00:c0 : 00000000070123A6 8000000000000000
440.57776|SCAN|TRACE : GETSCOM     :  pu.mcbist:k0:n0:s0:p00:c0 : 00000000070123A6 8000000000000000
440.57781|SCAN|TRACE : GETSCOM     :  pu.mcbist:k0:n0:s0:p00:c0 : 00000000070123A6 8000000000000000
440.57788|SCAN|TRACE : GETSCOM     :  pu.mcbist:k0:n0:s0:p00:c0 : 00000000070123A6 8000000000000000
440.57794|SCAN|TRACE : GETSCOM     :  pu.mcbist:k0:n0:s0:p00:c0 : 00000000070123A6 8000000000000000
440.57800|SCAN|TRACE : GETSCOM     :  pu.mcbist:k0:n0:s0:p00:c0 : 00000000070123A6 8000000000000000
440.57806|SCAN|TRACE : GETSCOM     :  pu.mcbist:k0:n0:s0:p00:c0 : 00000000070123A6 8000000000000000
440.57812|SCAN|TRACE : GETSCOM     :  pu.mcbist:k0:n0:s0:p00:c0 : 00000000070123A6 8000000000000000
440.57818|SCAN|TRACE : GETSCOM     :  pu.mcbist:k0:n0:s0:p00:c0 : 00000000070123A6 8000000000000000
440.57824|SCAN|TRACE : GETSCOM     :  pu.mcbist:k0:n0:s0:p00:c0 : 00000000070123A6 8000000000000000
440.57830|SCAN|TRACE : GETSCOM     :  pu.mcbist:k0:n0:s0:p00:c0 : 00000000070123A6 8000000000000000
440.57836|SCAN|TRACE : GETSCOM     :  pu.mcbist:k0:n0:s0:p00:c0 : 00000000070123A6 8000000000000000
440.57842|SCAN|TRACE : GETSCOM     :  pu.mcbist:k0:n0:s0:p00:c0 : 00000000070123A6 8000000000000000
440.57848|SCAN|TRACE : GETSCOM     :  pu.mcbist:k0:n0:s0:p00:c0 : 00000000070123A6 8000000000000000
440.57854|SCAN|TRACE : GETSCOM     :  pu.mcbist:k0:n0:s0:p00:c0 : 00000000070123A6 8000000000000000
440.57860|SCAN|TRACE : GETSCOM     :  pu.mcbist:k0:n0:s0:p00:c0 : 00000000070123A6 8000000000000000
440.57866|SCAN|TRACE : GETSCOM     :  pu.mcbist:k0:n0:s0:p00:c0 : 00000000070123A6 8000000000000000
440.57872|SCAN|TRACE : GETSCOM     :  pu.mcbist:k0:n0:s0:p00:c0 : 00000000070123A6 8000000000000000
440.57878|SCAN|TRACE : GETSCOM     :  pu.mcbist:k0:n0:s0:p00:c0 : 00000000070123A6 8000000000000000
440.57884|SCAN|TRACE : GETSCOM     :  pu.mcbist:k0:n0:s0:p00:c0 : 00000000070123A6 8000000000000000
440.57890|SCAN|TRACE : GETSCOM     :  pu.mcbist:k0:n0:s0:p00:c0 : 00000000070123A6 8000000000000000
440.57896|SCAN|TRACE : GETSCOM     :  pu.mcbist:k0:n0:s0:p00:c0 : 00000000070123A6 8000000000000000
440.57902|SCAN|TRACE : GETSCOM     :  pu.mcbist:k0:n0:s0:p00:c0 : 00000000070123A6 8000000000000000
440.57908|SCAN|TRACE : GETSCOM     :  pu.mcbist:k0:n0:s0:p00:c0 : 00000000070123A6 8000000000000000
440.57914|SCAN|TRACE : GETSCOM     :  pu.mcbist:k0:n0:s0:p00:c0 : 00000000070123A6 8000000000000000
440.57920|SCAN|TRACE : GETSCOM     :  pu.mcbist:k0:n0:s0:p00:c0 : 00000000070123A6 8000000000000000
440.57926|SCAN|TRACE : GETSCOM     :  pu.mcbist:k0:n0:s0:p00:c0 : 00000000070123A6 8000000000000000
440.57932|SCAN|TRACE : GETSCOM     :  pu.mcbist:k0:n0:s0:p00:c0 : 00000000070123A6 8000000000000000
440.57938|SCAN|TRACE : GETSCOM     :  pu.mcbist:k0:n0:s0:p00:c0 : 00000000070123A6 8000000000000000
440.60405|SCAN|TRACE : GETSCOM     :  pu.mcbist:k0:n0:s0:p00:c0 : 00000000070123A6 4000000000000000
440.60406|FAPI|ccs.H: pu.mca:k0:n0:s0:p00:c1 CCS Executed Successfully.
440.60415|SCAN|TRACE : GETSCOM     :  pu.mca:k0:n0:s0:p00:c1 : 8000007C0701103F 0000000000000000
440.60421|FAPI|dp16_workarounds.C: pu.mca:k0:n0:s0:p00:c1 RP0 DRAM0 reg:0x8000007c0701103f reg_value:0x0000000000000000 DRAM disables: 0x0
440.60425|FAPI|dp16_workarounds.C: pu.mca:k0:n0:s0:p00:c1 RP0 DRAM0 DRAM disables: 0x0 check value: 0xff isn't disabled
440.60432|SCAN|TRACE : GETSCOM     :  pu.mca:k0:n0:s0:p00:c1 : 8000007C0701103F 0000000000000000
440.60438|FAPI|dp16_workarounds.C: pu.mca:k0:n0:s0:p00:c1 RP0 DRAM1 reg:0x8000007c0701103f reg_value:0x0000000000000000 DRAM disables: 0x0
440.60442|FAPI|dp16_workarounds.C: pu.mca:k0:n0:s0:p00:c1 RP0 DRAM1 DRAM disables: 0x0 check value: 0xff isn't disabled
440.60449|SCAN|TRACE : GETSCOM     :  pu.mca:k0:n0:s0:p00:c1 : 8000047C0701103F 0000000000000000
440.60455|FAPI|dp16_workarounds.C: pu.mca:k0:n0:s0:p00:c1 RP0 DRAM2 reg:0x8000047c0701103f reg_value:0x0000000000000000 DRAM disables: 0x0
440.60459|FAPI|dp16_workarounds.C: pu.mca:k0:n0:s0:p00:c1 RP0 DRAM2 DRAM disables: 0x0 check value: 0xff isn't disabled
440.60466|SCAN|TRACE : GETSCOM     :  pu.mca:k0:n0:s0:p00:c1 : 8000047C0701103F 0000000000000000
440.60476|FAPI|dp16_workarounds.C: pu.mca:k0:n0:s0:p00:c1 RP0 DRAM3 reg:0x8000047c0701103f reg_value:0x0000000000000000 DRAM disables: 0x0
440.60481|FAPI|dp16_workarounds.C: pu.mca:k0:n0:s0:p00:c1 RP0 DRAM3 DRAM disables: 0x0 check value: 0xff isn't disabled
440.60488|SCAN|TRACE : GETSCOM     :  pu.mca:k0:n0:s0:p00:c1 : 8000087C0701103F 0000000000000000
440.60493|FAPI|dp16_workarounds.C: pu.mca:k0:n0:s0:p00:c1 RP0 DRAM4 reg:0x8000087c0701103f reg_value:0x0000000000000000 DRAM disables: 0x0
440.60498|FAPI|dp16_workarounds.C: pu.mca:k0:n0:s0:p00:c1 RP0 DRAM4 DRAM disables: 0x0 check value: 0xff isn't disabled
440.60505|SCAN|TRACE : GETSCOM     :  pu.mca:k0:n0:s0:p00:c1 : 8000087C0701103F 0000000000000000
440.60510|FAPI|dp16_workarounds.C: pu.mca:k0:n0:s0:p00:c1 RP0 DRAM5 reg:0x8000087c0701103f reg_value:0x0000000000000000 DRAM disables: 0x0
440.60515|FAPI|dp16_workarounds.C: pu.mca:k0:n0:s0:p00:c1 RP0 DRAM5 DRAM disables: 0x0 check value: 0xff isn't disabled
440.60522|SCAN|TRACE : GETSCOM     :  pu.mca:k0:n0:s0:p00:c1 : 80000C7C0701103F 0000000000000000
440.60527|FAPI|dp16_workarounds.C: pu.mca:k0:n0:s0:p00:c1 RP0 DRAM6 reg:0x80000c7c0701103f reg_value:0x0000000000000000 DRAM disables: 0x0
440.60531|FAPI|dp16_workarounds.C: pu.mca:k0:n0:s0:p00:c1 RP0 DRAM6 DRAM disables: 0x0 check value: 0xff isn't disabled
440.60538|SCAN|TRACE : GETSCOM     :  pu.mca:k0:n0:s0:p00:c1 : 80000C7C0701103F 0000000000000000
440.60543|FAPI|dp16_workarounds.C: pu.mca:k0:n0:s0:p00:c1 RP0 DRAM7 reg:0x80000c7c0701103f reg_value:0x0000000000000000 DRAM disables: 0x0
440.60547|FAPI|dp16_workarounds.C: pu.mca:k0:n0:s0:p00:c1 RP0 DRAM7 DRAM disables: 0x0 check value: 0xff isn't disabled
440.60554|SCAN|TRACE : GETSCOM     :  pu.mca:k0:n0:s0:p00:c1 : 8000107C0701103F 00000000000000FF
440.60559|FAPI|dp16_workarounds.C: pu.mca:k0:n0:s0:p00:c1 RP0 DRAM8 reg:0x8000107c0701103f reg_value:0x00000000000000ff DRAM disables: 0x0
440.60563|FAPI|dp16_workarounds.C: pu.mca:k0:n0:s0:p00:c1 RP0 DRAM8 DRAM disables: 0x0 check value: 0xff isn't disabled
440.60566|FAPI|mss_training.C: pu.mca:k0:n0:s0:p00:c1 rp0 running COARSE_WR/RD
440.60569|FAPI|mss_training.H: pu.mca:k0:n0:s0:p00:c1 RP0 cal step 'COARSE_WR/RD' has no pre-cal step workaround.
440.60572|FAPI|mss_training.C: pu.mca:k0:n0:s0:p00:c1 RP0 running cal step 'COARSE_WR/RD'
440.60574|FAPI|conversions.H: converting 40 cycles to 30000ps
440.60576|FAPI|conversions.H: converting 32 cycles to 24000ps
440.60578|FAPI|conversions.H: converting 72 cycles to 54000ps
440.60580|FAPI|conversions.H: converting 9 cycles to 6750ps
440.60582|FAPI|conversions.H: converting 10000000ps to 13334 cycles
440.60584|FAPI|conversions.H: converting 72 cycles to 54000ps
440.60588|FAPI|cal_timers.H: pu.mca:k0:n0:s0:p00:c1 tc: 72c, id: 7ns(72sc), d: 10000(106672sc), pc: 8
440.60590|FAPI|ddr_phy.C: cal_config for pu.mca:k0:n0:s0:p00:c1: 0x0000000000000308
440.60595|SCAN|TRACE : PUTSCOM     :  pu.mca:k0:n0:s0:p00:c1 : 8000C0160701103F 0000000000000308
440.60597|FAPI|ccs.H: loading ccs instructions (1) for pu.mcbist:k0:n0:s0:p00:c0
440.60606|SCAN|TRACE : GETSCOM     :  pu.mcbist:k0:n0:s0:p00:c0 : 00000000070123A5 0000000000000000
440.60610|SCAN|TRACE : PUTSCOM     :  pu.mcbist:k0:n0:s0:p00:c0 : 00000000070123A5 4000000000000000
440.60614|SCAN|TRACE : GETSCOM     :  pu.mcbist:k0:n0:s0:p00:c0 : 00000000070123A6 4000000000000000
440.60616|FAPI|ccs.H: ccs statq (stop) 0x4000000000000000, remaining: 50
440.60620|SCAN|TRACE : PUTSCOM     :  pu.mcbist:k0:n0:s0:p00:c0 : 0000000007012315 000000F0CC0000C0
440.60625|SCAN|TRACE : PUTSCOM     :  pu.mcbist:k0:n0:s0:p00:c0 : 0000000007012335 0000000000000041
440.60630|FAPI|ccs.H: css inst 0: 0x000000F0CC0000C0 0x0000000000000041 (0x7012315, 0x7012335) delay: 0x0 (0x0) pu.mcbist:k0:n0:s0:p00:c0
440.60633|FAPI|ccs.H: executing ccs instructions (1:1, 7) for pu.mcbist:k0:n0:s0:p00:c0
440.60637|SCAN|TRACE : PUTSCOM     :  pu.mcbist:k0:n0:s0:p00:c0 : 0000000007012316 000008F0CC000000
440.60642|SCAN|TRACE : PUTSCOM     :  pu.mcbist:k0:n0:s0:p00:c0 : 0000000007012336 0000000000000020
440.60647|FAPI|ccs.H: css inst 1 fixup: 0x000008F0CC000000 0x0000000000000020 (0x7012316, 0x7012336) pu.mcbist:k0:n0:s0:p00:c0
440.60649|FAPI|ccs.H: executing CCS array for port 1 (pu.mca:k0:n0:s0:p00:c1)
440.60654|SCAN|TRACE : GETSCOM     :  pu.mcbist:k0:n0:s0:p00:c0 : 00000000070123DB 1000000000000000
440.60658|SCAN|TRACE : PUTSCOM     :  pu.mcbist:k0:n0:s0:p00:c0 : 00000000070123DB 1000000000000000
440.60662|SCAN|TRACE : GETSCOM     :  pu.mcbist:k0:n0:s0:p00:c0 : 00000000070123A5 0000000000000000
440.60666|SCAN|TRACE : PUTSCOM     :  pu.mcbist:k0:n0:s0:p00:c0 : 00000000070123A5 8000000000000000
440.60671|SCAN|TRACE : GETSCOM     :  pu.mcbist:k0:n0:s0:p00:c0 : 00000000070123A6 4000000000000000
440.60673|FAPI|ccs.H: pu.mca:k0:n0:s0:p00:c1 CCS Executed Successfully.
440.60678|FAPI|mss_training.H: pu.mca:k0:n0:s0:p00:c1 RP0 cal step 'COARSE_WR/RD' has no post-cal step workaround.
440.60680|FAPI|ddr_phy.C: pu.mca:k0:n0:s0:p00:c1 rank pair: 0
440.60686|FAPI|rank.H: get_pair_valid (rp0, r0): 0x1
440.60687|FAPI|rank.H: get_rank_field (rp0, r0): 0x0
440.60688|FAPI|rank.H: get_pair_valid (rp0, r1): 0x0
440.60690|FAPI|rank.H: get_pair_valid (rp0, r2): 0x0
440.60691|FAPI|rank.H: get_pair_valid (rp0, r3): 0x0
440.60697|FAPI|ddr_phy.C: dimm:k0:n0:s0:p02 RDIMM (DDR4) rank pair 0 is on dimm: dimm:k0:n0:s0:p02 RDIMM (DDR4)
440.60703|SCAN|TRACE : GETSCOM     :  pu.mca:k0:n0:s0:p00:c1 : 8000C0180701103F 0000000000000000
440.60705|FAPI|phy_cntrl.H: pc_init_cal_error: 0x0000000000000000
440.60708|FAPI|ddr_phy.C: initial cal err: 0x0000000000000000, rp: 0x0000000000000000 (0x0000000000000000)
440.60713|SCAN|TRACE : GETSCOM     :  pu.mca:k0:n0:s0:p00:c1 : 8000007A0701103F 0000000000000000
440.60719|SCAN|TRACE : GETSCOM     :  pu.mca:k0:n0:s0:p00:c1 : 8000047A0701103F 0000000000000000
440.60724|SCAN|TRACE : GETSCOM     :  pu.mca:k0:n0:s0:p00:c1 : 8000087A0701103F 0000000000000000
440.60729|SCAN|TRACE : GETSCOM     :  pu.mca:k0:n0:s0:p00:c1 : 80000C7A0701103F 0000000000000000
440.60734|SCAN|TRACE : GETSCOM     :  pu.mca:k0:n0:s0:p00:c1 : 8000107A0701103F 0000000000000000
440.60737|FAPI|dp16.C: dimm:k0:n0:s0:p02 RDIMM (DDR4) Processing RD_VREF_CAL_ERROR
440.60739|FAPI|dp16.C: dimm:k0:n0:s0:p02 RDIMM (DDR4) RD_VREF_CAL_ERROR complete
440.60745|SCAN|TRACE : GETSCOM     :  pu.mca:k0:n0:s0:p00:c1 : 800000AE0701103F 0000000000000E3A
440.60750|SCAN|TRACE : GETSCOM     :  pu.mca:k0:n0:s0:p00:c1 : 800000AF0701103F 0000000000000000
440.60755|SCAN|TRACE : GETSCOM     :  pu.mca:k0:n0:s0:p00:c1 : 800004AE0701103F 0000000000003A3A
440.60760|SCAN|TRACE : GETSCOM     :  pu.mca:k0:n0:s0:p00:c1 : 800004AF0701103F 0000000000000000
440.60766|SCAN|TRACE : GETSCOM     :  pu.mca:k0:n0:s0:p00:c1 : 800008AE0701103F 0000000000003E3E
440.60770|SCAN|TRACE : GETSCOM     :  pu.mca:k0:n0:s0:p00:c1 : 800008AF0701103F 0000000000000000
440.60776|SCAN|TRACE : GETSCOM     :  pu.mca:k0:n0:s0:p00:c1 : 80000CAE0701103F 0000000000003E3A
440.60781|SCAN|TRACE : GETSCOM     :  pu.mca:k0:n0:s0:p00:c1 : 80000CAF0701103F 0000000000000000
440.60786|SCAN|TRACE : GETSCOM     :  pu.mca:k0:n0:s0:p00:c1 : 800010AE0701103F 0000000000003A00
440.60791|SCAN|TRACE : GETSCOM     :  pu.mca:k0:n0:s0:p00:c1 : 800010AF0701103F 0000000000000000
440.60796|SCAN|TRACE : GETSCOM     :  pu.mca:k0:n0:s0:p00:c1 : 800000FB0701103F 000000000000FFFF
440.60801|SCAN|TRACE : GETSCOM     :  pu.mca:k0:n0:s0:p00:c1 : 800000FA0701103F 000000000000FFFF
440.60806|SCAN|TRACE : GETSCOM     :  pu.mca:k0:n0:s0:p00:c1 : 800004FB0701103F 000000000000FFFF
440.60811|SCAN|TRACE : GETSCOM     :  pu.mca:k0:n0:s0:p00:c1 : 800004FA0701103F 000000000000FFFF
440.60816|SCAN|TRACE : GETSCOM     :  pu.mca:k0:n0:s0:p00:c1 : 800008FB0701103F 000000000000FFFF
440.60821|SCAN|TRACE : GETSCOM     :  pu.mca:k0:n0:s0:p00:c1 : 800008FA0701103F 000000000000FFFF
440.60826|SCAN|TRACE : GETSCOM     :  pu.mca:k0:n0:s0:p00:c1 : 80000CFB0701103F 000000000000FFFF
440.60831|SCAN|TRACE : GETSCOM     :  pu.mca:k0:n0:s0:p00:c1 : 80000CFA0701103F 000000000000FFFF
440.60836|SCAN|TRACE : GETSCOM     :  pu.mca:k0:n0:s0:p00:c1 : 800010FB0701103F 000000000000FFFF
440.60841|SCAN|TRACE : GETSCOM     :  pu.mca:k0:n0:s0:p00:c1 : 800010FA0701103F 000000000000FFFF
440.60846|FAPI|dp16.C: dimm:k0:n0:s0:p02 RDIMM (DDR4) DP[0] WR VREF[0] ERROR 0x0000000000000e3a MASK 0x000000000000ffff
440.60851|FAPI|dp16.C: dimm:k0:n0:s0:p02 RDIMM (DDR4) DP[0] WR VREF[1] ERROR 0x0000000000000000 MASK 0x000000000000ffff
440.60855|FAPI|dp16.C: dimm:k0:n0:s0:p02 RDIMM (DDR4) DP[1] WR VREF[0] ERROR 0x0000000000003a3a MASK 0x000000000000ffff
440.60860|FAPI|dp16.C: dimm:k0:n0:s0:p02 RDIMM (DDR4) DP[1] WR VREF[1] ERROR 0x0000000000000000 MASK 0x000000000000ffff
440.60864|FAPI|dp16.C: dimm:k0:n0:s0:p02 RDIMM (DDR4) DP[2] WR VREF[0] ERROR 0x0000000000003e3e MASK 0x000000000000ffff
440.60869|FAPI|dp16.C: dimm:k0:n0:s0:p02 RDIMM (DDR4) DP[2] WR VREF[1] ERROR 0x0000000000000000 MASK 0x000000000000ffff
440.60873|FAPI|dp16.C: dimm:k0:n0:s0:p02 RDIMM (DDR4) DP[3] WR VREF[0] ERROR 0x0000000000003e3a MASK 0x000000000000ffff
440.60878|FAPI|dp16.C: dimm:k0:n0:s0:p02 RDIMM (DDR4) DP[3] WR VREF[1] ERROR 0x0000000000000000 MASK 0x000000000000ffff
440.60882|FAPI|dp16.C: dimm:k0:n0:s0:p02 RDIMM (DDR4) DP[4] WR VREF[0] ERROR 0x0000000000003a00 MASK 0x000000000000ffff
440.60887|FAPI|dp16.C: dimm:k0:n0:s0:p02 RDIMM (DDR4) DP[4] WR VREF[1] ERROR 0x0000000000000000 MASK 0x000000000000ffff
440.60889|FAPI|dp16.C: dimm:k0:n0:s0:p02 RDIMM (DDR4) WRVREF_CAL_ERROR complete
440.60894|SCAN|TRACE : GETSCOM     :  pu.mca:k0:n0:s0:p00:c1 : 0000000007011000 0000000000000000
440.60899|SCAN|TRACE : PUTSCOM     :  pu.mca:k0:n0:s0:p00:c1 : 0000000007011001 FFFFFFFFFFFFFF7F
440.60902|FAPI|mss_generic_check.H: pu.mca:k0:n0:s0:p00:c1 has a good return code, returning success
440.60903|FAPI|ddr_phy.C: Initial cal success pu.mca:k0:n0:s0:p00:c1
440.60908|SCAN|TRACE : GETSCOM     :  pu:k0:n0:s0:p00 : 000000000104000A 0002000000000000
440.60911|SCAN|TRACE : GETSCOM     :  pu:k0:n0:s0:p00 : 00000000010F001F 0000000000000000
440.60916|SCAN|TRACE : GETSCOM     :  pu.mcbist:k0:n0:s0:p00:c0 : 00000000070F001F 0000000000000000
440.60918|FAPI|check.C: Did not have the PERV_LOCAL_FIR bit set. No PLL error, exiting
440.60923|SCAN|TRACE : GETSCOM     :  pu.mcbist:k0:n0:s0:p00:c0 : 0000000007012300 0000000000000000
440.60927|SCAN|TRACE : GETSCOM     :  pu.mcbist:k0:n0:s0:p00:c0 : 0000000007012303 DFF9F00000000000
440.60935|FAPI|mss_generic_check.H: pu.mcbist:k0:n0:s0:p00:c0 has no FIR's set on reg 0x0000000007012300 value 0x0000000000000000 and mask 0x0000000007012303 value 0xdff9f00000000000
440.60939|SCAN|TRACE : GETSCOM     :  pu.mca:k0:n0:s0:p00:c1 : 0000000007010A00 0000000000000000
440.60944|SCAN|TRACE : GETSCOM     :  pu.mca:k0:n0:s0:p00:c1 : 0000000007010A03 FFFFFFFFFFFFFFFF
440.60951|FAPI|mss_generic_check.H: pu.mca:k0:n0:s0:p00:c1 has no FIR's set on reg 0x0000000007010a00 value 0x0000000000000000 and mask 0x0000000007010a03 value 0xffffffffffffffff
440.60956|SCAN|TRACE : GETSCOM     :  pu.mca:k0:n0:s0:p00:c1 : 0000000007010900 0000000000000000
440.60961|SCAN|TRACE : GETSCOM     :  pu.mca:k0:n0:s0:p00:c1 : 0000000007010903 37DFC00000000000
440.60968|FAPI|mss_generic_check.H: pu.mca:k0:n0:s0:p00:c1 has no FIR's set on reg 0x0000000007010900 value 0x0000000000000000 and mask 0x0000000007010903 value 0x37dfc00000000000
440.60973|SCAN|TRACE : GETSCOM     :  pu.mca:k0:n0:s0:p00:c1 : 0000000007011000 0000000000000000
440.60978|SCAN|TRACE : GETSCOM     :  pu.mca:k0:n0:s0:p00:c1 : 0000000007011003 FFFFFFFFFFFFFC83
440.60985|FAPI|mss_generic_check.H: pu.mca:k0:n0:s0:p00:c1 has no FIR's set on reg 0x0000000007011000 value 0x0000000000000000 and mask 0x0000000007011003 value 0xfffffffffffffc83
440.60995|FAPI|dp16.C: dimm:k0:n0:s0:p02 RDIMM (DDR4) recording bad bits for DIMM0 rank 0 (0) rp 0
440.61001|SCAN|TRACE : GETSCOM     :  pu.mca:k0:n0:s0:p00:c1 : 8000007C0701103F 0000000000000000
440.61006|SCAN|TRACE : GETSCOM     :  pu.mca:k0:n0:s0:p00:c1 : 8000007D0701103F 0000000000000000
440.61011|SCAN|TRACE : GETSCOM     :  pu.mca:k0:n0:s0:p00:c1 : 8000047C0701103F 0000000000000000
440.61016|SCAN|TRACE : GETSCOM     :  pu.mca:k0:n0:s0:p00:c1 : 8000047D0701103F 0000000000000000
440.61021|SCAN|TRACE : GETSCOM     :  pu.mca:k0:n0:s0:p00:c1 : 8000087C0701103F 0000000000000000
440.61026|SCAN|TRACE : GETSCOM     :  pu.mca:k0:n0:s0:p00:c1 : 8000087D0701103F 0000000000000000
440.61031|SCAN|TRACE : GETSCOM     :  pu.mca:k0:n0:s0:p00:c1 : 80000C7C0701103F 0000000000000000
440.61036|SCAN|TRACE : GETSCOM     :  pu.mca:k0:n0:s0:p00:c1 : 80000C7D0701103F 0000000000000000
440.61042|SCAN|TRACE : GETSCOM     :  pu.mca:k0:n0:s0:p00:c1 : 8000107C0701103F 00000000000000FF
440.61046|SCAN|TRACE : GETSCOM     :  pu.mca:k0:n0:s0:p00:c1 : 8000107D0701103F 0000000000000000
440.61050|FAPI|attribute_service.C: >>fapiAttrSetBadDqBitmap: Setting bitmap
440.68937|FAPI|attribute_service.C: >>fapiAttrGetBadDqBitmap: Getting bitmap
440.68942|FAPI|attribute_service.C: fapiAttrGetBadDqBitmap: SPD DQ not initialized.
440.68946|FAPI|attribute_service.C: <<fapiAttrGetBadDqBitmap: Finished getting bitmap
440.68956|PNOR|>>PnorIpmiDD::_writeFlash(i_addr=0x000E5000)> 
441.45416|VPD|I>sendMboxWriteMsg: Send msg to FSP to write VPD type 000000C1, record 2, offset 0x180
441.45417|VPD|I>No SP Base Services, skipping VPD write
441.45426|VPD|msg=
~[0x0000] 000000c1 00000000 00025858 58580180    *..........XXXX..*
~[0x0010] 00000000 00000050 00000000 0065c158    *.......P.....e.X*
441.45447|VPD|extra=
~[0x0000] badd4471 01000000 00000000 00000000    *..Dq............*
~[0x0010] 00000000 00000000 00000000 00000000    *................*
~[0x0020] 00000000 00000000 00000000 00000000    *................*
~[0x0030] 00000000 00000000 00000000 00000000    *................*
~[0x0040] 00000000 00000000 00000000 00000000    *................*
441.45450|FAPI|attribute_service.C: <<fapiAttrSetBadDqBitmap: Finished setting bitmap
441.47169|FAPI|unmask.C: unmask mss fir after draminit_training
441.47173|SCAN|TRACE : GETSCOM     :  pu.mcbist:k0:n0:s0:p00:c0 : 0000000007012306 0000000000000000
441.47178|SCAN|TRACE : GETSCOM     :  pu.mcbist:k0:n0:s0:p00:c0 : 0000000007012307 0004000000000000
441.47182|SCAN|TRACE : PUTSCOM     :  pu.mcbist:k0:n0:s0:p00:c0 : 0000000007012306 0000000000000000
441.47187|SCAN|TRACE : PUTSCOM     :  pu.mcbist:k0:n0:s0:p00:c0 : 0000000007012307 4004000000000000
441.47191|SCAN|TRACE : PUTSCOM     :  pu.mcbist:k0:n0:s0:p00:c0 : 0000000007012304 BFFFFFFFFFFFFFFF
441.47199|SCAN|TRACE : GETSCOM     :  pu.mca:k0:n0:s0:p00:c1 : 0000000007010906 0000000000000000
441.47204|SCAN|TRACE : GETSCOM     :  pu.mca:k0:n0:s0:p00:c1 : 0000000007010907 8800000000000000
441.47208|SCAN|TRACE : PUTSCOM     :  pu.mca:k0:n0:s0:p00:c1 : 0000000007010906 0000000000000000
441.47213|SCAN|TRACE : PUTSCOM     :  pu.mca:k0:n0:s0:p00:c1 : 0000000007010907 AD42000000000000
441.47218|SCAN|TRACE : PUTSCOM     :  pu.mca:k0:n0:s0:p00:c1 : 0000000007010904 DAA5FFFFFFFFFFFF
441.47220|FAPI|p9_mss_draminit_training.C: End draminit training
441.47222|ISTEPS_TRACE|SUCCESS running p9_mss_draminit_training HWP on target HUID 00250000
441.47292|ISTEPS_TRACE|call_mss_draminit_training exit
444.44661|SCOM|doMulticastWorkaround on 00050000 for 50040018
444.44716|SCOM|doMulticastWorkaround on 00050000 for 50040009
444.44960|ERRL|I>Got an error log Msg - Type: 0x00000039
444.44961|ERRL|I>Flush message received
444.44963|INITSVC|<<doIstep: step 13, substep 11
444.44965|INITSVC|>>doIstep: step 13, substep 12, task mss_draminit_trainadv
