476.96011|ISTEP 16. 2 - host_activate_slave_cores
476.96699|IPMI|wd: resetWatchDogTimer
476.96700|IPMI|rp: queuing sync 18:22
476.96701|IPMI|rp: W>Got message (0x18:0x22): l_is_pnor: 0
476.96706|IPMI|dd: I>write ok 18:22 seq 13 len 0
476.98949|IPMI|dd: I>read b2h ok 1c:22 seq 13 len 0 cc 0
476.98954|ISTEPS_TRACE|call_host_activate_slave_cores entry
476.99012|ISTEPS_TRACE|Iterating all cores in system - This is core: 0
476.99013|ISTEPS_TRACE|pir for this core is: 4
476.99163|ISTEPS_TRACE|Iterating all cores in system - This is core: 1
476.99164|ISTEPS_TRACE|pir for this core is: c
476.99165|ISTEPS_TRACE|call_host_activate_slave_cores: Waking c.
476.99168|INTR|Add CPU group[0], chip[0],core[3], thread[0]
476.99171|INTR|handleCpuTimeout task started responding to kernel message
476.99173|INTR|handleCpuTimeout for pir: 0xc
476.99344|INTR|I>IntrRp::msgHandler Doorbell wakeup received for 14
476.99345|INTR|I>IPI still pending for 0
476.99346|INTR|I>IntrRp::msgHandler Doorbell wakeup received for 15
476.99347|INTR|I>IPI still pending for 0
476.99348|INTR|I>IntrRp::msgHandler Doorbell wakeup received for 12
476.99349|INTR|I>IPI still pending for 0
476.99349|INTR|I>IntrRp::msgHandler Doorbell wakeup received for 13
476.99351|ISTEPS_TRACE|Iterating all cores in system - This is core: 2
476.99352|ISTEPS_TRACE|pir for this core is: 10
476.99353|ISTEPS_TRACE|call_host_activate_slave_cores: Waking 10.
476.99357|INTR|Add CPU group[0], chip[0],core[4], thread[0]
476.99360|INTR|handleCpuTimeout task started responding to kernel message
476.99362|INTR|handleCpuTimeout for pir: 0x10
477.03428|INTR|I>IntrRp::msgHandler Doorbell wakeup received for 19
477.03429|INTR|I>IPI still pending for 0
477.03430|INTR|I>IntrRp::msgHandler Doorbell wakeup received for 16
477.03431|INTR|I>IPI still pending for 0
477.03432|INTR|I>IntrRp::msgHandler Doorbell wakeup received for 17
477.03433|INTR|I>IPI still pending for 0
477.03434|INTR|I>IntrRp::msgHandler Doorbell wakeup received for 18
477.03436|ISTEPS_TRACE|Iterating all cores in system - This is core: 3
477.03437|ISTEPS_TRACE|pir for this core is: 1c
477.03438|ISTEPS_TRACE|call_host_activate_slave_cores: Waking 1c.
477.03443|INTR|Add CPU group[0], chip[0],core[7], thread[0]
477.03445|INTR|handleCpuTimeout task started responding to kernel message
477.03448|INTR|handleCpuTimeout for pir: 0x1c
477.03111|INTR|I>IntrRp::msgHandler Doorbell wakeup received for 28
477.03112|INTR|I>IPI still pending for 0
477.03113|INTR|I>IntrRp::msgHandler Doorbell wakeup received for 29
477.03114|INTR|I>IPI still pending for 0
477.03115|INTR|I>IntrRp::msgHandler Doorbell wakeup received for 30
477.03116|INTR|I>IPI still pending for 0
477.03117|INTR|I>IntrRp::msgHandler Doorbell wakeup received for 31
477.06600|FAPI_I|p9_pm_ocb_indir_setup_linear.C: p9_pm_ocb_indir_setup_linear Enter
477.06601|FAPI|p9_pm_ocb_init.C: p9_pm_ocb_init Enter
477.06602|FAPI|p9_pm_ocb_init.C: *** Setup OCB Indirect Channel 0 
477.06603|FAPI|p9_pm_ocb_init.C: pm_ocb_setup Enter
477.07607|SCAN|TRACE : PUTSCOM     :  pu:k0:n0:s0:p00 : 000000000006D013 0800000000000000
477.07610|SCAN|TRACE : PUTSCOM     :  pu:k0:n0:s0:p00 : 000000000006D012 0400000000000000
477.07612|SCAN|TRACE : PUTSCOM     :  pu:k0:n0:s0:p00 : 000000000006D010 FFFBD00000000000
477.07613|FAPI|p9_pm_ocb_init.C: -----------------------------------------------------
477.07615|FAPI|p9_pm_ocb_init.C: OCB Channel Configuration                            
477.07616|FAPI|p9_pm_ocb_init.C: -----------------------------------------------------
477.07617|FAPI|p9_pm_ocb_init.C:   channel number             => 0 
477.07618|FAPI|p9_pm_ocb_init.C:   channel type               => 2 
477.07619|FAPI|p9_pm_ocb_init.C:   channel base address       => 0xFFFBD000 
477.07621|FAPI|p9_pm_ocb_init.C: -----------------------------------------------------
477.07622|FAPI|p9_pm_ocb_init.C: p9_pm_ocb_init EXIT
477.07623|FAPI|p9_pm_ocb_indir_setup_linear.C: Linear setup of channel 0 successful.
477.07626|FAPI_I|p9_pm_ocb_indir_setup_linear.C: p9_pm_ocb_indir_setup_linear Exit
477.07628|SCAN|TRACE : PUTSCOM     :  pu:k0:n0:s0:p00 : 000000000006D010 FFFBD00000000000
477.07630|FAPI|p9_pm_ocb_indir_access.C: OCB access for data write operation
477.08598|SCAN|TRACE : GETSCOM     :  pu:k0:n0:s0:p00 : 000000000006D011 0800000000000000
477.08600|SCAN|TRACE : PUTSCOM     :  pu:k0:n0:s0:p00 : 000000000006D015 4649523201000000
477.08602|SCAN|TRACE : PUTSCOM     :  pu:k0:n0:s0:p00 : 000000000006D015 0394100000002000
477.08604|SCAN|TRACE : PUTSCOM     :  pu:k0:n0:s0:p00 : 000000000006D015 FC00000000000000
477.08606|SCAN|TRACE : PUTSCOM     :  pu:k0:n0:s0:p00 : 000000000006D015 031E8D0000000105
477.08608|SCAN|TRACE : PUTSCOM     :  pu:k0:n0:s0:p00 : 000000000006D015 0000000202000003
477.08611|SCAN|TRACE : PUTSCOM     :  pu:k0:n0:s0:p00 : 000000000006D015 0406000000020200
477.08613|SCAN|TRACE : PUTSCOM     :  pu:k0:n0:s0:p00 : 000000000006D015 0000030100000201
477.08615|SCAN|TRACE : PUTSCOM     :  pu:k0:n0:s0:p00 : 000000000006D015 0300000004090000
477.08617|SCAN|TRACE : PUTSCOM     :  pu:k0:n0:s0:p00 : 000000000006D015 03021D000003020D
477.08620|SCAN|TRACE : PUTSCOM     :  pu:k0:n0:s0:p00 : 000000000006D015 0000000107000000
477.08622|SCAN|TRACE : PUTSCOM     :  pu:k0:n0:s0:p00 : 000000000006D015 0300000003010000
477.08624|SCAN|TRACE : PUTSCOM     :  pu:k0:n0:s0:p00 : 000000000006D015 0000010500000002
477.08626|SCAN|TRACE : PUTSCOM     :  pu:k0:n0:s0:p00 : 000000000006D015 0000000003030000
477.08628|SCAN|TRACE : PUTSCOM     :  pu:k0:n0:s0:p00 : 000000000006D015 0003240000000000
477.08630|SCAN|TRACE : PUTSCOM     :  pu:k0:n0:s0:p00 : 000000000006D015 0000000000000000
477.08632|SCAN|TRACE : PUTSCOM     :  pu:k0:n0:s0:p00 : 000000000006D015 0008C000A0590000
477.08635|SCAN|TRACE : PUTSCOM     :  pu:k0:n0:s0:p00 : 000000000006D015 C3C02840BFE00000
477.08637|SCAN|TRACE : PUTSCOM     :  pu:k0:n0:s0:p00 : 000000000006D015 500F001C500F001B
477.08639|SCAN|TRACE : PUTSCOM     :  pu:k0:n0:s0:p00 : 000000000006D015 500400180104000A
477.09035|SCAN|TRACE : PUTSCOM     :  pu:k0:n0:s0:p00 : 000000000006D015 010108000204000A
477.09037|SCAN|TRACE : PUTSCOM     :  pu:k0:n0:s0:p00 : 000000000006D015 0201108002011100
477.09040|SCAN|TRACE : PUTSCOM     :  pu:k0:n0:s0:p00 : 000000000006D015 0304000A03011000
477.09042|SCAN|TRACE : PUTSCOM     :  pu:k0:n0:s0:p00 : 000000000006D015 0301140003011800
477.09044|SCAN|TRACE : PUTSCOM     :  pu:k0:n0:s0:p00 : 000000000006D015 0404000A04011800
477.09046|SCAN|TRACE : PUTSCOM     :  pu:k0:n0:s0:p00 : 000000000006D015 0504000A05011800
477.09048|SCAN|TRACE : PUTSCOM     :  pu:k0:n0:s0:p00 : 000000000006D015 05011C0005012000
477.09050|SCAN|TRACE : PUTSCOM     :  pu:k0:n0:s0:p00 : 000000000006D015 0501240005012840
477.09052|SCAN|TRACE : PUTSCOM     :  pu:k0:n0:s0:p00 : 000000000006D015 0501290005012940
477.09054|SCAN|TRACE : PUTSCOM     :  pu:k0:n0:s0:p00 : 000000000006D015 050129C005012C00
477.09056|SCAN|TRACE : PUTSCOM     :  pu:k0:n0:s0:p00 : 000000000006D015 05012C4005013030
477.09058|SCAN|TRACE : PUTSCOM     :  pu:k0:n0:s0:p00 : 000000000006D015 0501340005013800
477.09060|SCAN|TRACE : PUTSCOM     :  pu:k0:n0:s0:p00 : 000000000006D015 05013C0005013C40
477.09062|SCAN|TRACE : PUTSCOM     :  pu:k0:n0:s0:p00 : 000000000006D015 05013C800604000A
477.09065|SCAN|TRACE : PUTSCOM     :  pu:k0:n0:s0:p00 : 000000000006D015 06010840500F001A
477.09067|SCAN|TRACE : PUTSCOM     :  pu:k0:n0:s0:p00 : 000000000006D015 0104000001040001
477.09069|SCAN|TRACE : PUTSCOM     :  pu:k0:n0:s0:p00 : 000000000006D015 0104000202040000
477.09071|SCAN|TRACE : PUTSCOM     :  pu:k0:n0:s0:p00 : 000000000006D015 0204000102040002
477.09073|SCAN|TRACE : PUTSCOM     :  pu:k0:n0:s0:p00 : 000000000006D015 0204001802040019
477.09075|SCAN|TRACE : PUTSCOM     :  pu:k0:n0:s0:p00 : 000000000006D015 0304000003040001
477.09077|SCAN|TRACE : PUTSCOM     :  pu:k0:n0:s0:p00 : 000000000006D015 0304000203040018
477.09079|SCAN|TRACE : PUTSCOM     :  pu:k0:n0:s0:p00 : 000000000006D015 0304001904040000
477.09081|SCAN|TRACE : PUTSCOM     :  pu:k0:n0:s0:p00 : 000000000006D015 0404000104040002
477.09083|SCAN|TRACE : PUTSCOM     :  pu:k0:n0:s0:p00 : 000000000006D015 0404001804040019
477.09085|SCAN|TRACE : PUTSCOM     :  pu:k0:n0:s0:p00 : 000000000006D015 0501101805011019
477.09087|SCAN|TRACE : PUTSCOM     :  pu:k0:n0:s0:p00 : 000000000006D015 0501104805011049
477.09089|SCAN|TRACE : PUTSCOM     :  pu:k0:n0:s0:p00 : 000000000006D015 0501107805011079
477.09091|SCAN|TRACE : PUTSCOM     :  pu:k0:n0:s0:p00 : 000000000006D015 050110A8050110A9
477.09094|SCAN|TRACE : PUTSCOM     :  pu:k0:n0:s0:p00 : 000000000006D015 050110DB050110FA
477.09096|SCAN|TRACE : PUTSCOM     :  pu:k0:n0:s0:p00 : 000000000006D015 050110FD050110FE
477.09098|SCAN|TRACE : PUTSCOM     :  pu:k0:n0:s0:p00 : 000000000006D015 0501121805011219
477.09100|SCAN|TRACE : PUTSCOM     :  pu:k0:n0:s0:p00 : 000000000006D015 0501124805011249
477.09102|SCAN|TRACE : PUTSCOM     :  pu:k0:n0:s0:p00 : 000000000006D015 0501127805011279
477.09104|SCAN|TRACE : PUTSCOM     :  pu:k0:n0:s0:p00 : 000000000006D015 050112A8050112A9
477.09106|SCAN|TRACE : PUTSCOM     :  pu:k0:n0:s0:p00 : 000000000006D015 050112DB050112FA
477.09108|SCAN|TRACE : PUTSCOM     :  pu:k0:n0:s0:p00 : 000000000006D015 050112FD050112FE
477.09110|SCAN|TRACE : PUTSCOM     :  pu:k0:n0:s0:p00 : 000000000006D015 0501141805011419
477.09112|SCAN|TRACE : PUTSCOM     :  pu:k0:n0:s0:p00 : 000000000006D015 0501144805011449
477.09114|SCAN|TRACE : PUTSCOM     :  pu:k0:n0:s0:p00 : 000000000006D015 0501147805011479
477.09116|SCAN|TRACE : PUTSCOM     :  pu:k0:n0:s0:p00 : 000000000006D015 050114A8050114A9
477.09118|SCAN|TRACE : PUTSCOM     :  pu:k0:n0:s0:p00 : 000000000006D015 050114DB050114FA
477.09120|SCAN|TRACE : PUTSCOM     :  pu:k0:n0:s0:p00 : 000000000006D015 050114FD050114FE
477.09123|SCAN|TRACE : PUTSCOM     :  pu:k0:n0:s0:p00 : 000000000006D015 0504000005040001
477.09125|SCAN|TRACE : PUTSCOM     :  pu:k0:n0:s0:p00 : 000000000006D015 0504000205040018
477.09127|SCAN|TRACE : PUTSCOM     :  pu:k0:n0:s0:p00 : 000000000006D015 0504001906040000
477.09129|SCAN|TRACE : PUTSCOM     :  pu:k0:n0:s0:p00 : 000000000006D015 0604000106040002
477.09131|SCAN|TRACE : PUTSCOM     :  pu:k0:n0:s0:p00 : 000000000006D015 0604001806040019
477.09133|SCAN|TRACE : PUTSCOM     :  pu:k0:n0:s0:p00 : 000000000006D015 0D0400000D040001
477.09136|SCAN|TRACE : PUTSCOM     :  pu:k0:n0:s0:p00 : 000000000006D015 0D0400020E040000
477.09138|SCAN|TRACE : PUTSCOM     :  pu:k0:n0:s0:p00 : 000000000006D015 0E0400010E040002
477.09140|SCAN|TRACE : PUTSCOM     :  pu:k0:n0:s0:p00 : 000000000006D015 0F0400000F040001
477.09142|SCAN|TRACE : PUTSCOM     :  pu:k0:n0:s0:p00 : 000000000006D015 0F04000205011C2E
477.09144|SCAN|TRACE : PUTSCOM     :  pu:k0:n0:s0:p00 : 000000000006D015 05011C0A00040020
477.09146|SCAN|TRACE : PUTSCOM     :  pu:k0:n0:s0:p00 : 000000000006D015 010F001E010F001F
477.09148|SCAN|TRACE : PUTSCOM     :  pu:k0:n0:s0:p00 : 000000000006D015 060F001E060F001F
477.09151|SCAN|TRACE : PUTSCOM     :  pu:k0:n0:s0:p00 : 000000000006D015 0101080A020110A1
477.09153|SCAN|TRACE : PUTSCOM     :  pu:k0:n0:s0:p00 : 000000000006D015 020110A202011057
477.09155|SCAN|TRACE : PUTSCOM     :  pu:k0:n0:s0:p00 : 000000000006D015 0201105805011C2C
477.09157|SCAN|TRACE : PUTSCOM     :  pu:k0:n0:s0:p00 : 000000000006D015 0501284C0501284D
477.09159|SCAN|TRACE : PUTSCOM     :  pu:k0:n0:s0:p00 : 000000000006D015 0501284E05012C22
477.09161|SCAN|TRACE : PUTSCOM     :  pu:k0:n0:s0:p00 : 000000000006D015 0004000500040006
477.09163|SCAN|TRACE : PUTSCOM     :  pu:k0:n0:s0:p00 : 000000000006D015 0004000700040008
477.09165|SCAN|TRACE : PUTSCOM     :  pu:k0:n0:s0:p00 : 000000000006D015 000400090004000E
477.09167|SCAN|TRACE : PUTSCOM     :  pu:k0:n0:s0:p00 : 000000000006D015 0004000F0004001D
477.09169|SCAN|TRACE : PUTSCOM     :  pu:k0:n0:s0:p00 : 000000000006D015 0004001E0004001F
477.09171|SCAN|TRACE : PUTSCOM     :  pu:k0:n0:s0:p00 : 000000000006D015 010200190102001A
477.09173|SCAN|TRACE : PUTSCOM     :  pu:k0:n0:s0:p00 : 000000000006D015 0102001B00040024
477.09175|SCAN|TRACE : PUTSCOM     :  pu:k0:n0:s0:p00 : 000000000006D015 0004002700040029
477.09177|SCAN|TRACE : PUTSCOM     :  pu:k0:n0:s0:p00 : 000000000006D015 0004003000040032
477.09180|SCAN|TRACE : PUTSCOM     :  pu:k0:n0:s0:p00 : 000000000006D015 0004003305013038
477.09182|SCAN|TRACE : PUTSCOM     :  pu:k0:n0:s0:p00 : 000000000006D015 050130390501303A
477.09184|SCAN|TRACE : PUTSCOM     :  pu:k0:n0:s0:p00 : 000000000006D015 0501303B0501303C
477.09186|SCAN|TRACE : PUTSCOM     :  pu:k0:n0:s0:p00 : 000000000006D015 0501303D05013142
477.09188|SCAN|TRACE : PUTSCOM     :  pu:k0:n0:s0:p00 : 000000000006D015 0501314305013144
477.09190|SCAN|TRACE : PUTSCOM     :  pu:k0:n0:s0:p00 : 000000000006D015 0501314505013146
477.09192|SCAN|TRACE : PUTSCOM     :  pu:k0:n0:s0:p00 : 000000000006D015 0501314A0501314B
477.09194|SCAN|TRACE : PUTSCOM     :  pu:k0:n0:s0:p00 : 000000000006D015 0501314C0501314D
477.09196|SCAN|TRACE : PUTSCOM     :  pu:k0:n0:s0:p00 : 000000000006D015 0501314E0501317A
477.09199|SCAN|TRACE : PUTSCOM     :  pu:k0:n0:s0:p00 : 000000000006D015 0501317B0501317C
477.09201|SCAN|TRACE : PUTSCOM     :  pu:k0:n0:s0:p00 : 000000000006D015 0501317D0501317E
477.09203|SCAN|TRACE : PUTSCOM     :  pu:k0:n0:s0:p00 : 000000000006D015 0501327405013275
477.09205|SCAN|TRACE : PUTSCOM     :  pu:k0:n0:s0:p00 : 000000000006D015 0501327605013277
477.09207|SCAN|TRACE : PUTSCOM     :  pu:k0:n0:s0:p00 : 000000000006D015 0501327805013279
477.09209|SCAN|TRACE : PUTSCOM     :  pu:k0:n0:s0:p00 : 000000000006D015 0501327A0501327B
477.09211|SCAN|TRACE : PUTSCOM     :  pu:k0:n0:s0:p00 : 000000000006D015 0501327C0501327D
477.09213|SCAN|TRACE : PUTSCOM     :  pu:k0:n0:s0:p00 : 000000000006D015 020108000201080A
477.09215|SCAN|TRACE : PUTSCOM     :  pu:k0:n0:s0:p00 : 000000000006D015 0201080B0201080C
477.09218|SCAN|TRACE : PUTSCOM     :  pu:k0:n0:s0:p00 : 000000000006D015 0201080D0201080E
477.09220|SCAN|TRACE : PUTSCOM     :  pu:k0:n0:s0:p00 : 000000000006D015 06010C0006011800
477.09222|SCAN|TRACE : PUTSCOM     :  pu:k0:n0:s0:p00 : 000000000006D015 0601181606011817
477.09224|SCAN|TRACE : PUTSCOM     :  pu:k0:n0:s0:p00 : 000000000006D015 0904000009040001
477.09226|SCAN|TRACE : PUTSCOM     :  pu:k0:n0:s0:p00 : 000000000006D015 090400180904000A
477.09228|SCAN|TRACE : PUTSCOM     :  pu:k0:n0:s0:p00 : 000000000006D015 0901080009010C00
477.09230|SCAN|TRACE : PUTSCOM     :  pu:k0:n0:s0:p00 : 000000000006D015 0901104009040002
477.09233|SCAN|TRACE : PUTSCOM     :  pu:k0:n0:s0:p00 : 000000000006D015 09040019090F001E
477.09235|SCAN|TRACE : PUTSCOM     :  pu:k0:n0:s0:p00 : 000000000006D015 090F001F09010816
477.09237|SCAN|TRACE : PUTSCOM     :  pu:k0:n0:s0:p00 : 000000000006D015 090108170D04000A
477.09239|SCAN|TRACE : PUTSCOM     :  pu:k0:n0:s0:p00 : 000000000006D015 0D010C000D0F001E
477.09242|SCAN|TRACE : PUTSCOM     :  pu:k0:n0:s0:p00 : 000000000006D015 0D0F001F04010C40
477.09244|SCAN|TRACE : PUTSCOM     :  pu:k0:n0:s0:p00 : 000000000006D015 0D0108400D010908
477.09246|SCAN|TRACE : PUTSCOM     :  pu:k0:n0:s0:p00 : 000000000006D015 0D01084B10040000
477.09248|SCAN|TRACE : PUTSCOM     :  pu:k0:n0:s0:p00 : 000000000006D015 100400011004000A
477.09250|SCAN|TRACE : PUTSCOM     :  pu:k0:n0:s0:p00 : 000000000006D015 10040002100F001E
477.09252|SCAN|TRACE : PUTSCOM     :  pu:k0:n0:s0:p00 : 000000000006D015 100F001F10010800
477.09254|SCAN|TRACE : PUTSCOM     :  pu:k0:n0:s0:p00 : 000000000006D015 1001100010011800
477.09256|SCAN|TRACE : PUTSCOM     :  pu:k0:n0:s0:p00 : 000000000006D015 1001200010010812
477.09258|SCAN|TRACE : PUTSCOM     :  pu:k0:n0:s0:p00 : 000000000006D015 100108131001100E
477.09261|SCAN|TRACE : PUTSCOM     :  pu:k0:n0:s0:p00 : 000000000006D015 1001180E10011810
477.09263|SCAN|TRACE : PUTSCOM     :  pu:k0:n0:s0:p00 : 000000000006D015 1001181710011819
477.09265|SCAN|TRACE : PUTSCOM     :  pu:k0:n0:s0:p00 : 000000000006D015 1001181A1001181B
477.09267|SCAN|TRACE : PUTSCOM     :  pu:k0:n0:s0:p00 : 000000000006D015 2004000020040001
477.09269|SCAN|TRACE : PUTSCOM     :  pu:k0:n0:s0:p00 : 000000000006D015 200400182004000A
477.09271|SCAN|TRACE : PUTSCOM     :  pu:k0:n0:s0:p00 : 000000000006D015 20010A4020040002
477.09274|SCAN|TRACE : PUTSCOM     :  pu:k0:n0:s0:p00 : 000000000006D015 2004001920010A48
477.09276|SCAN|TRACE : PUTSCOM     :  pu:k0:n0:s0:p00 : 000000000006D015 200F001E200F001F
477.09278|SCAN|TRACE : PUTSCOM     :  pu:k0:n0:s0:p00 : 000000000006D015 20010A9620010A99
477.09280|SCAN|TRACE : PUTSCOM     :  pu:k0:n0:s0:p00 : 000000000006D015 20010A9A20010AB5
477.09282|SCAN|TRACE : PUTSCOM     :  pu:k0:n0:s0:p00 : 000000000006D015 20010AB620010AB7
477.09284|SCAN|TRACE : PUTSCOM     :  pu:k0:n0:s0:p00 : 000000000006D015 20010AB820010C00
477.09286|SCAN|TRACE : PUTSCOM     :  pu:k0:n0:s0:p00 : 000000000006D015 20010C0120010C02
477.09288|SCAN|TRACE : PUTSCOM     :  pu:k0:n0:s0:p00 : 000000000006D015 20010C0320010C40
477.09291|SCAN|TRACE : PUTSCOM     :  pu:k0:n0:s0:p00 : 000000000006D015 20010C4120010C42
477.09293|SCAN|TRACE : PUTSCOM     :  pu:k0:n0:s0:p00 : 000000000006D015 20010C4320010C44
477.09295|SCAN|TRACE : PUTSCOM     :  pu:k0:n0:s0:p00 : 000000000006D015 20010C4520010C80
477.09297|SCAN|TRACE : PUTSCOM     :  pu:k0:n0:s0:p00 : 000000000006D015 20010C8120010C82
477.09299|SCAN|TRACE : PUTSCOM     :  pu:k0:n0:s0:p00 : 000000000006D015 20010C8320010A51
477.09301|SCAN|TRACE : PUTSCOM     :  pu:k0:n0:s0:p00 : 000000000006D015 20010A03200F0110
477.09303|SCAN|TRACE : PUTSCOM     :  pu:k0:n0:s0:p00 : 000000000006D015 0704000007040001
477.09305|SCAN|TRACE : PUTSCOM     :  pu:k0:n0:s0:p00 : 000000000006D015 070400180704000A
477.09307|SCAN|TRACE : PUTSCOM     :  pu:k0:n0:s0:p00 : 000000000006D015 0701230007040002
477.09310|SCAN|TRACE : PUTSCOM     :  pu:k0:n0:s0:p00 : 000000000006D015 07040019070F001E
477.09312|SCAN|TRACE : PUTSCOM     :  pu:k0:n0:s0:p00 : 000000000006D015 070F001F0701236D
477.09314|SCAN|TRACE : PUTSCOM     :  pu:k0:n0:s0:p00 : 000000000006D015 0701236E07012372
477.09316|SCAN|TRACE : PUTSCOM     :  pu:k0:n0:s0:p00 : 000000000006D015 0701237307012377
477.09318|SCAN|TRACE : PUTSCOM     :  pu:k0:n0:s0:p00 : 000000000006D015 070123780701237C
477.09320|SCAN|TRACE : PUTSCOM     :  pu:k0:n0:s0:p00 : 000000000006D015 0701237D070123D7
477.09322|SCAN|TRACE : PUTSCOM     :  pu:k0:n0:s0:p00 : 000000000006D015 050108000501081A
477.09324|SCAN|TRACE : PUTSCOM     :  pu:k0:n0:s0:p00 : 000000000006D015 0501081E0501081F
477.09326|SCAN|TRACE : PUTSCOM     :  pu:k0:n0:s0:p00 : 000000000006D015 0501080A0501080B
477.09328|SCAN|TRACE : PUTSCOM     :  pu:k0:n0:s0:p00 : 000000000006D015 0501080C0501080D
477.09331|SCAN|TRACE : PUTSCOM     :  pu:k0:n0:s0:p00 : 000000000006D015 0701090007010A00
477.09333|SCAN|TRACE : PUTSCOM     :  pu:k0:n0:s0:p00 : 000000000006D015 0701100007040000
477.09336|SCAN|TRACE : PUTSCOM     :  pu:k0:n0:s0:p00 : 000000000006D015 0704000107040018
477.09338|SCAN|TRACE : PUTSCOM     :  pu:k0:n0:s0:p00 : 000000000006D015 0701230005010800
477.09340|SCAN|TRACE : PUTSCOM     :  pu:k0:n0:s0:p00 : 000000000006D015 0501081E0501081F
477.09342|SCAN|TRACE : PUTSCOM     :  pu:k0:n0:s0:p00 : 000000000006D015 0501081A0501080A
477.09344|SCAN|TRACE : PUTSCOM     :  pu:k0:n0:s0:p00 : 000000000006D015 0501080C07010900
477.09346|SCAN|TRACE : PUTSCOM     :  pu:k0:n0:s0:p00 : 000000000006D015 07010A0007011000
477.09348|SCAN|TRACE : PUTSCOM     :  pu:k0:n0:s0:p00 : 000000000006D015 0701244007013340
477.09350|SCAN|TRACE : PUTSCOM     :  pu:k0:n0:s0:p00 : 000000000006D015 0701335307013363
477.09352|SCAN|TRACE : PUTSCOM     :  pu:k0:n0:s0:p00 : 000000000006D015 0701337305013C00
477.09355|SCAN|TRACE : PUTSCOM     :  pu:k0:n0:s0:p00 : 000000000006D015 05013C4005013C80
477.09357|SCAN|TRACE : PUTSCOM     :  pu:k0:n0:s0:p00 : 000000000006D015 0501101805011019
477.09359|SCAN|TRACE : PUTSCOM     :  pu:k0:n0:s0:p00 : 000000000006D015 0501104805011049
477.09361|SCAN|TRACE : PUTSCOM     :  pu:k0:n0:s0:p00 : 000000000006D015 0501107805011079
477.09363|SCAN|TRACE : PUTSCOM     :  pu:k0:n0:s0:p00 : 000000000006D015 050110A8050110A9
477.09365|SCAN|TRACE : PUTSCOM     :  pu:k0:n0:s0:p00 : 000000000006D015 050110DB050110FA
477.09367|SCAN|TRACE : PUTSCOM     :  pu:k0:n0:s0:p00 : 000000000006D015 050110FD050110FE
477.09369|SCAN|TRACE : PUTSCOM     :  pu:k0:n0:s0:p00 : 000000000006D015 0501121805011219
477.09372|SCAN|TRACE : PUTSCOM     :  pu:k0:n0:s0:p00 : 000000000006D015 0501124805011249
477.09374|SCAN|TRACE : PUTSCOM     :  pu:k0:n0:s0:p00 : 000000000006D015 0501127805011279
477.09376|SCAN|TRACE : PUTSCOM     :  pu:k0:n0:s0:p00 : 000000000006D015 050112A8050112A9
477.09378|SCAN|TRACE : PUTSCOM     :  pu:k0:n0:s0:p00 : 000000000006D015 050112DB050112FA
477.09380|SCAN|TRACE : PUTSCOM     :  pu:k0:n0:s0:p00 : 000000000006D015 050112FD050112FE
477.09382|SCAN|TRACE : PUTSCOM     :  pu:k0:n0:s0:p00 : 000000000006D015 0501141805011419
477.09384|SCAN|TRACE : PUTSCOM     :  pu:k0:n0:s0:p00 : 000000000006D015 0501144805011449
477.09386|SCAN|TRACE : PUTSCOM     :  pu:k0:n0:s0:p00 : 000000000006D015 0501147805011479
477.09388|SCAN|TRACE : PUTSCOM     :  pu:k0:n0:s0:p00 : 000000000006D015 050114A8050114A9
477.09390|SCAN|TRACE : PUTSCOM     :  pu:k0:n0:s0:p00 : 000000000006D015 050114DB050114FA
477.09393|SCAN|TRACE : PUTSCOM     :  pu:k0:n0:s0:p00 : 000000000006D015 050114FD050114FE
477.09395|SCAN|TRACE : PUTSCOM     :  pu:k0:n0:s0:p00 : 000000000006D015 0000000000000000
477.09397|SCAN|TRACE : PUTSCOM     :  pu:k0:n0:s0:p00 : 000000000006D015 0000000000000000
477.09399|SCAN|TRACE : PUTSCOM     :  pu:k0:n0:s0:p00 : 000000000006D015 0000000000000000
477.09401|SCAN|TRACE : PUTSCOM     :  pu:k0:n0:s0:p00 : 000000000006D015 0000000000000000
477.09403|SCAN|TRACE : PUTSCOM     :  pu:k0:n0:s0:p00 : 000000000006D015 0000000000000000
477.09405|SCAN|TRACE : PUTSCOM     :  pu:k0:n0:s0:p00 : 000000000006D015 0000000000000000
477.09407|SCAN|TRACE : PUTSCOM     :  pu:k0:n0:s0:p00 : 000000000006D015 0000000000000000
477.09409|SCAN|TRACE : PUTSCOM     :  pu:k0:n0:s0:p00 : 000000000006D015 0000000000000000
477.09411|SCAN|TRACE : PUTSCOM     :  pu:k0:n0:s0:p00 : 000000000006D015 0000000000000000
477.09413|SCAN|TRACE : PUTSCOM     :  pu:k0:n0:s0:p00 : 000000000006D015 0000000000000000
477.09416|SCAN|TRACE : PUTSCOM     :  pu:k0:n0:s0:p00 : 000000000006D015 0000000000000000
477.09418|SCAN|TRACE : PUTSCOM     :  pu:k0:n0:s0:p00 : 000000000006D015 0000000000000000
477.09420|SCAN|TRACE : PUTSCOM     :  pu:k0:n0:s0:p00 : 000000000006D015 0000000000000000
477.09422|SCAN|TRACE : PUTSCOM     :  pu:k0:n0:s0:p00 : 000000000006D015 0000000000000000
477.09424|SCAN|TRACE : PUTSCOM     :  pu:k0:n0:s0:p00 : 000000000006D015 0000000000000000
477.09426|SCAN|TRACE : PUTSCOM     :  pu:k0:n0:s0:p00 : 000000000006D015 0000000000000000
477.09429|SCAN|TRACE : PUTSCOM     :  pu:k0:n0:s0:p00 : 000000000006D015 0000000000000000
477.09431|SCAN|TRACE : PUTSCOM     :  pu:k0:n0:s0:p00 : 000000000006D015 0000000000000000
477.09433|SCAN|TRACE : PUTSCOM     :  pu:k0:n0:s0:p00 : 000000000006D015 0000000000000000
477.09435|SCAN|TRACE : PUTSCOM     :  pu:k0:n0:s0:p00 : 000000000006D015 0000000000000000
477.09437|SCAN|TRACE : PUTSCOM     :  pu:k0:n0:s0:p00 : 000000000006D015 0000000000000000
477.09440|SCAN|TRACE : PUTSCOM     :  pu:k0:n0:s0:p00 : 000000000006D015 0000000000000000
477.09442|SCAN|TRACE : PUTSCOM     :  pu:k0:n0:s0:p00 : 000000000006D015 0000000000000000
477.09444|SCAN|TRACE : PUTSCOM     :  pu:k0:n0:s0:p00 : 000000000006D015 0000000000000000
477.09446|SCAN|TRACE : PUTSCOM     :  pu:k0:n0:s0:p00 : 000000000006D015 0000000000000000
477.09448|SCAN|TRACE : PUTSCOM     :  pu:k0:n0:s0:p00 : 000000000006D015 0000000000000000
477.09450|SCAN|TRACE : PUTSCOM     :  pu:k0:n0:s0:p00 : 000000000006D015 0000000000000000
477.09452|SCAN|TRACE : PUTSCOM     :  pu:k0:n0:s0:p00 : 000000000006D015 0000000000000000
477.09454|SCAN|TRACE : PUTSCOM     :  pu:k0:n0:s0:p00 : 000000000006D015 0000000000000000
477.09456|SCAN|TRACE : PUTSCOM     :  pu:k0:n0:s0:p00 : 000000000006D015 0000000000000000
477.09458|SCAN|TRACE : PUTSCOM     :  pu:k0:n0:s0:p00 : 000000000006D015 0000000000000000
477.09461|SCAN|TRACE : PUTSCOM     :  pu:k0:n0:s0:p00 : 000000000006D015 0000000000000000
477.09463|SCAN|TRACE : PUTSCOM     :  pu:k0:n0:s0:p00 : 000000000006D015 0000000000000000
477.09465|SCAN|TRACE : PUTSCOM     :  pu:k0:n0:s0:p00 : 000000000006D015 0000000000000000
477.09467|SCAN|TRACE : PUTSCOM     :  pu:k0:n0:s0:p00 : 000000000006D015 0000000000000000
477.09469|SCAN|TRACE : PUTSCOM     :  pu:k0:n0:s0:p00 : 000000000006D015 0000000000000000
477.09471|SCAN|TRACE : PUTSCOM     :  pu:k0:n0:s0:p00 : 000000000006D015 0000000000000000
477.09473|SCAN|TRACE : PUTSCOM     :  pu:k0:n0:s0:p00 : 000000000006D015 0000000000000000
477.09475|SCAN|TRACE : PUTSCOM     :  pu:k0:n0:s0:p00 : 000000000006D015 0000000000000000
477.09477|SCAN|TRACE : PUTSCOM     :  pu:k0:n0:s0:p00 : 000000000006D015 0000000000000000
477.09479|SCAN|TRACE : PUTSCOM     :  pu:k0:n0:s0:p00 : 000000000006D015 0000000000000000
477.09481|SCAN|TRACE : PUTSCOM     :  pu:k0:n0:s0:p00 : 000000000006D015 0000000000000000
477.09483|SCAN|TRACE : PUTSCOM     :  pu:k0:n0:s0:p00 : 000000000006D015 0000000000000000
477.09485|SCAN|TRACE : PUTSCOM     :  pu:k0:n0:s0:p00 : 000000000006D015 0000000000000000
477.09488|SCAN|TRACE : PUTSCOM     :  pu:k0:n0:s0:p00 : 000000000006D015 0000000000000000
477.09490|SCAN|TRACE : PUTSCOM     :  pu:k0:n0:s0:p00 : 000000000006D015 0000000000000000
477.09492|SCAN|TRACE : PUTSCOM     :  pu:k0:n0:s0:p00 : 000000000006D015 0000000000000000
477.09494|SCAN|TRACE : PUTSCOM     :  pu:k0:n0:s0:p00 : 000000000006D015 0000000000000000
477.09496|SCAN|TRACE : PUTSCOM     :  pu:k0:n0:s0:p00 : 000000000006D015 0000000000000000
477.09498|SCAN|TRACE : PUTSCOM     :  pu:k0:n0:s0:p00 : 000000000006D015 0000000000000000
477.09500|SCAN|TRACE : PUTSCOM     :  pu:k0:n0:s0:p00 : 000000000006D015 0000000000000000
477.09502|SCAN|TRACE : PUTSCOM     :  pu:k0:n0:s0:p00 : 000000000006D015 0000000000000000
477.09504|SCAN|TRACE : PUTSCOM     :  pu:k0:n0:s0:p00 : 000000000006D015 0000000000000000
477.09506|SCAN|TRACE : PUTSCOM     :  pu:k0:n0:s0:p00 : 000000000006D015 0000000000000000
477.09509|SCAN|TRACE : PUTSCOM     :  pu:k0:n0:s0:p00 : 000000000006D015 0000000000000000
477.09511|SCAN|TRACE : PUTSCOM     :  pu:k0:n0:s0:p00 : 000000000006D015 0000000000000000
477.09513|SCAN|TRACE : PUTSCOM     :  pu:k0:n0:s0:p00 : 000000000006D015 0000000000000000
477.09515|SCAN|TRACE : PUTSCOM     :  pu:k0:n0:s0:p00 : 000000000006D015 0000000000000000
477.09517|SCAN|TRACE : PUTSCOM     :  pu:k0:n0:s0:p00 : 000000000006D015 0000000000000000
477.09519|SCAN|TRACE : PUTSCOM     :  pu:k0:n0:s0:p00 : 000000000006D015 0000000000000000
477.09521|SCAN|TRACE : PUTSCOM     :  pu:k0:n0:s0:p00 : 000000000006D015 0000000000000000
477.09523|SCAN|TRACE : PUTSCOM     :  pu:k0:n0:s0:p00 : 000000000006D015 0000000000000000
477.09526|SCAN|TRACE : PUTSCOM     :  pu:k0:n0:s0:p00 : 000000000006D015 0000000000000000
477.09528|SCAN|TRACE : PUTSCOM     :  pu:k0:n0:s0:p00 : 000000000006D015 0000000000000000
477.09530|SCAN|TRACE : PUTSCOM     :  pu:k0:n0:s0:p00 : 000000000006D015 0000000000000000
477.09532|SCAN|TRACE : PUTSCOM     :  pu:k0:n0:s0:p00 : 000000000006D015 0000000000000000
477.09534|SCAN|TRACE : PUTSCOM     :  pu:k0:n0:s0:p00 : 000000000006D015 0000000000000000
477.09536|SCAN|TRACE : PUTSCOM     :  pu:k0:n0:s0:p00 : 000000000006D015 0000000000000000
477.09538|SCAN|TRACE : PUTSCOM     :  pu:k0:n0:s0:p00 : 000000000006D015 0000000000000000
477.09540|SCAN|TRACE : PUTSCOM     :  pu:k0:n0:s0:p00 : 000000000006D015 0000000000000000
477.09542|SCAN|TRACE : PUTSCOM     :  pu:k0:n0:s0:p00 : 000000000006D015 0000000000000000
477.09545|SCAN|TRACE : PUTSCOM     :  pu:k0:n0:s0:p00 : 000000000006D015 0000000000000000
477.09547|SCAN|TRACE : PUTSCOM     :  pu:k0:n0:s0:p00 : 000000000006D015 0000000000000000
477.09549|SCAN|TRACE : PUTSCOM     :  pu:k0:n0:s0:p00 : 000000000006D015 0000000000000000
477.09551|SCAN|TRACE : PUTSCOM     :  pu:k0:n0:s0:p00 : 000000000006D015 0000000000000000
477.09553|SCAN|TRACE : PUTSCOM     :  pu:k0:n0:s0:p00 : 000000000006D015 0000000000000000
477.09555|SCAN|TRACE : PUTSCOM     :  pu:k0:n0:s0:p00 : 000000000006D015 0000000000000000
477.09558|SCAN|TRACE : PUTSCOM     :  pu:k0:n0:s0:p00 : 000000000006D015 0000000000000000
477.09560|SCAN|TRACE : PUTSCOM     :  pu:k0:n0:s0:p00 : 000000000006D015 0000000000000000
477.09562|SCAN|TRACE : PUTSCOM     :  pu:k0:n0:s0:p00 : 000000000006D015 0000000000000000
477.09564|SCAN|TRACE : PUTSCOM     :  pu:k0:n0:s0:p00 : 000000000006D015 0000000000000000
477.09566|SCAN|TRACE : PUTSCOM     :  pu:k0:n0:s0:p00 : 000000000006D015 0000000000000000
477.09568|SCAN|TRACE : PUTSCOM     :  pu:k0:n0:s0:p00 : 000000000006D015 0000000000000000
477.09570|SCAN|TRACE : PUTSCOM     :  pu:k0:n0:s0:p00 : 000000000006D015 0000000000000000
477.09572|SCAN|TRACE : PUTSCOM     :  pu:k0:n0:s0:p00 : 000000000006D015 0000000000000000
477.09574|SCAN|TRACE : PUTSCOM     :  pu:k0:n0:s0:p00 : 000000000006D015 0000000000000000
477.09576|SCAN|TRACE : PUTSCOM     :  pu:k0:n0:s0:p00 : 000000000006D015 0000000000000000
477.09579|SCAN|TRACE : PUTSCOM     :  pu:k0:n0:s0:p00 : 000000000006D015 0000000000000000
477.09581|SCAN|TRACE : PUTSCOM     :  pu:k0:n0:s0:p00 : 000000000006D015 0000000000000000
477.09583|SCAN|TRACE : PUTSCOM     :  pu:k0:n0:s0:p00 : 000000000006D015 0000000000000000
477.09585|SCAN|TRACE : PUTSCOM     :  pu:k0:n0:s0:p00 : 000000000006D015 0000000000000000
477.09587|SCAN|TRACE : PUTSCOM     :  pu:k0:n0:s0:p00 : 000000000006D015 0000000000000000
477.09589|SCAN|TRACE : PUTSCOM     :  pu:k0:n0:s0:p00 : 000000000006D015 0000000000000000
477.09591|SCAN|TRACE : PUTSCOM     :  pu:k0:n0:s0:p00 : 000000000006D015 0000000000000000
477.09593|SCAN|TRACE : PUTSCOM     :  pu:k0:n0:s0:p00 : 000000000006D015 0000000000000000
477.09595|SCAN|TRACE : PUTSCOM     :  pu:k0:n0:s0:p00 : 000000000006D015 0000000000000000
477.09597|SCAN|TRACE : PUTSCOM     :  pu:k0:n0:s0:p00 : 000000000006D015 0000000000000000
477.09598|INTR|I>Cpu wakeup completed on c
477.09600|SCAN|TRACE : PUTSCOM     :  pu:k0:n0:s0:p00 : 000000000006D015 0000000000000000
477.09602|SCAN|TRACE : PUTSCOM     :  pu:k0:n0:s0:p00 : 000000000006D015 0000000000000000
477.09604|SCAN|TRACE : PUTSCOM     :  pu:k0:n0:s0:p00 : 000000000006D015 0000000000000000
477.09606|SCAN|TRACE : PUTSCOM     :  pu:k0:n0:s0:p00 : 000000000006D015 0000000000000000
477.09608|SCAN|TRACE : PUTSCOM     :  pu:k0:n0:s0:p00 : 000000000006D015 0000000000000000
477.09611|SCAN|TRACE : PUTSCOM     :  pu:k0:n0:s0:p00 : 000000000006D015 0000000000000000
477.09613|SCAN|TRACE : PUTSCOM     :  pu:k0:n0:s0:p00 : 000000000006D015 0000000000000000
477.09615|SCAN|TRACE : PUTSCOM     :  pu:k0:n0:s0:p00 : 000000000006D015 0000000000000000
477.09617|SCAN|TRACE : PUTSCOM     :  pu:k0:n0:s0:p00 : 000000000006D015 0000000000000000
477.09619|SCAN|TRACE : PUTSCOM     :  pu:k0:n0:s0:p00 : 000000000006D015 0000000000000000
477.09621|SCAN|TRACE : PUTSCOM     :  pu:k0:n0:s0:p00 : 000000000006D015 0000000000000000
477.09624|SCAN|TRACE : PUTSCOM     :  pu:k0:n0:s0:p00 : 000000000006D015 0000000000000000
477.09626|SCAN|TRACE : PUTSCOM     :  pu:k0:n0:s0:p00 : 000000000006D015 0000000000000000
477.09628|SCAN|TRACE : PUTSCOM     :  pu:k0:n0:s0:p00 : 000000000006D015 0000000000000000
477.09630|SCAN|TRACE : PUTSCOM     :  pu:k0:n0:s0:p00 : 000000000006D015 0000000000000000
477.09632|SCAN|TRACE : PUTSCOM     :  pu:k0:n0:s0:p00 : 000000000006D015 0000000000000000
477.09634|SCAN|TRACE : PUTSCOM     :  pu:k0:n0:s0:p00 : 000000000006D015 0000000000000000
477.09637|SCAN|TRACE : PUTSCOM     :  pu:k0:n0:s0:p00 : 000000000006D015 0000000000000000
477.09639|SCAN|TRACE : PUTSCOM     :  pu:k0:n0:s0:p00 : 000000000006D015 0000000000000000
477.09641|SCAN|TRACE : PUTSCOM     :  pu:k0:n0:s0:p00 : 000000000006D015 0000000000000000
477.09643|SCAN|TRACE : PUTSCOM     :  pu:k0:n0:s0:p00 : 000000000006D015 0000000000000000
477.09645|SCAN|TRACE : PUTSCOM     :  pu:k0:n0:s0:p00 : 000000000006D015 0000000000000000
477.09647|SCAN|TRACE : PUTSCOM     :  pu:k0:n0:s0:p00 : 000000000006D015 0000000000000000
477.09649|SCAN|TRACE : PUTSCOM     :  pu:k0:n0:s0:p00 : 000000000006D015 0000000000000000
477.09651|SCAN|TRACE : PUTSCOM     :  pu:k0:n0:s0:p00 : 000000000006D015 0000000000000000
477.09653|SCAN|TRACE : PUTSCOM     :  pu:k0:n0:s0:p00 : 000000000006D015 0000000000000000
477.09655|SCAN|TRACE : PUTSCOM     :  pu:k0:n0:s0:p00 : 000000000006D015 0000000000000000
477.09658|SCAN|TRACE : PUTSCOM     :  pu:k0:n0:s0:p00 : 000000000006D015 0000000000000000
477.09660|SCAN|TRACE : PUTSCOM     :  pu:k0:n0:s0:p00 : 000000000006D015 0000000000000000
477.09662|SCAN|TRACE : PUTSCOM     :  pu:k0:n0:s0:p00 : 000000000006D015 0000000000000000
477.09664|SCAN|TRACE : PUTSCOM     :  pu:k0:n0:s0:p00 : 000000000006D015 0000000000000000
477.09666|SCAN|TRACE : PUTSCOM     :  pu:k0:n0:s0:p00 : 000000000006D015 0000000000000000
477.09668|SCAN|TRACE : PUTSCOM     :  pu:k0:n0:s0:p00 : 000000000006D015 0000000000000000
477.09670|SCAN|TRACE : PUTSCOM     :  pu:k0:n0:s0:p00 : 000000000006D015 0000000000000000
477.09672|SCAN|TRACE : PUTSCOM     :  pu:k0:n0:s0:p00 : 000000000006D015 0000000000000000
477.09674|SCAN|TRACE : PUTSCOM     :  pu:k0:n0:s0:p00 : 000000000006D015 0000000000000000
477.09676|SCAN|TRACE : PUTSCOM     :  pu:k0:n0:s0:p00 : 000000000006D015 0000000000000000
477.09678|SCAN|TRACE : PUTSCOM     :  pu:k0:n0:s0:p00 : 000000000006D015 0000000000000000
477.09680|SCAN|TRACE : PUTSCOM     :  pu:k0:n0:s0:p00 : 000000000006D015 0000000000000000
477.09683|SCAN|TRACE : PUTSCOM     :  pu:k0:n0:s0:p00 : 000000000006D015 0000000000000000
477.09685|SCAN|TRACE : PUTSCOM     :  pu:k0:n0:s0:p00 : 000000000006D015 0000000000000000
477.09687|SCAN|TRACE : PUTSCOM     :  pu:k0:n0:s0:p00 : 000000000006D015 0000000000000000
477.09689|SCAN|TRACE : PUTSCOM     :  pu:k0:n0:s0:p00 : 000000000006D015 0000000000000000
477.09691|SCAN|TRACE : PUTSCOM     :  pu:k0:n0:s0:p00 : 000000000006D015 0000000000000000
477.09693|SCAN|TRACE : PUTSCOM     :  pu:k0:n0:s0:p00 : 000000000006D015 0000000000000000
477.09695|SCAN|TRACE : PUTSCOM     :  pu:k0:n0:s0:p00 : 000000000006D015 0000000000000000
477.09697|SCAN|TRACE : PUTSCOM     :  pu:k0:n0:s0:p00 : 000000000006D015 0000000000000000
477.09699|SCAN|TRACE : PUTSCOM     :  pu:k0:n0:s0:p00 : 000000000006D015 0000000000000000
477.09701|SCAN|TRACE : PUTSCOM     :  pu:k0:n0:s0:p00 : 000000000006D015 0000000000000000
477.09704|SCAN|TRACE : PUTSCOM     :  pu:k0:n0:s0:p00 : 000000000006D015 0000000000000000
477.09706|SCAN|TRACE : PUTSCOM     :  pu:k0:n0:s0:p00 : 000000000006D015 0000000000000000
477.09708|SCAN|TRACE : PUTSCOM     :  pu:k0:n0:s0:p00 : 000000000006D015 0000000000000000
477.09710|SCAN|TRACE : PUTSCOM     :  pu:k0:n0:s0:p00 : 000000000006D015 0000000000000000
477.09712|SCAN|TRACE : PUTSCOM     :  pu:k0:n0:s0:p00 : 000000000006D015 0000000000000000
477.09714|SCAN|TRACE : PUTSCOM     :  pu:k0:n0:s0:p00 : 000000000006D015 0000000000000000
477.09716|SCAN|TRACE : PUTSCOM     :  pu:k0:n0:s0:p00 : 000000000006D015 0000000000000000
477.09718|SCAN|TRACE : PUTSCOM     :  pu:k0:n0:s0:p00 : 000000000006D015 0000000000000000
477.09721|SCAN|TRACE : PUTSCOM     :  pu:k0:n0:s0:p00 : 000000000006D015 0000000000000000
477.09723|SCAN|TRACE : PUTSCOM     :  pu:k0:n0:s0:p00 : 000000000006D015 0000000000000000
477.09725|SCAN|TRACE : PUTSCOM     :  pu:k0:n0:s0:p00 : 000000000006D015 0000000000000000
477.09727|SCAN|TRACE : PUTSCOM     :  pu:k0:n0:s0:p00 : 000000000006D015 0000000000000000
477.09730|SCAN|TRACE : PUTSCOM     :  pu:k0:n0:s0:p00 : 000000000006D015 0000000000000000
477.09732|SCAN|TRACE : PUTSCOM     :  pu:k0:n0:s0:p00 : 000000000006D015 0000000000000000
477.09734|SCAN|TRACE : PUTSCOM     :  pu:k0:n0:s0:p00 : 000000000006D015 0000000000000000
477.09736|SCAN|TRACE : PUTSCOM     :  pu:k0:n0:s0:p00 : 000000000006D015 0000000000000000
477.09738|SCAN|TRACE : PUTSCOM     :  pu:k0:n0:s0:p00 : 000000000006D015 0000000000000000
477.09740|SCAN|TRACE : PUTSCOM     :  pu:k0:n0:s0:p00 : 000000000006D015 0000000000000000
477.09743|SCAN|TRACE : PUTSCOM     :  pu:k0:n0:s0:p00 : 000000000006D015 0000000000000000
477.09745|SCAN|TRACE : PUTSCOM     :  pu:k0:n0:s0:p00 : 000000000006D015 0000000000000000
477.09747|SCAN|TRACE : PUTSCOM     :  pu:k0:n0:s0:p00 : 000000000006D015 0000000000000000
477.09749|SCAN|TRACE : PUTSCOM     :  pu:k0:n0:s0:p00 : 000000000006D015 0000000000000000
477.09751|SCAN|TRACE : PUTSCOM     :  pu:k0:n0:s0:p00 : 000000000006D015 0000000000000000
477.09753|SCAN|TRACE : PUTSCOM     :  pu:k0:n0:s0:p00 : 000000000006D015 0000000000000000
477.09755|SCAN|TRACE : PUTSCOM     :  pu:k0:n0:s0:p00 : 000000000006D015 0000000000000000
477.09757|SCAN|TRACE : PUTSCOM     :  pu:k0:n0:s0:p00 : 000000000006D015 0000000000000000
477.09759|SCAN|TRACE : PUTSCOM     :  pu:k0:n0:s0:p00 : 000000000006D015 0000000000000000
477.09762|SCAN|TRACE : PUTSCOM     :  pu:k0:n0:s0:p00 : 000000000006D015 0000000000000000
477.09764|SCAN|TRACE : PUTSCOM     :  pu:k0:n0:s0:p00 : 000000000006D015 0000000000000000
477.09766|SCAN|TRACE : PUTSCOM     :  pu:k0:n0:s0:p00 : 000000000006D015 0000000000000000
477.09768|SCAN|TRACE : PUTSCOM     :  pu:k0:n0:s0:p00 : 000000000006D015 0000000000000000
477.09770|SCAN|TRACE : PUTSCOM     :  pu:k0:n0:s0:p00 : 000000000006D015 0000000000000000
477.09772|SCAN|TRACE : PUTSCOM     :  pu:k0:n0:s0:p00 : 000000000006D015 0000000000000000
477.09774|SCAN|TRACE : PUTSCOM     :  pu:k0:n0:s0:p00 : 000000000006D015 0000000000000000
477.09776|SCAN|TRACE : PUTSCOM     :  pu:k0:n0:s0:p00 : 000000000006D015 0000000000000000
477.09778|SCAN|TRACE : PUTSCOM     :  pu:k0:n0:s0:p00 : 000000000006D015 0000000000000000
477.09780|SCAN|TRACE : PUTSCOM     :  pu:k0:n0:s0:p00 : 000000000006D015 0000000000000000
477.09782|SCAN|TRACE : PUTSCOM     :  pu:k0:n0:s0:p00 : 000000000006D015 0000000000000000
477.09784|SCAN|TRACE : PUTSCOM     :  pu:k0:n0:s0:p00 : 000000000006D015 0000000000000000
477.09364|INTR|I>Cpu wakeup completed on 10
477.09786|SCAN|TRACE : PUTSCOM     :  pu:k0:n0:s0:p00 : 000000000006D015 0000000000000000
477.09789|SCAN|TRACE : PUTSCOM     :  pu:k0:n0:s0:p00 : 000000000006D015 0000000000000000
477.09791|SCAN|TRACE : PUTSCOM     :  pu:k0:n0:s0:p00 : 000000000006D015 0000000000000000
477.09793|SCAN|TRACE : PUTSCOM     :  pu:k0:n0:s0:p00 : 000000000006D015 0000000000000000
477.09795|SCAN|TRACE : PUTSCOM     :  pu:k0:n0:s0:p00 : 000000000006D015 0000000000000000
477.09797|SCAN|TRACE : PUTSCOM     :  pu:k0:n0:s0:p00 : 000000000006D015 0000000000000000
477.09799|SCAN|TRACE : PUTSCOM     :  pu:k0:n0:s0:p00 : 000000000006D015 0000000000000000
477.09801|SCAN|TRACE : PUTSCOM     :  pu:k0:n0:s0:p00 : 000000000006D015 0000000000000000
477.09804|SCAN|TRACE : PUTSCOM     :  pu:k0:n0:s0:p00 : 000000000006D015 0000000000000000
477.09806|SCAN|TRACE : PUTSCOM     :  pu:k0:n0:s0:p00 : 000000000006D015 0000000000000000
477.13449|INTR|I>Cpu wakeup completed on 1c
480.37334|SCOM|doMulticastWorkaround on 00050000 for 50040018
480.37379|SCOM|doMulticastWorkaround on 00050000 for 50040009
480.37435|ERRL|I>Got an error log Msg - Type: 0x00000039
480.37436|ERRL|I>Flush message received
480.37437|INITSVC|<<doIstep: step 16, substep 2
480.37439|INITSVC|>>doIstep: step 16, substep 3, task host_secure_rng
