404.50488|ISTEP 10. 1 - proc_build_smp
404.51132|INITSVC|unloading [libistep09.so]
404.51151|INITSVC|unloading [libpm.so]
404.52358|INITSVC|unloading [libnestmemutils.so]
404.52369|INITSVC|unloading [libfab_iovalid.so]
404.52380|INITSVC|unloading [libimageprocs.so]
404.52390|INITSVC|loading [libistep10.so]
404.54556|INITSVC|loading [libisteps_nest.so]
404.54571|INITSVC|loading [libisteps_mss.so]
405.35146|INITSVC|loading [libsbe.so]
405.35179|INITSVC|loading [libnestmemutils.so]
405.35191|INITSVC|loading [libimageprocs.so]
405.35344|ISTEPS_TRACE|call_proc_build_smp entry
405.36665|FAPI|p9_fbc_smp_utils.C: (PROC): Start
405.36963|FAPI|p9_build_smp.C: Target: pu:k0:n0:s0:p00
405.36968|SCAN|TRACE : GETSCOM     :  pu:k0:n0:s0:p00 : 0000000005011C0C C000000000002200
405.36969|FAPI|p9_build_smp.C: End
405.36970|FAPI|p9_build_smp.C: Inserting g0 p0
405.37120|FAPI|p9_build_smp.C: Adding g0
405.37121|FAPI|p9_build_smp.C: Adding g0:p0
405.37122|FAPI|p9_build_smp.C: Processing X links for g0:p0
405.37124|FAPI|p9_build_smp.C: Processing A links for g0:p0
405.37871|SCAN|TRACE : PUTSCOM     :  pu:k0:n0:s0:p00 : 90000CB205012011 00000000000000C3
405.37874|SCAN|TRACE : PUTSCOM     :  pu:k0:n0:s0:p00 : 90000CB305012011 0000000000000143
405.37877|SCAN|TRACE : PUTSCOM     :  pu:k0:n0:s0:p00 : 90000CDB05011C11 0000000000001028
405.37880|SCAN|TRACE : PUTSCOM     :  pu:k0:n0:s0:p00 : 90000CF405011C11 0000000000007100
405.37884|SCAN|TRACE : PUTSCOM     :  pu:k0:n0:s0:p00 : 90000D3F05011C11 0000000000060020
405.37887|SCAN|TRACE : PUTSCOM     :  pu:k0:n0:s0:p00 : 90000D7805011C11 000000000069E000
405.37890|SCAN|TRACE : PUTSCOM     :  pu:k0:n0:s0:p00 : 90000DAA05011C11 0000000002100018
405.38043|SCAN|TRACE : PUTSCOM     :  pu:k0:n0:s0:p00 : 90000DCC05011C11 0000000008105DC8
405.38046|SCAN|TRACE : PUTSCOM     :  pu:k0:n0:s0:p00 : 90000E0605011C11 0000000000129D50
405.38049|SCAN|TRACE : PUTSCOM     :  pu:k0:n0:s0:p00 : 90000E4305011C11 0000000019A0F641
405.38052|SCAN|TRACE : PUTSCOM     :  pu:k0:n0:s0:p00 : 90000EA205011C11 0000010010012492
405.38055|SCAN|TRACE : PUTSCOM     :  pu:k0:n0:s0:p00 : 90000EC705011C11 000000C000080000
405.38058|SCAN|TRACE : PUTSCOM     :  pu:k0:n0:s0:p00 : 90000EE105011C11 000000414121B30D
405.38062|SCAN|TRACE : PUTSCOM     :  pu:k0:n0:s0:p00 : 90000F0505011C11 000000129D00129D
405.38065|SCAN|TRACE : PUTSCOM     :  pu:k0:n0:s0:p00 : 90000F2005011C11 0000070140501005
405.38068|SCAN|TRACE : PUTSCOM     :  pu:k0:n0:s0:p00 : 90000F4005011811 000008C8FE6C0000
405.38071|SCAN|TRACE : PUTSCOM     :  pu:k0:n0:s0:p00 : 90000F4005012011 000008C8FE6C0000
405.38074|SCAN|TRACE : PUTSCOM     :  pu:k0:n0:s0:p00 : 90000F4D05011C11 000A22127FBF914D
405.38077|SCAN|TRACE : PUTSCOM     :  pu:k0:n0:s0:p00 : 90000E6105011811 00000000154C4800
405.38080|SCAN|TRACE : PUTSCOM     :  pu:k0:n0:s0:p00 : 90000E6105012011 00000000154C4800
405.38232|FAPI|p9_build_smp_adu.C: subroutine_executor: isSecure = 0   isMaster = 1 .. executing hwp p9_putmemproc on host
405.43223|SCAN|TRACE : PUTSCOMMASK : pu:k0:n0:s0:p00 : 0000000000090021 0000000100000000 0000000300000000
405.43229|FAPI|p9_build_smp_adu.C: Issuing ADU op for pu:k0:n0:s0:p00
405.43233|FAPI|p9_build_smp_adu.C: subroutine_executor: isSecure = 0   isMaster = 1 .. executing hwp p9_putmemproc on host
405.43390|SCAN|TRACE : GETSCOM     :  pu:k0:n0:s0:p00 : 0000000005011C0A 88087EFEA0000040
405.43393|SCAN|TRACE : GETSCOM     :  pu:k0:n0:s0:p00 : 0000000000090021 0000000100000000
405.43400|SCAN|TRACE : PUTSCOM     :  pu:k0:n0:s0:p00 : 0000000000090001 1810000000000000
405.43403|SCAN|TRACE : PUTSCOM     :  pu:k0:n0:s0:p00 : 0000000000090000 0000000000000000
405.43407|SCAN|TRACE : PUTSCOM     :  pu:k0:n0:s0:p00 : 0000000000090002 0000010000801880
405.43410|SCAN|TRACE : PUTSCOM     :  pu:k0:n0:s0:p00 : 0000000000090001 2210A8B102000000
405.43610|SCAN|TRACE : GETSCOM     :  pu:k0:n0:s0:p00 : 0000000000090003 2000000000000004
405.43613|SCAN|TRACE : PUTSCOM     :  pu:k0:n0:s0:p00 : 0000000000090001 0000000000000000
405.43618|FAPI|p9_build_smp_adu.C: subroutine_executor: isSecure = 0   isMaster = 1 .. executing hwp p9_putmemproc on host
405.43623|SCAN|TRACE : PUTSCOMMASK : pu:k0:n0:s0:p00 : 0000000000090021 0000000000000000 0000000300000000
405.43628|SCAN|TRACE : PUTSCOM     :  pu:k0:n0:s0:p00 : 90000DAA05011C11 0000000002102018
405.43631|SCAN|TRACE : PUTSCOM     :  pu:k0:n0:s0:p00 : 90000F4D05011C11 000A22127FBF915D
405.43636|FAPI|p9_build_smp_adu.C: subroutine_executor: isSecure = 0   isMaster = 1 .. executing hwp p9_putmemproc on host
405.43641|SCAN|TRACE : PUTSCOMMASK : pu:k0:n0:s0:p00 : 0000000000090021 0000000100000000 0000000300000000
405.43643|FAPI|p9_build_smp_adu.C: Issuing ADU op for pu:k0:n0:s0:p00
405.43647|FAPI|p9_build_smp_adu.C: subroutine_executor: isSecure = 0   isMaster = 1 .. executing hwp p9_putmemproc on host
405.43651|SCAN|TRACE : GETSCOM     :  pu:k0:n0:s0:p00 : 0000000005011C0A 88087EFEA0000040
405.43655|SCAN|TRACE : GETSCOM     :  pu:k0:n0:s0:p00 : 0000000000090021 0000000100000000
405.43658|SCAN|TRACE : PUTSCOM     :  pu:k0:n0:s0:p00 : 0000000000090001 1810000000000000
405.43661|SCAN|TRACE : PUTSCOM     :  pu:k0:n0:s0:p00 : 0000000000090000 0000000000000000
405.43665|SCAN|TRACE : PUTSCOM     :  pu:k0:n0:s0:p00 : 0000000000090002 0000010000801880
405.43668|SCAN|TRACE : PUTSCOM     :  pu:k0:n0:s0:p00 : 0000000000090001 2210A8B102000000
405.43673|SCAN|TRACE : GETSCOM     :  pu:k0:n0:s0:p00 : 0000000000090003 2000000000000004
405.43676|SCAN|TRACE : PUTSCOM     :  pu:k0:n0:s0:p00 : 0000000000090001 0000000000000000
405.43681|FAPI|p9_build_smp_adu.C: subroutine_executor: isSecure = 0   isMaster = 1 .. executing hwp p9_putmemproc on host
405.43686|SCAN|TRACE : PUTSCOMMASK : pu:k0:n0:s0:p00 : 0000000000090021 0000000000000000 0000000300000000
405.50087|SCAN|TRACE : PUTSCOM     :  pu:k0:n0:s0:p00 : 90000DAA05011C11 0000000002100018
405.50090|SCAN|TRACE : PUTSCOM     :  pu:k0:n0:s0:p00 : 90000F4D05011C11 000A22127FBF9145
405.50095|FAPI|p9_build_smp_adu.C: subroutine_executor: isSecure = 0   isMaster = 1 .. executing hwp p9_putmemproc on host
405.50100|SCAN|TRACE : PUTSCOMMASK : pu:k0:n0:s0:p00 : 0000000000090021 0000000100000000 0000000300000000
405.50102|FAPI|p9_build_smp_adu.C: Issuing ADU op for pu:k0:n0:s0:p00
405.50106|FAPI|p9_build_smp_adu.C: subroutine_executor: isSecure = 0   isMaster = 1 .. executing hwp p9_putmemproc on host
405.50110|SCAN|TRACE : GETSCOM     :  pu:k0:n0:s0:p00 : 0000000005011C0A 88087EFEA0000040
405.50113|SCAN|TRACE : GETSCOM     :  pu:k0:n0:s0:p00 : 0000000000090021 0000000100000000
405.50116|SCAN|TRACE : PUTSCOM     :  pu:k0:n0:s0:p00 : 0000000000090001 1810000000000000
405.50120|SCAN|TRACE : PUTSCOM     :  pu:k0:n0:s0:p00 : 0000000000090000 0000000000000000
405.50123|SCAN|TRACE : PUTSCOM     :  pu:k0:n0:s0:p00 : 0000000000090002 0000010000801880
405.50129|SCAN|TRACE : PUTSCOM     :  pu:k0:n0:s0:p00 : 0000000000090001 2210A8B102000000
405.50173|SCAN|TRACE : GETSCOM     :  pu:k0:n0:s0:p00 : 0000000000090003 2000000000000004
405.50176|SCAN|TRACE : PUTSCOM     :  pu:k0:n0:s0:p00 : 0000000000090001 0000000000000000
405.50180|FAPI|p9_build_smp_adu.C: subroutine_executor: isSecure = 0   isMaster = 1 .. executing hwp p9_putmemproc on host
405.50185|SCAN|TRACE : PUTSCOMMASK : pu:k0:n0:s0:p00 : 0000000000090021 0000000000000000 0000000300000000
405.50187|FAPI|p9_build_smp_fbc_cd.C: End
405.50497|SCAN|TRACE : GETSCOM     :  pu:k0:n0:s0:p00 : 000000000501180B C000000000002200
405.50500|SCAN|TRACE : PUTSCOM     :  pu:k0:n0:s0:p00 : 000000000501180B D000000000002201
405.50503|SCAN|TRACE : GETSCOM     :  pu:k0:n0:s0:p00 : 000000000501180F 0000000000006000
405.50658|SCAN|TRACE : PUTSCOM     :  pu:k0:n0:s0:p00 : 000000000501180F 0000000000006005
405.50661|SCAN|TRACE : GETSCOM     :  pu:k0:n0:s0:p00 : 0000000005011C0B C000000000002200
405.50664|SCAN|TRACE : PUTSCOM     :  pu:k0:n0:s0:p00 : 0000000005011C0B D000000000002201
405.50667|SCAN|TRACE : GETSCOM     :  pu:k0:n0:s0:p00 : 0000000005011C0F 0000000000006000
405.50671|SCAN|TRACE : PUTSCOM     :  pu:k0:n0:s0:p00 : 0000000005011C0F 0000000000006005
405.50674|SCAN|TRACE : GETSCOM     :  pu:k0:n0:s0:p00 : 000000000501200B C000000000002200
405.50677|SCAN|TRACE : PUTSCOM     :  pu:k0:n0:s0:p00 : 000000000501200B D000000000002201
405.50680|SCAN|TRACE : GETSCOM     :  pu:k0:n0:s0:p00 : 000000000501200F 0000000000006000
405.50684|SCAN|TRACE : PUTSCOM     :  pu:k0:n0:s0:p00 : 000000000501200F 0000000000006005
405.50688|FAPI|p9_build_smp_adu.C: subroutine_executor: isSecure = 0   isMaster = 1 .. executing hwp p9_putmemproc on host
405.50693|SCAN|TRACE : PUTSCOMMASK : pu:k0:n0:s0:p00 : 0000000000090021 0000000200000000 0000000300000000
405.50695|FAPI|p9_build_smp_adu.C: Issuing ADU op for pu:k0:n0:s0:p00
405.50699|FAPI|p9_build_smp_adu.C: subroutine_executor: isSecure = 0   isMaster = 1 .. executing hwp p9_putmemproc on host
405.50703|SCAN|TRACE : GETSCOM     :  pu:k0:n0:s0:p00 : 0000000005011C0A 88087EFEA0000040
405.50706|SCAN|TRACE : GETSCOM     :  pu:k0:n0:s0:p00 : 0000000000090021 0000000200000000
405.50709|SCAN|TRACE : PUTSCOM     :  pu:k0:n0:s0:p00 : 0000000000090001 1810000000000000
405.50712|SCAN|TRACE : PUTSCOM     :  pu:k0:n0:s0:p00 : 0000000000090000 0000000000000000
405.50716|SCAN|TRACE : PUTSCOM     :  pu:k0:n0:s0:p00 : 0000000000090002 0000010000801880
405.50719|SCAN|TRACE : PUTSCOM     :  pu:k0:n0:s0:p00 : 0000000000090001 2210A8B102000000
405.50724|SCAN|TRACE : GETSCOM     :  pu:k0:n0:s0:p00 : 0000000000090003 2000000000000004
405.50728|SCAN|TRACE : PUTSCOM     :  pu:k0:n0:s0:p00 : 0000000000090001 0000000000000000
405.50732|FAPI|p9_build_smp_adu.C: subroutine_executor: isSecure = 0   isMaster = 1 .. executing hwp p9_putmemproc on host
405.50737|SCAN|TRACE : PUTSCOMMASK : pu:k0:n0:s0:p00 : 0000000000090021 0000000000000000 0000000300000000
405.50741|SCAN|TRACE : GETSCOM     :  pu:k0:n0:s0:p00 : 000000000501180C D000000000002201
405.50744|SCAN|TRACE : GETSCOM     :  pu:k0:n0:s0:p00 : 0000000005011C0C D000000000002201
405.50747|SCAN|TRACE : GETSCOM     :  pu:k0:n0:s0:p00 : 000000000501200C D000000000002201
405.50750|SCAN|TRACE : GETSCOM     :  pu:k0:n0:s0:p00 : 0000000005011810 0000000000006005
405.50753|SCAN|TRACE : GETSCOM     :  pu:k0:n0:s0:p00 : 0000000005011C10 0000000000006005
405.50757|SCAN|TRACE : GETSCOM     :  pu:k0:n0:s0:p00 : 0000000005012010 0000000000006005
405.50760|SCAN|TRACE : GETSCOM     :  pu:k0:n0:s0:p00 : 000000000501180E 0000000000000000
405.50763|SCAN|TRACE : GETSCOM     :  pu:k0:n0:s0:p00 : 0000000005011C0E 0000000000000000
405.50766|SCAN|TRACE : GETSCOM     :  pu:k0:n0:s0:p00 : 000000000501200E 0000000000000000
405.50769|SCAN|TRACE : PUTSCOM     :  pu:k0:n0:s0:p00 : 000000000501180B D000000000002201
405.50772|SCAN|TRACE : PUTSCOM     :  pu:k0:n0:s0:p00 : 0000000005011C0B D000000000002201
405.50776|SCAN|TRACE : PUTSCOM     :  pu:k0:n0:s0:p00 : 000000000501200B D000000000002201
405.50779|SCAN|TRACE : PUTSCOM     :  pu:k0:n0:s0:p00 : 000000000501180F 0000000000006005
405.50782|SCAN|TRACE : PUTSCOM     :  pu:k0:n0:s0:p00 : 0000000005011C0F 0000000000006005
405.50785|SCAN|TRACE : PUTSCOM     :  pu:k0:n0:s0:p00 : 000000000501200F 0000000000006005
405.50788|SCAN|TRACE : PUTSCOM     :  pu:k0:n0:s0:p00 : 000000000501180D 0000000000000000
405.50791|SCAN|TRACE : PUTSCOM     :  pu:k0:n0:s0:p00 : 0000000005011C0D 0000000000000000
405.50794|SCAN|TRACE : PUTSCOM     :  pu:k0:n0:s0:p00 : 000000000501200D 0000000000000000
405.51052|ISTEPS_TRACE|Calling p9_io_xbus_erepair_cleanup HWP for XBUS with HUID of 0x000E0001
405.64788|FAPI_I|p9_io_xbus_clear_firs.C: I/O Start Xbus Clear FIRs
405.64940|FAPI_I|p9_io_xbus_clear_firs.C: Get Pre Bad Lane Data
405.64942|FAPI_I|p9_io_xbus_clear_firs.C: Get Current Bad Lane Data
405.64944|FAPI_I|p9_io_xbus_clear_firs.C: I/O EDI+ Xbus Get Current Bad Lane Data :: Start
405.65103|SCAN|TRACE : GETSCOM     :  pu.xbus:k0:n0:s0:p00:c1 : 800A400006010C3F 0000000000000000
405.66979|SCAN|TRACE : GETSCOM     :  pu.xbus:k0:n0:s0:p00:c1 : 800A500006010C3F 0000000000000000
405.69050|FAPI_I|p9_io_xbus_read_erepair.C: p9_io_xbus_read_erepair: Entering.
405.69055|SCAN|TRACE : GETSCOM     :  pu.xbus:k0:n0:s0:p00:c1 : 800B580006010C3F 0000000000000000
405.69057|FAPI_I|p9_io_xbus_read_erepair.C: p9_io_xbus_read_erepair: Exiting.
405.69207|FAPI_I|p9_io_xbus_clear_firs.C: I/O EDI+ Xbus Get Current Bad Lane Data :: Exit
405.69210|FAPI_I|p9_io_xbus_clear_firs.C: Compare Bad Lane Data
405.69211|FAPI_I|p9_io_xbus_clear_firs.C: Get Pre Bad Lane Data
405.69212|FAPI_I|p9_io_xbus_clear_firs.C: Get Current Bad Lane Data
405.69215|FAPI_I|p9_io_xbus_clear_firs.C: I/O EDI+ Xbus Get Current Bad Lane Data :: Start
405.69219|SCAN|TRACE : GETSCOM     :  pu.xbus:k0:n0:s0:p00:c1 : 800A402006010C3F 0000000000000000
405.69225|SCAN|TRACE : GETSCOM     :  pu.xbus:k0:n0:s0:p00:c1 : 800A502006010C3F 0000000000000000
405.69227|FAPI_I|p9_io_xbus_read_erepair.C: p9_io_xbus_read_erepair: Entering.
405.69231|SCAN|TRACE : GETSCOM     :  pu.xbus:k0:n0:s0:p00:c1 : 800B582006010C3F 0000000000000000
405.69233|FAPI_I|p9_io_xbus_read_erepair.C: p9_io_xbus_read_erepair: Exiting.
405.69236|FAPI_I|p9_io_xbus_clear_firs.C: I/O EDI+ Xbus Get Current Bad Lane Data :: Exit
405.69237|FAPI_I|p9_io_xbus_clear_firs.C: Compare Bad Lane Data
405.69238|FAPI_I|p9_io_xbus_clear_firs.C: I/O End Xbus Clear FIRs
405.69240|ISTEPS_TRACE|call_proc_build_smp exit
405.71780|SCOM|doMulticastWorkaround on 00050000 for 50040018
405.71834|SCOM|doMulticastWorkaround on 00050000 for 50040009
405.71895|ERRL|I>Got an error log Msg - Type: 0x00000039
405.71896|ERRL|I>Flush message received
405.71898|INITSVC|<<doIstep: step 10, substep 1
405.71900|INITSVC|>>doIstep: step 10, substep 2, task host_slave_sbe_update
