400.29721|ISTEP  9. 1 - fabric_erepair
400.30193|IPMI|wd: resetWatchDogTimer
400.30194|IPMI|rp: queuing sync 18:22
400.30195|IPMI|rp: W>Got message (0x18:0x22): l_is_pnor: 0
400.30200|IPMI|dd: I>write ok 18:22 seq 20 len 0
400.32367|IPMI|dd: I>read b2h ok 1c:22 seq 20 len 0 cc 0
400.32369|INITSVC|unloading [libistep08.so]
400.32395|INITSVC|unloading [libisteps_nest.so]
400.32413|INITSVC|unloading [libsbe.so]
400.32429|INITSVC|unloading [libimageprocs.so]
400.32443|INITSVC|loading [libistep09.so]
400.33057|INITSVC|loading [libpm.so]
400.47755|INITSVC|loading [libnestmemutils.so]
400.50139|INITSVC|loading [libfab_iovalid.so]
400.50603|INITSVC|loading [libimageprocs.so]
400.52435|ISTEPS_TRACE|call_fabric_erepair entry
400.52667|TARG|PbusLinkSvc::collectPbusConnections - getAllChiplets(14 type) returned 1 entries
400.52668|TARG|Get other endpoint target for target HUID 000E0001
400.52669|TARG|Other endpoint target HUID 000E0004
400.52821|ISTEPS_TRACE|call_fabric_erepair exit
400.56785|ERRL|I>Got an error log Msg - Type: 0x00000039
400.56786|ERRL|I>Flush message received
400.56788|INITSVC|<<doIstep: step 9, substep 1
400.56790|INITSVC|>>doIstep: step 9, substep 2, task fabric_io_dccal
