451.45807|ISTEP 14. 1 - mss_memdiag
451.46471|INITSVC|unloading [libistep13.so]
451.46507|INITSVC|unloading [libisteps_mss.so]
451.46629|INITSVC|unloading [libcen.so]
451.46639|INITSVC|unloading [libnestmemutils.so]
451.46649|INITSVC|loading [libistep14.so]
451.55417|INITSVC|loading [libdump.so]
451.56689|INITSVC|loading [libruntime.so]
451.58070|INITSVC|loading [libisteps_mss.so]
451.58762|INITSVC|loading [libpm.so]
451.75970|INITSVC|loading [libimageprocs.so]
451.75995|INITSVC|loading [libcen.so]
451.76017|INITSVC|loading [libnestmemutils.so]
451.79506|ISTEPS_TRACE|call_mss_memdiag entry
451.89024|TARG|getMasterCore: found 4 cores on master proc,l_masterCore PIR:0x4
451.89026|TARG|found master core: 0x1, PIR=0x4 :
451.89480|TARG|EntityPath
~[0x0000] 50687973 6963616c 3a2f5379 73302f4e    *Physical:/Sys0/N*
~[0x0010] 6f646530 2f50726f 63302f45 51302f45    *ode0/Proc0/EQ0/E*
~[0x0020] 58302f43 6f726531                      *X0/Core1        *
451.95310|FAPI_I|p9_pm_ocb_indir_setup_linear.C: p9_pm_ocb_indir_setup_linear Enter
451.95311|FAPI|p9_pm_ocb_init.C: p9_pm_ocb_init Enter
451.95313|FAPI|p9_pm_ocb_init.C: *** Setup OCB Indirect Channel 0 
451.95314|FAPI|p9_pm_ocb_init.C: pm_ocb_setup Enter
451.98479|SCAN|TRACE : PUTSCOM     :  pu:k0:n0:s0:p00 : 000000000006D013 0800000000000000
451.98482|SCAN|TRACE : PUTSCOM     :  pu:k0:n0:s0:p00 : 000000000006D012 0400000000000000
451.98486|SCAN|TRACE : PUTSCOM     :  pu:k0:n0:s0:p00 : 000000000006D010 FFFBD00000000000
451.98488|FAPI|p9_pm_ocb_init.C: -----------------------------------------------------
451.98490|FAPI|p9_pm_ocb_init.C: OCB Channel Configuration                            
451.98493|FAPI|p9_pm_ocb_init.C: -----------------------------------------------------
451.98494|FAPI|p9_pm_ocb_init.C:   channel number             => 0 
451.98495|FAPI|p9_pm_ocb_init.C:   channel type               => 2 
451.98497|FAPI|p9_pm_ocb_init.C:   channel base address       => 0xFFFBD000 
451.98499|FAPI|p9_pm_ocb_init.C: -----------------------------------------------------
451.98500|FAPI|p9_pm_ocb_init.C: p9_pm_ocb_init EXIT
451.98503|FAPI|p9_pm_ocb_indir_setup_linear.C: Linear setup of channel 0 successful.
452.01607|FAPI_I|p9_pm_ocb_indir_setup_linear.C: p9_pm_ocb_indir_setup_linear Exit
452.01611|SCAN|TRACE : PUTSCOM     :  pu:k0:n0:s0:p00 : 000000000006D010 FFFBD00000000000
452.01613|FAPI|p9_pm_ocb_indir_access.C: OCB access for data write operation
452.03259|SCAN|TRACE : GETSCOM     :  pu:k0:n0:s0:p00 : 000000000006D011 0800000000000000
452.03262|SCAN|TRACE : PUTSCOM     :  pu:k0:n0:s0:p00 : 000000000006D015 4649523201008000
452.03265|SCAN|TRACE : PUTSCOM     :  pu:k0:n0:s0:p00 : 000000000006D015 0394100000002000
452.03268|SCAN|TRACE : PUTSCOM     :  pu:k0:n0:s0:p00 : 000000000006D015 FC00000000000000
452.03271|SCAN|TRACE : PUTSCOM     :  pu:k0:n0:s0:p00 : 000000000006D015 031E8D0000000105
452.03275|SCAN|TRACE : PUTSCOM     :  pu:k0:n0:s0:p00 : 000000000006D015 0000000202000003
452.03278|SCAN|TRACE : PUTSCOM     :  pu:k0:n0:s0:p00 : 000000000006D015 0406000000020200
452.03281|SCAN|TRACE : PUTSCOM     :  pu:k0:n0:s0:p00 : 000000000006D015 0000030100000201
452.03284|SCAN|TRACE : PUTSCOM     :  pu:k0:n0:s0:p00 : 000000000006D015 0300000004090000
452.03287|SCAN|TRACE : PUTSCOM     :  pu:k0:n0:s0:p00 : 000000000006D015 03021D000003020D
452.03290|SCAN|TRACE : PUTSCOM     :  pu:k0:n0:s0:p00 : 000000000006D015 0000000107000000
452.03293|SCAN|TRACE : PUTSCOM     :  pu:k0:n0:s0:p00 : 000000000006D015 0300000003010000
452.03296|SCAN|TRACE : PUTSCOM     :  pu:k0:n0:s0:p00 : 000000000006D015 0000010500000002
452.03301|SCAN|TRACE : PUTSCOM     :  pu:k0:n0:s0:p00 : 000000000006D015 0000000003030000
452.03304|SCAN|TRACE : PUTSCOM     :  pu:k0:n0:s0:p00 : 000000000006D015 0003240000000000
452.03307|SCAN|TRACE : PUTSCOM     :  pu:k0:n0:s0:p00 : 000000000006D015 0000000000000000
452.03310|SCAN|TRACE : PUTSCOM     :  pu:k0:n0:s0:p00 : 000000000006D015 0008C000A0400000
452.03313|SCAN|TRACE : PUTSCOM     :  pu:k0:n0:s0:p00 : 000000000006D015 C3C02840BFE00000
452.03317|SCAN|TRACE : PUTSCOM     :  pu:k0:n0:s0:p00 : 000000000006D015 500F001C500F001B
452.03320|SCAN|TRACE : PUTSCOM     :  pu:k0:n0:s0:p00 : 000000000006D015 500400180104000A
452.03323|SCAN|TRACE : PUTSCOM     :  pu:k0:n0:s0:p00 : 000000000006D015 010108000204000A
452.03327|SCAN|TRACE : PUTSCOM     :  pu:k0:n0:s0:p00 : 000000000006D015 0201108002011100
452.03330|SCAN|TRACE : PUTSCOM     :  pu:k0:n0:s0:p00 : 000000000006D015 0304000A03011000
452.03333|SCAN|TRACE : PUTSCOM     :  pu:k0:n0:s0:p00 : 000000000006D015 0301140003011800
452.03336|SCAN|TRACE : PUTSCOM     :  pu:k0:n0:s0:p00 : 000000000006D015 0404000A04011800
452.03339|SCAN|TRACE : PUTSCOM     :  pu:k0:n0:s0:p00 : 000000000006D015 0504000A05011800
452.03342|SCAN|TRACE : PUTSCOM     :  pu:k0:n0:s0:p00 : 000000000006D015 05011C0005012000
452.03345|SCAN|TRACE : PUTSCOM     :  pu:k0:n0:s0:p00 : 000000000006D015 0501240005012840
452.03348|SCAN|TRACE : PUTSCOM     :  pu:k0:n0:s0:p00 : 000000000006D015 0501290005012940
452.03351|SCAN|TRACE : PUTSCOM     :  pu:k0:n0:s0:p00 : 000000000006D015 050129C005012C00
452.03354|SCAN|TRACE : PUTSCOM     :  pu:k0:n0:s0:p00 : 000000000006D015 05012C4005013030
452.03357|SCAN|TRACE : PUTSCOM     :  pu:k0:n0:s0:p00 : 000000000006D015 0501340005013800
452.03361|SCAN|TRACE : PUTSCOM     :  pu:k0:n0:s0:p00 : 000000000006D015 05013C0005013C40
452.03364|SCAN|TRACE : PUTSCOM     :  pu:k0:n0:s0:p00 : 000000000006D015 05013C800604000A
452.03367|SCAN|TRACE : PUTSCOM     :  pu:k0:n0:s0:p00 : 000000000006D015 06010840500F001A
452.03370|SCAN|TRACE : PUTSCOM     :  pu:k0:n0:s0:p00 : 000000000006D015 0104000001040001
452.03374|SCAN|TRACE : PUTSCOM     :  pu:k0:n0:s0:p00 : 000000000006D015 0104000202040000
452.03377|SCAN|TRACE : PUTSCOM     :  pu:k0:n0:s0:p00 : 000000000006D015 0204000102040002
452.03380|SCAN|TRACE : PUTSCOM     :  pu:k0:n0:s0:p00 : 000000000006D015 0204001802040019
452.03383|SCAN|TRACE : PUTSCOM     :  pu:k0:n0:s0:p00 : 000000000006D015 0304000003040001
452.03386|SCAN|TRACE : PUTSCOM     :  pu:k0:n0:s0:p00 : 000000000006D015 0304000203040018
452.03389|SCAN|TRACE : PUTSCOM     :  pu:k0:n0:s0:p00 : 000000000006D015 0304001904040000
452.03392|SCAN|TRACE : PUTSCOM     :  pu:k0:n0:s0:p00 : 000000000006D015 0404000104040002
452.03395|SCAN|TRACE : PUTSCOM     :  pu:k0:n0:s0:p00 : 000000000006D015 0404001804040019
452.03399|SCAN|TRACE : PUTSCOM     :  pu:k0:n0:s0:p00 : 000000000006D015 0501101805011019
452.03402|SCAN|TRACE : PUTSCOM     :  pu:k0:n0:s0:p00 : 000000000006D015 0501104805011049
452.03406|SCAN|TRACE : PUTSCOM     :  pu:k0:n0:s0:p00 : 000000000006D015 0501107805011079
452.03409|SCAN|TRACE : PUTSCOM     :  pu:k0:n0:s0:p00 : 000000000006D015 050110A8050110A9
452.03412|SCAN|TRACE : PUTSCOM     :  pu:k0:n0:s0:p00 : 000000000006D015 050110DB050110FA
452.03415|SCAN|TRACE : PUTSCOM     :  pu:k0:n0:s0:p00 : 000000000006D015 050110FD050110FE
452.03418|SCAN|TRACE : PUTSCOM     :  pu:k0:n0:s0:p00 : 000000000006D015 0501121805011219
452.03421|SCAN|TRACE : PUTSCOM     :  pu:k0:n0:s0:p00 : 000000000006D015 0501124805011249
452.03424|SCAN|TRACE : PUTSCOM     :  pu:k0:n0:s0:p00 : 000000000006D015 0501127805011279
452.03427|SCAN|TRACE : PUTSCOM     :  pu:k0:n0:s0:p00 : 000000000006D015 050112A8050112A9
452.03430|SCAN|TRACE : PUTSCOM     :  pu:k0:n0:s0:p00 : 000000000006D015 050112DB050112FA
452.03433|SCAN|TRACE : PUTSCOM     :  pu:k0:n0:s0:p00 : 000000000006D015 050112FD050112FE
452.03436|SCAN|TRACE : PUTSCOM     :  pu:k0:n0:s0:p00 : 000000000006D015 0501141805011419
452.03439|SCAN|TRACE : PUTSCOM     :  pu:k0:n0:s0:p00 : 000000000006D015 0501144805011449
452.03442|SCAN|TRACE : PUTSCOM     :  pu:k0:n0:s0:p00 : 000000000006D015 0501147805011479
452.03445|SCAN|TRACE : PUTSCOM     :  pu:k0:n0:s0:p00 : 000000000006D015 050114A8050114A9
452.03449|SCAN|TRACE : PUTSCOM     :  pu:k0:n0:s0:p00 : 000000000006D015 050114DB050114FA
452.03452|SCAN|TRACE : PUTSCOM     :  pu:k0:n0:s0:p00 : 000000000006D015 050114FD050114FE
452.03455|SCAN|TRACE : PUTSCOM     :  pu:k0:n0:s0:p00 : 000000000006D015 0504000005040001
452.03458|SCAN|TRACE : PUTSCOM     :  pu:k0:n0:s0:p00 : 000000000006D015 0504000205040018
452.03461|SCAN|TRACE : PUTSCOM     :  pu:k0:n0:s0:p00 : 000000000006D015 0504001906040000
452.03464|SCAN|TRACE : PUTSCOM     :  pu:k0:n0:s0:p00 : 000000000006D015 0604000106040002
452.03468|SCAN|TRACE : PUTSCOM     :  pu:k0:n0:s0:p00 : 000000000006D015 0604001806040019
452.03471|SCAN|TRACE : PUTSCOM     :  pu:k0:n0:s0:p00 : 000000000006D015 0D0400000D040001
452.03474|SCAN|TRACE : PUTSCOM     :  pu:k0:n0:s0:p00 : 000000000006D015 0D0400020E040000
452.03477|SCAN|TRACE : PUTSCOM     :  pu:k0:n0:s0:p00 : 000000000006D015 0E0400010E040002
452.03480|SCAN|TRACE : PUTSCOM     :  pu:k0:n0:s0:p00 : 000000000006D015 0F0400000F040001
452.03484|SCAN|TRACE : PUTSCOM     :  pu:k0:n0:s0:p00 : 000000000006D015 0F04000205011C2E
452.03487|SCAN|TRACE : PUTSCOM     :  pu:k0:n0:s0:p00 : 000000000006D015 05011C0A00040020
452.03490|SCAN|TRACE : PUTSCOM     :  pu:k0:n0:s0:p00 : 000000000006D015 010F001E010F001F
452.03493|SCAN|TRACE : PUTSCOM     :  pu:k0:n0:s0:p00 : 000000000006D015 060F001E060F001F
452.03496|SCAN|TRACE : PUTSCOM     :  pu:k0:n0:s0:p00 : 000000000006D015 0101080A020110A1
452.03499|SCAN|TRACE : PUTSCOM     :  pu:k0:n0:s0:p00 : 000000000006D015 020110A202011057
452.03503|SCAN|TRACE : PUTSCOM     :  pu:k0:n0:s0:p00 : 000000000006D015 0201105805011C2C
452.03506|SCAN|TRACE : PUTSCOM     :  pu:k0:n0:s0:p00 : 000000000006D015 0501284C0501284D
452.03509|SCAN|TRACE : PUTSCOM     :  pu:k0:n0:s0:p00 : 000000000006D015 0501284E05012C22
452.03512|SCAN|TRACE : PUTSCOM     :  pu:k0:n0:s0:p00 : 000000000006D015 0004000500040006
452.03515|SCAN|TRACE : PUTSCOM     :  pu:k0:n0:s0:p00 : 000000000006D015 0004000700040008
452.03518|SCAN|TRACE : PUTSCOM     :  pu:k0:n0:s0:p00 : 000000000006D015 000400090004000E
452.03521|SCAN|TRACE : PUTSCOM     :  pu:k0:n0:s0:p00 : 000000000006D015 0004000F0004001D
452.03524|SCAN|TRACE : PUTSCOM     :  pu:k0:n0:s0:p00 : 000000000006D015 0004001E0004001F
452.03527|SCAN|TRACE : PUTSCOM     :  pu:k0:n0:s0:p00 : 000000000006D015 010200190102001A
452.03530|SCAN|TRACE : PUTSCOM     :  pu:k0:n0:s0:p00 : 000000000006D015 0102001B00040024
452.03533|SCAN|TRACE : PUTSCOM     :  pu:k0:n0:s0:p00 : 000000000006D015 0004002700040029
452.03537|SCAN|TRACE : PUTSCOM     :  pu:k0:n0:s0:p00 : 000000000006D015 0004003000040032
452.03540|SCAN|TRACE : PUTSCOM     :  pu:k0:n0:s0:p00 : 000000000006D015 0004003305013038
452.03543|SCAN|TRACE : PUTSCOM     :  pu:k0:n0:s0:p00 : 000000000006D015 050130390501303A
452.03546|SCAN|TRACE : PUTSCOM     :  pu:k0:n0:s0:p00 : 000000000006D015 0501303B0501303C
452.03549|SCAN|TRACE : PUTSCOM     :  pu:k0:n0:s0:p00 : 000000000006D015 0501303D05013142
452.03552|SCAN|TRACE : PUTSCOM     :  pu:k0:n0:s0:p00 : 000000000006D015 0501314305013144
452.03555|SCAN|TRACE : PUTSCOM     :  pu:k0:n0:s0:p00 : 000000000006D015 0501314505013146
452.03558|SCAN|TRACE : PUTSCOM     :  pu:k0:n0:s0:p00 : 000000000006D015 0501314A0501314B
452.03561|SCAN|TRACE : PUTSCOM     :  pu:k0:n0:s0:p00 : 000000000006D015 0501314C0501314D
452.03564|SCAN|TRACE : PUTSCOM     :  pu:k0:n0:s0:p00 : 000000000006D015 0501314E0501317A
452.03567|SCAN|TRACE : PUTSCOM     :  pu:k0:n0:s0:p00 : 000000000006D015 0501317B0501317C
452.03570|SCAN|TRACE : PUTSCOM     :  pu:k0:n0:s0:p00 : 000000000006D015 0501317D0501317E
452.03573|SCAN|TRACE : PUTSCOM     :  pu:k0:n0:s0:p00 : 000000000006D015 0501327405013275
452.03576|SCAN|TRACE : PUTSCOM     :  pu:k0:n0:s0:p00 : 000000000006D015 0501327605013277
452.03580|SCAN|TRACE : PUTSCOM     :  pu:k0:n0:s0:p00 : 000000000006D015 0501327805013279
452.03583|SCAN|TRACE : PUTSCOM     :  pu:k0:n0:s0:p00 : 000000000006D015 0501327A0501327B
452.03586|SCAN|TRACE : PUTSCOM     :  pu:k0:n0:s0:p00 : 000000000006D015 0501327C0501327D
452.03589|SCAN|TRACE : PUTSCOM     :  pu:k0:n0:s0:p00 : 000000000006D015 020108000201080A
452.03592|SCAN|TRACE : PUTSCOM     :  pu:k0:n0:s0:p00 : 000000000006D015 0201080B0201080C
452.03595|SCAN|TRACE : PUTSCOM     :  pu:k0:n0:s0:p00 : 000000000006D015 0201080D0201080E
452.03598|SCAN|TRACE : PUTSCOM     :  pu:k0:n0:s0:p00 : 000000000006D015 06010C0006011800
452.03601|SCAN|TRACE : PUTSCOM     :  pu:k0:n0:s0:p00 : 000000000006D015 0601181606011817
452.03604|SCAN|TRACE : PUTSCOM     :  pu:k0:n0:s0:p00 : 000000000006D015 0904000009040001
452.03607|SCAN|TRACE : PUTSCOM     :  pu:k0:n0:s0:p00 : 000000000006D015 090400180904000A
452.03611|SCAN|TRACE : PUTSCOM     :  pu:k0:n0:s0:p00 : 000000000006D015 0901080009010C00
452.03614|SCAN|TRACE : PUTSCOM     :  pu:k0:n0:s0:p00 : 000000000006D015 0901104009040002
452.03617|SCAN|TRACE : PUTSCOM     :  pu:k0:n0:s0:p00 : 000000000006D015 09040019090F001E
452.03620|SCAN|TRACE : PUTSCOM     :  pu:k0:n0:s0:p00 : 000000000006D015 090F001F09010816
452.03623|SCAN|TRACE : PUTSCOM     :  pu:k0:n0:s0:p00 : 000000000006D015 090108170D04000A
452.03626|SCAN|TRACE : PUTSCOM     :  pu:k0:n0:s0:p00 : 000000000006D015 0D010C000D0F001E
452.03629|SCAN|TRACE : PUTSCOM     :  pu:k0:n0:s0:p00 : 000000000006D015 0D0F001F04010C40
452.03632|SCAN|TRACE : PUTSCOM     :  pu:k0:n0:s0:p00 : 000000000006D015 0D0108400D010908
452.03635|SCAN|TRACE : PUTSCOM     :  pu:k0:n0:s0:p00 : 000000000006D015 0D01084B10040000
452.03638|SCAN|TRACE : PUTSCOM     :  pu:k0:n0:s0:p00 : 000000000006D015 100400011004000A
452.03641|SCAN|TRACE : PUTSCOM     :  pu:k0:n0:s0:p00 : 000000000006D015 10040002100F001E
452.03644|SCAN|TRACE : PUTSCOM     :  pu:k0:n0:s0:p00 : 000000000006D015 100F001F10010800
452.03647|SCAN|TRACE : PUTSCOM     :  pu:k0:n0:s0:p00 : 000000000006D015 1001100010011800
452.03650|SCAN|TRACE : PUTSCOM     :  pu:k0:n0:s0:p00 : 000000000006D015 1001200010010812
452.03653|SCAN|TRACE : PUTSCOM     :  pu:k0:n0:s0:p00 : 000000000006D015 100108131001100E
452.03656|SCAN|TRACE : PUTSCOM     :  pu:k0:n0:s0:p00 : 000000000006D015 1001180E10011810
452.03659|SCAN|TRACE : PUTSCOM     :  pu:k0:n0:s0:p00 : 000000000006D015 1001181710011819
452.03662|SCAN|TRACE : PUTSCOM     :  pu:k0:n0:s0:p00 : 000000000006D015 1001181A1001181B
452.03665|SCAN|TRACE : PUTSCOM     :  pu:k0:n0:s0:p00 : 000000000006D015 2004000020040001
452.03668|SCAN|TRACE : PUTSCOM     :  pu:k0:n0:s0:p00 : 000000000006D015 200400182004000A
452.03672|SCAN|TRACE : PUTSCOM     :  pu:k0:n0:s0:p00 : 000000000006D015 20010A4020040002
452.03675|SCAN|TRACE : PUTSCOM     :  pu:k0:n0:s0:p00 : 000000000006D015 2004001920010A48
452.03678|SCAN|TRACE : PUTSCOM     :  pu:k0:n0:s0:p00 : 000000000006D015 200F001E200F001F
452.03680|SCAN|TRACE : PUTSCOM     :  pu:k0:n0:s0:p00 : 000000000006D015 20010A9620010A99
452.03683|SCAN|TRACE : PUTSCOM     :  pu:k0:n0:s0:p00 : 000000000006D015 20010A9A20010AB5
452.03686|SCAN|TRACE : PUTSCOM     :  pu:k0:n0:s0:p00 : 000000000006D015 20010AB620010AB7
452.03689|SCAN|TRACE : PUTSCOM     :  pu:k0:n0:s0:p00 : 000000000006D015 20010AB820010C00
452.03693|SCAN|TRACE : PUTSCOM     :  pu:k0:n0:s0:p00 : 000000000006D015 20010C0120010C02
452.03696|SCAN|TRACE : PUTSCOM     :  pu:k0:n0:s0:p00 : 000000000006D015 20010C0320010C40
452.03699|SCAN|TRACE : PUTSCOM     :  pu:k0:n0:s0:p00 : 000000000006D015 20010C4120010C42
452.03702|SCAN|TRACE : PUTSCOM     :  pu:k0:n0:s0:p00 : 000000000006D015 20010C4320010C44
452.03705|SCAN|TRACE : PUTSCOM     :  pu:k0:n0:s0:p00 : 000000000006D015 20010C4520010C80
452.03708|SCAN|TRACE : PUTSCOM     :  pu:k0:n0:s0:p00 : 000000000006D015 20010C8120010C82
452.03711|SCAN|TRACE : PUTSCOM     :  pu:k0:n0:s0:p00 : 000000000006D015 20010C8320010A51
452.03714|SCAN|TRACE : PUTSCOM     :  pu:k0:n0:s0:p00 : 000000000006D015 20010A03200F0110
452.03717|SCAN|TRACE : PUTSCOM     :  pu:k0:n0:s0:p00 : 000000000006D015 0704000007040001
452.03720|SCAN|TRACE : PUTSCOM     :  pu:k0:n0:s0:p00 : 000000000006D015 070400180704000A
452.03723|SCAN|TRACE : PUTSCOM     :  pu:k0:n0:s0:p00 : 000000000006D015 0701230007040002
452.03726|SCAN|TRACE : PUTSCOM     :  pu:k0:n0:s0:p00 : 000000000006D015 07040019070F001E
452.03729|SCAN|TRACE : PUTSCOM     :  pu:k0:n0:s0:p00 : 000000000006D015 070F001F0701236D
452.03733|SCAN|TRACE : PUTSCOM     :  pu:k0:n0:s0:p00 : 000000000006D015 0701236E07012372
452.03736|SCAN|TRACE : PUTSCOM     :  pu:k0:n0:s0:p00 : 000000000006D015 0701237307012377
452.03739|SCAN|TRACE : PUTSCOM     :  pu:k0:n0:s0:p00 : 000000000006D015 070123780701237C
452.03742|SCAN|TRACE : PUTSCOM     :  pu:k0:n0:s0:p00 : 000000000006D015 0701237D070123D7
452.03745|SCAN|TRACE : PUTSCOM     :  pu:k0:n0:s0:p00 : 000000000006D015 050108000501081A
452.03748|SCAN|TRACE : PUTSCOM     :  pu:k0:n0:s0:p00 : 000000000006D015 0501081E0501081F
452.03751|SCAN|TRACE : PUTSCOM     :  pu:k0:n0:s0:p00 : 000000000006D015 0501080A0501080B
452.03754|SCAN|TRACE : PUTSCOM     :  pu:k0:n0:s0:p00 : 000000000006D015 0501080C0501080D
452.03757|SCAN|TRACE : PUTSCOM     :  pu:k0:n0:s0:p00 : 000000000006D015 0701090007010A00
452.03760|SCAN|TRACE : PUTSCOM     :  pu:k0:n0:s0:p00 : 000000000006D015 0701100007040000
452.03763|SCAN|TRACE : PUTSCOM     :  pu:k0:n0:s0:p00 : 000000000006D015 0704000107040018
452.03767|SCAN|TRACE : PUTSCOM     :  pu:k0:n0:s0:p00 : 000000000006D015 0701230005010800
452.03770|SCAN|TRACE : PUTSCOM     :  pu:k0:n0:s0:p00 : 000000000006D015 0501081E0501081F
452.03773|SCAN|TRACE : PUTSCOM     :  pu:k0:n0:s0:p00 : 000000000006D015 0501081A0501080A
452.03776|SCAN|TRACE : PUTSCOM     :  pu:k0:n0:s0:p00 : 000000000006D015 0501080C07010900
452.03779|SCAN|TRACE : PUTSCOM     :  pu:k0:n0:s0:p00 : 000000000006D015 07010A0007011000
452.03782|SCAN|TRACE : PUTSCOM     :  pu:k0:n0:s0:p00 : 000000000006D015 0701244007013340
452.03785|SCAN|TRACE : PUTSCOM     :  pu:k0:n0:s0:p00 : 000000000006D015 0701335307013363
452.03788|SCAN|TRACE : PUTSCOM     :  pu:k0:n0:s0:p00 : 000000000006D015 0701337305013C00
452.03791|SCAN|TRACE : PUTSCOM     :  pu:k0:n0:s0:p00 : 000000000006D015 05013C4005013C80
452.03794|SCAN|TRACE : PUTSCOM     :  pu:k0:n0:s0:p00 : 000000000006D015 0501101805011019
452.03797|SCAN|TRACE : PUTSCOM     :  pu:k0:n0:s0:p00 : 000000000006D015 0501104805011049
452.03800|SCAN|TRACE : PUTSCOM     :  pu:k0:n0:s0:p00 : 000000000006D015 0501107805011079
452.03803|SCAN|TRACE : PUTSCOM     :  pu:k0:n0:s0:p00 : 000000000006D015 050110A8050110A9
452.03806|SCAN|TRACE : PUTSCOM     :  pu:k0:n0:s0:p00 : 000000000006D015 050110DB050110FA
452.03809|SCAN|TRACE : PUTSCOM     :  pu:k0:n0:s0:p00 : 000000000006D015 050110FD050110FE
452.03812|SCAN|TRACE : PUTSCOM     :  pu:k0:n0:s0:p00 : 000000000006D015 0501121805011219
452.03815|SCAN|TRACE : PUTSCOM     :  pu:k0:n0:s0:p00 : 000000000006D015 0501124805011249
452.03818|SCAN|TRACE : PUTSCOM     :  pu:k0:n0:s0:p00 : 000000000006D015 0501127805011279
452.03821|SCAN|TRACE : PUTSCOM     :  pu:k0:n0:s0:p00 : 000000000006D015 050112A8050112A9
452.03824|SCAN|TRACE : PUTSCOM     :  pu:k0:n0:s0:p00 : 000000000006D015 050112DB050112FA
452.03828|SCAN|TRACE : PUTSCOM     :  pu:k0:n0:s0:p00 : 000000000006D015 050112FD050112FE
452.03830|SCAN|TRACE : PUTSCOM     :  pu:k0:n0:s0:p00 : 000000000006D015 0501141805011419
452.03834|SCAN|TRACE : PUTSCOM     :  pu:k0:n0:s0:p00 : 000000000006D015 0501144805011449
452.03837|SCAN|TRACE : PUTSCOM     :  pu:k0:n0:s0:p00 : 000000000006D015 0501147805011479
452.03840|SCAN|TRACE : PUTSCOM     :  pu:k0:n0:s0:p00 : 000000000006D015 050114A8050114A9
452.03843|SCAN|TRACE : PUTSCOM     :  pu:k0:n0:s0:p00 : 000000000006D015 050114DB050114FA
452.03846|SCAN|TRACE : PUTSCOM     :  pu:k0:n0:s0:p00 : 000000000006D015 050114FD050114FE
452.03849|SCAN|TRACE : PUTSCOM     :  pu:k0:n0:s0:p00 : 000000000006D015 0000000000000000
452.03852|SCAN|TRACE : PUTSCOM     :  pu:k0:n0:s0:p00 : 000000000006D015 0000000000000000
452.03855|SCAN|TRACE : PUTSCOM     :  pu:k0:n0:s0:p00 : 000000000006D015 0000000000000000
452.03858|SCAN|TRACE : PUTSCOM     :  pu:k0:n0:s0:p00 : 000000000006D015 0000000000000000
452.03861|SCAN|TRACE : PUTSCOM     :  pu:k0:n0:s0:p00 : 000000000006D015 0000000000000000
452.03864|SCAN|TRACE : PUTSCOM     :  pu:k0:n0:s0:p00 : 000000000006D015 0000000000000000
452.03867|SCAN|TRACE : PUTSCOM     :  pu:k0:n0:s0:p00 : 000000000006D015 0000000000000000
452.03870|SCAN|TRACE : PUTSCOM     :  pu:k0:n0:s0:p00 : 000000000006D015 0000000000000000
452.03873|SCAN|TRACE : PUTSCOM     :  pu:k0:n0:s0:p00 : 000000000006D015 0000000000000000
452.03876|SCAN|TRACE : PUTSCOM     :  pu:k0:n0:s0:p00 : 000000000006D015 0000000000000000
452.03879|SCAN|TRACE : PUTSCOM     :  pu:k0:n0:s0:p00 : 000000000006D015 0000000000000000
452.03882|SCAN|TRACE : PUTSCOM     :  pu:k0:n0:s0:p00 : 000000000006D015 0000000000000000
452.03885|SCAN|TRACE : PUTSCOM     :  pu:k0:n0:s0:p00 : 000000000006D015 0000000000000000
452.03888|SCAN|TRACE : PUTSCOM     :  pu:k0:n0:s0:p00 : 000000000006D015 0000000000000000
452.03892|SCAN|TRACE : PUTSCOM     :  pu:k0:n0:s0:p00 : 000000000006D015 0000000000000000
452.03895|SCAN|TRACE : PUTSCOM     :  pu:k0:n0:s0:p00 : 000000000006D015 0000000000000000
452.03898|SCAN|TRACE : PUTSCOM     :  pu:k0:n0:s0:p00 : 000000000006D015 0000000000000000
452.03901|SCAN|TRACE : PUTSCOM     :  pu:k0:n0:s0:p00 : 000000000006D015 0000000000000000
452.03904|SCAN|TRACE : PUTSCOM     :  pu:k0:n0:s0:p00 : 000000000006D015 0000000000000000
452.03907|SCAN|TRACE : PUTSCOM     :  pu:k0:n0:s0:p00 : 000000000006D015 0000000000000000
452.03910|SCAN|TRACE : PUTSCOM     :  pu:k0:n0:s0:p00 : 000000000006D015 0000000000000000
452.03914|SCAN|TRACE : PUTSCOM     :  pu:k0:n0:s0:p00 : 000000000006D015 0000000000000000
452.03917|SCAN|TRACE : PUTSCOM     :  pu:k0:n0:s0:p00 : 000000000006D015 0000000000000000
452.03920|SCAN|TRACE : PUTSCOM     :  pu:k0:n0:s0:p00 : 000000000006D015 0000000000000000
452.03923|SCAN|TRACE : PUTSCOM     :  pu:k0:n0:s0:p00 : 000000000006D015 0000000000000000
452.03926|SCAN|TRACE : PUTSCOM     :  pu:k0:n0:s0:p00 : 000000000006D015 0000000000000000
452.03930|SCAN|TRACE : PUTSCOM     :  pu:k0:n0:s0:p00 : 000000000006D015 0000000000000000
452.03933|SCAN|TRACE : PUTSCOM     :  pu:k0:n0:s0:p00 : 000000000006D015 0000000000000000
452.03936|SCAN|TRACE : PUTSCOM     :  pu:k0:n0:s0:p00 : 000000000006D015 0000000000000000
452.03939|SCAN|TRACE : PUTSCOM     :  pu:k0:n0:s0:p00 : 000000000006D015 0000000000000000
452.03942|SCAN|TRACE : PUTSCOM     :  pu:k0:n0:s0:p00 : 000000000006D015 0000000000000000
452.03945|SCAN|TRACE : PUTSCOM     :  pu:k0:n0:s0:p00 : 000000000006D015 0000000000000000
452.03949|SCAN|TRACE : PUTSCOM     :  pu:k0:n0:s0:p00 : 000000000006D015 0000000000000000
452.03952|SCAN|TRACE : PUTSCOM     :  pu:k0:n0:s0:p00 : 000000000006D015 0000000000000000
452.03955|SCAN|TRACE : PUTSCOM     :  pu:k0:n0:s0:p00 : 000000000006D015 0000000000000000
452.03958|SCAN|TRACE : PUTSCOM     :  pu:k0:n0:s0:p00 : 000000000006D015 0000000000000000
452.03961|SCAN|TRACE : PUTSCOM     :  pu:k0:n0:s0:p00 : 000000000006D015 0000000000000000
452.03964|SCAN|TRACE : PUTSCOM     :  pu:k0:n0:s0:p00 : 000000000006D015 0000000000000000
452.03967|SCAN|TRACE : PUTSCOM     :  pu:k0:n0:s0:p00 : 000000000006D015 0000000000000000
452.03970|SCAN|TRACE : PUTSCOM     :  pu:k0:n0:s0:p00 : 000000000006D015 0000000000000000
452.03974|SCAN|TRACE : PUTSCOM     :  pu:k0:n0:s0:p00 : 000000000006D015 0000000000000000
452.03977|SCAN|TRACE : PUTSCOM     :  pu:k0:n0:s0:p00 : 000000000006D015 0000000000000000
452.03980|SCAN|TRACE : PUTSCOM     :  pu:k0:n0:s0:p00 : 000000000006D015 0000000000000000
452.03983|SCAN|TRACE : PUTSCOM     :  pu:k0:n0:s0:p00 : 000000000006D015 0000000000000000
452.03986|SCAN|TRACE : PUTSCOM     :  pu:k0:n0:s0:p00 : 000000000006D015 0000000000000000
452.03989|SCAN|TRACE : PUTSCOM     :  pu:k0:n0:s0:p00 : 000000000006D015 0000000000000000
452.03992|SCAN|TRACE : PUTSCOM     :  pu:k0:n0:s0:p00 : 000000000006D015 0000000000000000
452.03996|SCAN|TRACE : PUTSCOM     :  pu:k0:n0:s0:p00 : 000000000006D015 0000000000000000
452.03999|SCAN|TRACE : PUTSCOM     :  pu:k0:n0:s0:p00 : 000000000006D015 0000000000000000
452.04002|SCAN|TRACE : PUTSCOM     :  pu:k0:n0:s0:p00 : 000000000006D015 0000000000000000
452.04005|SCAN|TRACE : PUTSCOM     :  pu:k0:n0:s0:p00 : 000000000006D015 0000000000000000
452.04008|SCAN|TRACE : PUTSCOM     :  pu:k0:n0:s0:p00 : 000000000006D015 0000000000000000
452.04011|SCAN|TRACE : PUTSCOM     :  pu:k0:n0:s0:p00 : 000000000006D015 0000000000000000
452.04014|SCAN|TRACE : PUTSCOM     :  pu:k0:n0:s0:p00 : 000000000006D015 0000000000000000
452.04017|SCAN|TRACE : PUTSCOM     :  pu:k0:n0:s0:p00 : 000000000006D015 0000000000000000
452.04020|SCAN|TRACE : PUTSCOM     :  pu:k0:n0:s0:p00 : 000000000006D015 0000000000000000
452.04023|SCAN|TRACE : PUTSCOM     :  pu:k0:n0:s0:p00 : 000000000006D015 0000000000000000
452.04026|SCAN|TRACE : PUTSCOM     :  pu:k0:n0:s0:p00 : 000000000006D015 0000000000000000
452.04029|SCAN|TRACE : PUTSCOM     :  pu:k0:n0:s0:p00 : 000000000006D015 0000000000000000
452.04033|SCAN|TRACE : PUTSCOM     :  pu:k0:n0:s0:p00 : 000000000006D015 0000000000000000
452.04036|SCAN|TRACE : PUTSCOM     :  pu:k0:n0:s0:p00 : 000000000006D015 0000000000000000
452.04039|SCAN|TRACE : PUTSCOM     :  pu:k0:n0:s0:p00 : 000000000006D015 0000000000000000
452.04042|SCAN|TRACE : PUTSCOM     :  pu:k0:n0:s0:p00 : 000000000006D015 0000000000000000
452.04045|SCAN|TRACE : PUTSCOM     :  pu:k0:n0:s0:p00 : 000000000006D015 0000000000000000
452.04048|SCAN|TRACE : PUTSCOM     :  pu:k0:n0:s0:p00 : 000000000006D015 0000000000000000
452.04051|SCAN|TRACE : PUTSCOM     :  pu:k0:n0:s0:p00 : 000000000006D015 0000000000000000
452.04055|SCAN|TRACE : PUTSCOM     :  pu:k0:n0:s0:p00 : 000000000006D015 0000000000000000
452.04058|SCAN|TRACE : PUTSCOM     :  pu:k0:n0:s0:p00 : 000000000006D015 0000000000000000
452.04061|SCAN|TRACE : PUTSCOM     :  pu:k0:n0:s0:p00 : 000000000006D015 0000000000000000
452.04064|SCAN|TRACE : PUTSCOM     :  pu:k0:n0:s0:p00 : 000000000006D015 0000000000000000
452.04067|SCAN|TRACE : PUTSCOM     :  pu:k0:n0:s0:p00 : 000000000006D015 0000000000000000
452.04070|SCAN|TRACE : PUTSCOM     :  pu:k0:n0:s0:p00 : 000000000006D015 0000000000000000
452.04073|SCAN|TRACE : PUTSCOM     :  pu:k0:n0:s0:p00 : 000000000006D015 0000000000000000
452.04076|SCAN|TRACE : PUTSCOM     :  pu:k0:n0:s0:p00 : 000000000006D015 0000000000000000
452.04079|SCAN|TRACE : PUTSCOM     :  pu:k0:n0:s0:p00 : 000000000006D015 0000000000000000
452.04082|SCAN|TRACE : PUTSCOM     :  pu:k0:n0:s0:p00 : 000000000006D015 0000000000000000
452.04085|SCAN|TRACE : PUTSCOM     :  pu:k0:n0:s0:p00 : 000000000006D015 0000000000000000
452.04088|SCAN|TRACE : PUTSCOM     :  pu:k0:n0:s0:p00 : 000000000006D015 0000000000000000
452.04091|SCAN|TRACE : PUTSCOM     :  pu:k0:n0:s0:p00 : 000000000006D015 0000000000000000
452.04094|SCAN|TRACE : PUTSCOM     :  pu:k0:n0:s0:p00 : 000000000006D015 0000000000000000
452.04097|SCAN|TRACE : PUTSCOM     :  pu:k0:n0:s0:p00 : 000000000006D015 0000000000000000
452.04100|SCAN|TRACE : PUTSCOM     :  pu:k0:n0:s0:p00 : 000000000006D015 0000000000000000
452.04103|SCAN|TRACE : PUTSCOM     :  pu:k0:n0:s0:p00 : 000000000006D015 0000000000000000
452.04106|SCAN|TRACE : PUTSCOM     :  pu:k0:n0:s0:p00 : 000000000006D015 0000000000000000
452.04109|SCAN|TRACE : PUTSCOM     :  pu:k0:n0:s0:p00 : 000000000006D015 0000000000000000
452.04112|SCAN|TRACE : PUTSCOM     :  pu:k0:n0:s0:p00 : 000000000006D015 0000000000000000
452.04115|SCAN|TRACE : PUTSCOM     :  pu:k0:n0:s0:p00 : 000000000006D015 0000000000000000
452.04119|SCAN|TRACE : PUTSCOM     :  pu:k0:n0:s0:p00 : 000000000006D015 0000000000000000
452.04122|SCAN|TRACE : PUTSCOM     :  pu:k0:n0:s0:p00 : 000000000006D015 0000000000000000
452.04125|SCAN|TRACE : PUTSCOM     :  pu:k0:n0:s0:p00 : 000000000006D015 0000000000000000
452.04128|SCAN|TRACE : PUTSCOM     :  pu:k0:n0:s0:p00 : 000000000006D015 0000000000000000
452.04131|SCAN|TRACE : PUTSCOM     :  pu:k0:n0:s0:p00 : 000000000006D015 0000000000000000
452.04135|SCAN|TRACE : PUTSCOM     :  pu:k0:n0:s0:p00 : 000000000006D015 0000000000000000
452.04138|SCAN|TRACE : PUTSCOM     :  pu:k0:n0:s0:p00 : 000000000006D015 0000000000000000
452.04141|SCAN|TRACE : PUTSCOM     :  pu:k0:n0:s0:p00 : 000000000006D015 0000000000000000
452.04144|SCAN|TRACE : PUTSCOM     :  pu:k0:n0:s0:p00 : 000000000006D015 0000000000000000
452.04147|SCAN|TRACE : PUTSCOM     :  pu:k0:n0:s0:p00 : 000000000006D015 0000000000000000
452.04150|SCAN|TRACE : PUTSCOM     :  pu:k0:n0:s0:p00 : 000000000006D015 0000000000000000
452.04154|SCAN|TRACE : PUTSCOM     :  pu:k0:n0:s0:p00 : 000000000006D015 0000000000000000
452.04157|SCAN|TRACE : PUTSCOM     :  pu:k0:n0:s0:p00 : 000000000006D015 0000000000000000
452.04160|SCAN|TRACE : PUTSCOM     :  pu:k0:n0:s0:p00 : 000000000006D015 0000000000000000
452.04163|SCAN|TRACE : PUTSCOM     :  pu:k0:n0:s0:p00 : 000000000006D015 0000000000000000
452.04166|SCAN|TRACE : PUTSCOM     :  pu:k0:n0:s0:p00 : 000000000006D015 0000000000000000
452.04169|SCAN|TRACE : PUTSCOM     :  pu:k0:n0:s0:p00 : 000000000006D015 0000000000000000
452.04172|SCAN|TRACE : PUTSCOM     :  pu:k0:n0:s0:p00 : 000000000006D015 0000000000000000
452.04175|SCAN|TRACE : PUTSCOM     :  pu:k0:n0:s0:p00 : 000000000006D015 0000000000000000
452.04179|SCAN|TRACE : PUTSCOM     :  pu:k0:n0:s0:p00 : 000000000006D015 0000000000000000
452.04182|SCAN|TRACE : PUTSCOM     :  pu:k0:n0:s0:p00 : 000000000006D015 0000000000000000
452.04186|SCAN|TRACE : PUTSCOM     :  pu:k0:n0:s0:p00 : 000000000006D015 0000000000000000
452.04189|SCAN|TRACE : PUTSCOM     :  pu:k0:n0:s0:p00 : 000000000006D015 0000000000000000
452.04192|SCAN|TRACE : PUTSCOM     :  pu:k0:n0:s0:p00 : 000000000006D015 0000000000000000
452.04195|SCAN|TRACE : PUTSCOM     :  pu:k0:n0:s0:p00 : 000000000006D015 0000000000000000
452.04199|SCAN|TRACE : PUTSCOM     :  pu:k0:n0:s0:p00 : 000000000006D015 0000000000000000
452.04202|SCAN|TRACE : PUTSCOM     :  pu:k0:n0:s0:p00 : 000000000006D015 0000000000000000
452.04205|SCAN|TRACE : PUTSCOM     :  pu:k0:n0:s0:p00 : 000000000006D015 0000000000000000
452.04208|SCAN|TRACE : PUTSCOM     :  pu:k0:n0:s0:p00 : 000000000006D015 0000000000000000
452.04211|SCAN|TRACE : PUTSCOM     :  pu:k0:n0:s0:p00 : 000000000006D015 0000000000000000
452.04214|SCAN|TRACE : PUTSCOM     :  pu:k0:n0:s0:p00 : 000000000006D015 0000000000000000
452.04217|SCAN|TRACE : PUTSCOM     :  pu:k0:n0:s0:p00 : 000000000006D015 0000000000000000
452.04220|SCAN|TRACE : PUTSCOM     :  pu:k0:n0:s0:p00 : 000000000006D015 0000000000000000
452.04223|SCAN|TRACE : PUTSCOM     :  pu:k0:n0:s0:p00 : 000000000006D015 0000000000000000
452.04226|SCAN|TRACE : PUTSCOM     :  pu:k0:n0:s0:p00 : 000000000006D015 0000000000000000
452.04229|SCAN|TRACE : PUTSCOM     :  pu:k0:n0:s0:p00 : 000000000006D015 0000000000000000
452.04232|SCAN|TRACE : PUTSCOM     :  pu:k0:n0:s0:p00 : 000000000006D015 0000000000000000
452.04235|SCAN|TRACE : PUTSCOM     :  pu:k0:n0:s0:p00 : 000000000006D015 0000000000000000
452.04238|SCAN|TRACE : PUTSCOM     :  pu:k0:n0:s0:p00 : 000000000006D015 0000000000000000
452.04241|SCAN|TRACE : PUTSCOM     :  pu:k0:n0:s0:p00 : 000000000006D015 0000000000000000
452.04244|SCAN|TRACE : PUTSCOM     :  pu:k0:n0:s0:p00 : 000000000006D015 0000000000000000
452.04247|SCAN|TRACE : PUTSCOM     :  pu:k0:n0:s0:p00 : 000000000006D015 0000000000000000
452.04250|SCAN|TRACE : PUTSCOM     :  pu:k0:n0:s0:p00 : 000000000006D015 0000000000000000
452.04253|SCAN|TRACE : PUTSCOM     :  pu:k0:n0:s0:p00 : 000000000006D015 0000000000000000
452.04256|SCAN|TRACE : PUTSCOM     :  pu:k0:n0:s0:p00 : 000000000006D015 0000000000000000
452.04259|SCAN|TRACE : PUTSCOM     :  pu:k0:n0:s0:p00 : 000000000006D015 0000000000000000
452.04262|SCAN|TRACE : PUTSCOM     :  pu:k0:n0:s0:p00 : 000000000006D015 0000000000000000
452.04265|SCAN|TRACE : PUTSCOM     :  pu:k0:n0:s0:p00 : 000000000006D015 0000000000000000
452.04268|SCAN|TRACE : PUTSCOM     :  pu:k0:n0:s0:p00 : 000000000006D015 0000000000000000
452.04271|SCAN|TRACE : PUTSCOM     :  pu:k0:n0:s0:p00 : 000000000006D015 0000000000000000
452.04273|SCAN|TRACE : PUTSCOM     :  pu:k0:n0:s0:p00 : 000000000006D015 0000000000000000
452.04276|SCAN|TRACE : PUTSCOM     :  pu:k0:n0:s0:p00 : 000000000006D015 0000000000000000
452.04279|SCAN|TRACE : PUTSCOM     :  pu:k0:n0:s0:p00 : 000000000006D015 0000000000000000
452.04282|SCAN|TRACE : PUTSCOM     :  pu:k0:n0:s0:p00 : 000000000006D015 0000000000000000
452.04285|SCAN|TRACE : PUTSCOM     :  pu:k0:n0:s0:p00 : 000000000006D015 0000000000000000
452.04289|SCAN|TRACE : PUTSCOM     :  pu:k0:n0:s0:p00 : 000000000006D015 0000000000000000
452.04291|SCAN|TRACE : PUTSCOM     :  pu:k0:n0:s0:p00 : 000000000006D015 0000000000000000
452.04294|SCAN|TRACE : PUTSCOM     :  pu:k0:n0:s0:p00 : 000000000006D015 0000000000000000
452.04297|SCAN|TRACE : PUTSCOM     :  pu:k0:n0:s0:p00 : 000000000006D015 0000000000000000
452.04300|SCAN|TRACE : PUTSCOM     :  pu:k0:n0:s0:p00 : 000000000006D015 0000000000000000
452.04303|SCAN|TRACE : PUTSCOM     :  pu:k0:n0:s0:p00 : 000000000006D015 0000000000000000
452.04307|SCAN|TRACE : PUTSCOM     :  pu:k0:n0:s0:p00 : 000000000006D015 0000000000000000
452.04310|SCAN|TRACE : PUTSCOM     :  pu:k0:n0:s0:p00 : 000000000006D015 0000000000000000
452.04313|SCAN|TRACE : PUTSCOM     :  pu:k0:n0:s0:p00 : 000000000006D015 0000000000000000
452.04316|SCAN|TRACE : PUTSCOM     :  pu:k0:n0:s0:p00 : 000000000006D015 0000000000000000
452.04320|SCAN|TRACE : PUTSCOM     :  pu:k0:n0:s0:p00 : 000000000006D015 0000000000000000
452.04323|SCAN|TRACE : PUTSCOM     :  pu:k0:n0:s0:p00 : 000000000006D015 0000000000000000
452.04326|SCAN|TRACE : PUTSCOM     :  pu:k0:n0:s0:p00 : 000000000006D015 0000000000000000
452.04330|SCAN|TRACE : PUTSCOM     :  pu:k0:n0:s0:p00 : 000000000006D015 0000000000000000
452.04333|SCAN|TRACE : PUTSCOM     :  pu:k0:n0:s0:p00 : 000000000006D015 0000000000000000
452.04336|SCAN|TRACE : PUTSCOM     :  pu:k0:n0:s0:p00 : 000000000006D015 0000000000000000
452.04339|SCAN|TRACE : PUTSCOM     :  pu:k0:n0:s0:p00 : 000000000006D015 0000000000000000
452.04342|SCAN|TRACE : PUTSCOM     :  pu:k0:n0:s0:p00 : 000000000006D015 0000000000000000
452.04345|SCAN|TRACE : PUTSCOM     :  pu:k0:n0:s0:p00 : 000000000006D015 0000000000000000
452.04349|SCAN|TRACE : PUTSCOM     :  pu:k0:n0:s0:p00 : 000000000006D015 0000000000000000
452.04352|SCAN|TRACE : PUTSCOM     :  pu:k0:n0:s0:p00 : 000000000006D015 0000000000000000
452.04355|SCAN|TRACE : PUTSCOM     :  pu:k0:n0:s0:p00 : 000000000006D015 0000000000000000
452.04359|SCAN|TRACE : PUTSCOM     :  pu:k0:n0:s0:p00 : 000000000006D015 0000000000000000
452.04362|SCAN|TRACE : PUTSCOM     :  pu:k0:n0:s0:p00 : 000000000006D015 0000000000000000
452.04365|SCAN|TRACE : PUTSCOM     :  pu:k0:n0:s0:p00 : 000000000006D015 0000000000000000
452.04368|SCAN|TRACE : PUTSCOM     :  pu:k0:n0:s0:p00 : 000000000006D015 0000000000000000
452.04372|SCAN|TRACE : PUTSCOM     :  pu:k0:n0:s0:p00 : 000000000006D015 0000000000000000
452.04375|SCAN|TRACE : PUTSCOM     :  pu:k0:n0:s0:p00 : 000000000006D015 0000000000000000
452.04378|SCAN|TRACE : PUTSCOM     :  pu:k0:n0:s0:p00 : 000000000006D015 0000000000000000
452.04381|SCAN|TRACE : PUTSCOM     :  pu:k0:n0:s0:p00 : 000000000006D015 0000000000000000
452.04384|SCAN|TRACE : PUTSCOM     :  pu:k0:n0:s0:p00 : 000000000006D015 0000000000000000
452.04387|SCAN|TRACE : PUTSCOM     :  pu:k0:n0:s0:p00 : 000000000006D015 0000000000000000
452.04391|SCAN|TRACE : PUTSCOM     :  pu:k0:n0:s0:p00 : 000000000006D015 0000000000000000
452.04394|SCAN|TRACE : PUTSCOM     :  pu:k0:n0:s0:p00 : 000000000006D015 0000000000000000
452.04397|SCAN|TRACE : PUTSCOM     :  pu:k0:n0:s0:p00 : 000000000006D015 0000000000000000
452.04400|SCAN|TRACE : PUTSCOM     :  pu:k0:n0:s0:p00 : 000000000006D015 0000000000000000
452.04404|SCAN|TRACE : PUTSCOM     :  pu:k0:n0:s0:p00 : 000000000006D015 0000000000000000
452.04407|SCAN|TRACE : PUTSCOM     :  pu:k0:n0:s0:p00 : 000000000006D015 0000000000000000
452.04410|SCAN|TRACE : PUTSCOM     :  pu:k0:n0:s0:p00 : 000000000006D015 0000000000000000
452.04413|SCAN|TRACE : PUTSCOM     :  pu:k0:n0:s0:p00 : 000000000006D015 0000000000000000
452.04416|SCAN|TRACE : PUTSCOM     :  pu:k0:n0:s0:p00 : 000000000006D015 0000000000000000
452.04419|SCAN|TRACE : PUTSCOM     :  pu:k0:n0:s0:p00 : 000000000006D015 0000000000000000
452.04423|SCAN|TRACE : PUTSCOM     :  pu:k0:n0:s0:p00 : 000000000006D015 0000000000000000
452.04426|SCAN|TRACE : PUTSCOM     :  pu:k0:n0:s0:p00 : 000000000006D015 0000000000000000
452.04429|SCAN|TRACE : PUTSCOM     :  pu:k0:n0:s0:p00 : 000000000006D015 0000000000000000
452.04432|SCAN|TRACE : PUTSCOM     :  pu:k0:n0:s0:p00 : 000000000006D015 0000000000000000
452.04436|SCAN|TRACE : PUTSCOM     :  pu:k0:n0:s0:p00 : 000000000006D015 0000000000000000
452.04439|SCAN|TRACE : PUTSCOM     :  pu:k0:n0:s0:p00 : 000000000006D015 0000000000000000
452.04442|SCAN|TRACE : PUTSCOM     :  pu:k0:n0:s0:p00 : 000000000006D015 0000000000000000
452.04446|SCAN|TRACE : PUTSCOM     :  pu:k0:n0:s0:p00 : 000000000006D015 0000000000000000
452.04449|SCAN|TRACE : PUTSCOM     :  pu:k0:n0:s0:p00 : 000000000006D015 0000000000000000
452.04452|SCAN|TRACE : PUTSCOM     :  pu:k0:n0:s0:p00 : 000000000006D015 0000000000000000
452.04455|SCAN|TRACE : PUTSCOM     :  pu:k0:n0:s0:p00 : 000000000006D015 0000000000000000
452.04531|ATTN_SLOW|I>starting...
452.04533|INTR|INTR::register intr type 0x4
452.04605|ATTN_SLOW|I>..startup complete, intr: 388, prd: 389
452.08493|MDIA_FAST|I>memory diagnostics entry with 1 target(s)
452.08809|MDIA_FAST|I>getDiagnosticMode: trgt: 250000, o_mode: 0x0, simics: 0
452.09268|MDIA_FAST|I>sm: setup complete: target(s): 1, status: 0
452.09269|MDIA_FAST|I>sm: starting up
452.09271|MDIA_FAST|I>Starting threadPool with 4 tasks...
452.09279|MDIA_FAST|I>sm: dispatching work item 11 for: 0x00250000, priority: 4, unit: 0
452.09281|MDIA_FAST|I>sm: waiting for completion of 1 target(s), status: 0
452.09285|MDIA_FAST|I>sm: executing work item 11 for: 0x00250000
452.09289|MDIA_SLOW|I>sm: restoreDramRepairs(0x00240001)
452.20979|PRDF|>>PRDF::restoreDramRepairs<T>(0x00240001)
452.23089|PRDF|>>PRDF::noLock_initialize() 
452.25877|PRDF|>>PlatConfigurator::build()
452.40100|PNOR|>>PnorIpmiDD::_writeFlash(i_addr=0x00136000)> 
453.35205|PRDF|<<PlatConfigurator::build()
453.40344|PRDF|<<PRDF::noLock_initialize() 
453.66156|FAPI|attribute_service.C: >>fapiAttrGetBadDqBitmap: Getting bitmap
453.73176|FAPI|attribute_service.C: <<fapiAttrGetBadDqBitmap: Finished getting bitmap
453.76963|FAPI|gen_mss_port.H: dimm:k0:n0:s0:p02 RDIMM (DDR4) Restore repair marks from bad DQ data
453.94924|PRDF|<<PRDF::restoreDramRepairs<T>(0x00240001)
453.96964|MDIA_FAST|I>sm: dispatching work item 0 for: 0x00250000, priority: 3, unit: 0
453.97114|MDIA_FAST|I>sm: executing work item 0 for: 0x00250000
454.00884|FAPI|gen_mss_memdiags.H: superfast init start for pu.mcbist:k0:n0:s0:p00:c0
454.01034|FAPI|gen_mss_mcbist_settings.H: setting up constraints with pattern 0
454.01037|FAPI|gen_mss_memdiags.H: multi-port init for pu.mcbist:k0:n0:s0:p00:c0
454.03091|FAPI|memdiags.C: multi-port init internal for pu.mcbist:k0:n0:s0:p00:c0
454.04659|FAPI|memdiags.C: pu.mcbist:k0:n0:s0:p00:c0 start port/dimm: 0 end port/dimm: 7
454.09228|FAPI|mcbist.C: pu.mcbist:k0:n0:s0:p00:c0 chip and attributes allow for BC mode
454.09237|FAPI|mcbist.C: MCA vector from pu.mcbist:k0:n0:s0:p00:c0 has the same number of DIMMs per port: 1 - is broadcast capable
454.16347|FAPI|mcbist.C: DIMM kinds vector starting with dimm:k0:n0:s0:p02 RDIMM (DDR4) has the kinds for all DIMM's - is broadcast capable
454.16500|FAPI|mcbist.C: pu.mcbist:k0:n0:s0:p00:c0 is broadcast capable
454.16508|FAPI|memdiags.C: 1 DIMMs under pu.mca:k0:n0:s0:p00:c1
454.21942|FAPI|memdiags.C: Start port_dimm address 0, pu.mca:k0:n0:s0:p00:c1 first configured mca start address 2
454.22096|FAPI|memdiags.C: Updated 1 DIMMs on the MCBIST to 1 on the first configured MCA due to broadcast mode for pu.mcbist:k0:n0:s0:p00:c0
454.22102|FAPI|memdiags.C: last addr in start port 0x00000007ffffffff first addr in end port 0x0000003000000000 for pu.mcbist:k0:n0:s0:p00:c0
454.24188|FAPI|gen_mss_mcbist.H: config MCBIST address range 0 start: 0x0000000000000000 (0x0000000000000000), end/len 0x00000007ffffffff (0x1ffffffffc000000)
454.30058|SCAN|TRACE : PUTSCOM     :  pu.mcbist:k0:n0:s0:p00:c0 : 00000000070123CC 0000000000000000
454.30063|SCAN|TRACE : PUTSCOM     :  pu.mcbist:k0:n0:s0:p00:c0 : 00000000070123CE 1FFFFFFFFC000000
454.30070|FAPI|gen_mss_mcbist.H: config MCBIST address range 1 start: 0x0000000000000000 (0x0000000000000000), end/len 0x0000003fffffffff (0xfffffffffc000000)
454.30074|SCAN|TRACE : PUTSCOM     :  pu.mcbist:k0:n0:s0:p00:c0 : 00000000070123CD 0000000000000000
454.30079|SCAN|TRACE : PUTSCOM     :  pu.mcbist:k0:n0:s0:p00:c0 : 00000000070123CF FFFFFFFFFC000000
454.30085|FAPI|gen_mss_mcbist.H: config MCBIST address range 2 start: 0x0000003000000000 (0xc000000000000000), end/len 0x0000003fffffffff (0xfffffffffc000000)
454.30090|SCAN|TRACE : PUTSCOM     :  pu.mcbist:k0:n0:s0:p00:c0 : 00000000070123D0 C000000000000000
454.30094|SCAN|TRACE : PUTSCOM     :  pu.mcbist:k0:n0:s0:p00:c0 : 00000000070123D2 FFFFFFFFFC000000
454.30097|FAPI|memdiags.C: Adding subtests for 1 DIMMs on pu.mcbist:k0:n0:s0:p00:c0
454.31422|FAPI|memdiags.C: pu.mcbist:k0:n0:s0:p00:c0 port/dimm 2, port/dimm start: 0
454.31424|FAPI|gen_mss_mcbist.H: changed address select to index 1 (0x409)
454.31429|FAPI|memdiags.C: adding subtest for pu.mcbist:k0:n0:s0:p00:c0 (port: 1 dimm 0 dimm relative position to MCBIST: )
454.31431|FAPI|memdiags.C: Total subtests added: 1 for pu.mcbist:k0:n0:s0:p00:c0
454.31581|FAPI|gen_mss_memdiags.H: memdiags base init for pu.mcbist:k0:n0:s0:p00:c0
454.31585|FAPI|gen_mss_memdiags.H: Stopping any mcbist operations which are in progress for pu.mcbist:k0:n0:s0:p00:c0
454.31738|SCAN|TRACE : GETSCOM     :  pu.mcbist:k0:n0:s0:p00:c0 : 00000000070123DB 1000000000000000
454.31743|SCAN|TRACE : PUTSCOM     :  pu.mcbist:k0:n0:s0:p00:c0 : 00000000070123DB 5000000000000000
454.31896|SCAN|TRACE : GETSCOM     :  pu.mcbist:k0:n0:s0:p00:c0 : 00000000070123DC 0000000000000000
454.31901|SCAN|TRACE : GETSCOM     :  pu.mcbist:k0:n0:s0:p00:c0 : 00000000070123D7 0000000000000000
454.31905|FAPI|gen_mss_memdiags.H: MCBIST last address (during stop): 0x0000000000000000 for pu.mcbist:k0:n0:s0:p00:c0
454.31907|FAPI|gen_mss_mcbist.H: change MCBIST pattern index 0
454.33123|FAPI|gen_mss_mcbist.H: load MCBIST end boundaries 0x0000000000000000 detect slave? no
454.33931|FAPI|gen_mss_mcbist.H: mcbist select ports: iv_control 0x3c00000000000000 (ports: 0xf)
454.33934|FAPI|mcbist.C: pu.mcbist:k0:n0:s0:p00:c0 chip and attributes allow for BC mode
454.33944|FAPI|mcbist.C: MCA vector from pu.mcbist:k0:n0:s0:p00:c0 has the same number of DIMMs per port: 1 - is broadcast capable
454.33968|FAPI|mcbist.C: DIMM kinds vector starting with dimm:k0:n0:s0:p02 RDIMM (DDR4) has the kinds for all DIMM's - is broadcast capable
454.33969|FAPI|mcbist.C: pu.mcbist:k0:n0:s0:p00:c0 is broadcast capable
454.33972|FAPI|mcbist.C: pu.mcbist:k0:n0:s0:p00:c0 is broadcast capable, enabling broadcast mode
454.33978|FAPI|gen_mss_mcbist.H: mcbist select ports: iv_control 0x1000000000000000 (ports: 0x4)
454.35579|FAPI|gen_mss_mcbist.H: Clear MCBIST error state for pu.mcbist:k0:n0:s0:p00:c0
454.35584|SCAN|TRACE : PUTSCOM     :  pu.mcbist:k0:n0:s0:p00:c0 : 0000000007012366 0000000000000000
454.35588|SCAN|TRACE : PUTSCOM     :  pu.mcbist:k0:n0:s0:p00:c0 : 0000000007012355 0000000000000000
454.35592|SCAN|TRACE : PUTSCOM     :  pu.mcbist:k0:n0:s0:p00:c0 : 0000000007012356 0000000000000000
454.35597|SCAN|TRACE : PUTSCOM     :  pu.mcbist:k0:n0:s0:p00:c0 : 0000000007012300 0000000000000000
454.35751|SCAN|TRACE : GETSCOM     :  pu.mca:k0:n0:s0:p00:c1 : 000000000701090D 73FFE00033F7FD00
454.35755|SCAN|TRACE : PUTSCOM     :  pu.mca:k0:n0:s0:p00:c1 : 000000000701090D 77FFE00033F7FD00
454.35763|SCAN|TRACE : GETSCOM     :  pu.mca:k0:n0:s0:p00:c1 : 000000000701090E FC000881F0010042
454.35768|SCAN|TRACE : PUTSCOM     :  pu.mca:k0:n0:s0:p00:c1 : 000000000701090E FE000881F0010042
454.35920|FAPI|gen_mss_mcbist.H: loading MCBIST Address Generation 0x0030000000000000 for pu.mcbist:k0:n0:s0:p00:c0
454.35924|SCAN|TRACE : PUTSCOM     :  pu.mcbist:k0:n0:s0:p00:c0 : 00000000070123D6 0030000000000000
454.35929|FAPI|gen_mss_mcbist.H: load MCBIST parameter register: 0x0000000000000000 for pu.mcbist:k0:n0:s0:p00:c0
454.35933|SCAN|TRACE : PUTSCOM     :  pu.mcbist:k0:n0:s0:p00:c0 : 00000000070123AF 0000000000000000
454.36851|FAPI|gen_mss_mcbist.H: load MCBIST address map register 0: 0x0000000000000000 for pu.mcbist:k0:n0:s0:p00:c0
454.36856|SCAN|TRACE : PUTSCOM     :  pu.mcbist:k0:n0:s0:p00:c0 : 00000000070123C8 0000000000000000
454.36860|FAPI|gen_mss_mcbist.H: load MCBIST address map register 1: 0x0000000000000000 for pu.mcbist:k0:n0:s0:p00:c0
454.36865|SCAN|TRACE : PUTSCOM     :  pu.mcbist:k0:n0:s0:p00:c0 : 00000000070123C9 0000000000000000
454.36869|FAPI|gen_mss_mcbist.H: load MCBIST address map register 2: 0x0000000000000000 for pu.mcbist:k0:n0:s0:p00:c0
454.36873|SCAN|TRACE : PUTSCOM     :  pu.mcbist:k0:n0:s0:p00:c0 : 00000000070123CA 0000000000000000
454.36877|FAPI|gen_mss_mcbist.H: load MCBIST address map register 3: 0x0000000000000000 for pu.mcbist:k0:n0:s0:p00:c0
454.36882|SCAN|TRACE : PUTSCOM     :  pu.mcbist:k0:n0:s0:p00:c0 : 00000000070123CB 0000000000000000
454.36885|FAPI|gen_mss_mcbist.H: pu.mcbist:k0:n0:s0:p00:c0 loading MCBIST Config 0xff00000000000081
454.36889|SCAN|TRACE : PUTSCOM     :  pu.mcbist:k0:n0:s0:p00:c0 : 00000000070123E0 FF00000000000081
454.36893|FAPI|gen_mss_mcbist.H: loading MCBIST Control 0x1000000000000000 for pu.mcbist:k0:n0:s0:p00:c0
454.36897|SCAN|TRACE : PUTSCOM     :  pu.mcbist:k0:n0:s0:p00:c0 : 00000000070123DB 1000000000000000
454.36900|FAPI|gen_mss_mcbist.H: Loading the data pattern seeds for pu.mcbist:k0:n0:s0:p00:c0!
454.38458|FAPI|gen_mss_mcbist.H: Loading cache line pattern 0x0000000000000000 0x0000000000000000 for pu.mcbist:k0:n0:s0:p00:c0
454.38462|SCAN|TRACE : PUTSCOM     :  pu.mcbist:k0:n0:s0:p00:c0 : 00000000070123BE 0000000000000000
454.38467|SCAN|TRACE : PUTSCOM     :  pu.mcbist:k0:n0:s0:p00:c0 : 00000000070123BF 0000000000000000
454.38473|FAPI|gen_mss_mcbist.H: Loading cache line pattern 0x0000000000000000 0x0000000000000000 for pu.mcbist:k0:n0:s0:p00:c0
454.38477|SCAN|TRACE : PUTSCOM     :  pu.mcbist:k0:n0:s0:p00:c0 : 00000000070123C0 0000000000000000
454.38482|SCAN|TRACE : PUTSCOM     :  pu.mcbist:k0:n0:s0:p00:c0 : 00000000070123C1 0000000000000000
454.38487|FAPI|gen_mss_mcbist.H: Loading cache line pattern 0x0000000000000000 0x0000000000000000 for pu.mcbist:k0:n0:s0:p00:c0
454.38491|SCAN|TRACE : PUTSCOM     :  pu.mcbist:k0:n0:s0:p00:c0 : 00000000070123C2 0000000000000000
454.38495|SCAN|TRACE : PUTSCOM     :  pu.mcbist:k0:n0:s0:p00:c0 : 00000000070123C3 0000000000000000
454.38500|FAPI|gen_mss_mcbist.H: Loading cache line pattern 0x0000000000000000 0x0000000000000000 for pu.mcbist:k0:n0:s0:p00:c0
454.38505|SCAN|TRACE : PUTSCOM     :  pu.mcbist:k0:n0:s0:p00:c0 : 00000000070123C4 0000000000000000
454.38509|SCAN|TRACE : PUTSCOM     :  pu.mcbist:k0:n0:s0:p00:c0 : 00000000070123C5 0000000000000000
454.38514|SCAN|TRACE : PUTSCOM     :  pu.mcbist:k0:n0:s0:p00:c0 : 00000000070123C6 0000000000000000
454.38517|FAPI|gen_mss_mcbist.H: Loading the 24b Random data pattern seeds for pu.mcbist:k0:n0:s0:p00:c0!
454.38520|FAPI|gen_mss_mcbist.H: Loading 24b random seed index 0 for pu.mcbist:k0:n0:s0:p00:c0
454.38523|FAPI|gen_mss_mcbist.H: Loading 24b random seed index 1 for pu.mcbist:k0:n0:s0:p00:c0
454.38527|FAPI|gen_mss_mcbist.H: Loading 24b random seeds 0 and 1 0x0102030405060000 for pu.mcbist:k0:n0:s0:p00:c0
454.38531|SCAN|TRACE : PUTSCOM     :  pu.mcbist:k0:n0:s0:p00:c0 : 00000000070123B2 0102030405060000
454.38534|FAPI|gen_mss_mcbist.H: Loading 24b random seed index 2 for pu.mcbist:k0:n0:s0:p00:c0
454.38538|FAPI|gen_mss_mcbist.H: Loading 24b random seed map index 0  for pu.mcbist:k0:n0:s0:p00:c0
454.38541|FAPI|gen_mss_mcbist.H: Loading 24b random seed map index 1  for pu.mcbist:k0:n0:s0:p00:c0
454.38543|FAPI|gen_mss_mcbist.H: Loading 24b random seed map index 2  for pu.mcbist:k0:n0:s0:p00:c0
454.38546|FAPI|gen_mss_mcbist.H: Loading 24b random seed map index 3  for pu.mcbist:k0:n0:s0:p00:c0
454.38549|FAPI|gen_mss_mcbist.H: Loading 24b random seed map index 4  for pu.mcbist:k0:n0:s0:p00:c0
454.38552|FAPI|gen_mss_mcbist.H: Loading 24b random seed map index 5  for pu.mcbist:k0:n0:s0:p00:c0
454.38555|FAPI|gen_mss_mcbist.H: Loading 24b random seed map index 6  for pu.mcbist:k0:n0:s0:p00:c0
454.38558|FAPI|gen_mss_mcbist.H: Loading 24b random seed map index 7  for pu.mcbist:k0:n0:s0:p00:c0
454.38561|FAPI|gen_mss_mcbist.H: Loading 24b random seed map index 8  for pu.mcbist:k0:n0:s0:p00:c0
454.38566|SCAN|TRACE : PUTSCOM     :  pu.mcbist:k0:n0:s0:p00:c0 : 00000000070123B3 0708090123456780
454.38570|FAPI|gen_mss_mcbist.H: Loading the maint data pattern into the RMW buffer for pu.mcbist:k0:n0:s0:p00:c0!
454.38577|FAPI|gen_mss_mcbist.H: Setting the array access control register for pu.mca:k0:n0:s0:p00:c1.
454.38581|SCAN|TRACE : PUTSCOM     :  pu.mca:k0:n0:s0:p00:c1 : 0000000007010A29 7C30000000000000
454.38586|FAPI|gen_mss_mcbist.H: Loading cache line pattern 0x0000000000000000 0x0000000000000000 for pu.mcbist:k0:n0:s0:p00:c0
454.38591|SCAN|TRACE : PUTSCOM     :  pu.mca:k0:n0:s0:p00:c1 : 0000000007010A2A 0000000000000000
454.38595|SCAN|TRACE : PUTSCOM     :  pu.mca:k0:n0:s0:p00:c1 : 0000000007010A2B 0000000000000000
454.38600|SCAN|TRACE : PUTSCOM     :  pu.mca:k0:n0:s0:p00:c1 : 0000000007010A2A 0000000000000000
454.38605|SCAN|TRACE : PUTSCOM     :  pu.mca:k0:n0:s0:p00:c1 : 0000000007010A2B 0000000000000000
454.38610|FAPI|gen_mss_mcbist.H: Loading cache line pattern 0x0000000000000000 0x0000000000000000 for pu.mcbist:k0:n0:s0:p00:c0
454.38614|SCAN|TRACE : PUTSCOM     :  pu.mca:k0:n0:s0:p00:c1 : 0000000007010A2A 0000000000000000
454.38619|SCAN|TRACE : PUTSCOM     :  pu.mca:k0:n0:s0:p00:c1 : 0000000007010A2B 0000000000000000
454.38623|SCAN|TRACE : PUTSCOM     :  pu.mca:k0:n0:s0:p00:c1 : 0000000007010A2A 0000000000000000
454.38628|SCAN|TRACE : PUTSCOM     :  pu.mca:k0:n0:s0:p00:c1 : 0000000007010A2B 0000000000000000
454.38633|FAPI|gen_mss_mcbist.H: Loading cache line pattern 0x0000000000000000 0x0000000000000000 for pu.mcbist:k0:n0:s0:p00:c0
454.38637|SCAN|TRACE : PUTSCOM     :  pu.mca:k0:n0:s0:p00:c1 : 0000000007010A2A 0000000000000000
454.38642|SCAN|TRACE : PUTSCOM     :  pu.mca:k0:n0:s0:p00:c1 : 0000000007010A2B 0000000000000000
454.38647|SCAN|TRACE : PUTSCOM     :  pu.mca:k0:n0:s0:p00:c1 : 0000000007010A2A 0000000000000000
454.38651|SCAN|TRACE : PUTSCOM     :  pu.mca:k0:n0:s0:p00:c1 : 0000000007010A2B 0000000000000000
454.38656|FAPI|gen_mss_mcbist.H: Loading cache line pattern 0x0000000000000000 0x0000000000000000 for pu.mcbist:k0:n0:s0:p00:c0
454.38661|SCAN|TRACE : PUTSCOM     :  pu.mca:k0:n0:s0:p00:c1 : 0000000007010A2A 0000000000000000
454.38665|SCAN|TRACE : PUTSCOM     :  pu.mca:k0:n0:s0:p00:c1 : 0000000007010A2B 0000000000000000
454.38670|SCAN|TRACE : PUTSCOM     :  pu.mca:k0:n0:s0:p00:c1 : 0000000007010A2A 0000000000000000
454.38675|SCAN|TRACE : PUTSCOM     :  pu.mca:k0:n0:s0:p00:c1 : 0000000007010A2B 0000000000000000
454.38678|FAPI|gen_mss_mcbist.H: Setting the array access control register for pu.mca:k0:n0:s0:p00:c1.
454.38683|SCAN|TRACE : PUTSCOM     :  pu.mca:k0:n0:s0:p00:c1 : 0000000007010A29 7E30000000000000
454.38687|FAPI|gen_mss_mcbist.H: Loading cache line pattern 0x0000000000000000 0x0000000000000000 for pu.mcbist:k0:n0:s0:p00:c0
454.38692|SCAN|TRACE : PUTSCOM     :  pu.mca:k0:n0:s0:p00:c1 : 0000000007010A2A 0000000000000000
454.38696|SCAN|TRACE : PUTSCOM     :  pu.mca:k0:n0:s0:p00:c1 : 0000000007010A2B 0000000000000000
454.38701|SCAN|TRACE : PUTSCOM     :  pu.mca:k0:n0:s0:p00:c1 : 0000000007010A2A 0000000000000000
454.38706|SCAN|TRACE : PUTSCOM     :  pu.mca:k0:n0:s0:p00:c1 : 0000000007010A2B 0000000000000000
454.38710|FAPI|gen_mss_mcbist.H: Loading cache line pattern 0x0000000000000000 0x0000000000000000 for pu.mcbist:k0:n0:s0:p00:c0
454.38715|SCAN|TRACE : PUTSCOM     :  pu.mca:k0:n0:s0:p00:c1 : 0000000007010A2A 0000000000000000
454.38720|SCAN|TRACE : PUTSCOM     :  pu.mca:k0:n0:s0:p00:c1 : 0000000007010A2B 0000000000000000
454.38724|SCAN|TRACE : PUTSCOM     :  pu.mca:k0:n0:s0:p00:c1 : 0000000007010A2A 0000000000000000
454.38729|SCAN|TRACE : PUTSCOM     :  pu.mca:k0:n0:s0:p00:c1 : 0000000007010A2B 0000000000000000
454.38733|FAPI|gen_mss_mcbist.H: Loading cache line pattern 0x0000000000000000 0x0000000000000000 for pu.mcbist:k0:n0:s0:p00:c0
454.38738|SCAN|TRACE : PUTSCOM     :  pu.mca:k0:n0:s0:p00:c1 : 0000000007010A2A 0000000000000000
454.38743|SCAN|TRACE : PUTSCOM     :  pu.mca:k0:n0:s0:p00:c1 : 0000000007010A2B 0000000000000000
454.38748|SCAN|TRACE : PUTSCOM     :  pu.mca:k0:n0:s0:p00:c1 : 0000000007010A2A 0000000000000000
454.38752|SCAN|TRACE : PUTSCOM     :  pu.mca:k0:n0:s0:p00:c1 : 0000000007010A2B 0000000000000000
454.38757|FAPI|gen_mss_mcbist.H: Loading cache line pattern 0x0000000000000000 0x0000000000000000 for pu.mcbist:k0:n0:s0:p00:c0
454.38762|SCAN|TRACE : PUTSCOM     :  pu.mca:k0:n0:s0:p00:c1 : 0000000007010A2A 0000000000000000
454.38766|SCAN|TRACE : PUTSCOM     :  pu.mca:k0:n0:s0:p00:c1 : 0000000007010A2B 0000000000000000
454.38771|SCAN|TRACE : PUTSCOM     :  pu.mca:k0:n0:s0:p00:c1 : 0000000007010A2A 0000000000000000
454.38775|SCAN|TRACE : PUTSCOM     :  pu.mca:k0:n0:s0:p00:c1 : 0000000007010A2B 0000000000000000
454.38779|FAPI|gen_mss_mcbist.H: Loading the data rotate config and seeds for pu.mcbist:k0:n0:s0:p00:c0!
454.38783|SCAN|TRACE : PUTSCOM     :  pu.mcbist:k0:n0:s0:p00:c0 : 00000000070123BD 0000000000000000
454.38787|SCAN|TRACE : PUTSCOM     :  pu.mcbist:k0:n0:s0:p00:c0 : 00000000070123BC 0000000000000000
454.38792|FAPI|gen_mss_mcbist.H: load MCBIST threshold register: 0xffffffff00000000 for pu.mcbist:k0:n0:s0:p00:c0
454.38796|SCAN|TRACE : PUTSCOM     :  pu.mcbist:k0:n0:s0:p00:c0 : 0000000007012357 FFFFFFFF00000000
454.38802|SCAN|TRACE : PUTSCOM     :  pu.mcbist:k0:n0:s0:p00:c0 : 00000000070123A8 040D000000000000
454.38955|SCAN|TRACE : GETSCOM     :  pu.mcbist:k0:n0:s0:p00:c0 : 00000000070123DB 1000000000000000
454.38959|SCAN|TRACE : PUTSCOM     :  pu.mcbist:k0:n0:s0:p00:c0 : 00000000070123DB 9000000000000000
454.38964|SCAN|TRACE : GETSCOM     :  pu.mcbist:k0:n0:s0:p00:c0 : 00000000070123DC 8000000000000000
454.38966|MDIA_FAST|I>sm: init 0x100031740 on: 250000
454.38967|MDIA_FAST|I>Starting monitor...
454.38968|MDIA_FAST|I>cm: Start the CommandMonitor
455.23543|INTR|IntrRp::msgHandler() - LSI Interrupt Detected
455.23839|INTR|IntrRp::msgHandler() lsiIntStatus 0x0800000000000000
455.23990|INTR|IntrRp::msgHandler() External Interrupt found for pir: 0x0,interrupt type: 4
455.24731|ATTN_FAST|I>...intr task woke up
455.28408|ATTN_FAST|I>...prd task woke up, shutdown: 0, pending: 1
455.28409|INTR|IntrRp::completeInterruptProcessing() Removing pending interrupt for pir: 0x0,interrupt type: 4
455.28412|SCOM|doMulticastWorkaround on 00050000 for 50040018
455.28463|SCOM|doMulticastWorkaround on 00050000 for 50040009
455.28512|PRDF|>>PRDF::main() Global attnType=0005
455.29698|ERRL|E>Error created : PLID=90000009, RC=E580, Mod=0B, Userdata=0000000000000000 0000000000000000, Sev=RECOVERED
455.29999|PRDF|I>PRD Signature 00000000 00000000
455.30000|PRDF|I>PRD Signature 00050000 00000000
455.31200|SCOM|doMulticastWorkaround on 00050000 for 50040009
455.31483|SCOM|doMulticastWorkaround on 00050000 for 41010A89
455.31565|PRDF|I>PRD Signature 00050000 C4EB0000
455.31568|PRDF|I>PRD Signature 00050000 C4EB0007
455.32500|PRDF|I>PRD Signature 00050000 C4EB0007
455.32535|PRDF|I>PRD Signature 00250000 00000000
455.32698|PRDF|I>PRD Signature 00250000 F5CC0000
455.32703|PRDF|I>PRD Signature 00250000 F5CC0009
455.32705|PRDF|I>PRD Signature 00250000 F5CC0009
455.32953|PRDF|I>PRD Signature 00250000 59930000
455.32962|PRDF|I>PRD Signature 00250000 5993000A
455.32964|PRDF|I>PRD Signature 00250000 5993000A
455.33426|FAPI|mcbist.C: pu.mcbist:k0:n0:s0:p00:c0 chip and attributes allow for BC mode
455.33436|FAPI|mcbist.C: MCA vector from pu.mcbist:k0:n0:s0:p00:c0 has the same number of DIMMs per port: 1 - is broadcast capable
455.33460|FAPI|mcbist.C: DIMM kinds vector starting with dimm:k0:n0:s0:p02 RDIMM (DDR4) has the kinds for all DIMM's - is broadcast capable
455.33462|FAPI|mcbist.C: pu.mcbist:k0:n0:s0:p00:c0 is broadcast capable
455.33464|MDIA_FAST|I>sm: processMaintCommandEvent
455.33466|MDIA_FAST|I>sm: processing event for: 250000, target: 250000, type: 2
455.35671|IPMI|wd: resetWatchDogTimer
455.35672|IPMI|rp: queuing sync 18:22
455.35673|IPMI|rp: W>Got message (0x18:0x22): l_is_pnor: 0
455.35683|IPMI|dd: I>write ok 18:22 seq 2f len 0
455.37365|IPMI|dd: I>read b2h ok 1c:22 seq 2f len 0 cc 0
455.39436|PRDF|[MemTdCtlr::defaultStep] The TD command made it to the end of memory on chip: 0x00250000
455.39747|MDIA_FAST|I>sm: processMaintCommandEvent
455.39749|MDIA_FAST|I>sm: processing event for: 250000, target: 250000, type: 0
455.39754|MDIA_FAST|I>sm: dispatching work item 12 for: 0x00250000, priority: 2, unit: 0
455.39820|PRDF|<<PRDF::main()
455.39826|MDIA_FAST|I>sm: executing work item 12 for: 0x00250000
455.39829|FAPI|gen_mss_memdiags.H: superfast read - start for pu.mcbist:k0:n0:s0:p00:c0
455.39832|FAPI|gen_mss_mcbist_settings.H: setting up constraints with stop 0xffffffff340001c0
455.39835|FAPI|gen_mss_mcbist_settings.H: setting up constraints with start address 0x0000000000000000
455.39838|FAPI|gen_mss_mcbist_settings.H: setting up constraints with end boundary 6 and speed 0x0
455.39840|FAPI|gen_mss_memdiags.H: multi-port init for pu.mcbist:k0:n0:s0:p00:c0
455.39849|FAPI|memdiags.C: multi-port init internal for pu.mcbist:k0:n0:s0:p00:c0
455.39856|FAPI|memdiags.C: pu.mcbist:k0:n0:s0:p00:c0 start port/dimm: 0 end port/dimm: 7
455.39859|FAPI|mcbist.C: pu.mcbist:k0:n0:s0:p00:c0 chip and attributes allow for BC mode
455.39868|FAPI|mcbist.C: MCA vector from pu.mcbist:k0:n0:s0:p00:c0 has the same number of DIMMs per port: 1 - is broadcast capable
455.39891|FAPI|mcbist.C: DIMM kinds vector starting with dimm:k0:n0:s0:p02 RDIMM (DDR4) has the kinds for all DIMM's - is broadcast capable
455.39893|FAPI|mcbist.C: pu.mcbist:k0:n0:s0:p00:c0 is broadcast capable
455.39899|FAPI|memdiags.C: 1 DIMMs under pu.mca:k0:n0:s0:p00:c1
455.39903|FAPI|memdiags.C: Start port_dimm address 0, pu.mca:k0:n0:s0:p00:c1 first configured mca start address 2
455.39910|FAPI|memdiags.C: Updated 1 DIMMs on the MCBIST to 1 on the first configured MCA due to broadcast mode for pu.mcbist:k0:n0:s0:p00:c0
455.39915|FAPI|memdiags.C: last addr in start port 0x00000007ffffffff first addr in end port 0x0000003000000000 for pu.mcbist:k0:n0:s0:p00:c0
455.39921|FAPI|gen_mss_mcbist.H: config MCBIST address range 0 start: 0x0000000000000000 (0x0000000000000000), end/len 0x00000007ffffffff (0x1ffffffffc000000)
455.39927|SCAN|TRACE : PUTSCOM     :  pu.mcbist:k0:n0:s0:p00:c0 : 00000000070123CC 0000000000000000
455.39931|SCAN|TRACE : PUTSCOM     :  pu.mcbist:k0:n0:s0:p00:c0 : 00000000070123CE 1FFFFFFFFC000000
455.39937|FAPI|gen_mss_mcbist.H: config MCBIST address range 1 start: 0x0000000000000000 (0x0000000000000000), end/len 0x0000003fffffffff (0xfffffffffc000000)
455.39941|SCAN|TRACE : PUTSCOM     :  pu.mcbist:k0:n0:s0:p00:c0 : 00000000070123CD 0000000000000000
455.39946|SCAN|TRACE : PUTSCOM     :  pu.mcbist:k0:n0:s0:p00:c0 : 00000000070123CF FFFFFFFFFC000000
455.39952|FAPI|gen_mss_mcbist.H: config MCBIST address range 2 start: 0x0000003000000000 (0xc000000000000000), end/len 0x0000003fffffffff (0xfffffffffc000000)
455.39956|SCAN|TRACE : PUTSCOM     :  pu.mcbist:k0:n0:s0:p00:c0 : 00000000070123D0 C000000000000000
455.40115|SCAN|TRACE : PUTSCOM     :  pu.mcbist:k0:n0:s0:p00:c0 : 00000000070123D2 FFFFFFFFFC000000
455.40118|FAPI|memdiags.C: Adding subtests for 1 DIMMs on pu.mcbist:k0:n0:s0:p00:c0
455.40121|FAPI|memdiags.C: pu.mcbist:k0:n0:s0:p00:c0 port/dimm 2, port/dimm start: 0
455.40123|FAPI|gen_mss_mcbist.H: changed address select to index 1 (0x1409)
455.40127|FAPI|memdiags.C: adding subtest for pu.mcbist:k0:n0:s0:p00:c0 (port: 1 dimm 0 dimm relative position to MCBIST: )
455.40129|FAPI|memdiags.C: Total subtests added: 1 for pu.mcbist:k0:n0:s0:p00:c0
455.40131|FAPI|gen_mss_memdiags.H: memdiags base init for pu.mcbist:k0:n0:s0:p00:c0
455.40135|FAPI|gen_mss_memdiags.H: Stopping any mcbist operations which are in progress for pu.mcbist:k0:n0:s0:p00:c0
455.40139|SCAN|TRACE : GETSCOM     :  pu.mcbist:k0:n0:s0:p00:c0 : 00000000070123DB 1000000000000000
455.40144|SCAN|TRACE : PUTSCOM     :  pu.mcbist:k0:n0:s0:p00:c0 : 00000000070123DB 5000000000000000
455.40148|SCAN|TRACE : GETSCOM     :  pu.mcbist:k0:n0:s0:p00:c0 : 00000000070123DC 0000000000000000
455.40153|SCAN|TRACE : GETSCOM     :  pu.mcbist:k0:n0:s0:p00:c0 : 00000000070123D7 00FFFF3FED000000
455.40157|FAPI|gen_mss_memdiags.H: MCBIST last address (during stop): 0x00ffff3fed000000 for pu.mcbist:k0:n0:s0:p00:c0
455.40158|FAPI|gen_mss_mcbist.H: change MCBIST pattern index 11
455.41196|FAPI|gen_mss_mcbist.H: load MCBIST end boundaries 0x0000000000000006 detect slave? yes
455.41199|FAPI|gen_mss_mcbist.H: mcbist select ports: iv_control 0x3c00000000000000 (ports: 0xf)
455.41202|FAPI|mcbist.C: pu.mcbist:k0:n0:s0:p00:c0 chip and attributes allow for BC mode
455.41212|FAPI|mcbist.C: MCA vector from pu.mcbist:k0:n0:s0:p00:c0 has the same number of DIMMs per port: 1 - is broadcast capable
455.41235|FAPI|mcbist.C: DIMM kinds vector starting with dimm:k0:n0:s0:p02 RDIMM (DDR4) has the kinds for all DIMM's - is broadcast capable
455.41236|FAPI|mcbist.C: pu.mcbist:k0:n0:s0:p00:c0 is broadcast capable
455.41239|FAPI|mcbist.C: pu.mcbist:k0:n0:s0:p00:c0 is broadcast capable, enabling broadcast mode
455.41245|FAPI|gen_mss_mcbist.H: mcbist select ports: iv_control 0x1000000000000000 (ports: 0x4)
455.41248|FAPI|gen_mss_mcbist.H: Clear MCBIST error state for pu.mcbist:k0:n0:s0:p00:c0
455.41252|SCAN|TRACE : PUTSCOM     :  pu.mcbist:k0:n0:s0:p00:c0 : 0000000007012366 0000000000000000
455.41256|SCAN|TRACE : PUTSCOM     :  pu.mcbist:k0:n0:s0:p00:c0 : 0000000007012355 0000000000000000
455.41261|SCAN|TRACE : PUTSCOM     :  pu.mcbist:k0:n0:s0:p00:c0 : 0000000007012356 0000000000000000
455.41265|SCAN|TRACE : PUTSCOM     :  pu.mcbist:k0:n0:s0:p00:c0 : 0000000007012300 0000000000000000
455.41273|SCAN|TRACE : GETSCOM     :  pu.mca:k0:n0:s0:p00:c1 : 000000000701090D 77FFE00033F7FD00
455.41277|SCAN|TRACE : PUTSCOM     :  pu.mca:k0:n0:s0:p00:c1 : 000000000701090D 77FFE00033F7FD00
455.41285|SCAN|TRACE : GETSCOM     :  pu.mca:k0:n0:s0:p00:c1 : 000000000701090E FE000881F0010042
455.41289|SCAN|TRACE : PUTSCOM     :  pu.mca:k0:n0:s0:p00:c1 : 000000000701090E FE000881F0010042
455.41293|FAPI|gen_mss_mcbist.H: loading MCBIST Address Generation 0x0038000000000000 for pu.mcbist:k0:n0:s0:p00:c0
455.41297|SCAN|TRACE : PUTSCOM     :  pu.mcbist:k0:n0:s0:p00:c0 : 00000000070123D6 0038000000000000
455.41301|FAPI|gen_mss_mcbist.H: load MCBIST parameter register: 0x0000000000000000 for pu.mcbist:k0:n0:s0:p00:c0
455.41305|SCAN|TRACE : PUTSCOM     :  pu.mcbist:k0:n0:s0:p00:c0 : 00000000070123AF 0000000000000000
455.41309|FAPI|gen_mss_mcbist.H: load MCBIST address map register 0: 0x0000000000000000 for pu.mcbist:k0:n0:s0:p00:c0
455.41314|SCAN|TRACE : PUTSCOM     :  pu.mcbist:k0:n0:s0:p00:c0 : 00000000070123C8 0000000000000000
455.41318|FAPI|gen_mss_mcbist.H: load MCBIST address map register 1: 0x0000000000000000 for pu.mcbist:k0:n0:s0:p00:c0
455.41322|SCAN|TRACE : PUTSCOM     :  pu.mcbist:k0:n0:s0:p00:c0 : 00000000070123C9 0000000000000000
455.41326|FAPI|gen_mss_mcbist.H: load MCBIST address map register 2: 0x0000000000000000 for pu.mcbist:k0:n0:s0:p00:c0
455.41330|SCAN|TRACE : PUTSCOM     :  pu.mcbist:k0:n0:s0:p00:c0 : 00000000070123CA 0000000000000000
455.41334|FAPI|gen_mss_mcbist.H: load MCBIST address map register 3: 0x0000000000000000 for pu.mcbist:k0:n0:s0:p00:c0
455.41339|SCAN|TRACE : PUTSCOM     :  pu.mcbist:k0:n0:s0:p00:c0 : 00000000070123CB 0000000000000000
455.41342|FAPI|gen_mss_mcbist.H: pu.mcbist:k0:n0:s0:p00:c0 loading MCBIST Config 0xff000000000000c1
455.41347|SCAN|TRACE : PUTSCOM     :  pu.mcbist:k0:n0:s0:p00:c0 : 00000000070123E0 FF000000000000C1
455.41350|FAPI|gen_mss_mcbist.H: loading MCBIST Control 0x1000000000000000 for pu.mcbist:k0:n0:s0:p00:c0
455.41354|SCAN|TRACE : PUTSCOM     :  pu.mcbist:k0:n0:s0:p00:c0 : 00000000070123DB 1000000000000000
455.41357|FAPI|gen_mss_mcbist.H: Loading the data pattern seeds for pu.mcbist:k0:n0:s0:p00:c0!
455.41360|FAPI|gen_mss_mcbist.H: Loading the 24b Random data pattern seeds for pu.mcbist:k0:n0:s0:p00:c0!
455.41363|FAPI|gen_mss_mcbist.H: Loading 24b random seed index 0 for pu.mcbist:k0:n0:s0:p00:c0
455.41366|FAPI|gen_mss_mcbist.H: Loading 24b random seed index 1 for pu.mcbist:k0:n0:s0:p00:c0
455.41369|FAPI|gen_mss_mcbist.H: Loading 24b random seeds 0 and 1 0x0102030405060000 for pu.mcbist:k0:n0:s0:p00:c0
455.41373|SCAN|TRACE : PUTSCOM     :  pu.mcbist:k0:n0:s0:p00:c0 : 00000000070123B2 0102030405060000
455.41376|FAPI|gen_mss_mcbist.H: Loading 24b random seed index 2 for pu.mcbist:k0:n0:s0:p00:c0
455.41379|FAPI|gen_mss_mcbist.H: Loading 24b random seed map index 0  for pu.mcbist:k0:n0:s0:p00:c0
455.41382|FAPI|gen_mss_mcbist.H: Loading 24b random seed map index 1  for pu.mcbist:k0:n0:s0:p00:c0
455.41385|FAPI|gen_mss_mcbist.H: Loading 24b random seed map index 2  for pu.mcbist:k0:n0:s0:p00:c0
455.41387|FAPI|gen_mss_mcbist.H: Loading 24b random seed map index 3  for pu.mcbist:k0:n0:s0:p00:c0
455.41390|FAPI|gen_mss_mcbist.H: Loading 24b random seed map index 4  for pu.mcbist:k0:n0:s0:p00:c0
455.41393|FAPI|gen_mss_mcbist.H: Loading 24b random seed map index 5  for pu.mcbist:k0:n0:s0:p00:c0
455.41396|FAPI|gen_mss_mcbist.H: Loading 24b random seed map index 6  for pu.mcbist:k0:n0:s0:p00:c0
455.41399|FAPI|gen_mss_mcbist.H: Loading 24b random seed map index 7  for pu.mcbist:k0:n0:s0:p00:c0
455.41401|FAPI|gen_mss_mcbist.H: Loading 24b random seed map index 8  for pu.mcbist:k0:n0:s0:p00:c0
455.41406|SCAN|TRACE : PUTSCOM     :  pu.mcbist:k0:n0:s0:p00:c0 : 00000000070123B3 0708090123456780
455.41409|FAPI|gen_mss_mcbist.H: Loading the maint data pattern into the RMW buffer for pu.mcbist:k0:n0:s0:p00:c0!
455.41413|FAPI|gen_mss_mcbist.H: Loading the data rotate config and seeds for pu.mcbist:k0:n0:s0:p00:c0!
455.41417|SCAN|TRACE : PUTSCOM     :  pu.mcbist:k0:n0:s0:p00:c0 : 00000000070123BD 0000000000000000
455.41421|SCAN|TRACE : PUTSCOM     :  pu.mcbist:k0:n0:s0:p00:c0 : 00000000070123BC 0000000000000000
455.41425|FAPI|gen_mss_mcbist.H: load MCBIST threshold register: 0xffffffff340001c0 for pu.mcbist:k0:n0:s0:p00:c0
455.41429|SCAN|TRACE : PUTSCOM     :  pu.mcbist:k0:n0:s0:p00:c0 : 0000000007012357 FFFFFFFF340001C0
455.41435|SCAN|TRACE : PUTSCOM     :  pu.mcbist:k0:n0:s0:p00:c0 : 00000000070123A8 140D000000000000
455.41440|SCAN|TRACE : GETSCOM     :  pu.mcbist:k0:n0:s0:p00:c0 : 00000000070123DB 1000000000000000
455.41444|SCAN|TRACE : PUTSCOM     :  pu.mcbist:k0:n0:s0:p00:c0 : 00000000070123DB 9000000000000000
455.41449|SCAN|TRACE : GETSCOM     :  pu.mcbist:k0:n0:s0:p00:c0 : 00000000070123DC 8000000000000000
455.42500|MDIA_FAST|I>sm: scrub 0x100031740 on: 250000
456.19332|INTR|IntrRp::msgHandler() - LSI Interrupt Detected
456.19333|INTR|IntrRp::msgHandler() lsiIntStatus 0x0800000000000000
456.19336|INTR|IntrRp::msgHandler() External Interrupt found for pir: 0x0,interrupt type: 4
456.19428|ATTN_FAST|I>...intr task woke up
456.19501|ATTN_FAST|I>...prd task woke up, shutdown: 0, pending: 1
456.19501|INTR|IntrRp::completeInterruptProcessing() Removing pending interrupt for pir: 0x0,interrupt type: 4
456.19504|SCOM|doMulticastWorkaround on 00050000 for 50040018
456.19555|SCOM|doMulticastWorkaround on 00050000 for 50040009
456.19604|PRDF|>>PRDF::main() Global attnType=0005
456.19609|ERRL|E>Error created : PLID=9000000A, RC=E580, Mod=0B, Userdata=0000000000000000 0000000000000000, Sev=RECOVERED
456.19612|PRDF|I>PRD Signature 00000000 00000000
456.19614|PRDF|I>PRD Signature 00050000 00000000
456.19621|SCOM|doMulticastWorkaround on 00050000 for 50040009
456.19879|SCOM|doMulticastWorkaround on 00050000 for 41010A89
456.19958|PRDF|I>PRD Signature 00050000 C4EB0000
456.19961|PRDF|I>PRD Signature 00050000 C4EB0007
456.19964|PRDF|I>PRD Signature 00050000 C4EB0007
456.19998|PRDF|I>PRD Signature 00250000 00000000
456.20153|PRDF|I>PRD Signature 00250000 F5CC0000
456.20158|PRDF|I>PRD Signature 00250000 F5CC0009
456.21370|PRDF|I>PRD Signature 00250000 F5CC0009
456.21462|PRDF|I>PRD Signature 00250000 59930000
456.21471|PRDF|I>PRD Signature 00250000 5993000A
456.21473|PRDF|I>PRD Signature 00250000 5993000A
456.21475|MDIA_FAST|I>sm: processMaintCommandEvent
456.21477|MDIA_FAST|I>sm: processing event for: 250000, target: 250000, type: 2
456.21495|PRDF|[MemTdCtlr::defaultStep] The TD command made it to the end of memory on chip: 0x00250000
456.21511|MDIA_FAST|I>sm: processMaintCommandEvent
456.21513|MDIA_FAST|I>sm: processing event for: 250000, target: 250000, type: 0
456.21517|MDIA_FAST|I>sm: dispatching work item 13 for: 0x00250000, priority: 1, unit: 0
456.21567|MDIA_FAST|I>sm: executing work item 13 for: 0x00250000
456.21583|PRDF|<<PRDF::main()
456.22939|MDIA_FAST|I>sm: all workflows finished
456.22943|MDIA_FAST|I>sm: shutting down...
456.22944|MDIA_FAST|I>Stopping threadPool...
456.23774|MDIA_FAST|I>Stopping monitor...
456.24785|MDIA_FAST|I>cm: CommandMonitor will be shutdown
456.24789|MDIA_FAST|I>sm: ...shutdown complete
456.27532|ATTN_SLOW|I>shutting down...
456.27607|INTR|INTR remove registration of interrupt type = 0x4
456.27609|INTR|I>Removing interrupt listener: 4
456.27611|ATTN_FAST|I>...intr task woke up
456.27612|ATTN_FAST|I>interrupt task shutting down
456.27620|ATTN_FAST|I>...prd task woke up, shutdown: 1, pending: 0
456.27621|ATTN_FAST|I>prd task shutting down
456.27628|ATTN_SLOW|I>..shutdown complete
456.31038|SCAN|TRACE : GETSCOM     :  pu.mcbist:k0:n0:s0:p00:c0 : 0000000007012307 5004000000000000
456.31043|SCAN|TRACE : PUTSCOM     :  pu.mcbist:k0:n0:s0:p00:c0 : 0000000007012307 4004000000000000
456.31051|SCAN|TRACE : GETSCOM     :  pu.mca:k0:n0:s0:p00:c1 : 0000000007010A0A 0890C21F10800000
456.37428|FAPI|gen_mss_port.H: Read ECC Control register is 0x0890c21f10800000 for pu.mca:k0:n0:s0:p00:c1
456.37724|FAPI|port.H: Set ENABLE_UE_NOISE_WINDOW to 1
456.37728|FAPI|gen_mss_port.H: Change Read ECC Control register to 0x0890c23f10800000 for pu.mca:k0:n0:s0:p00:c1
456.37732|SCAN|TRACE : PUTSCOM     :  pu.mca:k0:n0:s0:p00:c1 : 0000000007010A0A 0890C23F10800000
456.39412|SCAN|TRACE : GETSCOM     :  pu.mca:k0:n0:s0:p00:c1 : 0000000007010A06 0000000000000000
456.39416|SCAN|TRACE : GETSCOM     :  pu.mca:k0:n0:s0:p00:c1 : 0000000007010A07 0000000048640000
456.39421|SCAN|TRACE : GETSCOM     :  pu.mca:k0:n0:s0:p00:c1 : 0000000007010906 0000000000000000
456.39425|SCAN|TRACE : GETSCOM     :  pu.mca:k0:n0:s0:p00:c1 : 0000000007010907 AD42000000000000
456.39430|SCAN|TRACE : GETSCOM     :  pu.mca:k0:n0:s0:p00:c1 : 000000000701090A 14A0056097000000
456.41313|FAPI|port.H: Data State machine register is 2533359616 for pu.mca:k0:n0:s0:p00:c1
456.41314|FAPI|port.H: WRDONE_DLY: 24 
456.41315|FAPI|port.H: RDTAG_DLY: 28 
456.43217|SCAN|TRACE : GETSCOM     :  pu.mca:k0:n0:s0:p00:c1 : 0000000007010913 000024804200130B
456.43218|FAPI|port.H: FARB0Q is 1107301131 for pu.mca:k0:n0:s0:p00:c1
456.43221|FAPI|port.H: Change FARB0Q_REG to 0x000024804200630b for pu.mca:k0:n0:s0:p00:c1
456.43225|SCAN|TRACE : PUTSCOM     :  pu.mca:k0:n0:s0:p00:c1 : 0000000007010913 000024804200630B
456.43227|FAPI|port.H: RCD_PROTECT_TIME 24 for pu.mca:k0:n0:s0:p00:c1
456.43232|SCAN|TRACE : PUTSCOM     :  pu.mca:k0:n0:s0:p00:c1 : 0000000007010A06 0000000000000000
456.43236|SCAN|TRACE : PUTSCOM     :  pu.mca:k0:n0:s0:p00:c1 : 0000000007010A07 000240004C640000
456.43241|SCAN|TRACE : PUTSCOM     :  pu.mca:k0:n0:s0:p00:c1 : 0000000007010A04 FFF93FFFFBFFFFFF
456.43245|SCAN|TRACE : PUTSCOM     :  pu.mca:k0:n0:s0:p00:c1 : 0000000007010906 0000000000000000
456.43250|SCAN|TRACE : PUTSCOM     :  pu.mca:k0:n0:s0:p00:c1 : 0000000007010907 AD46000000000000
456.43254|SCAN|TRACE : PUTSCOM     :  pu.mca:k0:n0:s0:p00:c1 : 0000000007010904 FFFBFFFFFFFFFFFF
456.43259|SCAN|TRACE : GETSCOM     :  pu.mca:k0:n0:s0:p00:c1 : 0000000007010A07 000240004C640000
456.43264|SCAN|TRACE : PUTSCOM     :  pu.mca:k0:n0:s0:p00:c1 : 0000000007010A07 0002400004640000
456.43269|SCAN|TRACE : GETSCOM     :  pu.mca:k0:n0:s0:p00:c1 : 0000000007010913 000024804200630B
456.43273|SCAN|TRACE : PUTSCOM     :  pu.mca:k0:n0:s0:p00:c1 : 0000000007010913 000024804200630B
456.43278|SCAN|TRACE : GETSCOM     :  pu.mca:k0:n0:s0:p00:c1 : 0000000007010913 000024804200630B
456.43282|SCAN|TRACE : PUTSCOM     :  pu.mca:k0:n0:s0:p00:c1 : 0000000007010913 000024804200610B
456.44226|SCAN|TRACE : GETSCOM     :  pu.mca:k0:n0:s0:p00:c1 : 000000000701090E FE000881F0010042
456.44231|SCAN|TRACE : PUTSCOM     :  pu.mca:k0:n0:s0:p00:c1 : 000000000701090E FC000881F0010042
456.44238|SCAN|TRACE : GETSCOM     :  pu.mca:k0:n0:s0:p00:c1 : 000000000701090D 77FFE00033F7FD00
456.44243|SCAN|TRACE : PUTSCOM     :  pu.mca:k0:n0:s0:p00:c1 : 000000000701090D 73FFE00033F7FD00
456.44390|ISTEPS_TRACE|call_mss_memdiag exit
458.07777|SCOM|doMulticastWorkaround on 00050000 for 50040018
458.07830|SCOM|doMulticastWorkaround on 00050000 for 50040009
458.08637|ERRL|I>Got an error log Msg - Type: 0x00000039
458.08638|ERRL|I>Flush message received
458.09381|INITSVC|<<doIstep: step 14, substep 1
458.09531|INITSVC|>>doIstep: step 14, substep 2, task mss_thermal_init
