444.44971|ISTEP 13.12 - mss_draminit_trainadv
444.46510|IPMI|wd: resetWatchDogTimer
444.46512|IPMI|rp: queuing sync 18:22
444.46513|IPMI|rp: W>Got message (0x18:0x22): l_is_pnor: 0
444.46518|IPMI|dd: I>write ok 18:22 seq 92 len 0
444.49789|IPMI|dd: I>read b2h ok 1c:22 seq 92 len 0 cc 0
444.49796|ISTEPS_TRACE|call_mss_draminit_trainingadv entry
444.49874|ISTEPS_TRACE|Running p9_mss_draminit_training_adv HWP on target HUID 00250000
444.49877|FAPI|p9_mss_draminit_training_adv.C: Start draminit training advance pu.mcbist:k0:n0:s0:p00:c0
444.49888|FAPI|mss_training.C: Running factory for cal_steps:0x00000c00 hardware mode
444.49890|FAPI|mss_training.C: Custom RD_CTR and Custom WR_CTR are enabled
444.49897|FAPI|mss_training.C: pu.mca:k0:n0:s0:p00:c1 rp0 running CUSTOM_WRRD_CTR
444.49901|FAPI|mss_training.H: pu.mca:k0:n0:s0:p00:c1 RP0 cal step 'CUSTOM_WRRD_CTR' has no pre-cal step workaround.
444.49907|SCAN|TRACE : GETSCOM     :  pu.mca:k0:n0:s0:p00:c1 : 800000500701103F 0000000000004E4C
444.49912|SCAN|TRACE : GETSCOM     :  pu.mca:k0:n0:s0:p00:c1 : 800000510701103F 0000000000004E4C
444.49916|SCAN|TRACE : GETSCOM     :  pu.mca:k0:n0:s0:p00:c1 : 800000520701103F 0000000000004C4A
444.49921|SCAN|TRACE : GETSCOM     :  pu.mca:k0:n0:s0:p00:c1 : 800000530701103F 0000000000005248
444.49926|SCAN|TRACE : GETSCOM     :  pu.mca:k0:n0:s0:p00:c1 : 800000540701103F 000000000000524A
444.49931|SCAN|TRACE : GETSCOM     :  pu.mca:k0:n0:s0:p00:c1 : 800000550701103F 000000000000564C
444.49936|SCAN|TRACE : GETSCOM     :  pu.mca:k0:n0:s0:p00:c1 : 800000560701103F 0000000000005052
444.49941|SCAN|TRACE : GETSCOM     :  pu.mca:k0:n0:s0:p00:c1 : 800000570701103F 0000000000005250
444.49945|SCAN|TRACE : GETSCOM     :  pu.mca:k0:n0:s0:p00:c1 : 800004500701103F 0000000000004A4C
444.49950|SCAN|TRACE : GETSCOM     :  pu.mca:k0:n0:s0:p00:c1 : 800004510701103F 0000000000004C4C
444.49955|SCAN|TRACE : GETSCOM     :  pu.mca:k0:n0:s0:p00:c1 : 800004520701103F 000000000000484A
444.49960|SCAN|TRACE : GETSCOM     :  pu.mca:k0:n0:s0:p00:c1 : 800004530701103F 0000000000004646
444.49965|SCAN|TRACE : GETSCOM     :  pu.mca:k0:n0:s0:p00:c1 : 800004540701103F 0000000000005454
444.49969|SCAN|TRACE : GETSCOM     :  pu.mca:k0:n0:s0:p00:c1 : 800004550701103F 0000000000005452
444.49974|SCAN|TRACE : GETSCOM     :  pu.mca:k0:n0:s0:p00:c1 : 800004560701103F 0000000000005250
444.49979|SCAN|TRACE : GETSCOM     :  pu.mca:k0:n0:s0:p00:c1 : 800004570701103F 0000000000005A4E
444.49984|SCAN|TRACE : GETSCOM     :  pu.mca:k0:n0:s0:p00:c1 : 800008500701103F 000000000000504A
444.49989|SCAN|TRACE : GETSCOM     :  pu.mca:k0:n0:s0:p00:c1 : 800008510701103F 0000000000004E50
444.49994|SCAN|TRACE : GETSCOM     :  pu.mca:k0:n0:s0:p00:c1 : 800008520701103F 0000000000005256
444.49999|SCAN|TRACE : GETSCOM     :  pu.mca:k0:n0:s0:p00:c1 : 800008530701103F 000000000000564E
444.50004|SCAN|TRACE : GETSCOM     :  pu.mca:k0:n0:s0:p00:c1 : 800008540701103F 0000000000004A44
444.50009|SCAN|TRACE : GETSCOM     :  pu.mca:k0:n0:s0:p00:c1 : 800008550701103F 000000000000464C
444.50014|SCAN|TRACE : GETSCOM     :  pu.mca:k0:n0:s0:p00:c1 : 800008560701103F 0000000000004844
444.50019|SCAN|TRACE : GETSCOM     :  pu.mca:k0:n0:s0:p00:c1 : 800008570701103F 0000000000004A48
444.50023|SCAN|TRACE : GETSCOM     :  pu.mca:k0:n0:s0:p00:c1 : 80000C500701103F 0000000000004C50
444.50028|SCAN|TRACE : GETSCOM     :  pu.mca:k0:n0:s0:p00:c1 : 80000C510701103F 0000000000004244
444.50033|SCAN|TRACE : GETSCOM     :  pu.mca:k0:n0:s0:p00:c1 : 80000C520701103F 0000000000004A4E
444.50038|SCAN|TRACE : GETSCOM     :  pu.mca:k0:n0:s0:p00:c1 : 80000C530701103F 0000000000004848
444.50043|SCAN|TRACE : GETSCOM     :  pu.mca:k0:n0:s0:p00:c1 : 80000C540701103F 000000000000544E
444.50048|SCAN|TRACE : GETSCOM     :  pu.mca:k0:n0:s0:p00:c1 : 80000C550701103F 0000000000004E4E
444.50052|SCAN|TRACE : GETSCOM     :  pu.mca:k0:n0:s0:p00:c1 : 80000C560701103F 000000000000564E
444.50057|SCAN|TRACE : GETSCOM     :  pu.mca:k0:n0:s0:p00:c1 : 80000C570701103F 000000000000584E
444.50062|SCAN|TRACE : GETSCOM     :  pu.mca:k0:n0:s0:p00:c1 : 800010500701103F 0000000000004850
444.50067|SCAN|TRACE : GETSCOM     :  pu.mca:k0:n0:s0:p00:c1 : 800010510701103F 0000000000004A48
444.50072|SCAN|TRACE : GETSCOM     :  pu.mca:k0:n0:s0:p00:c1 : 800010520701103F 0000000000004C4E
444.50142|SCAN|TRACE : GETSCOM     :  pu.mca:k0:n0:s0:p00:c1 : 800010530701103F 0000000000004C4C
444.50147|SCAN|TRACE : GETSCOM     :  pu.mca:k0:n0:s0:p00:c1 : 800000090701103F 000000000000BB77
444.50152|SCAN|TRACE : GETSCOM     :  pu.mca:k0:n0:s0:p00:c1 : 800004090701103F 000000000000FF33
444.50156|SCAN|TRACE : GETSCOM     :  pu.mca:k0:n0:s0:p00:c1 : 800008090701103F 000000000000FFFF
444.50161|SCAN|TRACE : GETSCOM     :  pu.mca:k0:n0:s0:p00:c1 : 80000C090701103F 000000000000FF33
444.50166|SCAN|TRACE : GETSCOM     :  pu.mca:k0:n0:s0:p00:c1 : 800010090701103F 0000000000007700
444.50171|SCAN|TRACE : GETSCOM     :  pu.mca:k0:n0:s0:p00:c1 : 8000007C0701103F 0000000000000000
444.50176|SCAN|TRACE : GETSCOM     :  pu.mca:k0:n0:s0:p00:c1 : 8000007D0701103F 0000000000000000
444.50181|SCAN|TRACE : GETSCOM     :  pu.mca:k0:n0:s0:p00:c1 : 8000047C0701103F 0000000000000000
444.50186|SCAN|TRACE : GETSCOM     :  pu.mca:k0:n0:s0:p00:c1 : 8000047D0701103F 0000000000000000
444.50191|SCAN|TRACE : GETSCOM     :  pu.mca:k0:n0:s0:p00:c1 : 8000087C0701103F 0000000000000000
444.50195|SCAN|TRACE : GETSCOM     :  pu.mca:k0:n0:s0:p00:c1 : 8000087D0701103F 0000000000000000
444.50200|SCAN|TRACE : GETSCOM     :  pu.mca:k0:n0:s0:p00:c1 : 80000C7C0701103F 0000000000000000
444.50205|SCAN|TRACE : GETSCOM     :  pu.mca:k0:n0:s0:p00:c1 : 80000C7D0701103F 0000000000000000
444.50210|SCAN|TRACE : GETSCOM     :  pu.mca:k0:n0:s0:p00:c1 : 8000107C0701103F 00000000000000FF
444.50215|SCAN|TRACE : GETSCOM     :  pu.mca:k0:n0:s0:p00:c1 : 8000107D0701103F 0000000000000000
444.50220|SCAN|TRACE : GETSCOM     :  pu.mca:k0:n0:s0:p00:c1 : 800000600701103F 0000000000003C3C
444.50225|SCAN|TRACE : GETSCOM     :  pu.mca:k0:n0:s0:p00:c1 : 800000610701103F 0000000000003B3C
444.50229|SCAN|TRACE : GETSCOM     :  pu.mca:k0:n0:s0:p00:c1 : 800000620701103F 0000000000003C3D
444.50234|SCAN|TRACE : GETSCOM     :  pu.mca:k0:n0:s0:p00:c1 : 800000630701103F 0000000000003F3E
444.50239|SCAN|TRACE : GETSCOM     :  pu.mca:k0:n0:s0:p00:c1 : 800000640701103F 0000000000003E3D
444.50244|SCAN|TRACE : GETSCOM     :  pu.mca:k0:n0:s0:p00:c1 : 800000650701103F 0000000000003D3E
444.50249|SCAN|TRACE : GETSCOM     :  pu.mca:k0:n0:s0:p00:c1 : 800000660701103F 0000000000003C3C
444.50254|SCAN|TRACE : GETSCOM     :  pu.mca:k0:n0:s0:p00:c1 : 800000670701103F 0000000000003D3C
444.50259|SCAN|TRACE : GETSCOM     :  pu.mca:k0:n0:s0:p00:c1 : 800000680701103F 0000000000000000
444.50264|SCAN|TRACE : GETSCOM     :  pu.mca:k0:n0:s0:p00:c1 : 800000690701103F 0000000000000000
444.50269|SCAN|TRACE : GETSCOM     :  pu.mca:k0:n0:s0:p00:c1 : 8000006A0701103F 0000000000000000
444.50274|SCAN|TRACE : GETSCOM     :  pu.mca:k0:n0:s0:p00:c1 : 8000006B0701103F 0000000000000000
444.50279|SCAN|TRACE : GETSCOM     :  pu.mca:k0:n0:s0:p00:c1 : 800004600701103F 000000000000393C
444.50284|SCAN|TRACE : GETSCOM     :  pu.mca:k0:n0:s0:p00:c1 : 800004610701103F 0000000000003C3E
444.50288|SCAN|TRACE : GETSCOM     :  pu.mca:k0:n0:s0:p00:c1 : 800004620701103F 0000000000003D3E
444.50293|SCAN|TRACE : GETSCOM     :  pu.mca:k0:n0:s0:p00:c1 : 800004630701103F 0000000000003E3D
444.50298|SCAN|TRACE : GETSCOM     :  pu.mca:k0:n0:s0:p00:c1 : 800004640701103F 0000000000003C3D
444.50302|SCAN|TRACE : GETSCOM     :  pu.mca:k0:n0:s0:p00:c1 : 800004650701103F 0000000000003D3D
444.50307|SCAN|TRACE : GETSCOM     :  pu.mca:k0:n0:s0:p00:c1 : 800004660701103F 0000000000003E3D
444.50312|SCAN|TRACE : GETSCOM     :  pu.mca:k0:n0:s0:p00:c1 : 800004670701103F 0000000000003D3E
444.50317|SCAN|TRACE : GETSCOM     :  pu.mca:k0:n0:s0:p00:c1 : 800004680701103F 0000000000000000
444.50322|SCAN|TRACE : GETSCOM     :  pu.mca:k0:n0:s0:p00:c1 : 800004690701103F 0000000000000000
444.50326|SCAN|TRACE : GETSCOM     :  pu.mca:k0:n0:s0:p00:c1 : 8000046A0701103F 0000000000000000
444.50332|SCAN|TRACE : GETSCOM     :  pu.mca:k0:n0:s0:p00:c1 : 8000046B0701103F 0000000000000000
444.50337|SCAN|TRACE : GETSCOM     :  pu.mca:k0:n0:s0:p00:c1 : 800008600701103F 0000000000003E3D
444.50342|SCAN|TRACE : GETSCOM     :  pu.mca:k0:n0:s0:p00:c1 : 800008610701103F 0000000000003C3E
444.50347|SCAN|TRACE : GETSCOM     :  pu.mca:k0:n0:s0:p00:c1 : 800008620701103F 0000000000003C3C
444.50352|SCAN|TRACE : GETSCOM     :  pu.mca:k0:n0:s0:p00:c1 : 800008630701103F 0000000000003D3C
444.50356|SCAN|TRACE : GETSCOM     :  pu.mca:k0:n0:s0:p00:c1 : 800008640701103F 0000000000003A3E
444.50361|SCAN|TRACE : GETSCOM     :  pu.mca:k0:n0:s0:p00:c1 : 800008650701103F 0000000000003C3D
444.50366|SCAN|TRACE : GETSCOM     :  pu.mca:k0:n0:s0:p00:c1 : 800008660701103F 0000000000003E3F
444.50371|SCAN|TRACE : GETSCOM     :  pu.mca:k0:n0:s0:p00:c1 : 800008670701103F 0000000000003E3D
444.50376|SCAN|TRACE : GETSCOM     :  pu.mca:k0:n0:s0:p00:c1 : 800008680701103F 0000000000000000
444.50381|SCAN|TRACE : GETSCOM     :  pu.mca:k0:n0:s0:p00:c1 : 800008690701103F 0000000000000000
444.50386|SCAN|TRACE : GETSCOM     :  pu.mca:k0:n0:s0:p00:c1 : 8000086A0701103F 0000000000000000
444.50391|SCAN|TRACE : GETSCOM     :  pu.mca:k0:n0:s0:p00:c1 : 8000086B0701103F 0000000000000000
444.50396|SCAN|TRACE : GETSCOM     :  pu.mca:k0:n0:s0:p00:c1 : 80000C600701103F 0000000000003E3F
444.50401|SCAN|TRACE : GETSCOM     :  pu.mca:k0:n0:s0:p00:c1 : 80000C610701103F 0000000000003F3E
444.50406|SCAN|TRACE : GETSCOM     :  pu.mca:k0:n0:s0:p00:c1 : 80000C620701103F 0000000000003C3C
444.50410|SCAN|TRACE : GETSCOM     :  pu.mca:k0:n0:s0:p00:c1 : 80000C630701103F 0000000000003C3D
444.50415|SCAN|TRACE : GETSCOM     :  pu.mca:k0:n0:s0:p00:c1 : 80000C640701103F 0000000000003F3E
444.50420|SCAN|TRACE : GETSCOM     :  pu.mca:k0:n0:s0:p00:c1 : 80000C650701103F 0000000000003E3F
444.50425|SCAN|TRACE : GETSCOM     :  pu.mca:k0:n0:s0:p00:c1 : 80000C660701103F 0000000000003A3D
444.50430|SCAN|TRACE : GETSCOM     :  pu.mca:k0:n0:s0:p00:c1 : 80000C670701103F 000000000000393A
444.50434|SCAN|TRACE : GETSCOM     :  pu.mca:k0:n0:s0:p00:c1 : 80000C680701103F 0000000000000000
444.50439|SCAN|TRACE : GETSCOM     :  pu.mca:k0:n0:s0:p00:c1 : 80000C690701103F 0000000000000000
444.50444|SCAN|TRACE : GETSCOM     :  pu.mca:k0:n0:s0:p00:c1 : 80000C6A0701103F 0000000000000000
444.50449|SCAN|TRACE : GETSCOM     :  pu.mca:k0:n0:s0:p00:c1 : 80000C6B0701103F 0000000000000000
444.50453|SCAN|TRACE : GETSCOM     :  pu.mca:k0:n0:s0:p00:c1 : 800010600701103F 0000000000003F3F
444.50458|SCAN|TRACE : GETSCOM     :  pu.mca:k0:n0:s0:p00:c1 : 800010610701103F 0000000000003E3F
444.50463|SCAN|TRACE : GETSCOM     :  pu.mca:k0:n0:s0:p00:c1 : 800010620701103F 0000000000003B3D
444.50468|SCAN|TRACE : GETSCOM     :  pu.mca:k0:n0:s0:p00:c1 : 800010630701103F 0000000000003B3F
444.50472|SCAN|TRACE : GETSCOM     :  pu.mca:k0:n0:s0:p00:c1 : 800010640701103F 0000000000000000
444.50478|SCAN|TRACE : GETSCOM     :  pu.mca:k0:n0:s0:p00:c1 : 800010650701103F 0000000000000000
444.50482|SCAN|TRACE : GETSCOM     :  pu.mca:k0:n0:s0:p00:c1 : 800010660701103F 0000000000000000
444.50487|SCAN|TRACE : GETSCOM     :  pu.mca:k0:n0:s0:p00:c1 : 800010670701103F 0000000000000000
444.50492|SCAN|TRACE : GETSCOM     :  pu.mca:k0:n0:s0:p00:c1 : 800010680701103F 0000000000000000
444.50497|SCAN|TRACE : GETSCOM     :  pu.mca:k0:n0:s0:p00:c1 : 800010690701103F 0000000000000000
444.50501|SCAN|TRACE : GETSCOM     :  pu.mca:k0:n0:s0:p00:c1 : 8000106A0701103F 0000000000000000
444.50506|SCAN|TRACE : GETSCOM     :  pu.mca:k0:n0:s0:p00:c1 : 8000106B0701103F 0000000000000000
444.50513|SCAN|TRACE : GETSCOM     :  pu.mca:k0:n0:s0:p00:c1 : 8000C0170701103F 000000000000FE13
444.50514|FAPI|phy_cntrl.H: Read pc_init_cal_config1: 0x000000000000fe13
444.50516|FAPI|phy_cntrl.H: set init_cal refresh_control: 0
444.50517|FAPI|phy_cntrl.H: Writing to pc_init_cal_config1: 0x000000000000f213
444.50522|SCAN|TRACE : PUTSCOM     :  pu.mca:k0:n0:s0:p00:c1 : 8000C0170701103F 000000000000F213
444.50524|FAPI|ddr_phy.C: pu.mca:k0:n0:s0:p00:c1 rank pair: 0
444.50529|FAPI|rank.H: get_pair_valid (rp0, r0): 0x1
444.50531|FAPI|rank.H: get_rank_field (rp0, r0): 0x0
444.50532|FAPI|rank.H: get_pair_valid (rp0, r1): 0x0
444.50534|FAPI|rank.H: get_pair_valid (rp0, r2): 0x0
444.50535|FAPI|rank.H: get_pair_valid (rp0, r3): 0x0
444.50541|FAPI|ddr_phy.C: dimm:k0:n0:s0:p02 RDIMM (DDR4) rank pair 0 is on dimm: dimm:k0:n0:s0:p02 RDIMM (DDR4)
444.50546|SCAN|TRACE : GETSCOM     :  pu.mca:k0:n0:s0:p00:c1 : 800000500701103F 0000000000004E4C
444.50551|SCAN|TRACE : GETSCOM     :  pu.mca:k0:n0:s0:p00:c1 : 800000510701103F 0000000000004E4C
444.50556|SCAN|TRACE : GETSCOM     :  pu.mca:k0:n0:s0:p00:c1 : 800000520701103F 0000000000004C4A
444.50560|SCAN|TRACE : GETSCOM     :  pu.mca:k0:n0:s0:p00:c1 : 800000530701103F 0000000000005248
444.50566|SCAN|TRACE : GETSCOM     :  pu.mca:k0:n0:s0:p00:c1 : 800000540701103F 000000000000524A
444.50570|SCAN|TRACE : GETSCOM     :  pu.mca:k0:n0:s0:p00:c1 : 800000550701103F 000000000000564C
444.50575|SCAN|TRACE : GETSCOM     :  pu.mca:k0:n0:s0:p00:c1 : 800000560701103F 0000000000005052
444.50580|SCAN|TRACE : GETSCOM     :  pu.mca:k0:n0:s0:p00:c1 : 800000570701103F 0000000000005250
444.50585|SCAN|TRACE : GETSCOM     :  pu.mca:k0:n0:s0:p00:c1 : 800004500701103F 0000000000004A4C
444.50590|SCAN|TRACE : GETSCOM     :  pu.mca:k0:n0:s0:p00:c1 : 800004510701103F 0000000000004C4C
444.50595|SCAN|TRACE : GETSCOM     :  pu.mca:k0:n0:s0:p00:c1 : 800004520701103F 000000000000484A
444.50600|SCAN|TRACE : GETSCOM     :  pu.mca:k0:n0:s0:p00:c1 : 800004530701103F 0000000000004646
444.50605|SCAN|TRACE : GETSCOM     :  pu.mca:k0:n0:s0:p00:c1 : 800004540701103F 0000000000005454
444.50609|SCAN|TRACE : GETSCOM     :  pu.mca:k0:n0:s0:p00:c1 : 800004550701103F 0000000000005452
444.50614|SCAN|TRACE : GETSCOM     :  pu.mca:k0:n0:s0:p00:c1 : 800004560701103F 0000000000005250
444.50619|SCAN|TRACE : GETSCOM     :  pu.mca:k0:n0:s0:p00:c1 : 800004570701103F 0000000000005A4E
444.50624|SCAN|TRACE : GETSCOM     :  pu.mca:k0:n0:s0:p00:c1 : 800008500701103F 000000000000504A
444.50629|SCAN|TRACE : GETSCOM     :  pu.mca:k0:n0:s0:p00:c1 : 800008510701103F 0000000000004E50
444.50634|SCAN|TRACE : GETSCOM     :  pu.mca:k0:n0:s0:p00:c1 : 800008520701103F 0000000000005256
444.50639|SCAN|TRACE : GETSCOM     :  pu.mca:k0:n0:s0:p00:c1 : 800008530701103F 000000000000564E
444.50644|SCAN|TRACE : GETSCOM     :  pu.mca:k0:n0:s0:p00:c1 : 800008540701103F 0000000000004A44
444.50649|SCAN|TRACE : GETSCOM     :  pu.mca:k0:n0:s0:p00:c1 : 800008550701103F 000000000000464C
444.50654|SCAN|TRACE : GETSCOM     :  pu.mca:k0:n0:s0:p00:c1 : 800008560701103F 0000000000004844
444.50659|SCAN|TRACE : GETSCOM     :  pu.mca:k0:n0:s0:p00:c1 : 800008570701103F 0000000000004A48
444.50664|SCAN|TRACE : GETSCOM     :  pu.mca:k0:n0:s0:p00:c1 : 80000C500701103F 0000000000004C50
444.50669|SCAN|TRACE : GETSCOM     :  pu.mca:k0:n0:s0:p00:c1 : 80000C510701103F 0000000000004244
444.50673|SCAN|TRACE : GETSCOM     :  pu.mca:k0:n0:s0:p00:c1 : 80000C520701103F 0000000000004A4E
444.50678|SCAN|TRACE : GETSCOM     :  pu.mca:k0:n0:s0:p00:c1 : 80000C530701103F 0000000000004848
444.50683|SCAN|TRACE : GETSCOM     :  pu.mca:k0:n0:s0:p00:c1 : 80000C540701103F 000000000000544E
444.50688|SCAN|TRACE : GETSCOM     :  pu.mca:k0:n0:s0:p00:c1 : 80000C550701103F 0000000000004E4E
444.50693|SCAN|TRACE : GETSCOM     :  pu.mca:k0:n0:s0:p00:c1 : 80000C560701103F 000000000000564E
444.50698|SCAN|TRACE : GETSCOM     :  pu.mca:k0:n0:s0:p00:c1 : 80000C570701103F 000000000000584E
444.50703|SCAN|TRACE : GETSCOM     :  pu.mca:k0:n0:s0:p00:c1 : 800010500701103F 0000000000004850
444.50708|SCAN|TRACE : GETSCOM     :  pu.mca:k0:n0:s0:p00:c1 : 800010510701103F 0000000000004A48
444.50713|SCAN|TRACE : GETSCOM     :  pu.mca:k0:n0:s0:p00:c1 : 800010520701103F 0000000000004C4E
444.50717|SCAN|TRACE : GETSCOM     :  pu.mca:k0:n0:s0:p00:c1 : 800010530701103F 0000000000004C4C
444.50722|SCAN|TRACE : GETSCOM     :  pu.mca:k0:n0:s0:p00:c1 : 800000090701103F 000000000000BB77
444.50727|SCAN|TRACE : GETSCOM     :  pu.mca:k0:n0:s0:p00:c1 : 800004090701103F 000000000000FF33
444.50732|SCAN|TRACE : GETSCOM     :  pu.mca:k0:n0:s0:p00:c1 : 800008090701103F 000000000000FFFF
444.50737|SCAN|TRACE : GETSCOM     :  pu.mca:k0:n0:s0:p00:c1 : 80000C090701103F 000000000000FF33
444.50743|SCAN|TRACE : GETSCOM     :  pu.mca:k0:n0:s0:p00:c1 : 800010090701103F 0000000000007700
444.50747|SCAN|TRACE : GETSCOM     :  pu.mca:k0:n0:s0:p00:c1 : 8000007C0701103F 0000000000000000
444.50752|SCAN|TRACE : GETSCOM     :  pu.mca:k0:n0:s0:p00:c1 : 8000007D0701103F 0000000000000000
444.50757|SCAN|TRACE : GETSCOM     :  pu.mca:k0:n0:s0:p00:c1 : 8000047C0701103F 0000000000000000
444.50762|SCAN|TRACE : GETSCOM     :  pu.mca:k0:n0:s0:p00:c1 : 8000047D0701103F 0000000000000000
444.50767|SCAN|TRACE : GETSCOM     :  pu.mca:k0:n0:s0:p00:c1 : 8000087C0701103F 0000000000000000
444.50772|SCAN|TRACE : GETSCOM     :  pu.mca:k0:n0:s0:p00:c1 : 8000087D0701103F 0000000000000000
444.50777|SCAN|TRACE : GETSCOM     :  pu.mca:k0:n0:s0:p00:c1 : 80000C7C0701103F 0000000000000000
444.50782|SCAN|TRACE : GETSCOM     :  pu.mca:k0:n0:s0:p00:c1 : 80000C7D0701103F 0000000000000000
444.50787|SCAN|TRACE : GETSCOM     :  pu.mca:k0:n0:s0:p00:c1 : 8000107C0701103F 00000000000000FF
444.50792|SCAN|TRACE : GETSCOM     :  pu.mca:k0:n0:s0:p00:c1 : 8000107D0701103F 0000000000000000
444.50797|SCAN|TRACE : GETSCOM     :  pu.mca:k0:n0:s0:p00:c1 : 800000600701103F 0000000000003C3C
444.50802|SCAN|TRACE : GETSCOM     :  pu.mca:k0:n0:s0:p00:c1 : 800000610701103F 0000000000003B3C
444.50807|SCAN|TRACE : GETSCOM     :  pu.mca:k0:n0:s0:p00:c1 : 800000620701103F 0000000000003C3D
444.50812|SCAN|TRACE : GETSCOM     :  pu.mca:k0:n0:s0:p00:c1 : 800000630701103F 0000000000003F3E
444.50817|SCAN|TRACE : GETSCOM     :  pu.mca:k0:n0:s0:p00:c1 : 800000640701103F 0000000000003E3D
444.50822|SCAN|TRACE : GETSCOM     :  pu.mca:k0:n0:s0:p00:c1 : 800000650701103F 0000000000003D3E
444.50826|SCAN|TRACE : GETSCOM     :  pu.mca:k0:n0:s0:p00:c1 : 800000660701103F 0000000000003C3C
444.50831|SCAN|TRACE : GETSCOM     :  pu.mca:k0:n0:s0:p00:c1 : 800000670701103F 0000000000003D3C
444.50836|SCAN|TRACE : GETSCOM     :  pu.mca:k0:n0:s0:p00:c1 : 800000680701103F 0000000000000000
444.50841|SCAN|TRACE : GETSCOM     :  pu.mca:k0:n0:s0:p00:c1 : 800000690701103F 0000000000000000
444.50846|SCAN|TRACE : GETSCOM     :  pu.mca:k0:n0:s0:p00:c1 : 8000006A0701103F 0000000000000000
444.50851|SCAN|TRACE : GETSCOM     :  pu.mca:k0:n0:s0:p00:c1 : 8000006B0701103F 0000000000000000
444.50856|SCAN|TRACE : GETSCOM     :  pu.mca:k0:n0:s0:p00:c1 : 800004600701103F 000000000000393C
444.50861|SCAN|TRACE : GETSCOM     :  pu.mca:k0:n0:s0:p00:c1 : 800004610701103F 0000000000003C3E
444.50866|SCAN|TRACE : GETSCOM     :  pu.mca:k0:n0:s0:p00:c1 : 800004620701103F 0000000000003D3E
444.50871|SCAN|TRACE : GETSCOM     :  pu.mca:k0:n0:s0:p00:c1 : 800004630701103F 0000000000003E3D
444.50876|SCAN|TRACE : GETSCOM     :  pu.mca:k0:n0:s0:p00:c1 : 800004640701103F 0000000000003C3D
444.50881|SCAN|TRACE : GETSCOM     :  pu.mca:k0:n0:s0:p00:c1 : 800004650701103F 0000000000003D3D
444.50886|SCAN|TRACE : GETSCOM     :  pu.mca:k0:n0:s0:p00:c1 : 800004660701103F 0000000000003E3D
444.50891|SCAN|TRACE : GETSCOM     :  pu.mca:k0:n0:s0:p00:c1 : 800004670701103F 0000000000003D3E
444.50896|SCAN|TRACE : GETSCOM     :  pu.mca:k0:n0:s0:p00:c1 : 800004680701103F 0000000000000000
444.50900|SCAN|TRACE : GETSCOM     :  pu.mca:k0:n0:s0:p00:c1 : 800004690701103F 0000000000000000
444.50905|SCAN|TRACE : GETSCOM     :  pu.mca:k0:n0:s0:p00:c1 : 8000046A0701103F 0000000000000000
444.50910|SCAN|TRACE : GETSCOM     :  pu.mca:k0:n0:s0:p00:c1 : 8000046B0701103F 0000000000000000
444.50914|SCAN|TRACE : GETSCOM     :  pu.mca:k0:n0:s0:p00:c1 : 800008600701103F 0000000000003E3D
444.50919|SCAN|TRACE : GETSCOM     :  pu.mca:k0:n0:s0:p00:c1 : 800008610701103F 0000000000003C3E
444.50924|SCAN|TRACE : GETSCOM     :  pu.mca:k0:n0:s0:p00:c1 : 800008620701103F 0000000000003C3C
444.50929|SCAN|TRACE : GETSCOM     :  pu.mca:k0:n0:s0:p00:c1 : 800008630701103F 0000000000003D3C
444.50934|SCAN|TRACE : GETSCOM     :  pu.mca:k0:n0:s0:p00:c1 : 800008640701103F 0000000000003A3E
444.50938|SCAN|TRACE : GETSCOM     :  pu.mca:k0:n0:s0:p00:c1 : 800008650701103F 0000000000003C3D
444.50944|SCAN|TRACE : GETSCOM     :  pu.mca:k0:n0:s0:p00:c1 : 800008660701103F 0000000000003E3F
444.50949|SCAN|TRACE : GETSCOM     :  pu.mca:k0:n0:s0:p00:c1 : 800008670701103F 0000000000003E3D
444.50954|SCAN|TRACE : GETSCOM     :  pu.mca:k0:n0:s0:p00:c1 : 800008680701103F 0000000000000000
444.50958|SCAN|TRACE : GETSCOM     :  pu.mca:k0:n0:s0:p00:c1 : 800008690701103F 0000000000000000
444.50963|SCAN|TRACE : GETSCOM     :  pu.mca:k0:n0:s0:p00:c1 : 8000086A0701103F 0000000000000000
444.50968|SCAN|TRACE : GETSCOM     :  pu.mca:k0:n0:s0:p00:c1 : 8000086B0701103F 0000000000000000
444.50973|SCAN|TRACE : GETSCOM     :  pu.mca:k0:n0:s0:p00:c1 : 80000C600701103F 0000000000003E3F
444.50978|SCAN|TRACE : GETSCOM     :  pu.mca:k0:n0:s0:p00:c1 : 80000C610701103F 0000000000003F3E
444.50983|SCAN|TRACE : GETSCOM     :  pu.mca:k0:n0:s0:p00:c1 : 80000C620701103F 0000000000003C3C
444.50988|SCAN|TRACE : GETSCOM     :  pu.mca:k0:n0:s0:p00:c1 : 80000C630701103F 0000000000003C3D
444.50993|SCAN|TRACE : GETSCOM     :  pu.mca:k0:n0:s0:p00:c1 : 80000C640701103F 0000000000003F3E
444.50998|SCAN|TRACE : GETSCOM     :  pu.mca:k0:n0:s0:p00:c1 : 80000C650701103F 0000000000003E3F
444.51002|SCAN|TRACE : GETSCOM     :  pu.mca:k0:n0:s0:p00:c1 : 80000C660701103F 0000000000003A3D
444.51007|SCAN|TRACE : GETSCOM     :  pu.mca:k0:n0:s0:p00:c1 : 80000C670701103F 000000000000393A
444.51012|SCAN|TRACE : GETSCOM     :  pu.mca:k0:n0:s0:p00:c1 : 80000C680701103F 0000000000000000
444.51017|SCAN|TRACE : GETSCOM     :  pu.mca:k0:n0:s0:p00:c1 : 80000C690701103F 0000000000000000
444.51022|SCAN|TRACE : GETSCOM     :  pu.mca:k0:n0:s0:p00:c1 : 80000C6A0701103F 0000000000000000
444.51027|SCAN|TRACE : GETSCOM     :  pu.mca:k0:n0:s0:p00:c1 : 80000C6B0701103F 0000000000000000
444.51032|SCAN|TRACE : GETSCOM     :  pu.mca:k0:n0:s0:p00:c1 : 800010600701103F 0000000000003F3F
444.51037|SCAN|TRACE : GETSCOM     :  pu.mca:k0:n0:s0:p00:c1 : 800010610701103F 0000000000003E3F
444.51042|SCAN|TRACE : GETSCOM     :  pu.mca:k0:n0:s0:p00:c1 : 800010620701103F 0000000000003B3D
444.51047|SCAN|TRACE : GETSCOM     :  pu.mca:k0:n0:s0:p00:c1 : 800010630701103F 0000000000003B3F
444.51052|SCAN|TRACE : GETSCOM     :  pu.mca:k0:n0:s0:p00:c1 : 800010640701103F 0000000000000000
444.51057|SCAN|TRACE : GETSCOM     :  pu.mca:k0:n0:s0:p00:c1 : 800010650701103F 0000000000000000
444.51062|SCAN|TRACE : GETSCOM     :  pu.mca:k0:n0:s0:p00:c1 : 800010660701103F 0000000000000000
444.51066|SCAN|TRACE : GETSCOM     :  pu.mca:k0:n0:s0:p00:c1 : 800010670701103F 0000000000000000
444.51071|SCAN|TRACE : GETSCOM     :  pu.mca:k0:n0:s0:p00:c1 : 800010680701103F 0000000000000000
444.51076|SCAN|TRACE : GETSCOM     :  pu.mca:k0:n0:s0:p00:c1 : 800010690701103F 0000000000000000
444.51081|SCAN|TRACE : GETSCOM     :  pu.mca:k0:n0:s0:p00:c1 : 8000106A0701103F 0000000000000000
444.51085|SCAN|TRACE : GETSCOM     :  pu.mca:k0:n0:s0:p00:c1 : 8000106B0701103F 0000000000000000
444.51091|SCAN|TRACE : GETSCOM     :  pu.mca:k0:n0:s0:p00:c1 : 8000C8000701103F 0000000000005002
444.51096|SCAN|TRACE : PUTSCOM     :  pu.mca:k0:n0:s0:p00:c1 : 8000C8000701103F 0000000000005003
444.51101|SCAN|TRACE : GETSCOM     :  pu.mca:k0:n0:s0:p00:c1 : 800000060701103F 0000000000000000
444.51106|SCAN|TRACE : GETSCOM     :  pu.mca:k0:n0:s0:p00:c1 : 800004060701103F 0000000000000000
444.51110|SCAN|TRACE : GETSCOM     :  pu.mca:k0:n0:s0:p00:c1 : 800008060701103F 0000000000000000
444.51115|SCAN|TRACE : GETSCOM     :  pu.mca:k0:n0:s0:p00:c1 : 80000C060701103F 0000000000000000
444.51120|SCAN|TRACE : GETSCOM     :  pu.mca:k0:n0:s0:p00:c1 : 800010060701103F 0000000000000000
444.51123|FAPI|dp16.C: pu.mca:k0:n0:s0:p00:c1 setting custom read centering mode 0x0000000000000003
444.51126|FAPI|dp16.C: pu.mca:k0:n0:s0:p00:c1 setting custom read centering mode 0x0000000000000003
444.51129|FAPI|dp16.C: pu.mca:k0:n0:s0:p00:c1 setting custom read centering mode 0x0000000000000003
444.51131|FAPI|dp16.C: pu.mca:k0:n0:s0:p00:c1 setting custom read centering mode 0x0000000000000003
444.51134|FAPI|dp16.C: pu.mca:k0:n0:s0:p00:c1 setting custom read centering mode 0x0000000000000003
444.51140|SCAN|TRACE : PUTSCOM     :  pu.mca:k0:n0:s0:p00:c1 : 800000060701103F 0000000000000003
444.51144|SCAN|TRACE : PUTSCOM     :  pu.mca:k0:n0:s0:p00:c1 : 800004060701103F 0000000000000003
444.51149|SCAN|TRACE : PUTSCOM     :  pu.mca:k0:n0:s0:p00:c1 : 800008060701103F 0000000000000003
444.51154|SCAN|TRACE : PUTSCOM     :  pu.mca:k0:n0:s0:p00:c1 : 80000C060701103F 0000000000000003
444.51159|SCAN|TRACE : PUTSCOM     :  pu.mca:k0:n0:s0:p00:c1 : 800010060701103F 0000000000000003
444.51165|FAPI|mss_training.C: pu.mca:k0:n0:s0:p00:c1 rp0: custom read centering about to kick off pattern number 0 with a value of 0x8e942bc6
444.51168|FAPI|seq.C: 0x8e942bc6 unswizzle 0x7129d463 swizzled that dizzle
444.51171|FAPI|ddr_phy.C: pu.mca:k0:n0:s0:p00:c1 the patterns before swizzle are 0x8e942bc6 and after 0x7129d463
444.51176|SCAN|TRACE : GETSCOM     :  pu.mca:k0:n0:s0:p00:c1 : 8000C4000701103F 000000000000AA00
444.51181|SCAN|TRACE : PUTSCOM     :  pu.mca:k0:n0:s0:p00:c1 : 8000C4000701103F 0000000000007129
444.51186|SCAN|TRACE : GETSCOM     :  pu.mca:k0:n0:s0:p00:c1 : 8000C4010701103F 00000000000000AA
444.51191|SCAN|TRACE : PUTSCOM     :  pu.mca:k0:n0:s0:p00:c1 : 8000C4010701103F 000000000000D463
444.51194|FAPI|mss_training.C: pu.mca:k0:n0:s0:p00:c1 rp0 running INITIAL_PATTERN_WRITE
444.51198|FAPI|mss_training.H: pu.mca:k0:n0:s0:p00:c1 RP0 cal step 'INITIAL_PATTERN_WRITE' has no pre-cal step workaround.
444.51201|FAPI|mss_training.C: pu.mca:k0:n0:s0:p00:c1 RP0 running cal step 'INITIAL_PATTERN_WRITE'
444.51203|FAPI|conversions.H: converting 0 cycles to 0ps
444.51205|FAPI|conversions.H: converting 10000000ps to 13334 cycles
444.51207|FAPI|conversions.H: converting 1 cycles to 750ps
444.51210|FAPI|cal_timers.H: pu.mca:k0:n0:s0:p00:c1 tc: 1c, id: 0ns(0sc), d: 10000(106672sc), pc: 8
444.51212|FAPI|ddr_phy.C: cal_config for pu.mca:k0:n0:s0:p00:c1: 0x0000000000004008
444.51217|SCAN|TRACE : PUTSCOM     :  pu.mca:k0:n0:s0:p00:c1 : 8000C0160701103F 0000000000004008
444.51219|FAPI|ccs.H: loading ccs instructions (1) for pu.mcbist:k0:n0:s0:p00:c0
444.51227|SCAN|TRACE : GETSCOM     :  pu.mcbist:k0:n0:s0:p00:c0 : 00000000070123A5 0000000000000000
444.51231|SCAN|TRACE : PUTSCOM     :  pu.mcbist:k0:n0:s0:p00:c0 : 00000000070123A5 4000000000000000
444.51236|SCAN|TRACE : GETSCOM     :  pu.mcbist:k0:n0:s0:p00:c0 : 00000000070123A6 4000000000000000
444.51237|FAPI|ccs.H: ccs statq (stop) 0x4000000000000000, remaining: 50
444.51242|SCAN|TRACE : PUTSCOM     :  pu.mcbist:k0:n0:s0:p00:c0 : 0000000007012315 000000F0CC0000C0
444.51246|SCAN|TRACE : PUTSCOM     :  pu.mcbist:k0:n0:s0:p00:c0 : 0000000007012335 0000000000000041
444.51252|FAPI|ccs.H: css inst 0: 0x000000F0CC0000C0 0x0000000000000041 (0x7012315, 0x7012335) delay: 0x0 (0x0) pu.mcbist:k0:n0:s0:p00:c0
444.51253|FAPI|conversions.H: converting 0 cycles to 0ps
444.51256|FAPI|ccs.H: executing ccs instructions (1:1, 0) for pu.mcbist:k0:n0:s0:p00:c0
444.51260|SCAN|TRACE : PUTSCOM     :  pu.mcbist:k0:n0:s0:p00:c0 : 0000000007012316 000008F0CC000000
444.51264|SCAN|TRACE : PUTSCOM     :  pu.mcbist:k0:n0:s0:p00:c0 : 0000000007012336 0000000000000020
444.51268|FAPI|ccs.H: css inst 1 fixup: 0x000008F0CC000000 0x0000000000000020 (0x7012316, 0x7012336) pu.mcbist:k0:n0:s0:p00:c0
444.51270|FAPI|ccs.H: executing CCS array for port 1 (pu.mca:k0:n0:s0:p00:c1)
444.51274|SCAN|TRACE : GETSCOM     :  pu.mcbist:k0:n0:s0:p00:c0 : 00000000070123DB 1000000000000000
444.51279|SCAN|TRACE : PUTSCOM     :  pu.mcbist:k0:n0:s0:p00:c0 : 00000000070123DB 1000000000000000
444.51283|SCAN|TRACE : GETSCOM     :  pu.mcbist:k0:n0:s0:p00:c0 : 00000000070123A5 0000000000000000
444.51287|SCAN|TRACE : PUTSCOM     :  pu.mcbist:k0:n0:s0:p00:c0 : 00000000070123A5 8000000000000000
444.51292|SCAN|TRACE : GETSCOM     :  pu.mcbist:k0:n0:s0:p00:c0 : 00000000070123A6 4000000000000000
444.51294|FAPI|ccs.H: pu.mca:k0:n0:s0:p00:c1 CCS Executed Successfully.
444.51299|FAPI|mss_training.H: pu.mca:k0:n0:s0:p00:c1 RP0 cal step 'INITIAL_PATTERN_WRITE' has no post-cal step workaround.
444.51300|FAPI|ddr_phy.C: pu.mca:k0:n0:s0:p00:c1 resetting errors
444.51305|SCAN|TRACE : PUTSCOM     :  pu.mca:k0:n0:s0:p00:c1 : 8000007A0701103F 0000000000000000
444.51310|SCAN|TRACE : PUTSCOM     :  pu.mca:k0:n0:s0:p00:c1 : 8000047A0701103F 0000000000000000
444.51315|SCAN|TRACE : PUTSCOM     :  pu.mca:k0:n0:s0:p00:c1 : 8000087A0701103F 0000000000000000
444.51319|SCAN|TRACE : PUTSCOM     :  pu.mca:k0:n0:s0:p00:c1 : 80000C7A0701103F 0000000000000000
444.51324|SCAN|TRACE : PUTSCOM     :  pu.mca:k0:n0:s0:p00:c1 : 8000107A0701103F 0000000000000000
444.51329|SCAN|TRACE : PUTSCOM     :  pu.mca:k0:n0:s0:p00:c1 : 8000001B0701103F 0000000000000000
444.51334|SCAN|TRACE : PUTSCOM     :  pu.mca:k0:n0:s0:p00:c1 : 8000041B0701103F 0000000000000000
444.51339|SCAN|TRACE : PUTSCOM     :  pu.mca:k0:n0:s0:p00:c1 : 8000081B0701103F 0000000000000000
444.51344|SCAN|TRACE : PUTSCOM     :  pu.mca:k0:n0:s0:p00:c1 : 80000C1B0701103F 0000000000000000
444.51349|SCAN|TRACE : PUTSCOM     :  pu.mca:k0:n0:s0:p00:c1 : 8000101B0701103F 0000000000000000
444.51354|SCAN|TRACE : PUTSCOM     :  pu.mca:k0:n0:s0:p00:c1 : 800000140701103F 0000000000000000
444.51359|SCAN|TRACE : PUTSCOM     :  pu.mca:k0:n0:s0:p00:c1 : 800004140701103F 0000000000000000
444.51364|SCAN|TRACE : PUTSCOM     :  pu.mca:k0:n0:s0:p00:c1 : 800008140701103F 0000000000000000
444.51369|SCAN|TRACE : PUTSCOM     :  pu.mca:k0:n0:s0:p00:c1 : 80000C140701103F 0000000000000000
444.51374|SCAN|TRACE : PUTSCOM     :  pu.mca:k0:n0:s0:p00:c1 : 800010140701103F 0000000000000000
444.51379|SCAN|TRACE : PUTSCOM     :  pu.mca:k0:n0:s0:p00:c1 : 800000100701103F 0000000000000000
444.51384|SCAN|TRACE : PUTSCOM     :  pu.mca:k0:n0:s0:p00:c1 : 800004100701103F 0000000000000000
444.51388|SCAN|TRACE : PUTSCOM     :  pu.mca:k0:n0:s0:p00:c1 : 800008100701103F 0000000000000000
444.51393|SCAN|TRACE : PUTSCOM     :  pu.mca:k0:n0:s0:p00:c1 : 80000C100701103F 0000000000000000
444.51398|SCAN|TRACE : PUTSCOM     :  pu.mca:k0:n0:s0:p00:c1 : 800010100701103F 0000000000000000
444.51403|SCAN|TRACE : PUTSCOM     :  pu.mca:k0:n0:s0:p00:c1 : 8000000E0701103F 0000000000000000
444.51408|SCAN|TRACE : PUTSCOM     :  pu.mca:k0:n0:s0:p00:c1 : 8000040E0701103F 0000000000000000
444.51412|SCAN|TRACE : PUTSCOM     :  pu.mca:k0:n0:s0:p00:c1 : 8000080E0701103F 0000000000000000
444.51417|SCAN|TRACE : PUTSCOM     :  pu.mca:k0:n0:s0:p00:c1 : 80000C0E0701103F 0000000000000000
444.51422|SCAN|TRACE : PUTSCOM     :  pu.mca:k0:n0:s0:p00:c1 : 8000100E0701103F 0000000000000000
444.51426|SCAN|TRACE : PUTSCOM     :  pu.mca:k0:n0:s0:p00:c1 : 800000AE0701103F 0000000000000000
444.51431|SCAN|TRACE : PUTSCOM     :  pu.mca:k0:n0:s0:p00:c1 : 800000AF0701103F 0000000000000000
444.51436|SCAN|TRACE : PUTSCOM     :  pu.mca:k0:n0:s0:p00:c1 : 800004AE0701103F 0000000000000000
444.51441|SCAN|TRACE : PUTSCOM     :  pu.mca:k0:n0:s0:p00:c1 : 800004AF0701103F 0000000000000000
444.51446|SCAN|TRACE : PUTSCOM     :  pu.mca:k0:n0:s0:p00:c1 : 800008AE0701103F 0000000000000000
444.51450|SCAN|TRACE : PUTSCOM     :  pu.mca:k0:n0:s0:p00:c1 : 800008AF0701103F 0000000000000000
444.51455|SCAN|TRACE : PUTSCOM     :  pu.mca:k0:n0:s0:p00:c1 : 80000CAE0701103F 0000000000000000
444.51460|SCAN|TRACE : PUTSCOM     :  pu.mca:k0:n0:s0:p00:c1 : 80000CAF0701103F 0000000000000000
444.51465|SCAN|TRACE : PUTSCOM     :  pu.mca:k0:n0:s0:p00:c1 : 800010AE0701103F 0000000000000000
444.51470|SCAN|TRACE : PUTSCOM     :  pu.mca:k0:n0:s0:p00:c1 : 800010AF0701103F 0000000000000000
444.51474|SCAN|TRACE : GETSCOM     :  pu.mca:k0:n0:s0:p00:c1 : 8000D0000701103F 0000000000000000
444.51480|SCAN|TRACE : PUTSCOM     :  pu.mca:k0:n0:s0:p00:c1 : 8000D0000701103F 0000000000004000
444.51484|SCAN|TRACE : PUTSCOM     :  pu.mca:k0:n0:s0:p00:c1 : 8000D0000701103F 0000000000000000
444.51489|SCAN|TRACE : PUTSCOM     :  pu.mca:k0:n0:s0:p00:c1 : 8000D0010701103F 0000000000000000
444.51495|SCAN|TRACE : PUTSCOM     :  pu.mca:k0:n0:s0:p00:c1 : 8000C8050701103F 0000000000000000
444.51501|SCAN|TRACE : PUTSCOM     :  pu.mca:k0:n0:s0:p00:c1 : 8000C4080701103F 0000000000000000
444.51506|SCAN|TRACE : PUTSCOM     :  pu.mca:k0:n0:s0:p00:c1 : 8000CC030701103F 0000000000000000
444.51507|FAPI|phy_cntrl.H: pc_error_status0: 0x0000000000000000
444.51512|SCAN|TRACE : PUTSCOM     :  pu.mca:k0:n0:s0:p00:c1 : 8000C0120701103F 0000000000000000
444.51513|FAPI|phy_cntrl.H: pc_init_cal_error: 0x0000000000000000
444.51518|SCAN|TRACE : PUTSCOM     :  pu.mca:k0:n0:s0:p00:c1 : 8000C0180701103F 0000000000000000
444.51523|SCAN|TRACE : PUTSCOM     :  pu.mca:k0:n0:s0:p00:c1 : 0000000007011001 FFFFFFFFFFFFFF7F
444.51528|SCAN|TRACE : GETSCOM     :  pu.mca:k0:n0:s0:p00:c1 : 8000C80A0701103F 0000000000002248
444.51531|FAPI|ddr_phy.C: pu.mca:k0:n0:s0:p00:c1 Disabling read VREF cal, read centering is yup
444.51535|SCAN|TRACE : PUTSCOM     :  pu.mca:k0:n0:s0:p00:c1 : 8000C80A0701103F 0000000000002240
444.51538|FAPI|mss_training.C: pu.mca:k0:n0:s0:p00:c1 RP0 running cal step 'CUSTOM_READ_CTR'
444.51541|FAPI|conversions.H: converting 39168 cycles to 29376000ps
444.51543|FAPI|conversions.H: converting 4896 cycles to 3672000ps
444.51545|FAPI|conversions.H: converting 10000000ps to 13334 cycles
444.51547|FAPI|conversions.H: converting 39168 cycles to 29376000ps
444.51550|FAPI|cal_timers.H: pu.mca:k0:n0:s0:p00:c1 tc: 39168c, id: 3672ns(39168sc), d: 10000(106672sc), pc: 8
444.51553|FAPI|ddr_phy.C: cal_config for pu.mca:k0:n0:s0:p00:c1: 0x0000000000000088
444.51558|SCAN|TRACE : PUTSCOM     :  pu.mca:k0:n0:s0:p00:c1 : 8000C0160701103F 0000000000000088
444.51560|FAPI|ccs.H: loading ccs instructions (1) for pu.mcbist:k0:n0:s0:p00:c0
444.51568|SCAN|TRACE : GETSCOM     :  pu.mcbist:k0:n0:s0:p00:c0 : 00000000070123A5 0000000000000000
444.51572|SCAN|TRACE : PUTSCOM     :  pu.mcbist:k0:n0:s0:p00:c0 : 00000000070123A5 4000000000000000
444.51577|SCAN|TRACE : GETSCOM     :  pu.mcbist:k0:n0:s0:p00:c0 : 00000000070123A6 4000000000000000
444.51578|FAPI|ccs.H: ccs statq (stop) 0x4000000000000000, remaining: 50
444.51583|SCAN|TRACE : PUTSCOM     :  pu.mcbist:k0:n0:s0:p00:c0 : 0000000007012315 000000F0CC0000C0
444.51587|SCAN|TRACE : PUTSCOM     :  pu.mcbist:k0:n0:s0:p00:c0 : 0000000007012335 0000000000000041
444.51592|FAPI|ccs.H: css inst 0: 0x000000F0CC0000C0 0x0000000000000041 (0x7012315, 0x7012335) delay: 0x0 (0x0) pu.mcbist:k0:n0:s0:p00:c0
444.51596|FAPI|ccs.H: executing ccs instructions (1:1, 3672) for pu.mcbist:k0:n0:s0:p00:c0
444.51600|SCAN|TRACE : PUTSCOM     :  pu.mcbist:k0:n0:s0:p00:c0 : 0000000007012316 000008F0CC000000
444.51604|SCAN|TRACE : PUTSCOM     :  pu.mcbist:k0:n0:s0:p00:c0 : 0000000007012336 0000000000000020
444.51609|FAPI|ccs.H: css inst 1 fixup: 0x000008F0CC000000 0x0000000000000020 (0x7012316, 0x7012336) pu.mcbist:k0:n0:s0:p00:c0
444.51611|FAPI|ccs.H: executing CCS array for port 1 (pu.mca:k0:n0:s0:p00:c1)
444.51615|SCAN|TRACE : GETSCOM     :  pu.mcbist:k0:n0:s0:p00:c0 : 00000000070123DB 1000000000000000
444.51619|SCAN|TRACE : PUTSCOM     :  pu.mcbist:k0:n0:s0:p00:c0 : 00000000070123DB 1000000000000000
444.51624|SCAN|TRACE : GETSCOM     :  pu.mcbist:k0:n0:s0:p00:c0 : 00000000070123A5 0000000000000000
444.51628|SCAN|TRACE : PUTSCOM     :  pu.mcbist:k0:n0:s0:p00:c0 : 00000000070123A5 8000000000000000
444.51633|SCAN|TRACE : GETSCOM     :  pu.mcbist:k0:n0:s0:p00:c0 : 00000000070123A6 4000000000000000
444.51635|FAPI|ccs.H: pu.mca:k0:n0:s0:p00:c1 CCS Executed Successfully.
444.51641|SCAN|TRACE : GETSCOM     :  pu.mca:k0:n0:s0:p00:c1 : 8000C0180701103F 0000000000000000
444.51642|FAPI|phy_cntrl.H: pc_init_cal_error: 0x0000000000000000
444.51646|FAPI|ddr_phy.C: initial cal err: 0x0000000000000000, rp: 0x0000000000000000 (0x0000000000000000)
444.51651|SCAN|TRACE : GETSCOM     :  pu.mca:k0:n0:s0:p00:c1 : 8000007A0701103F 0000000000000000
444.51656|SCAN|TRACE : GETSCOM     :  pu.mca:k0:n0:s0:p00:c1 : 8000047A0701103F 0000000000000000
444.51661|SCAN|TRACE : GETSCOM     :  pu.mca:k0:n0:s0:p00:c1 : 8000087A0701103F 0000000000000000
444.51667|SCAN|TRACE : GETSCOM     :  pu.mca:k0:n0:s0:p00:c1 : 80000C7A0701103F 0000000000000000
444.51672|SCAN|TRACE : GETSCOM     :  pu.mca:k0:n0:s0:p00:c1 : 8000107A0701103F 0000000000000000
444.51674|FAPI|dp16.C: dimm:k0:n0:s0:p02 RDIMM (DDR4) Processing RD_VREF_CAL_ERROR
444.51677|FAPI|dp16.C: dimm:k0:n0:s0:p02 RDIMM (DDR4) RD_VREF_CAL_ERROR complete
444.51682|SCAN|TRACE : GETSCOM     :  pu.mca:k0:n0:s0:p00:c1 : 800000AE0701103F 0000000000000000
444.51687|SCAN|TRACE : GETSCOM     :  pu.mca:k0:n0:s0:p00:c1 : 800000AF0701103F 0000000000000000
444.51691|SCAN|TRACE : GETSCOM     :  pu.mca:k0:n0:s0:p00:c1 : 800004AE0701103F 0000000000000000
444.51696|SCAN|TRACE : GETSCOM     :  pu.mca:k0:n0:s0:p00:c1 : 800004AF0701103F 0000000000000000
444.51701|SCAN|TRACE : GETSCOM     :  pu.mca:k0:n0:s0:p00:c1 : 800008AE0701103F 0000000000000000
444.51706|SCAN|TRACE : GETSCOM     :  pu.mca:k0:n0:s0:p00:c1 : 800008AF0701103F 0000000000000000
444.51711|SCAN|TRACE : GETSCOM     :  pu.mca:k0:n0:s0:p00:c1 : 80000CAE0701103F 0000000000000000
444.51716|SCAN|TRACE : GETSCOM     :  pu.mca:k0:n0:s0:p00:c1 : 80000CAF0701103F 0000000000000000
444.51721|SCAN|TRACE : GETSCOM     :  pu.mca:k0:n0:s0:p00:c1 : 800010AE0701103F 0000000000000000
444.51726|SCAN|TRACE : GETSCOM     :  pu.mca:k0:n0:s0:p00:c1 : 800010AF0701103F 0000000000000000
444.51731|SCAN|TRACE : GETSCOM     :  pu.mca:k0:n0:s0:p00:c1 : 800000FB0701103F 000000000000FFFF
444.51736|SCAN|TRACE : GETSCOM     :  pu.mca:k0:n0:s0:p00:c1 : 800000FA0701103F 000000000000FFFF
444.51741|SCAN|TRACE : GETSCOM     :  pu.mca:k0:n0:s0:p00:c1 : 800004FB0701103F 000000000000FFFF
444.51746|SCAN|TRACE : GETSCOM     :  pu.mca:k0:n0:s0:p00:c1 : 800004FA0701103F 000000000000FFFF
444.51751|SCAN|TRACE : GETSCOM     :  pu.mca:k0:n0:s0:p00:c1 : 800008FB0701103F 000000000000FFFF
444.51756|SCAN|TRACE : GETSCOM     :  pu.mca:k0:n0:s0:p00:c1 : 800008FA0701103F 000000000000FFFF
444.51761|SCAN|TRACE : GETSCOM     :  pu.mca:k0:n0:s0:p00:c1 : 80000CFB0701103F 000000000000FFFF
444.51766|SCAN|TRACE : GETSCOM     :  pu.mca:k0:n0:s0:p00:c1 : 80000CFA0701103F 000000000000FFFF
444.51771|SCAN|TRACE : GETSCOM     :  pu.mca:k0:n0:s0:p00:c1 : 800010FB0701103F 000000000000FFFF
444.51775|SCAN|TRACE : GETSCOM     :  pu.mca:k0:n0:s0:p00:c1 : 800010FA0701103F 000000000000FFFF
444.51780|FAPI|dp16.C: dimm:k0:n0:s0:p02 RDIMM (DDR4) DP[0] WR VREF[0] ERROR 0x0000000000000000 MASK 0x000000000000ffff
444.51784|FAPI|dp16.C: dimm:k0:n0:s0:p02 RDIMM (DDR4) DP[0] WR VREF[1] ERROR 0x0000000000000000 MASK 0x000000000000ffff
444.51789|FAPI|dp16.C: dimm:k0:n0:s0:p02 RDIMM (DDR4) DP[1] WR VREF[0] ERROR 0x0000000000000000 MASK 0x000000000000ffff
444.51793|FAPI|dp16.C: dimm:k0:n0:s0:p02 RDIMM (DDR4) DP[1] WR VREF[1] ERROR 0x0000000000000000 MASK 0x000000000000ffff
444.51797|FAPI|dp16.C: dimm:k0:n0:s0:p02 RDIMM (DDR4) DP[2] WR VREF[0] ERROR 0x0000000000000000 MASK 0x000000000000ffff
444.51801|FAPI|dp16.C: dimm:k0:n0:s0:p02 RDIMM (DDR4) DP[2] WR VREF[1] ERROR 0x0000000000000000 MASK 0x000000000000ffff
444.51806|FAPI|dp16.C: dimm:k0:n0:s0:p02 RDIMM (DDR4) DP[3] WR VREF[0] ERROR 0x0000000000000000 MASK 0x000000000000ffff
444.51810|FAPI|dp16.C: dimm:k0:n0:s0:p02 RDIMM (DDR4) DP[3] WR VREF[1] ERROR 0x0000000000000000 MASK 0x000000000000ffff
444.51814|FAPI|dp16.C: dimm:k0:n0:s0:p02 RDIMM (DDR4) DP[4] WR VREF[0] ERROR 0x0000000000000000 MASK 0x000000000000ffff
444.51819|FAPI|dp16.C: dimm:k0:n0:s0:p02 RDIMM (DDR4) DP[4] WR VREF[1] ERROR 0x0000000000000000 MASK 0x000000000000ffff
444.51821|FAPI|dp16.C: dimm:k0:n0:s0:p02 RDIMM (DDR4) WRVREF_CAL_ERROR complete
444.51826|SCAN|TRACE : GETSCOM     :  pu.mca:k0:n0:s0:p00:c1 : 0000000007011000 0000000000000000
444.51830|SCAN|TRACE : PUTSCOM     :  pu.mca:k0:n0:s0:p00:c1 : 0000000007011001 FFFFFFFFFFFFFF7F
444.51833|FAPI|mss_generic_check.H: pu.mca:k0:n0:s0:p00:c1 has a good return code, returning success
444.51835|FAPI|ddr_phy.C: Initial cal success pu.mca:k0:n0:s0:p00:c1
444.51842|SCAN|TRACE : GETSCOM     :  pu.mca:k0:n0:s0:p00:c1 : 8000C4120701103F 0000000000005559
444.51846|SCAN|TRACE : PUTSCOM     :  pu.mca:k0:n0:s0:p00:c1 : 8000C4120701103F 0000000000005559
444.51851|SCAN|TRACE : GETSCOM     :  pu.mca:k0:n0:s0:p00:c1 : 8000C0170701103F 000000000000F213
444.51853|FAPI|phy_cntrl.H: Read pc_init_cal_config1: 0x000000000000f213
444.51854|FAPI|phy_cntrl.H: set init_cal refresh_count: 15
444.51855|FAPI|phy_cntrl.H: set init_cal refresh_control: 3
444.51856|FAPI|phy_cntrl.H: set init_cal refresh_all_ranks: high
444.51858|FAPI|phy_cntrl.H: set init_cal snoop_dis: low
444.51859|FAPI|phy_cntrl.H: set init_cal refresh_interval: 19
444.51860|FAPI|phy_cntrl.H: Writing to pc_init_cal_config1: 0x000000000000fe13
444.51865|SCAN|TRACE : PUTSCOM     :  pu.mca:k0:n0:s0:p00:c1 : 8000C0170701103F 000000000000FE13
444.51869|FAPI|mss_training.C: pu.mca:k0:n0:s0:p00:c1 rp0 passed on custom RD CTR. On to custom WR CTR
444.51873|FAPI|mss_training.H: pu.mca:k0:n0:s0:p00:c1 RP0 cal step 'CUSTOM_WRITE_CTR' has no pre-cal step workaround.
444.51874|FAPI|ddr_phy.C: pu.mca:k0:n0:s0:p00:c1 rank pair: 0
444.51880|FAPI|rank.H: get_pair_valid (rp0, r0): 0x1
444.51881|FAPI|rank.H: get_rank_field (rp0, r0): 0x0
444.51882|FAPI|rank.H: get_pair_valid (rp0, r1): 0x0
444.51883|FAPI|rank.H: get_pair_valid (rp0, r2): 0x0
444.51885|FAPI|rank.H: get_pair_valid (rp0, r3): 0x0
444.51891|FAPI|ddr_phy.C: dimm:k0:n0:s0:p02 RDIMM (DDR4) rank pair 0 is on dimm: dimm:k0:n0:s0:p02 RDIMM (DDR4)
444.51896|SCAN|TRACE : GETSCOM     :  pu.mca:k0:n0:s0:p00:c1 : 800000380701103F 0000000000001A40
444.51900|SCAN|TRACE : GETSCOM     :  pu.mca:k0:n0:s0:p00:c1 : 800000390701103F 0000000000001B80
444.51905|SCAN|TRACE : GETSCOM     :  pu.mca:k0:n0:s0:p00:c1 : 8000003A0701103F 0000000000001B00
444.51910|SCAN|TRACE : GETSCOM     :  pu.mca:k0:n0:s0:p00:c1 : 8000003B0701103F 0000000000001B80
444.51915|SCAN|TRACE : GETSCOM     :  pu.mca:k0:n0:s0:p00:c1 : 8000003C0701103F 0000000000001B00
444.51920|SCAN|TRACE : GETSCOM     :  pu.mca:k0:n0:s0:p00:c1 : 8000003D0701103F 0000000000001B00
444.51925|SCAN|TRACE : GETSCOM     :  pu.mca:k0:n0:s0:p00:c1 : 8000003E0701103F 0000000000001AC0
444.51930|SCAN|TRACE : GETSCOM     :  pu.mca:k0:n0:s0:p00:c1 : 8000003F0701103F 0000000000001B80
444.51935|SCAN|TRACE : GETSCOM     :  pu.mca:k0:n0:s0:p00:c1 : 800000400701103F 0000000000001F00
444.51939|SCAN|TRACE : GETSCOM     :  pu.mca:k0:n0:s0:p00:c1 : 800000410701103F 0000000000001F00
444.51944|SCAN|TRACE : GETSCOM     :  pu.mca:k0:n0:s0:p00:c1 : 800000420701103F 0000000000001E40
444.51949|SCAN|TRACE : GETSCOM     :  pu.mca:k0:n0:s0:p00:c1 : 800000430701103F 0000000000001E40
444.51954|SCAN|TRACE : GETSCOM     :  pu.mca:k0:n0:s0:p00:c1 : 800000440701103F 0000000000001E00
444.51959|SCAN|TRACE : GETSCOM     :  pu.mca:k0:n0:s0:p00:c1 : 800000450701103F 0000000000001E00
444.51963|SCAN|TRACE : GETSCOM     :  pu.mca:k0:n0:s0:p00:c1 : 800000460701103F 0000000000001DC0
444.51968|SCAN|TRACE : GETSCOM     :  pu.mca:k0:n0:s0:p00:c1 : 800000470701103F 0000000000001E80
444.51973|SCAN|TRACE : GETSCOM     :  pu.mca:k0:n0:s0:p00:c1 : 800000480701103F 0000000000002340
444.51978|SCAN|TRACE : GETSCOM     :  pu.mca:k0:n0:s0:p00:c1 : 8000004A0701103F 0000000000001B40
444.51982|SCAN|TRACE : GETSCOM     :  pu.mca:k0:n0:s0:p00:c1 : 8000004C0701103F 0000000000001E00
444.51987|SCAN|TRACE : GETSCOM     :  pu.mca:k0:n0:s0:p00:c1 : 8000004E0701103F 0000000000002600
444.51992|SCAN|TRACE : GETSCOM     :  pu.mca:k0:n0:s0:p00:c1 : 800004380701103F 00000000000016C0
444.51996|SCAN|TRACE : GETSCOM     :  pu.mca:k0:n0:s0:p00:c1 : 800004390701103F 0000000000001640
444.52001|SCAN|TRACE : GETSCOM     :  pu.mca:k0:n0:s0:p00:c1 : 8000043A0701103F 00000000000015C0
444.52006|SCAN|TRACE : GETSCOM     :  pu.mca:k0:n0:s0:p00:c1 : 8000043B0701103F 0000000000001640
444.52011|SCAN|TRACE : GETSCOM     :  pu.mca:k0:n0:s0:p00:c1 : 8000043C0701103F 00000000000015C0
444.52016|SCAN|TRACE : GETSCOM     :  pu.mca:k0:n0:s0:p00:c1 : 8000043D0701103F 0000000000001580
444.52021|SCAN|TRACE : GETSCOM     :  pu.mca:k0:n0:s0:p00:c1 : 8000043E0701103F 00000000000015C0
444.52026|SCAN|TRACE : GETSCOM     :  pu.mca:k0:n0:s0:p00:c1 : 8000043F0701103F 00000000000015C0
444.52031|SCAN|TRACE : GETSCOM     :  pu.mca:k0:n0:s0:p00:c1 : 800004400701103F 00000000000019C0
444.52036|SCAN|TRACE : GETSCOM     :  pu.mca:k0:n0:s0:p00:c1 : 800004410701103F 00000000000019C0
444.52040|SCAN|TRACE : GETSCOM     :  pu.mca:k0:n0:s0:p00:c1 : 800004420701103F 0000000000001900
444.52046|SCAN|TRACE : GETSCOM     :  pu.mca:k0:n0:s0:p00:c1 : 800004430701103F 0000000000001A40
444.52051|SCAN|TRACE : GETSCOM     :  pu.mca:k0:n0:s0:p00:c1 : 800004440701103F 0000000000001900
444.52055|SCAN|TRACE : GETSCOM     :  pu.mca:k0:n0:s0:p00:c1 : 800004450701103F 0000000000001980
444.52060|SCAN|TRACE : GETSCOM     :  pu.mca:k0:n0:s0:p00:c1 : 800004460701103F 00000000000018C0
444.52065|SCAN|TRACE : GETSCOM     :  pu.mca:k0:n0:s0:p00:c1 : 800004470701103F 00000000000019C0
444.52069|SCAN|TRACE : GETSCOM     :  pu.mca:k0:n0:s0:p00:c1 : 800004480701103F 0000000000001600
444.52074|SCAN|TRACE : GETSCOM     :  pu.mca:k0:n0:s0:p00:c1 : 8000044A0701103F 0000000000001E00
444.52079|SCAN|TRACE : GETSCOM     :  pu.mca:k0:n0:s0:p00:c1 : 8000044C0701103F 0000000000002100
444.52084|SCAN|TRACE : GETSCOM     :  pu.mca:k0:n0:s0:p00:c1 : 8000044E0701103F 0000000000001900
444.52088|SCAN|TRACE : GETSCOM     :  pu.mca:k0:n0:s0:p00:c1 : 800008380701103F 0000000000001CC0
444.52094|SCAN|TRACE : GETSCOM     :  pu.mca:k0:n0:s0:p00:c1 : 800008390701103F 0000000000001D00
444.52099|SCAN|TRACE : GETSCOM     :  pu.mca:k0:n0:s0:p00:c1 : 8000083A0701103F 0000000000001CC0
444.52103|SCAN|TRACE : GETSCOM     :  pu.mca:k0:n0:s0:p00:c1 : 8000083B0701103F 0000000000001C80
444.52109|SCAN|TRACE : GETSCOM     :  pu.mca:k0:n0:s0:p00:c1 : 8000083C0701103F 0000000000001CC0
444.52113|SCAN|TRACE : GETSCOM     :  pu.mca:k0:n0:s0:p00:c1 : 8000083D0701103F 0000000000001CC0
444.52118|SCAN|TRACE : GETSCOM     :  pu.mca:k0:n0:s0:p00:c1 : 8000083E0701103F 0000000000001D00
444.52123|SCAN|TRACE : GETSCOM     :  pu.mca:k0:n0:s0:p00:c1 : 8000083F0701103F 0000000000001C80
444.52128|SCAN|TRACE : GETSCOM     :  pu.mca:k0:n0:s0:p00:c1 : 800008400701103F 0000000000001900
444.52133|SCAN|TRACE : GETSCOM     :  pu.mca:k0:n0:s0:p00:c1 : 800008410701103F 00000000000018C0
444.52137|SCAN|TRACE : GETSCOM     :  pu.mca:k0:n0:s0:p00:c1 : 800008420701103F 00000000000018C0
444.52143|SCAN|TRACE : GETSCOM     :  pu.mca:k0:n0:s0:p00:c1 : 800008430701103F 00000000000018C0
444.52147|SCAN|TRACE : GETSCOM     :  pu.mca:k0:n0:s0:p00:c1 : 800008440701103F 0000000000001840
444.52153|SCAN|TRACE : GETSCOM     :  pu.mca:k0:n0:s0:p00:c1 : 800008450701103F 0000000000001840
444.52157|SCAN|TRACE : GETSCOM     :  pu.mca:k0:n0:s0:p00:c1 : 800008460701103F 0000000000001800
444.52162|SCAN|TRACE : GETSCOM     :  pu.mca:k0:n0:s0:p00:c1 : 800008470701103F 0000000000001840
444.52167|SCAN|TRACE : GETSCOM     :  pu.mca:k0:n0:s0:p00:c1 : 800008480701103F 0000000000001C40
444.52172|SCAN|TRACE : GETSCOM     :  pu.mca:k0:n0:s0:p00:c1 : 8000084A0701103F 0000000000002440
444.52177|SCAN|TRACE : GETSCOM     :  pu.mca:k0:n0:s0:p00:c1 : 8000084C0701103F 0000000000001880
444.52182|SCAN|TRACE : GETSCOM     :  pu.mca:k0:n0:s0:p00:c1 : 8000084E0701103F 0000000000002080
444.52188|SCAN|TRACE : GETSCOM     :  pu.mca:k0:n0:s0:p00:c1 : 80000C380701103F 0000000000002000
444.52193|SCAN|TRACE : GETSCOM     :  pu.mca:k0:n0:s0:p00:c1 : 80000C390701103F 0000000000001F00
444.52198|SCAN|TRACE : GETSCOM     :  pu.mca:k0:n0:s0:p00:c1 : 80000C3A0701103F 0000000000002140
444.52202|SCAN|TRACE : GETSCOM     :  pu.mca:k0:n0:s0:p00:c1 : 80000C3B0701103F 0000000000002080
444.52207|SCAN|TRACE : GETSCOM     :  pu.mca:k0:n0:s0:p00:c1 : 80000C3C0701103F 0000000000001FC0
444.52212|SCAN|TRACE : GETSCOM     :  pu.mca:k0:n0:s0:p00:c1 : 80000C3D0701103F 0000000000002000
444.52217|SCAN|TRACE : GETSCOM     :  pu.mca:k0:n0:s0:p00:c1 : 80000C3E0701103F 0000000000002140
444.52222|SCAN|TRACE : GETSCOM     :  pu.mca:k0:n0:s0:p00:c1 : 80000C3F0701103F 0000000000002000
444.52227|SCAN|TRACE : GETSCOM     :  pu.mca:k0:n0:s0:p00:c1 : 80000C400701103F 0000000000002240
444.52232|SCAN|TRACE : GETSCOM     :  pu.mca:k0:n0:s0:p00:c1 : 80000C410701103F 0000000000002280
444.52237|SCAN|TRACE : GETSCOM     :  pu.mca:k0:n0:s0:p00:c1 : 80000C420701103F 0000000000002280
444.52241|SCAN|TRACE : GETSCOM     :  pu.mca:k0:n0:s0:p00:c1 : 80000C430701103F 0000000000002240
444.52247|SCAN|TRACE : GETSCOM     :  pu.mca:k0:n0:s0:p00:c1 : 80000C440701103F 0000000000002280
444.52251|SCAN|TRACE : GETSCOM     :  pu.mca:k0:n0:s0:p00:c1 : 80000C450701103F 0000000000002280
444.52256|SCAN|TRACE : GETSCOM     :  pu.mca:k0:n0:s0:p00:c1 : 80000C460701103F 0000000000002280
444.52261|SCAN|TRACE : GETSCOM     :  pu.mca:k0:n0:s0:p00:c1 : 80000C470701103F 0000000000002200
444.52266|SCAN|TRACE : GETSCOM     :  pu.mca:k0:n0:s0:p00:c1 : 80000C480701103F 0000000000002840
444.52271|SCAN|TRACE : GETSCOM     :  pu.mca:k0:n0:s0:p00:c1 : 80000C4A0701103F 0000000000002040
444.52276|SCAN|TRACE : GETSCOM     :  pu.mca:k0:n0:s0:p00:c1 : 80000C4C0701103F 0000000000002A80
444.52281|SCAN|TRACE : GETSCOM     :  pu.mca:k0:n0:s0:p00:c1 : 80000C4E0701103F 0000000000002280
444.52286|SCAN|TRACE : GETSCOM     :  pu.mca:k0:n0:s0:p00:c1 : 800010380701103F 0000000000002480
444.52291|SCAN|TRACE : GETSCOM     :  pu.mca:k0:n0:s0:p00:c1 : 800010390701103F 0000000000002440
444.52296|SCAN|TRACE : GETSCOM     :  pu.mca:k0:n0:s0:p00:c1 : 8000103A0701103F 0000000000002380
444.52302|SCAN|TRACE : GETSCOM     :  pu.mca:k0:n0:s0:p00:c1 : 8000103B0701103F 0000000000002380
444.52307|SCAN|TRACE : GETSCOM     :  pu.mca:k0:n0:s0:p00:c1 : 8000103C0701103F 0000000000002400
444.52312|SCAN|TRACE : GETSCOM     :  pu.mca:k0:n0:s0:p00:c1 : 8000103D0701103F 0000000000002440
444.52317|SCAN|TRACE : GETSCOM     :  pu.mca:k0:n0:s0:p00:c1 : 8000103E0701103F 0000000000002380
444.52322|SCAN|TRACE : GETSCOM     :  pu.mca:k0:n0:s0:p00:c1 : 8000103F0701103F 0000000000002400
444.52327|SCAN|TRACE : GETSCOM     :  pu.mca:k0:n0:s0:p00:c1 : 800010400701103F 0000000000001000
444.52332|SCAN|TRACE : GETSCOM     :  pu.mca:k0:n0:s0:p00:c1 : 800010410701103F 0000000000001000
444.52337|SCAN|TRACE : GETSCOM     :  pu.mca:k0:n0:s0:p00:c1 : 800010420701103F 0000000000001000
444.52343|SCAN|TRACE : GETSCOM     :  pu.mca:k0:n0:s0:p00:c1 : 800010430701103F 0000000000001000
444.52348|SCAN|TRACE : GETSCOM     :  pu.mca:k0:n0:s0:p00:c1 : 800010440701103F 0000000000001000
444.52353|SCAN|TRACE : GETSCOM     :  pu.mca:k0:n0:s0:p00:c1 : 800010450701103F 0000000000001000
444.52359|SCAN|TRACE : GETSCOM     :  pu.mca:k0:n0:s0:p00:c1 : 800010460701103F 0000000000001000
444.52364|SCAN|TRACE : GETSCOM     :  pu.mca:k0:n0:s0:p00:c1 : 800010470701103F 0000000000001000
444.52369|SCAN|TRACE : GETSCOM     :  pu.mca:k0:n0:s0:p00:c1 : 800010480701103F 0000000000002340
444.52374|SCAN|TRACE : GETSCOM     :  pu.mca:k0:n0:s0:p00:c1 : 8000104A0701103F 0000000000002B40
444.52379|SCAN|TRACE : GETSCOM     :  pu.mca:k0:n0:s0:p00:c1 : 8000104C0701103F 0000000000001000
444.52384|SCAN|TRACE : GETSCOM     :  pu.mca:k0:n0:s0:p00:c1 : 8000104E0701103F 0000000000001000
444.52389|SCAN|TRACE : GETSCOM     :  pu.mca:k0:n0:s0:p00:c1 : 8000007C0701103F 0000000000000000
444.52394|SCAN|TRACE : GETSCOM     :  pu.mca:k0:n0:s0:p00:c1 : 8000007D0701103F 0000000000000000
444.52399|SCAN|TRACE : GETSCOM     :  pu.mca:k0:n0:s0:p00:c1 : 8000047C0701103F 0000000000000000
444.52404|SCAN|TRACE : GETSCOM     :  pu.mca:k0:n0:s0:p00:c1 : 8000047D0701103F 0000000000000000
444.52409|SCAN|TRACE : GETSCOM     :  pu.mca:k0:n0:s0:p00:c1 : 8000087C0701103F 0000000000000000
444.52415|SCAN|TRACE : GETSCOM     :  pu.mca:k0:n0:s0:p00:c1 : 8000087D0701103F 0000000000000000
444.52420|SCAN|TRACE : GETSCOM     :  pu.mca:k0:n0:s0:p00:c1 : 80000C7C0701103F 0000000000000000
444.52425|SCAN|TRACE : GETSCOM     :  pu.mca:k0:n0:s0:p00:c1 : 80000C7D0701103F 0000000000000000
444.52430|SCAN|TRACE : GETSCOM     :  pu.mca:k0:n0:s0:p00:c1 : 8000107C0701103F 00000000000000FF
444.52436|SCAN|TRACE : GETSCOM     :  pu.mca:k0:n0:s0:p00:c1 : 8000107D0701103F 0000000000000000
444.52441|SCAN|TRACE : GETSCOM     :  pu.mca:k0:n0:s0:p00:c1 : 8000006C0701103F 000000000000408E
444.52446|SCAN|TRACE : GETSCOM     :  pu.mca:k0:n0:s0:p00:c1 : 8000046C0701103F 000000000000408E
444.52452|SCAN|TRACE : GETSCOM     :  pu.mca:k0:n0:s0:p00:c1 : 8000086C0701103F 000000000000408E
444.52457|SCAN|TRACE : GETSCOM     :  pu.mca:k0:n0:s0:p00:c1 : 80000C6C0701103F 000000000000408E
444.52462|SCAN|TRACE : GETSCOM     :  pu.mca:k0:n0:s0:p00:c1 : 8000106C0701103F 000000000000408E
444.52467|SCAN|TRACE : PUTSCOM     :  pu.mca:k0:n0:s0:p00:c1 : 8000006C0701103F 000000000000C08E
444.52472|SCAN|TRACE : PUTSCOM     :  pu.mca:k0:n0:s0:p00:c1 : 8000046C0701103F 000000000000C08E
444.52477|SCAN|TRACE : PUTSCOM     :  pu.mca:k0:n0:s0:p00:c1 : 8000086C0701103F 000000000000C08E
444.52482|SCAN|TRACE : PUTSCOM     :  pu.mca:k0:n0:s0:p00:c1 : 80000C6C0701103F 000000000000C08E
444.52486|SCAN|TRACE : PUTSCOM     :  pu.mca:k0:n0:s0:p00:c1 : 8000106C0701103F 000000000000C08E
444.52490|FAPI|seq.C: 0x69696969 unswizzle 0x96969696 swizzled that dizzle
444.52493|FAPI|ddr_phy.C: pu.mca:k0:n0:s0:p00:c1 the patterns before swizzle are 0x69696969 and after 0x96969696
444.52498|SCAN|TRACE : GETSCOM     :  pu.mca:k0:n0:s0:p00:c1 : 8000C4000701103F 0000000000007129
444.52503|SCAN|TRACE : PUTSCOM     :  pu.mca:k0:n0:s0:p00:c1 : 8000C4000701103F 0000000000009696
444.52508|SCAN|TRACE : GETSCOM     :  pu.mca:k0:n0:s0:p00:c1 : 8000C4010701103F 000000000000D463
444.52513|SCAN|TRACE : PUTSCOM     :  pu.mca:k0:n0:s0:p00:c1 : 8000C4010701103F 0000000000009696
444.52518|SCAN|TRACE : GETSCOM     :  pu.mca:k0:n0:s0:p00:c1 : 8000C8000701103F 0000000000005003
444.52522|SCAN|TRACE : PUTSCOM     :  pu.mca:k0:n0:s0:p00:c1 : 8000C8000701103F 0000000000005003
444.52524|FAPI|ddr_phy.C: pu.mca:k0:n0:s0:p00:c1 resetting errors
444.52529|SCAN|TRACE : PUTSCOM     :  pu.mca:k0:n0:s0:p00:c1 : 8000007A0701103F 0000000000000000
444.52533|SCAN|TRACE : PUTSCOM     :  pu.mca:k0:n0:s0:p00:c1 : 8000047A0701103F 0000000000000000
444.52538|SCAN|TRACE : PUTSCOM     :  pu.mca:k0:n0:s0:p00:c1 : 8000087A0701103F 0000000000000000
444.52543|SCAN|TRACE : PUTSCOM     :  pu.mca:k0:n0:s0:p00:c1 : 80000C7A0701103F 0000000000000000
444.52548|SCAN|TRACE : PUTSCOM     :  pu.mca:k0:n0:s0:p00:c1 : 8000107A0701103F 0000000000000000
444.52552|SCAN|TRACE : PUTSCOM     :  pu.mca:k0:n0:s0:p00:c1 : 8000001B0701103F 0000000000000000
444.52557|SCAN|TRACE : PUTSCOM     :  pu.mca:k0:n0:s0:p00:c1 : 8000041B0701103F 0000000000000000
444.52562|SCAN|TRACE : PUTSCOM     :  pu.mca:k0:n0:s0:p00:c1 : 8000081B0701103F 0000000000000000
444.52566|SCAN|TRACE : PUTSCOM     :  pu.mca:k0:n0:s0:p00:c1 : 80000C1B0701103F 0000000000000000
444.52571|SCAN|TRACE : PUTSCOM     :  pu.mca:k0:n0:s0:p00:c1 : 8000101B0701103F 0000000000000000
444.52576|SCAN|TRACE : PUTSCOM     :  pu.mca:k0:n0:s0:p00:c1 : 800000140701103F 0000000000000000
444.52581|SCAN|TRACE : PUTSCOM     :  pu.mca:k0:n0:s0:p00:c1 : 800004140701103F 0000000000000000
444.52585|SCAN|TRACE : PUTSCOM     :  pu.mca:k0:n0:s0:p00:c1 : 800008140701103F 0000000000000000
444.52590|SCAN|TRACE : PUTSCOM     :  pu.mca:k0:n0:s0:p00:c1 : 80000C140701103F 0000000000000000
444.52595|SCAN|TRACE : PUTSCOM     :  pu.mca:k0:n0:s0:p00:c1 : 800010140701103F 0000000000000000
444.52600|SCAN|TRACE : PUTSCOM     :  pu.mca:k0:n0:s0:p00:c1 : 800000100701103F 0000000000000000
444.52604|SCAN|TRACE : PUTSCOM     :  pu.mca:k0:n0:s0:p00:c1 : 800004100701103F 0000000000000000
444.52609|SCAN|TRACE : PUTSCOM     :  pu.mca:k0:n0:s0:p00:c1 : 800008100701103F 0000000000000000
444.52614|SCAN|TRACE : PUTSCOM     :  pu.mca:k0:n0:s0:p00:c1 : 80000C100701103F 0000000000000000
444.52618|SCAN|TRACE : PUTSCOM     :  pu.mca:k0:n0:s0:p00:c1 : 800010100701103F 0000000000000000
444.52623|SCAN|TRACE : PUTSCOM     :  pu.mca:k0:n0:s0:p00:c1 : 8000000E0701103F 0000000000000000
444.52627|SCAN|TRACE : PUTSCOM     :  pu.mca:k0:n0:s0:p00:c1 : 8000040E0701103F 0000000000000000
444.52633|SCAN|TRACE : PUTSCOM     :  pu.mca:k0:n0:s0:p00:c1 : 8000080E0701103F 0000000000000000
444.52637|SCAN|TRACE : PUTSCOM     :  pu.mca:k0:n0:s0:p00:c1 : 80000C0E0701103F 0000000000000000
444.52642|SCAN|TRACE : PUTSCOM     :  pu.mca:k0:n0:s0:p00:c1 : 8000100E0701103F 0000000000000000
444.52647|SCAN|TRACE : PUTSCOM     :  pu.mca:k0:n0:s0:p00:c1 : 800000AE0701103F 0000000000000000
444.52652|SCAN|TRACE : PUTSCOM     :  pu.mca:k0:n0:s0:p00:c1 : 800000AF0701103F 0000000000000000
444.52656|SCAN|TRACE : PUTSCOM     :  pu.mca:k0:n0:s0:p00:c1 : 800004AE0701103F 0000000000000000
444.52661|SCAN|TRACE : PUTSCOM     :  pu.mca:k0:n0:s0:p00:c1 : 800004AF0701103F 0000000000000000
444.52666|SCAN|TRACE : PUTSCOM     :  pu.mca:k0:n0:s0:p00:c1 : 800008AE0701103F 0000000000000000
444.52670|SCAN|TRACE : PUTSCOM     :  pu.mca:k0:n0:s0:p00:c1 : 800008AF0701103F 0000000000000000
444.52675|SCAN|TRACE : PUTSCOM     :  pu.mca:k0:n0:s0:p00:c1 : 80000CAE0701103F 0000000000000000
444.52680|SCAN|TRACE : PUTSCOM     :  pu.mca:k0:n0:s0:p00:c1 : 80000CAF0701103F 0000000000000000
444.52685|SCAN|TRACE : PUTSCOM     :  pu.mca:k0:n0:s0:p00:c1 : 800010AE0701103F 0000000000000000
444.52689|SCAN|TRACE : PUTSCOM     :  pu.mca:k0:n0:s0:p00:c1 : 800010AF0701103F 0000000000000000
444.52694|SCAN|TRACE : GETSCOM     :  pu.mca:k0:n0:s0:p00:c1 : 8000D0000701103F 0000000000000000
444.52699|SCAN|TRACE : PUTSCOM     :  pu.mca:k0:n0:s0:p00:c1 : 8000D0000701103F 0000000000004000
444.52704|SCAN|TRACE : PUTSCOM     :  pu.mca:k0:n0:s0:p00:c1 : 8000D0000701103F 0000000000000000
444.52709|SCAN|TRACE : PUTSCOM     :  pu.mca:k0:n0:s0:p00:c1 : 8000D0010701103F 0000000000000000
444.52714|SCAN|TRACE : PUTSCOM     :  pu.mca:k0:n0:s0:p00:c1 : 8000C8050701103F 0000000000000000
444.52720|SCAN|TRACE : PUTSCOM     :  pu.mca:k0:n0:s0:p00:c1 : 8000C4080701103F 0000000000000000
444.52724|SCAN|TRACE : PUTSCOM     :  pu.mca:k0:n0:s0:p00:c1 : 8000CC030701103F 0000000000000000
444.52726|FAPI|phy_cntrl.H: pc_error_status0: 0x0000000000000000
444.52731|SCAN|TRACE : PUTSCOM     :  pu.mca:k0:n0:s0:p00:c1 : 8000C0120701103F 0000000000000000
444.52732|FAPI|phy_cntrl.H: pc_init_cal_error: 0x0000000000000000
444.52737|SCAN|TRACE : PUTSCOM     :  pu.mca:k0:n0:s0:p00:c1 : 8000C0180701103F 0000000000000000
444.52741|SCAN|TRACE : PUTSCOM     :  pu.mca:k0:n0:s0:p00:c1 : 0000000007011001 FFFFFFFFFFFFFF7F
444.52745|FAPI|mss_training.C: pu.mca:k0:n0:s0:p00:c1 RP0 running cal step 'CUSTOM_WRITE_CTR'
444.52750|FAPI|conversions.H: converting 3870184 cycles to 2902638000ps
444.52752|FAPI|conversions.H: converting 483773 cycles to 362829750ps
444.52754|FAPI|conversions.H: converting 10000000ps to 13334 cycles
444.52756|FAPI|conversions.H: converting 3870184 cycles to 2902638000ps
444.52760|FAPI|cal_timers.H: pu.mca:k0:n0:s0:p00:c1 tc: 3870184c, id: 362830ns(3870184sc), d: 10000(106672sc), pc: 1012
444.52763|FAPI|ddr_phy.C: cal_config for pu.mca:k0:n0:s0:p00:c1: 0x0000000000000048
444.52767|SCAN|TRACE : PUTSCOM     :  pu.mca:k0:n0:s0:p00:c1 : 8000C0160701103F 0000000000000048
444.52770|FAPI|ccs.H: loading ccs instructions (1) for pu.mcbist:k0:n0:s0:p00:c0
444.52778|SCAN|TRACE : GETSCOM     :  pu.mcbist:k0:n0:s0:p00:c0 : 00000000070123A5 0000000000000000
444.52782|SCAN|TRACE : PUTSCOM     :  pu.mcbist:k0:n0:s0:p00:c0 : 00000000070123A5 4000000000000000
444.52787|SCAN|TRACE : GETSCOM     :  pu.mcbist:k0:n0:s0:p00:c0 : 00000000070123A6 4000000000000000
444.52788|FAPI|ccs.H: ccs statq (stop) 0x4000000000000000, remaining: 50
444.52793|SCAN|TRACE : PUTSCOM     :  pu.mcbist:k0:n0:s0:p00:c0 : 0000000007012315 000000F0CC0000C0
444.52797|SCAN|TRACE : PUTSCOM     :  pu.mcbist:k0:n0:s0:p00:c0 : 0000000007012335 0000000000000041
444.52803|FAPI|ccs.H: css inst 0: 0x000000F0CC0000C0 0x0000000000000041 (0x7012315, 0x7012335) delay: 0x0 (0x0) pu.mcbist:k0:n0:s0:p00:c0
444.52806|FAPI|ccs.H: executing ccs instructions (1:1, 362830) for pu.mcbist:k0:n0:s0:p00:c0
444.52811|SCAN|TRACE : PUTSCOM     :  pu.mcbist:k0:n0:s0:p00:c0 : 0000000007012316 000008F0CC000000
444.52815|SCAN|TRACE : PUTSCOM     :  pu.mcbist:k0:n0:s0:p00:c0 : 0000000007012336 0000000000000020
444.52820|FAPI|ccs.H: css inst 1 fixup: 0x000008F0CC000000 0x0000000000000020 (0x7012316, 0x7012336) pu.mcbist:k0:n0:s0:p00:c0
444.52822|FAPI|ccs.H: executing CCS array for port 1 (pu.mca:k0:n0:s0:p00:c1)
444.52826|SCAN|TRACE : GETSCOM     :  pu.mcbist:k0:n0:s0:p00:c0 : 00000000070123DB 1000000000000000
444.52830|SCAN|TRACE : PUTSCOM     :  pu.mcbist:k0:n0:s0:p00:c0 : 00000000070123DB 1000000000000000
444.52835|SCAN|TRACE : GETSCOM     :  pu.mcbist:k0:n0:s0:p00:c0 : 00000000070123A5 0000000000000000
444.52839|SCAN|TRACE : PUTSCOM     :  pu.mcbist:k0:n0:s0:p00:c0 : 00000000070123A5 8000000000000000
444.52880|SCAN|TRACE : GETSCOM     :  pu.mcbist:k0:n0:s0:p00:c0 : 00000000070123A6 8000000000000000
444.52886|SCAN|TRACE : GETSCOM     :  pu.mcbist:k0:n0:s0:p00:c0 : 00000000070123A6 8000000000000000
444.52892|SCAN|TRACE : GETSCOM     :  pu.mcbist:k0:n0:s0:p00:c0 : 00000000070123A6 4000000000000000
444.52894|FAPI|ccs.H: pu.mca:k0:n0:s0:p00:c1 CCS Executed Successfully.
444.52900|SCAN|TRACE : GETSCOM     :  pu.mca:k0:n0:s0:p00:c1 : 8000C0180701103F 0000000000000000
444.52901|FAPI|phy_cntrl.H: pc_init_cal_error: 0x0000000000000000
444.52904|FAPI|ddr_phy.C: initial cal err: 0x0000000000000000, rp: 0x0000000000000000 (0x0000000000000000)
444.52910|SCAN|TRACE : GETSCOM     :  pu.mca:k0:n0:s0:p00:c1 : 8000007A0701103F 0000000000000000
444.52915|SCAN|TRACE : GETSCOM     :  pu.mca:k0:n0:s0:p00:c1 : 8000047A0701103F 0000000000000000
444.52920|SCAN|TRACE : GETSCOM     :  pu.mca:k0:n0:s0:p00:c1 : 8000087A0701103F 0000000000000000
444.52925|SCAN|TRACE : GETSCOM     :  pu.mca:k0:n0:s0:p00:c1 : 80000C7A0701103F 0000000000000000
444.52930|SCAN|TRACE : GETSCOM     :  pu.mca:k0:n0:s0:p00:c1 : 8000107A0701103F 0000000000000000
444.52933|FAPI|dp16.C: dimm:k0:n0:s0:p02 RDIMM (DDR4) Processing RD_VREF_CAL_ERROR
444.52935|FAPI|dp16.C: dimm:k0:n0:s0:p02 RDIMM (DDR4) RD_VREF_CAL_ERROR complete
444.52940|SCAN|TRACE : GETSCOM     :  pu.mca:k0:n0:s0:p00:c1 : 800000AE0701103F 0000000000000000
444.52945|SCAN|TRACE : GETSCOM     :  pu.mca:k0:n0:s0:p00:c1 : 800000AF0701103F 0000000000000000
444.52950|SCAN|TRACE : GETSCOM     :  pu.mca:k0:n0:s0:p00:c1 : 800004AE0701103F 0000000000000000
444.52955|SCAN|TRACE : GETSCOM     :  pu.mca:k0:n0:s0:p00:c1 : 800004AF0701103F 0000000000000000
444.52960|SCAN|TRACE : GETSCOM     :  pu.mca:k0:n0:s0:p00:c1 : 800008AE0701103F 0000000000000000
444.52965|SCAN|TRACE : GETSCOM     :  pu.mca:k0:n0:s0:p00:c1 : 800008AF0701103F 0000000000000000
444.52970|SCAN|TRACE : GETSCOM     :  pu.mca:k0:n0:s0:p00:c1 : 80000CAE0701103F 0000000000000000
444.52975|SCAN|TRACE : GETSCOM     :  pu.mca:k0:n0:s0:p00:c1 : 80000CAF0701103F 0000000000000000
444.52980|SCAN|TRACE : GETSCOM     :  pu.mca:k0:n0:s0:p00:c1 : 800010AE0701103F 0000000000000000
444.52985|SCAN|TRACE : GETSCOM     :  pu.mca:k0:n0:s0:p00:c1 : 800010AF0701103F 0000000000000000
444.52990|SCAN|TRACE : GETSCOM     :  pu.mca:k0:n0:s0:p00:c1 : 800000FB0701103F 000000000000FFFF
444.52995|SCAN|TRACE : GETSCOM     :  pu.mca:k0:n0:s0:p00:c1 : 800000FA0701103F 000000000000FFFF
444.53000|SCAN|TRACE : GETSCOM     :  pu.mca:k0:n0:s0:p00:c1 : 800004FB0701103F 000000000000FFFF
444.53005|SCAN|TRACE : GETSCOM     :  pu.mca:k0:n0:s0:p00:c1 : 800004FA0701103F 000000000000FFFF
444.53009|SCAN|TRACE : GETSCOM     :  pu.mca:k0:n0:s0:p00:c1 : 800008FB0701103F 000000000000FFFF
444.53014|SCAN|TRACE : GETSCOM     :  pu.mca:k0:n0:s0:p00:c1 : 800008FA0701103F 000000000000FFFF
444.53019|SCAN|TRACE : GETSCOM     :  pu.mca:k0:n0:s0:p00:c1 : 80000CFB0701103F 000000000000FFFF
444.53024|SCAN|TRACE : GETSCOM     :  pu.mca:k0:n0:s0:p00:c1 : 80000CFA0701103F 000000000000FFFF
444.53029|SCAN|TRACE : GETSCOM     :  pu.mca:k0:n0:s0:p00:c1 : 800010FB0701103F 000000000000FFFF
444.53033|SCAN|TRACE : GETSCOM     :  pu.mca:k0:n0:s0:p00:c1 : 800010FA0701103F 000000000000FFFF
444.53040|FAPI|dp16.C: dimm:k0:n0:s0:p02 RDIMM (DDR4) DP[0] WR VREF[0] ERROR 0x0000000000000000 MASK 0x000000000000ffff
444.53044|FAPI|dp16.C: dimm:k0:n0:s0:p02 RDIMM (DDR4) DP[0] WR VREF[1] ERROR 0x0000000000000000 MASK 0x000000000000ffff
444.53049|FAPI|dp16.C: dimm:k0:n0:s0:p02 RDIMM (DDR4) DP[1] WR VREF[0] ERROR 0x0000000000000000 MASK 0x000000000000ffff
444.53053|FAPI|dp16.C: dimm:k0:n0:s0:p02 RDIMM (DDR4) DP[1] WR VREF[1] ERROR 0x0000000000000000 MASK 0x000000000000ffff
444.53058|FAPI|dp16.C: dimm:k0:n0:s0:p02 RDIMM (DDR4) DP[2] WR VREF[0] ERROR 0x0000000000000000 MASK 0x000000000000ffff
444.53062|FAPI|dp16.C: dimm:k0:n0:s0:p02 RDIMM (DDR4) DP[2] WR VREF[1] ERROR 0x0000000000000000 MASK 0x000000000000ffff
444.53067|FAPI|dp16.C: dimm:k0:n0:s0:p02 RDIMM (DDR4) DP[3] WR VREF[0] ERROR 0x0000000000000000 MASK 0x000000000000ffff
444.53071|FAPI|dp16.C: dimm:k0:n0:s0:p02 RDIMM (DDR4) DP[3] WR VREF[1] ERROR 0x0000000000000000 MASK 0x000000000000ffff
444.53075|FAPI|dp16.C: dimm:k0:n0:s0:p02 RDIMM (DDR4) DP[4] WR VREF[0] ERROR 0x0000000000000000 MASK 0x000000000000ffff
444.53080|FAPI|dp16.C: dimm:k0:n0:s0:p02 RDIMM (DDR4) DP[4] WR VREF[1] ERROR 0x0000000000000000 MASK 0x000000000000ffff
444.53082|FAPI|dp16.C: dimm:k0:n0:s0:p02 RDIMM (DDR4) WRVREF_CAL_ERROR complete
444.53087|SCAN|TRACE : GETSCOM     :  pu.mca:k0:n0:s0:p00:c1 : 0000000007011000 0000000000000000
444.53092|SCAN|TRACE : PUTSCOM     :  pu.mca:k0:n0:s0:p00:c1 : 0000000007011001 FFFFFFFFFFFFFF7F
444.53095|FAPI|mss_generic_check.H: pu.mca:k0:n0:s0:p00:c1 has a good return code, returning success
444.53097|FAPI|ddr_phy.C: Initial cal success pu.mca:k0:n0:s0:p00:c1
444.53101|FAPI|mss_training.H: pu.mca:k0:n0:s0:p00:c1 RP0 cal step 'CUSTOM_WRITE_CTR' has no post-cal step workaround.
444.53104|FAPI|mss_training.C: pu.mca:k0:n0:s0:p00:c1 rp0 custom WR CTR passed! continuing..
444.53108|FAPI|mss_training.H: pu.mca:k0:n0:s0:p00:c1 RP0 cal step 'CUSTOM_WRRD_CTR' has no post-cal step workaround.
444.53114|FAPI|dp16_workarounds.C: pu.mca:k0:n0:s0:p00:c1 RD DQ delay adjust isn't needed. Skipping the workaround
444.53116|ISTEPS_TRACE|SUCCESS :  p9_mss_draminit_trainingadv HWP( )
444.53186|ISTEPS_TRACE|Starting 0 thread(s) to handle 0 membuf target(s)
444.53187|ISTEPS_TRACE|call_mss_draminit_trainingadv exit
450.96938|SCOM|doMulticastWorkaround on 00050000 for 50040018
450.96991|SCOM|doMulticastWorkaround on 00050000 for 50040009
450.97054|ERRL|I>Got an error log Msg - Type: 0x00000039
450.97055|ERRL|I>Flush message received
450.97057|INITSVC|<<doIstep: step 13, substep 12
450.97059|INITSVC|>>doIstep: step 13, substep 13, task mss_draminit_mc
