458.32587|ISTEP 14. 3 - proc_pcie_config
458.35179|ISTEPS_TRACE|call_proc_pcie_config entry
458.35251|ISTEPS_TRACE|target HUID 00050000
458.35558|FAPI|p9_pcie_config.C: Start
458.37534|SCAN|TRACE : GETSCOM     :  pu.pec:k0:n0:s0:p00:c0 : 0000000004010C05 0000000000000000
458.37538|SCAN|TRACE : PUTSCOM     :  pu.pec:k0:n0:s0:p00:c0 : 0000000004010C05 0000000000000000
458.37543|SCAN|TRACE : GETSCOM     :  pu.pec:k0:n0:s0:p00:c0 : 0000000004010C00 0000000000000000
458.40361|SCAN|TRACE : PUTSCOM     :  pu.pec:k0:n0:s0:p00:c0 : 0000000004010C00 1110020070799290
458.40365|SCAN|TRACE : GETSCOM     :  pu.pec:k0:n0:s0:p00:c0 : 0000000004010C03 0000000000000000
458.40369|SCAN|TRACE : PUTSCOM     :  pu.pec:k0:n0:s0:p00:c0 : 0000000004010C03 9000000000000000
458.40374|SCAN|TRACE : PUTSCOM     :  pu.pec:k0:n0:s0:p00:c0 : 000000000D010800 0000000200E00000
458.40380|SCAN|TRACE : GETSCOM     :  pu.pec:k0:n0:s0:p00:c1 : 0000000004010C05 0000000000000000
458.40384|SCAN|TRACE : PUTSCOM     :  pu.pec:k0:n0:s0:p00:c1 : 0000000004010C05 0000000000000000
458.40388|SCAN|TRACE : GETSCOM     :  pu.pec:k0:n0:s0:p00:c1 : 0000000004010C00 0000000000000000
458.40393|SCAN|TRACE : PUTSCOM     :  pu.pec:k0:n0:s0:p00:c1 : 0000000004010C00 1110020070799298
458.40397|SCAN|TRACE : GETSCOM     :  pu.pec:k0:n0:s0:p00:c1 : 0000000004010C03 0000000000000000
458.40401|SCAN|TRACE : PUTSCOM     :  pu.pec:k0:n0:s0:p00:c1 : 0000000004010C03 9000000000000000
458.40406|SCAN|TRACE : PUTSCOM     :  pu.pec:k0:n0:s0:p00:c1 : 000000000D010800 0000000200E00000
458.40411|SCAN|TRACE : GETSCOM     :  pu.pec:k0:n0:s0:p00:c2 : 0000000004010C05 0000000000000000
458.40415|SCAN|TRACE : PUTSCOM     :  pu.pec:k0:n0:s0:p00:c2 : 0000000004010C05 0000000000000000
458.40420|SCAN|TRACE : GETSCOM     :  pu.pec:k0:n0:s0:p00:c2 : 0000000004010C00 0000000000000000
458.40424|SCAN|TRACE : PUTSCOM     :  pu.pec:k0:n0:s0:p00:c2 : 0000000004010C00 1110020070799298
458.40429|SCAN|TRACE : GETSCOM     :  pu.pec:k0:n0:s0:p00:c2 : 0000000004010C03 0000000000000000
458.40433|SCAN|TRACE : PUTSCOM     :  pu.pec:k0:n0:s0:p00:c2 : 0000000004010C03 9000000000000000
458.40438|SCAN|TRACE : PUTSCOM     :  pu.pec:k0:n0:s0:p00:c2 : 000000000D010800 0000000200E00000
458.40443|SCAN|TRACE : PUTSCOM     :  pu.phb:k0:n0:s0:p00:c0 : 0000000004010C4A FFFFFFFFFFFFFFFF
458.40447|SCAN|TRACE : PUTSCOM     :  pu.phb:k0:n0:s0:p00:c0 : 0000000004010C4B FFFFFFFFFFFFFFFF
458.40452|SCAN|TRACE : PUTSCOM     :  pu.phb:k0:n0:s0:p00:c0 : 0000000004010C40 0000000000000000
458.40456|SCAN|TRACE : PUTSCOM     :  pu.phb:k0:n0:s0:p00:c0 : 0000000004010C48 0000000000000000
458.40460|SCAN|TRACE : PUTSCOM     :  pu.phb:k0:n0:s0:p00:c0 : 0000000004010C46 5B0F81E000000000
458.40465|SCAN|TRACE : PUTSCOM     :  pu.phb:k0:n0:s0:p00:c0 : 0000000004010C47 7F0F81E000000000
458.40469|SCAN|TRACE : PUTSCOM     :  pu.phb:k0:n0:s0:p00:c0 : 0000000004010C43 0030001C00000000
458.40474|SCAN|TRACE : PUTSCOM     :  pu.phb:k0:n0:s0:p00:c0 : 0000000004010C55 0000000000000000
458.40478|SCAN|TRACE : PUTSCOM     :  pu.phb:k0:n0:s0:p00:c0 : 000000000D01084B 0000000000000000
458.40483|SCAN|TRACE : PUTSCOM     :  pu.phb:k0:n0:s0:p00:c0 : 000000000D010840 0000000000000000
458.40487|SCAN|TRACE : PUTSCOM     :  pu.phb:k0:n0:s0:p00:c0 : 000000000D010848 0000000000000000
458.40491|SCAN|TRACE : PUTSCOM     :  pu.phb:k0:n0:s0:p00:c0 : 000000000D010846 B000000000000000
458.40496|SCAN|TRACE : PUTSCOM     :  pu.phb:k0:n0:s0:p00:c0 : 000000000D010847 B000000000000000
458.40500|SCAN|TRACE : PUTSCOM     :  pu.phb:k0:n0:s0:p00:c0 : 000000000D010843 0E00000000000000
458.40656|SCAN|TRACE : PUTSCOM     :  pu.phb:k0:n0:s0:p00:c0 : 0000000004010C4E 0600000000000000
458.40661|SCAN|TRACE : PUTSCOM     :  pu.phb:k0:n0:s0:p00:c0 : 0000000004010C4F 0000000000000000
458.40665|SCAN|TRACE : PUTSCOM     :  pu.phb:k0:n0:s0:p00:c0 : 0000000004010C50 0600000000000000
458.40669|SCAN|TRACE : PUTSCOM     :  pu.phb:k0:n0:s0:p00:c0 : 0000000004010C51 0000000000000000
458.40675|SCAN|TRACE : PUTSCOM     :  pu.phb:k0:n0:s0:p00:c0 : 0000000004010C52 0600000000000000
458.40679|SCAN|TRACE : PUTSCOM     :  pu.phb:k0:n0:s0:p00:c0 : 0000000004010C54 0000000000000000
458.40683|SCAN|TRACE : PUTSCOM     :  pu.phb:k0:n0:s0:p00:c0 : 000000000D01084A 0000000000000000
458.40688|SCAN|TRACE : PUTSCOM     :  pu.phb:k0:n0:s0:p00:c0 : 000000000D01090E 0000000000000000
458.40692|SCAN|TRACE : PUTSCOM     :  pu.phb:k0:n0:s0:p00:c0 : 000000000D01090F 0000000000000000
458.40696|SCAN|TRACE : PUTSCOM     :  pu.phb:k0:n0:s0:p00:c0 : 000000000D01090B FFFFFFFFFFFFFFFF
458.40702|SCAN|TRACE : PUTSCOM     :  pu.phb:k0:n0:s0:p00:c1 : 0000000004010C4A FFFFFFFFFFFFFFFF
458.40707|SCAN|TRACE : PUTSCOM     :  pu.phb:k0:n0:s0:p00:c1 : 0000000004010C4B FFFFFFFFFFFFFFFF
458.40711|SCAN|TRACE : PUTSCOM     :  pu.phb:k0:n0:s0:p00:c1 : 0000000004010C40 0000000000000000
458.40715|SCAN|TRACE : PUTSCOM     :  pu.phb:k0:n0:s0:p00:c1 : 0000000004010C48 0000000000000000
458.40720|SCAN|TRACE : PUTSCOM     :  pu.phb:k0:n0:s0:p00:c1 : 0000000004010C46 5B0F81E000000000
458.40724|SCAN|TRACE : PUTSCOM     :  pu.phb:k0:n0:s0:p00:c1 : 0000000004010C47 7F0F81E000000000
458.40728|SCAN|TRACE : PUTSCOM     :  pu.phb:k0:n0:s0:p00:c1 : 0000000004010C43 0030001C00000000
458.40733|SCAN|TRACE : PUTSCOM     :  pu.phb:k0:n0:s0:p00:c1 : 0000000004010C55 0000000000000000
458.40737|SCAN|TRACE : PUTSCOM     :  pu.phb:k0:n0:s0:p00:c1 : 000000000D01084B 0000000000000000
458.40741|SCAN|TRACE : PUTSCOM     :  pu.phb:k0:n0:s0:p00:c1 : 000000000D010840 0000000000000000
458.40746|SCAN|TRACE : PUTSCOM     :  pu.phb:k0:n0:s0:p00:c1 : 000000000D010848 0000000000000000
458.40750|SCAN|TRACE : PUTSCOM     :  pu.phb:k0:n0:s0:p00:c1 : 000000000D010846 B000000000000000
458.40754|SCAN|TRACE : PUTSCOM     :  pu.phb:k0:n0:s0:p00:c1 : 000000000D010847 B000000000000000
458.40759|SCAN|TRACE : PUTSCOM     :  pu.phb:k0:n0:s0:p00:c1 : 000000000D010843 0E00000000000000
458.40763|SCAN|TRACE : PUTSCOM     :  pu.phb:k0:n0:s0:p00:c1 : 0000000004010C4E 0600000000000000
458.40767|SCAN|TRACE : PUTSCOM     :  pu.phb:k0:n0:s0:p00:c1 : 0000000004010C4F 0000000000000000
458.40772|SCAN|TRACE : PUTSCOM     :  pu.phb:k0:n0:s0:p00:c1 : 0000000004010C50 0600000000000000
458.40777|SCAN|TRACE : PUTSCOM     :  pu.phb:k0:n0:s0:p00:c1 : 0000000004010C51 0000000000000000
458.40782|SCAN|TRACE : PUTSCOM     :  pu.phb:k0:n0:s0:p00:c1 : 0000000004010C52 0600000000000000
458.40786|SCAN|TRACE : PUTSCOM     :  pu.phb:k0:n0:s0:p00:c1 : 0000000004010C54 0000000000000000
458.40790|SCAN|TRACE : PUTSCOM     :  pu.phb:k0:n0:s0:p00:c1 : 000000000D01084A 0000000000000000
458.40795|SCAN|TRACE : PUTSCOM     :  pu.phb:k0:n0:s0:p00:c1 : 000000000D01090E 0000000000000000
458.40799|SCAN|TRACE : PUTSCOM     :  pu.phb:k0:n0:s0:p00:c1 : 000000000D01090F 0000000000000000
458.40804|SCAN|TRACE : PUTSCOM     :  pu.phb:k0:n0:s0:p00:c1 : 000000000D01090B FFFFFFFFFFFFFFFF
458.40808|SCAN|TRACE : PUTSCOM     :  pu.phb:k0:n0:s0:p00:c2 : 0000000004010C4A FFFFFFFFFFFFFFFF
458.40813|SCAN|TRACE : PUTSCOM     :  pu.phb:k0:n0:s0:p00:c2 : 0000000004010C4B FFFFFFFFFFFFFFFF
458.40817|SCAN|TRACE : PUTSCOM     :  pu.phb:k0:n0:s0:p00:c2 : 0000000004010C40 0000000000000000
458.40821|SCAN|TRACE : PUTSCOM     :  pu.phb:k0:n0:s0:p00:c2 : 0000000004010C48 0000000000000000
458.40826|SCAN|TRACE : PUTSCOM     :  pu.phb:k0:n0:s0:p00:c2 : 0000000004010C46 5B0F81E000000000
458.40830|SCAN|TRACE : PUTSCOM     :  pu.phb:k0:n0:s0:p00:c2 : 0000000004010C47 7F0F81E000000000
458.40835|SCAN|TRACE : PUTSCOM     :  pu.phb:k0:n0:s0:p00:c2 : 0000000004010C43 0030001C00000000
458.40839|SCAN|TRACE : PUTSCOM     :  pu.phb:k0:n0:s0:p00:c2 : 0000000004010C55 0000000000000000
458.40843|SCAN|TRACE : PUTSCOM     :  pu.phb:k0:n0:s0:p00:c2 : 000000000D01084B 0000000000000000
458.40848|SCAN|TRACE : PUTSCOM     :  pu.phb:k0:n0:s0:p00:c2 : 000000000D010840 0000000000000000
458.40852|SCAN|TRACE : PUTSCOM     :  pu.phb:k0:n0:s0:p00:c2 : 000000000D010848 0000000000000000
458.40857|SCAN|TRACE : PUTSCOM     :  pu.phb:k0:n0:s0:p00:c2 : 000000000D010846 B000000000000000
458.40862|SCAN|TRACE : PUTSCOM     :  pu.phb:k0:n0:s0:p00:c2 : 000000000D010847 B000000000000000
458.40866|SCAN|TRACE : PUTSCOM     :  pu.phb:k0:n0:s0:p00:c2 : 000000000D010843 0E00000000000000
458.40871|SCAN|TRACE : PUTSCOM     :  pu.phb:k0:n0:s0:p00:c2 : 0000000004010C4E 0600000000000000
458.40875|SCAN|TRACE : PUTSCOM     :  pu.phb:k0:n0:s0:p00:c2 : 0000000004010C4F 0000000000000000
458.40879|SCAN|TRACE : PUTSCOM     :  pu.phb:k0:n0:s0:p00:c2 : 0000000004010C50 0600000000000000
458.40884|SCAN|TRACE : PUTSCOM     :  pu.phb:k0:n0:s0:p00:c2 : 0000000004010C51 0000000000000000
458.40888|SCAN|TRACE : PUTSCOM     :  pu.phb:k0:n0:s0:p00:c2 : 0000000004010C52 0600000000000000
458.40892|SCAN|TRACE : PUTSCOM     :  pu.phb:k0:n0:s0:p00:c2 : 0000000004010C54 0000000000000000
458.40897|SCAN|TRACE : PUTSCOM     :  pu.phb:k0:n0:s0:p00:c2 : 000000000D01084A 0000000000000000
458.40901|SCAN|TRACE : PUTSCOM     :  pu.phb:k0:n0:s0:p00:c2 : 000000000D01090E 0000000000000000
458.40906|SCAN|TRACE : PUTSCOM     :  pu.phb:k0:n0:s0:p00:c2 : 000000000D01090F 0000000000000000
458.40910|SCAN|TRACE : PUTSCOM     :  pu.phb:k0:n0:s0:p00:c2 : 000000000D01090B FFFFFFFFFFFFFFFF
458.40914|SCAN|TRACE : PUTSCOM     :  pu.phb:k0:n0:s0:p00:c3 : 0000000004010C4A FFFFFFFFFFFFFFFF
458.40919|SCAN|TRACE : PUTSCOM     :  pu.phb:k0:n0:s0:p00:c3 : 0000000004010C4B FFFFFFFFFFFFFFFF
458.40923|SCAN|TRACE : PUTSCOM     :  pu.phb:k0:n0:s0:p00:c3 : 0000000004010C40 0000000000000000
458.40928|SCAN|TRACE : PUTSCOM     :  pu.phb:k0:n0:s0:p00:c3 : 0000000004010C48 0000000000000000
458.40932|SCAN|TRACE : PUTSCOM     :  pu.phb:k0:n0:s0:p00:c3 : 0000000004010C46 5B0F81E000000000
458.40936|SCAN|TRACE : PUTSCOM     :  pu.phb:k0:n0:s0:p00:c3 : 0000000004010C47 7F0F81E000000000
458.40941|SCAN|TRACE : PUTSCOM     :  pu.phb:k0:n0:s0:p00:c3 : 0000000004010C43 0030001C00000000
458.40945|SCAN|TRACE : PUTSCOM     :  pu.phb:k0:n0:s0:p00:c3 : 0000000004010C55 0000000000000000
458.40950|SCAN|TRACE : PUTSCOM     :  pu.phb:k0:n0:s0:p00:c3 : 000000000D01084B 0000000000000000
458.40954|SCAN|TRACE : PUTSCOM     :  pu.phb:k0:n0:s0:p00:c3 : 000000000D010840 0000000000000000
458.40959|SCAN|TRACE : PUTSCOM     :  pu.phb:k0:n0:s0:p00:c3 : 000000000D010848 0000000000000000
458.40963|SCAN|TRACE : PUTSCOM     :  pu.phb:k0:n0:s0:p00:c3 : 000000000D010846 B000000000000000
458.40967|SCAN|TRACE : PUTSCOM     :  pu.phb:k0:n0:s0:p00:c3 : 000000000D010847 B000000000000000
458.40972|SCAN|TRACE : PUTSCOM     :  pu.phb:k0:n0:s0:p00:c3 : 000000000D010843 0E00000000000000
458.40976|SCAN|TRACE : PUTSCOM     :  pu.phb:k0:n0:s0:p00:c3 : 0000000004010C4E 0600000000000000
458.40981|SCAN|TRACE : PUTSCOM     :  pu.phb:k0:n0:s0:p00:c3 : 0000000004010C4F 0000000000000000
458.40985|SCAN|TRACE : PUTSCOM     :  pu.phb:k0:n0:s0:p00:c3 : 0000000004010C50 0600000000000000
458.40989|SCAN|TRACE : PUTSCOM     :  pu.phb:k0:n0:s0:p00:c3 : 0000000004010C51 0000000000000000
458.40994|SCAN|TRACE : PUTSCOM     :  pu.phb:k0:n0:s0:p00:c3 : 0000000004010C52 0600000000000000
458.40999|SCAN|TRACE : PUTSCOM     :  pu.phb:k0:n0:s0:p00:c3 : 0000000004010C54 0000000000000000
458.41003|SCAN|TRACE : PUTSCOM     :  pu.phb:k0:n0:s0:p00:c3 : 000000000D01084A 0000000000000000
458.41008|SCAN|TRACE : PUTSCOM     :  pu.phb:k0:n0:s0:p00:c3 : 000000000D01090E 0000000000000000
458.41012|SCAN|TRACE : PUTSCOM     :  pu.phb:k0:n0:s0:p00:c3 : 000000000D01090F 0000000000000000
458.41016|SCAN|TRACE : PUTSCOM     :  pu.phb:k0:n0:s0:p00:c3 : 000000000D01090B FFFFFFFFFFFFFFFF
458.41021|SCAN|TRACE : PUTSCOM     :  pu.phb:k0:n0:s0:p00:c4 : 0000000004010C4A FFFFFFFFFFFFFFFF
458.41025|SCAN|TRACE : PUTSCOM     :  pu.phb:k0:n0:s0:p00:c4 : 0000000004010C4B FFFFFFFFFFFFFFFF
458.41029|SCAN|TRACE : PUTSCOM     :  pu.phb:k0:n0:s0:p00:c4 : 0000000004010C40 0000000000000000
458.41034|SCAN|TRACE : PUTSCOM     :  pu.phb:k0:n0:s0:p00:c4 : 0000000004010C48 0000000000000000
458.41038|SCAN|TRACE : PUTSCOM     :  pu.phb:k0:n0:s0:p00:c4 : 0000000004010C46 5B0F81E000000000
458.41042|SCAN|TRACE : PUTSCOM     :  pu.phb:k0:n0:s0:p00:c4 : 0000000004010C47 7F0F81E000000000
458.41048|SCAN|TRACE : PUTSCOM     :  pu.phb:k0:n0:s0:p00:c4 : 0000000004010C43 0030001C00000000
458.41052|SCAN|TRACE : PUTSCOM     :  pu.phb:k0:n0:s0:p00:c4 : 0000000004010C55 0000000000000000
458.41056|SCAN|TRACE : PUTSCOM     :  pu.phb:k0:n0:s0:p00:c4 : 000000000D01084B 0000000000000000
458.41061|SCAN|TRACE : PUTSCOM     :  pu.phb:k0:n0:s0:p00:c4 : 000000000D010840 0000000000000000
458.41065|SCAN|TRACE : PUTSCOM     :  pu.phb:k0:n0:s0:p00:c4 : 000000000D010848 0000000000000000
458.41070|SCAN|TRACE : PUTSCOM     :  pu.phb:k0:n0:s0:p00:c4 : 000000000D010846 B000000000000000
458.41074|SCAN|TRACE : PUTSCOM     :  pu.phb:k0:n0:s0:p00:c4 : 000000000D010847 B000000000000000
458.41079|SCAN|TRACE : PUTSCOM     :  pu.phb:k0:n0:s0:p00:c4 : 000000000D010843 0E00000000000000
458.41083|SCAN|TRACE : PUTSCOM     :  pu.phb:k0:n0:s0:p00:c4 : 0000000004010C4E 0600000000000000
458.41088|SCAN|TRACE : PUTSCOM     :  pu.phb:k0:n0:s0:p00:c4 : 0000000004010C4F 0000000000000000
458.41092|SCAN|TRACE : PUTSCOM     :  pu.phb:k0:n0:s0:p00:c4 : 0000000004010C50 0600000000000000
458.41097|SCAN|TRACE : PUTSCOM     :  pu.phb:k0:n0:s0:p00:c4 : 0000000004010C51 0000000000000000
458.41101|SCAN|TRACE : PUTSCOM     :  pu.phb:k0:n0:s0:p00:c4 : 0000000004010C52 0600000000000000
458.41106|SCAN|TRACE : PUTSCOM     :  pu.phb:k0:n0:s0:p00:c4 : 0000000004010C54 0000000000000000
458.41110|SCAN|TRACE : PUTSCOM     :  pu.phb:k0:n0:s0:p00:c4 : 000000000D01084A 0000000000000000
458.41115|SCAN|TRACE : PUTSCOM     :  pu.phb:k0:n0:s0:p00:c4 : 000000000D01090E 0000000000000000
458.41119|SCAN|TRACE : PUTSCOM     :  pu.phb:k0:n0:s0:p00:c4 : 000000000D01090F 0000000000000000
458.41123|SCAN|TRACE : PUTSCOM     :  pu.phb:k0:n0:s0:p00:c4 : 000000000D01090B FFFFFFFFFFFFFFFF
458.41128|SCAN|TRACE : PUTSCOM     :  pu.phb:k0:n0:s0:p00:c5 : 0000000004010C4A FFFFFFFFFFFFFFFF
458.41132|SCAN|TRACE : PUTSCOM     :  pu.phb:k0:n0:s0:p00:c5 : 0000000004010C4B FFFFFFFFFFFFFFFF
458.41137|SCAN|TRACE : PUTSCOM     :  pu.phb:k0:n0:s0:p00:c5 : 0000000004010C40 0000000000000000
458.41141|SCAN|TRACE : PUTSCOM     :  pu.phb:k0:n0:s0:p00:c5 : 0000000004010C48 0000000000000000
458.41145|SCAN|TRACE : PUTSCOM     :  pu.phb:k0:n0:s0:p00:c5 : 0000000004010C46 5B0F81E000000000
458.41150|SCAN|TRACE : PUTSCOM     :  pu.phb:k0:n0:s0:p00:c5 : 0000000004010C47 7F0F81E000000000
458.41155|SCAN|TRACE : PUTSCOM     :  pu.phb:k0:n0:s0:p00:c5 : 0000000004010C43 0030001C00000000
458.41159|SCAN|TRACE : PUTSCOM     :  pu.phb:k0:n0:s0:p00:c5 : 0000000004010C55 0000000000000000
458.41163|SCAN|TRACE : PUTSCOM     :  pu.phb:k0:n0:s0:p00:c5 : 000000000D01084B 0000000000000000
458.41168|SCAN|TRACE : PUTSCOM     :  pu.phb:k0:n0:s0:p00:c5 : 000000000D010840 0000000000000000
458.41172|SCAN|TRACE : PUTSCOM     :  pu.phb:k0:n0:s0:p00:c5 : 000000000D010848 0000000000000000
458.41177|SCAN|TRACE : PUTSCOM     :  pu.phb:k0:n0:s0:p00:c5 : 000000000D010846 B000000000000000
458.41181|SCAN|TRACE : PUTSCOM     :  pu.phb:k0:n0:s0:p00:c5 : 000000000D010847 B000000000000000
458.41185|SCAN|TRACE : PUTSCOM     :  pu.phb:k0:n0:s0:p00:c5 : 000000000D010843 0E00000000000000
458.41190|SCAN|TRACE : PUTSCOM     :  pu.phb:k0:n0:s0:p00:c5 : 0000000004010C4E 0600000000000000
458.41194|SCAN|TRACE : PUTSCOM     :  pu.phb:k0:n0:s0:p00:c5 : 0000000004010C4F 0000000000000000
458.41198|SCAN|TRACE : PUTSCOM     :  pu.phb:k0:n0:s0:p00:c5 : 0000000004010C50 0600000000000000
458.41203|SCAN|TRACE : PUTSCOM     :  pu.phb:k0:n0:s0:p00:c5 : 0000000004010C51 0000000000000000
458.41207|SCAN|TRACE : PUTSCOM     :  pu.phb:k0:n0:s0:p00:c5 : 0000000004010C52 0600000000000000
458.41212|SCAN|TRACE : PUTSCOM     :  pu.phb:k0:n0:s0:p00:c5 : 0000000004010C54 0000000000000000
458.41216|SCAN|TRACE : PUTSCOM     :  pu.phb:k0:n0:s0:p00:c5 : 000000000D01084A 0000000000000000
458.41220|SCAN|TRACE : PUTSCOM     :  pu.phb:k0:n0:s0:p00:c5 : 000000000D01090E 0000000000000000
458.41225|SCAN|TRACE : PUTSCOM     :  pu.phb:k0:n0:s0:p00:c5 : 000000000D01090F 0000000000000000
458.41229|SCAN|TRACE : PUTSCOM     :  pu.phb:k0:n0:s0:p00:c5 : 000000000D01090B FFFFFFFFFFFFFFFF
458.41381|FAPI|p9_pcie_config.C: End
458.44992|ISTEPS_TRACE|SUCCESS : proc_pcie_config
458.44993|ISTEPS_TRACE|call_proc_pcie_config exit
459.75818|SCOM|doMulticastWorkaround on 00050000 for 50040018
459.75874|SCOM|doMulticastWorkaround on 00050000 for 50040009
459.75937|ERRL|I>Got an error log Msg - Type: 0x00000039
459.75938|ERRL|I>Flush message received
459.75940|INITSVC|<<doIstep: step 14, substep 3
459.75942|INITSVC|>>doIstep: step 14, substep 4, task mss_power_cleanup
